# zsim stats
===
root: # Stats
 contention: # Contention simulation stats
  domain-0: # Domain stats
   time: 1621492 # Weave simulation time
 time: # Simulator time breakdown
  init: 1266777190
  bound: 1376049364
  weave: 3900256
  ff: 144056054
 trigger: 20000 # Reason for this stats dump
 phase: 43 # Simulated phases
 nehalem: # Core stats
  nehalem-0: # Core stats
   cycles: 430086 # Simulated unhalted cycles
   cCycles: 15093 # Cycles due to contention stalls
   instrs: 335616 # Simulated instructions
   uops: 430537 # Retired micro-ops
   bbls: 79959 # Basic blocks
   approxInstrs: 484 # Instrs with approx uop decoding
   mispredBranches: 1022 # Mispredicted branches
  nehalem-1: # Core stats
   cycles: 109208 # Simulated unhalted cycles
   cCycles: 2871 # Cycles due to contention stalls
   instrs: 73005 # Simulated instructions
   uops: 97669 # Retired micro-ops
   bbls: 12951 # Basic blocks
   approxInstrs: 300 # Instrs with approx uop decoding
   mispredBranches: 166 # Mispredicted branches
  nehalem-2: # Core stats
   cycles: 107190 # Simulated unhalted cycles
   cCycles: 2117 # Cycles due to contention stalls
   instrs: 73104 # Simulated instructions
   uops: 97787 # Retired micro-ops
   bbls: 12971 # Basic blocks
   approxInstrs: 300 # Instrs with approx uop decoding
   mispredBranches: 172 # Mispredicted branches
  nehalem-3: # Core stats
   cycles: 106750 # Simulated unhalted cycles
   cCycles: 2735 # Cycles due to contention stalls
   instrs: 73104 # Simulated instructions
   uops: 97787 # Retired micro-ops
   bbls: 12971 # Basic blocks
   approxInstrs: 300 # Instrs with approx uop decoding
   mispredBranches: 172 # Mispredicted branches
 l1d: # Cache stats
  l1d-0: # Filter cache stats
   fhGETS: 81855 # Filtered GETS hits
   fhGETX: 54232 # Filtered GETX hits
   hGETS: 10979 # GETS hits
   hGETX: 4360 # GETX hits
   mGETS: 1188 # GETS misses
   mGETXIM: 1256 # GETX I->M misses
   mGETXSM: 2519 # GETX S->M misses (upgrade misses)
   PUTS: 0 # Clean evictions (from lower level)
   PUTX: 0 # Dirty evictions (from lower level)
   INV: 2190 # Invalidates (from upper level)
   INVX: 2563 # Downgrades (from upper level)
   FWD: 0 # Forwards (from upper level)
   latGETnl: 323368 # GET request latency on next level
   latGETnet: 0 # GET request latency on network to next level
  l1d-1: # Filter cache stats
   fhGETS: 21964 # Filtered GETS hits
   fhGETX: 11252 # Filtered GETX hits
   hGETS: 3036 # GETS hits
   hGETX: 445 # GETX hits
   mGETS: 1119 # GETS misses
   mGETXIM: 1219 # GETX I->M misses
   mGETXSM: 412 # GETX S->M misses (upgrade misses)
   PUTS: 0 # Clean evictions (from lower level)
   PUTX: 0 # Dirty evictions (from lower level)
   INV: 2206 # Invalidates (from upper level)
   INVX: 447 # Downgrades (from upper level)
   FWD: 0 # Forwards (from upper level)
   latGETnl: 171400 # GET request latency on next level
   latGETnet: 0 # GET request latency on network to next level
  l1d-2: # Filter cache stats
   fhGETS: 22004 # Filtered GETS hits
   fhGETX: 11267 # Filtered GETX hits
   hGETS: 3030 # GETS hits
   hGETX: 636 # GETX hits
   mGETS: 1115 # GETS misses
   mGETXIM: 1030 # GETX I->M misses
   mGETXSM: 409 # GETX S->M misses (upgrade misses)
   PUTS: 0 # Clean evictions (from lower level)
   PUTX: 0 # Dirty evictions (from lower level)
   INV: 1992 # Invalidates (from upper level)
   INVX: 441 # Downgrades (from upper level)
   FWD: 0 # Forwards (from upper level)
   latGETnl: 158964 # GET request latency on next level
   latGETnet: 0 # GET request latency on network to next level
  l1d-3: # Filter cache stats
   fhGETS: 22005 # Filtered GETS hits
   fhGETX: 11266 # Filtered GETX hits
   hGETS: 3029 # GETS hits
   hGETX: 831 # GETX hits
   mGETS: 1115 # GETS misses
   mGETXIM: 834 # GETX I->M misses
   mGETXSM: 411 # GETX S->M misses (upgrade misses)
   PUTS: 0 # Clean evictions (from lower level)
   PUTX: 0 # Dirty evictions (from lower level)
   INV: 1798 # Invalidates (from upper level)
   INVX: 434 # Downgrades (from upper level)
   FWD: 0 # Forwards (from upper level)
   latGETnl: 147057 # GET request latency on next level
   latGETnet: 0 # GET request latency on network to next level
 l1i: # Cache stats
  l1i-0: # Filter cache stats
   fhGETS: 84378 # Filtered GETS hits
   fhGETX: 0 # Filtered GETX hits
   hGETS: 4688 # GETS hits
   hGETX: 0 # GETX hits
   mGETS: 244 # GETS misses
   mGETXIM: 0 # GETX I->M misses
   mGETXSM: 0 # GETX S->M misses (upgrade misses)
   PUTS: 0 # Clean evictions (from lower level)
   PUTX: 0 # Dirty evictions (from lower level)
   INV: 0 # Invalidates (from upper level)
   INVX: 0 # Downgrades (from upper level)
   FWD: 0 # Forwards (from upper level)
   latGETnl: 28360 # GET request latency on next level
   latGETnet: 0 # GET request latency on network to next level
  l1i-1: # Filter cache stats
   fhGETS: 8451 # Filtered GETS hits
   fhGETX: 0 # Filtered GETX hits
   hGETS: 6592 # GETS hits
   hGETX: 0 # GETX hits
   mGETS: 139 # GETS misses
   mGETXIM: 0 # GETX I->M misses
   mGETXSM: 0 # GETX S->M misses (upgrade misses)
   PUTS: 0 # Clean evictions (from lower level)
   PUTX: 0 # Dirty evictions (from lower level)
   INV: 0 # Invalidates (from upper level)
   INVX: 0 # Downgrades (from upper level)
   FWD: 0 # Forwards (from upper level)
   latGETnl: 8472 # GET request latency on next level
   latGETnet: 0 # GET request latency on network to next level
  l1i-2: # Filter cache stats
   fhGETS: 8501 # Filtered GETS hits
   fhGETX: 0 # Filtered GETX hits
   hGETS: 6588 # GETS hits
   hGETX: 0 # GETX hits
   mGETS: 143 # GETS misses
   mGETXIM: 0 # GETX I->M misses
   mGETXSM: 0 # GETX S->M misses (upgrade misses)
   PUTS: 0 # Clean evictions (from lower level)
   PUTX: 0 # Dirty evictions (from lower level)
   INV: 0 # Invalidates (from upper level)
   INVX: 0 # Downgrades (from upper level)
   FWD: 0 # Forwards (from upper level)
   latGETnl: 7989 # GET request latency on next level
   latGETnet: 0 # GET request latency on network to next level
  l1i-3: # Filter cache stats
   fhGETS: 8502 # Filtered GETS hits
   fhGETX: 0 # Filtered GETX hits
   hGETS: 6589 # GETS hits
   hGETX: 0 # GETX hits
   mGETS: 143 # GETS misses
   mGETXIM: 0 # GETX I->M misses
   mGETXSM: 0 # GETX S->M misses (upgrade misses)
   PUTS: 0 # Clean evictions (from lower level)
   PUTX: 0 # Dirty evictions (from lower level)
   INV: 0 # Invalidates (from upper level)
   INVX: 0 # Downgrades (from upper level)
   FWD: 0 # Forwards (from upper level)
   latGETnl: 8664 # GET request latency on next level
   latGETnet: 0 # GET request latency on network to next level
 l2: # Cache stats
  l2-0: # Cache stats
   hGETS: 6 # GETS hits
   hGETX: 1 # GETX hits
   mGETS: 1426 # GETS misses
   mGETXIM: 1255 # GETX I->M misses
   mGETXSM: 2519 # GETX S->M misses (upgrade misses)
   PUTS: 10 # Clean evictions (from lower level)
   PUTX: 1 # Dirty evictions (from lower level)
   INV: 2190 # Invalidates (from upper level)
   INVX: 2563 # Downgrades (from upper level)
   FWD: 0 # Forwards (from upper level)
   latGETnl: 299658 # GET request latency on next level
   latGETnet: 0 # GET request latency on network to next level
  l2-1: # Cache stats
   hGETS: 0 # GETS hits
   hGETX: 0 # GETX hits
   mGETS: 1258 # GETS misses
   mGETXIM: 1219 # GETX I->M misses
   mGETXSM: 412 # GETX S->M misses (upgrade misses)
   PUTS: 0 # Clean evictions (from lower level)
   PUTX: 0 # Dirty evictions (from lower level)
   INV: 2206 # Invalidates (from upper level)
   INVX: 447 # Downgrades (from upper level)
   FWD: 0 # Forwards (from upper level)
   latGETnl: 150982 # GET request latency on next level
   latGETnet: 0 # GET request latency on network to next level
  l2-2: # Cache stats
   hGETS: 0 # GETS hits
   hGETX: 0 # GETX hits
   mGETS: 1258 # GETS misses
   mGETXIM: 1030 # GETX I->M misses
   mGETXSM: 409 # GETX S->M misses (upgrade misses)
   PUTS: 0 # Clean evictions (from lower level)
   PUTX: 0 # Dirty evictions (from lower level)
   INV: 1992 # Invalidates (from upper level)
   INVX: 441 # Downgrades (from upper level)
   FWD: 0 # Forwards (from upper level)
   latGETnl: 139983 # GET request latency on next level
   latGETnet: 0 # GET request latency on network to next level
  l2-3: # Cache stats
   hGETS: 0 # GETS hits
   hGETX: 0 # GETX hits
   mGETS: 1258 # GETS misses
   mGETXIM: 834 # GETX I->M misses
   mGETXSM: 411 # GETX S->M misses (upgrade misses)
   PUTS: 0 # Clean evictions (from lower level)
   PUTX: 0 # Dirty evictions (from lower level)
   INV: 1798 # Invalidates (from upper level)
   INVX: 434 # Downgrades (from upper level)
   FWD: 0 # Forwards (from upper level)
   latGETnl: 130691 # GET request latency on next level
   latGETnet: 0 # GET request latency on network to next level
 l3: # Cache stats
  l3-0b0: # Cache stats
   hGETS: 1074 # GETS hits
   hGETX: 1896 # GETX hits
   mGETS: 145 # GETS misses
   mGETXIM: 29 # GETX I->M misses
   mGETXSM: 0 # GETX S->M misses (upgrade misses)
   PUTS: 0 # Clean evictions (from lower level)
   PUTX: 0 # Dirty evictions (from lower level)
   INV: 0 # Invalidates (from upper level)
   INVX: 0 # Downgrades (from upper level)
   FWD: 0 # Forwards (from upper level)
   latGETnl: 13050 # GET request latency on next level
   latGETnet: 0 # GET request latency on network to next level
  l3-0b1: # Cache stats
   hGETS: 1525 # GETS hits
   hGETX: 2137 # GETX hits
   mGETS: 143 # GETS misses
   mGETXIM: 28 # GETX I->M misses
   mGETXSM: 0 # GETX S->M misses (upgrade misses)
   PUTS: 0 # Clean evictions (from lower level)
   PUTX: 0 # Dirty evictions (from lower level)
   INV: 0 # Invalidates (from upper level)
   INVX: 0 # Downgrades (from upper level)
   FWD: 0 # Forwards (from upper level)
   latGETnl: 12825 # GET request latency on next level
   latGETnet: 0 # GET request latency on network to next level
  l3-0b2: # Cache stats
   hGETS: 1115 # GETS hits
   hGETX: 2073 # GETX hits
   mGETS: 130 # GETS misses
   mGETXIM: 29 # GETX I->M misses
   mGETXSM: 0 # GETX S->M misses (upgrade misses)
   PUTS: 0 # Clean evictions (from lower level)
   PUTX: 0 # Dirty evictions (from lower level)
   INV: 0 # Invalidates (from upper level)
   INVX: 0 # Downgrades (from upper level)
   FWD: 0 # Forwards (from upper level)
   latGETnl: 11925 # GET request latency on next level
   latGETnet: 0 # GET request latency on network to next level
  l3-0b3: # Cache stats
   hGETS: 927 # GETS hits
   hGETX: 1872 # GETX hits
   mGETS: 141 # GETS misses
   mGETXIM: 25 # GETX I->M misses
   mGETXSM: 0 # GETX S->M misses (upgrade misses)
   PUTS: 0 # Clean evictions (from lower level)
   PUTX: 0 # Dirty evictions (from lower level)
   INV: 0 # Invalidates (from upper level)
   INVX: 0 # Downgrades (from upper level)
   FWD: 0 # Forwards (from upper level)
   latGETnl: 12450 # GET request latency on next level
   latGETnet: 0 # GET request latency on network to next level
 mem: # Memory controller stats
  mem-0: # Memory controller stats
   rd: 340 # Read requests
   wr: 0 # Write requests
   rdlat: 47850 # Total latency experienced by read requests
   wrlat: 0 # Total latency experienced by write requests
   rdhits: 1 # Read row hits
   wrhits: 0 # Write row hits
   mlh: # latency histogram for memory requests
    0: 0
    1: 0
    2: 0
    3: 0
    4: 0
    5: 0
    6: 0
    7: 0
    8: 0
    9: 0
    10: 0
    11: 2
    12: 220
    13: 14
    14: 36
    15: 26
    16: 7
    17: 7
    18: 3
    19: 2
    20: 4
    21: 1
    22: 3
    23: 2
    24: 3
    25: 1
    26: 3
    27: 2
    28: 2
    29: 0
    30: 0
    31: 0
    32: 0
    33: 0
    34: 0
    35: 0
    36: 0
    37: 0
    38: 0
    39: 0
    40: 0
    41: 0
    42: 0
    43: 0
    44: 0
    45: 0
    46: 0
    47: 0
    48: 0
    49: 0
    50: 0
    51: 0
    52: 0
    53: 1
    54: 0
    55: 1
    56: 0
    57: 0
    58: 0
    59: 0
    60: 0
    61: 0
    62: 0
    63: 0
    64: 0
    65: 0
    66: 0
    67: 0
    68: 0
    69: 0
    70: 0
    71: 0
    72: 0
    73: 0
    74: 0
    75: 0
    76: 0
    77: 0
    78: 0
    79: 0
    80: 0
    81: 0
    82: 0
    83: 0
    84: 0
    85: 0
    86: 0
    87: 0
    88: 0
    89: 0
    90: 0
    91: 0
    92: 0
    93: 0
    94: 0
    95: 0
    96: 0
    97: 0
    98: 0
    99: 0
  mem-1: # Memory controller stats
   rd: 329 # Read requests
   wr: 0 # Write requests
   rdlat: 45787 # Total latency experienced by read requests
   wrlat: 0 # Total latency experienced by write requests
   rdhits: 5 # Read row hits
   wrhits: 0 # Write row hits
   mlh: # latency histogram for memory requests
    0: 0
    1: 0
    2: 0
    3: 0
    4: 0
    5: 0
    6: 0
    7: 0
    8: 0
    9: 0
    10: 0
    11: 4
    12: 217
    13: 12
    14: 31
    15: 26
    16: 1
    17: 8
    18: 4
    19: 5
    20: 1
    21: 5
    22: 0
    23: 1
    24: 2
    25: 2
    26: 8
    27: 0
    28: 0
    29: 1
    30: 0
    31: 0
    32: 0
    33: 1
    34: 0
    35: 0
    36: 0
    37: 0
    38: 0
    39: 0
    40: 0
    41: 0
    42: 0
    43: 0
    44: 0
    45: 0
    46: 0
    47: 0
    48: 0
    49: 0
    50: 0
    51: 0
    52: 0
    53: 0
    54: 0
    55: 0
    56: 0
    57: 0
    58: 0
    59: 0
    60: 0
    61: 0
    62: 0
    63: 0
    64: 0
    65: 0
    66: 0
    67: 0
    68: 0
    69: 0
    70: 0
    71: 0
    72: 0
    73: 0
    74: 0
    75: 0
    76: 0
    77: 0
    78: 0
    79: 0
    80: 0
    81: 0
    82: 0
    83: 0
    84: 0
    85: 0
    86: 0
    87: 0
    88: 0
    89: 0
    90: 0
    91: 0
    92: 0
    93: 0
    94: 0
    95: 0
    96: 0
    97: 0
    98: 0
    99: 0
 sched: # Scheduler stats
  thCr: 301 # Threads created
  thFn: 301 # Threads finished
  schedEvs: 301 # Schedule events
  waitEvs: 0 # Wait events
  handoffEvs: 0 # Handoff events
  sleepEvs: 0 # Sleep events
  idlePhases: 0 # Phases with no thread active
  idlePeriods: 0 # Periods with no thread active
  occHist: # Occupancy histogram
   0: 0
   1: 20
   2: 22
   3: 0
   4: 1
  rqSzHist: # Run queue size histogram
   0: 43
   1: 0
   2: 0
   3: 0
   4: 0
   5: 0
   6: 0
   7: 0
   8: 0
   9: 0
   10: 0
   11: 0
   12: 0
   13: 0
   14: 0
   15: 0
   16: 0
 procCycles: # Per-process unhalted core cycles
  0: 753234
  1: 0
  2: 0
  3: 0
  4: 0
  5: 0
  6: 0
  7: 0
  8: 0
  9: 0
  10: 0
  11: 0
  12: 0
  13: 0
  14: 0
  15: 0
  16: 0
  17: 0
  18: 0
  19: 0
  20: 0
  21: 0
  22: 0
  23: 0
  24: 0
  25: 0
  26: 0
  27: 0
  28: 0
  29: 0
  30: 0
  31: 0
  32: 0
  33: 0
  34: 0
  35: 0
  36: 0
  37: 0
  38: 0
  39: 0
  40: 0
  41: 0
  42: 0
  43: 0
  44: 0
  45: 0
  46: 0
  47: 0
  48: 0
  49: 0
  50: 0
  51: 0
  52: 0
  53: 0
  54: 0
  55: 0
  56: 0
  57: 0
  58: 0
  59: 0
  60: 0
  61: 0
  62: 0
  63: 0
 procInstrs: # Per-process instructions
  0: 554829
  1: 0
  2: 0
  3: 0
  4: 0
  5: 0
  6: 0
  7: 0
  8: 0
  9: 0
  10: 0
  11: 0
  12: 0
  13: 0
  14: 0
  15: 0
  16: 0
  17: 0
  18: 0
  19: 0
  20: 0
  21: 0
  22: 0
  23: 0
  24: 0
  25: 0
  26: 0
  27: 0
  28: 0
  29: 0
  30: 0
  31: 0
  32: 0
  33: 0
  34: 0
  35: 0
  36: 0
  37: 0
  38: 0
  39: 0
  40: 0
  41: 0
  42: 0
  43: 0
  44: 0
  45: 0
  46: 0
  47: 0
  48: 0
  49: 0
  50: 0
  51: 0
  52: 0
  53: 0
  54: 0
  55: 0
  56: 0
  57: 0
  58: 0
  59: 0
  60: 0
  61: 0
  62: 0
  63: 0
 heartbeats: # Per-process heartbeats
  0: 0
  1: 0
  2: 0
  3: 0
  4: 0
  5: 0
  6: 0
  7: 0
  8: 0
  9: 0
  10: 0
  11: 0
  12: 0
  13: 0
  14: 0
  15: 0
  16: 0
  17: 0
  18: 0
  19: 0
  20: 0
  21: 0
  22: 0
  23: 0
  24: 0
  25: 0
  26: 0
  27: 0
  28: 0
  29: 0
  30: 0
  31: 0
  32: 0
  33: 0
  34: 0
  35: 0
  36: 0
  37: 0
  38: 0
  39: 0
  40: 0
  41: 0
  42: 0
  43: 0
  44: 0
  45: 0
  46: 0
  47: 0
  48: 0
  49: 0
  50: 0
  51: 0
  52: 0
  53: 0
  54: 0
  55: 0
  56: 0
  57: 0
  58: 0
  59: 0
  60: 0
  61: 0
  62: 0
  63: 0
===
