# zsim stats
===
root: # Stats
 contention: # Contention simulation stats
  domain-0: # Domain stats
   time: 113697938 # Weave simulation time
 time: # Simulator time breakdown
  init: 1288795163
  bound: 72972099949
  weave: 618763204
  ff: 1255754940
 trigger: 20000 # Reason for this stats dump
 phase: 17741 # Simulated phases
 nehalem: # Core stats
  nehalem-0: # Core stats
   cycles: 128975279 # Simulated unhalted cycles
   cCycles: 395990 # Cycles due to contention stalls
   instrs: 229952436 # Simulated instructions
   uops: 270615983 # Retired micro-ops
   bbls: 19753728 # Basic blocks
   approxInstrs: 64 # Instrs with approx uop decoding
   mispredBranches: 43978 # Mispredicted branches
  nehalem-1: # Core stats
   cycles: 177332318 # Simulated unhalted cycles
   cCycles: 215765 # Cycles due to contention stalls
   instrs: 270474327 # Simulated instructions
   uops: 363557491 # Retired micro-ops
   bbls: 19745463 # Basic blocks
   approxInstrs: 30 # Instrs with approx uop decoding
   mispredBranches: 43670 # Mispredicted branches
  nehalem-2: # Core stats
   cycles: 177162710 # Simulated unhalted cycles
   cCycles: 199771 # Cycles due to contention stalls
   instrs: 270473409 # Simulated instructions
   uops: 363556482 # Retired micro-ops
   bbls: 19745277 # Basic blocks
   approxInstrs: 30 # Instrs with approx uop decoding
   mispredBranches: 43648 # Mispredicted branches
  nehalem-3: # Core stats
   cycles: 177307729 # Simulated unhalted cycles
   cCycles: 205095 # Cycles due to contention stalls
   instrs: 270475555 # Simulated instructions
   uops: 363558805 # Retired micro-ops
   bbls: 19745714 # Basic blocks
   approxInstrs: 30 # Instrs with approx uop decoding
   mispredBranches: 43687 # Mispredicted branches
 l1d: # Cache stats
  l1d-0: # Filter cache stats
   fhGETS: 41811305 # Filtered GETS hits
   fhGETX: 12222 # Filtered GETX hits
   hGETS: 1137442 # GETS hits
   hGETX: 1589 # GETX hits
   mGETS: 42446225 # GETS misses
   mGETXIM: 1311028 # GETX I->M misses
   mGETXSM: 186 # GETX S->M misses (upgrade misses)
   PUTS: 0 # Clean evictions (from lower level)
   PUTX: 0 # Dirty evictions (from lower level)
   INV: 197 # Invalidates (from upper level)
   INVX: 12805 # Downgrades (from upper level)
   FWD: 0 # Forwards (from upper level)
   latGETnl: 448056532 # GET request latency on next level
   latGETnet: 0 # GET request latency on network to next level
  l1d-1: # Filter cache stats
   fhGETS: 46860170 # Filtered GETS hits
   fhGETX: 20243085 # Filtered GETX hits
   hGETS: 7836395 # GETS hits
   hGETX: 21707404 # GETX hits
   mGETS: 42442864 # GETS misses
   mGETXIM: 90 # GETX I->M misses
   mGETXSM: 25 # GETX S->M misses (upgrade misses)
   PUTS: 0 # Clean evictions (from lower level)
   PUTX: 0 # Dirty evictions (from lower level)
   INV: 84 # Invalidates (from upper level)
   INVX: 6969 # Downgrades (from upper level)
   FWD: 0 # Forwards (from upper level)
   latGETnl: 435102709 # GET request latency on next level
   latGETnet: 0 # GET request latency on network to next level
  l1d-2: # Filter cache stats
   fhGETS: 46863821 # Filtered GETS hits
   fhGETX: 20243418 # Filtered GETX hits
   hGETS: 7837878 # GETS hits
   hGETX: 21706952 # GETX hits
   mGETS: 42437451 # GETS misses
   mGETXIM: 114 # GETX I->M misses
   mGETXSM: 13 # GETX S->M misses (upgrade misses)
   PUTS: 0 # Clean evictions (from lower level)
   PUTX: 0 # Dirty evictions (from lower level)
   INV: 116 # Invalidates (from upper level)
   INVX: 77742 # Downgrades (from upper level)
   FWD: 0 # Forwards (from upper level)
   latGETnl: 434088296 # GET request latency on next level
   latGETnet: 0 # GET request latency on network to next level
  l1d-3: # Filter cache stats
   fhGETS: 46869525 # Filtered GETS hits
   fhGETX: 20243696 # Filtered GETX hits
   hGETS: 7833847 # GETS hits
   hGETX: 21706894 # GETX hits
   mGETS: 42436407 # GETS misses
   mGETXIM: 115 # GETX I->M misses
   mGETXSM: 20 # GETX S->M misses (upgrade misses)
   PUTS: 0 # Clean evictions (from lower level)
   PUTX: 0 # Dirty evictions (from lower level)
   INV: 108 # Invalidates (from upper level)
   INVX: 17076 # Downgrades (from upper level)
   FWD: 0 # Forwards (from upper level)
   latGETnl: 435692576 # GET request latency on next level
   latGETnet: 0 # GET request latency on network to next level
 l1i: # Cache stats
  l1i-0: # Filter cache stats
   fhGETS: 30459925 # Filtered GETS hits
   fhGETX: 0 # Filtered GETX hits
   hGETS: 852 # GETS hits
   hGETX: 0 # GETX hits
   mGETS: 309 # GETS misses
   mGETXIM: 0 # GETX I->M misses
   mGETXSM: 0 # GETX S->M misses (upgrade misses)
   PUTS: 0 # Clean evictions (from lower level)
   PUTX: 0 # Dirty evictions (from lower level)
   INV: 0 # Invalidates (from upper level)
   INVX: 0 # Downgrades (from upper level)
   FWD: 0 # Forwards (from upper level)
   latGETnl: 37407 # GET request latency on next level
   latGETnet: 0 # GET request latency on network to next level
  l1i-1: # Filter cache stats
   fhGETS: 33073011 # Filtered GETS hits
   fhGETX: 0 # Filtered GETX hits
   hGETS: 563 # GETS hits
   hGETX: 0 # GETX hits
   mGETS: 133 # GETS misses
   mGETXIM: 0 # GETX I->M misses
   mGETXSM: 0 # GETX S->M misses (upgrade misses)
   PUTS: 0 # Clean evictions (from lower level)
   PUTX: 0 # Dirty evictions (from lower level)
   INV: 0 # Invalidates (from upper level)
   INVX: 0 # Downgrades (from upper level)
   FWD: 0 # Forwards (from upper level)
   latGETnl: 8634 # GET request latency on next level
   latGETnet: 0 # GET request latency on network to next level
  l1i-2: # Filter cache stats
   fhGETS: 33072718 # Filtered GETS hits
   fhGETX: 0 # Filtered GETX hits
   hGETS: 555 # GETS hits
   hGETX: 0 # GETX hits
   mGETS: 133 # GETS misses
   mGETXIM: 0 # GETX I->M misses
   mGETXSM: 0 # GETX S->M misses (upgrade misses)
   PUTS: 0 # Clean evictions (from lower level)
   PUTX: 0 # Dirty evictions (from lower level)
   INV: 0 # Invalidates (from upper level)
   INVX: 0 # Downgrades (from upper level)
   FWD: 0 # Forwards (from upper level)
   latGETnl: 7434 # GET request latency on next level
   latGETnet: 0 # GET request latency on network to next level
  l1i-3: # Filter cache stats
   fhGETS: 33073347 # Filtered GETS hits
   fhGETX: 0 # Filtered GETX hits
   hGETS: 570 # GETS hits
   hGETX: 0 # GETX hits
   mGETS: 136 # GETS misses
   mGETXIM: 0 # GETX I->M misses
   mGETXSM: 0 # GETX S->M misses (upgrade misses)
   PUTS: 0 # Clean evictions (from lower level)
   PUTX: 0 # Dirty evictions (from lower level)
   INV: 0 # Invalidates (from upper level)
   INVX: 0 # Downgrades (from upper level)
   FWD: 0 # Forwards (from upper level)
   latGETnl: 9303 # GET request latency on next level
   latGETnet: 0 # GET request latency on network to next level
 l2: # Cache stats
  l2-0: # Cache stats
   hGETS: 42197371 # GETS hits
   hGETX: 1310721 # GETX hits
   mGETS: 249163 # GETS misses
   mGETXIM: 307 # GETX I->M misses
   mGETXSM: 186 # GETX S->M misses (upgrade misses)
   PUTS: 42444797 # Clean evictions (from lower level)
   PUTX: 1311756 # Dirty evictions (from lower level)
   INV: 197 # Invalidates (from upper level)
   INVX: 43604 # Downgrades (from upper level)
   FWD: 0 # Forwards (from upper level)
   latGETnl: 10516459 # GET request latency on next level
   latGETnet: 0 # GET request latency on network to next level
  l2-1: # Cache stats
   hGETS: 42197166 # GETS hits
   hGETX: 0 # GETX hits
   mGETS: 245831 # GETS misses
   mGETXIM: 90 # GETX I->M misses
   mGETXSM: 25 # GETX S->M misses (upgrade misses)
   PUTS: 42277498 # Clean evictions (from lower level)
   PUTX: 164863 # Dirty evictions (from lower level)
   INV: 85 # Invalidates (from upper level)
   INVX: 17969 # Downgrades (from upper level)
   FWD: 0 # Forwards (from upper level)
   latGETnl: 10680223 # GET request latency on next level
   latGETnet: 0 # GET request latency on network to next level
  l2-2: # Cache stats
   hGETS: 42194265 # GETS hits
   hGETX: 0 # GETX hits
   mGETS: 243319 # GETS misses
   mGETXIM: 114 # GETX I->M misses
   mGETXSM: 13 # GETX S->M misses (upgrade misses)
   PUTS: 42272517 # Clean evictions (from lower level)
   PUTX: 164422 # Dirty evictions (from lower level)
   INV: 124 # Invalidates (from upper level)
   INVX: 147431 # Downgrades (from upper level)
   FWD: 0 # Forwards (from upper level)
   latGETnl: 9718620 # GET request latency on next level
   latGETnet: 0 # GET request latency on network to next level
  l2-3: # Cache stats
   hGETS: 42190357 # GETS hits
   hGETX: 0 # GETX hits
   mGETS: 246186 # GETS misses
   mGETXIM: 115 # GETX I->M misses
   mGETXSM: 20 # GETX S->M misses (upgrade misses)
   PUTS: 42271570 # Clean evictions (from lower level)
   PUTX: 164334 # Dirty evictions (from lower level)
   INV: 110 # Invalidates (from upper level)
   INVX: 34903 # Downgrades (from upper level)
   FWD: 0 # Forwards (from upper level)
   latGETnl: 11335099 # GET request latency on next level
   latGETnet: 0 # GET request latency on network to next level
 l3: # Cache stats
  l3-0b0: # Cache stats
   hGETS: 238996 # GETS hits
   hGETX: 157 # GETX hits
   mGETS: 6314 # GETS misses
   mGETXIM: 27 # GETX I->M misses
   mGETXSM: 0 # GETX S->M misses (upgrade misses)
   PUTS: 218449 # Clean evictions (from lower level)
   PUTX: 22806 # Dirty evictions (from lower level)
   INV: 0 # Invalidates (from upper level)
   INVX: 0 # Downgrades (from upper level)
   FWD: 0 # Forwards (from upper level)
   latGETnl: 475575 # GET request latency on next level
   latGETnet: 0 # GET request latency on network to next level
  l3-0b1: # Cache stats
   hGETS: 240138 # GETS hits
   hGETX: 214 # GETX hits
   mGETS: 6314 # GETS misses
   mGETXIM: 29 # GETX I->M misses
   mGETXSM: 0 # GETX S->M misses (upgrade misses)
   PUTS: 218821 # Clean evictions (from lower level)
   PUTX: 23529 # Dirty evictions (from lower level)
   INV: 0 # Invalidates (from upper level)
   INVX: 0 # Downgrades (from upper level)
   FWD: 0 # Forwards (from upper level)
   latGETnl: 475725 # GET request latency on next level
   latGETnet: 0 # GET request latency on network to next level
  l3-0b2: # Cache stats
   hGETS: 240605 # GETS hits
   hGETX: 170 # GETX hits
   mGETS: 6307 # GETS misses
   mGETXIM: 28 # GETX I->M misses
   mGETXSM: 0 # GETX S->M misses (upgrade misses)
   PUTS: 219567 # Clean evictions (from lower level)
   PUTX: 23321 # Dirty evictions (from lower level)
   INV: 0 # Invalidates (from upper level)
   INVX: 0 # Downgrades (from upper level)
   FWD: 0 # Forwards (from upper level)
   latGETnl: 475125 # GET request latency on next level
   latGETnet: 0 # GET request latency on network to next level
  l3-0b3: # Cache stats
   hGETS: 239516 # GETS hits
   hGETX: 216 # GETX hits
   mGETS: 6309 # GETS misses
   mGETXIM: 29 # GETX I->M misses
   mGETXSM: 0 # GETX S->M misses (upgrade misses)
   PUTS: 218691 # Clean evictions (from lower level)
   PUTX: 23048 # Dirty evictions (from lower level)
   INV: 0 # Invalidates (from upper level)
   INVX: 0 # Downgrades (from upper level)
   FWD: 0 # Forwards (from upper level)
   latGETnl: 475350 # GET request latency on next level
   latGETnet: 0 # GET request latency on network to next level
 mem: # Memory controller stats
  mem-0: # Memory controller stats
   rd: 12651 # Read requests
   wr: 0 # Write requests
   rdlat: 2839979 # Total latency experienced by read requests
   wrlat: 0 # Total latency experienced by write requests
   rdhits: 3256 # Read row hits
   wrhits: 0 # Write row hits
   mlh: # latency histogram for memory requests
    0: 0
    1: 0
    2: 0
    3: 0
    4: 0
    5: 0
    6: 0
    7: 0
    8: 0
    9: 0
    10: 0
    11: 154
    12: 8062
    13: 79
    14: 210
    15: 52
    16: 90
    17: 74
    18: 12
    19: 139
    20: 17
    21: 79
    22: 193
    23: 17
    24: 75
    25: 66
    26: 20
    27: 2
    28: 13
    29: 114
    30: 2
    31: 52
    32: 89
    33: 6
    34: 123
    35: 119
    36: 92
    37: 67
    38: 444
    39: 64
    40: 140
    41: 190
    42: 45
    43: 106
    44: 86
    45: 5
    46: 114
    47: 10
    48: 16
    49: 58
    50: 14
    51: 88
    52: 39
    53: 77
    54: 61
    55: 16
    56: 75
    57: 62
    58: 59
    59: 73
    60: 70
    61: 67
    62: 60
    63: 62
    64: 70
    65: 62
    66: 125
    67: 4
    68: 55
    69: 7
    70: 3
    71: 1
    72: 3
    73: 66
    74: 66
    75: 2
    76: 9
    77: 10
    78: 2
    79: 4
    80: 1
    81: 2
    82: 2
    83: 0
    84: 2
    85: 1
    86: 0
    87: 1
    88: 3
    89: 0
    90: 8
    91: 1
    92: 2
    93: 3
    94: 0
    95: 1
    96: 2
    97: 0
    98: 1
    99: 13
  mem-1: # Memory controller stats
   rd: 12645 # Read requests
   wr: 0 # Write requests
   rdlat: 2903845 # Total latency experienced by read requests
   wrlat: 0 # Total latency experienced by write requests
   rdhits: 3263 # Read row hits
   wrhits: 0 # Write row hits
   mlh: # latency histogram for memory requests
    0: 0
    1: 0
    2: 0
    3: 0
    4: 0
    5: 0
    6: 0
    7: 0
    8: 0
    9: 0
    10: 0
    11: 113
    12: 7799
    13: 116
    14: 162
    15: 78
    16: 116
    17: 53
    18: 19
    19: 160
    20: 17
    21: 95
    22: 174
    23: 19
    24: 73
    25: 75
    26: 100
    27: 154
    28: 22
    29: 92
    30: 8
    31: 49
    32: 85
    33: 27
    34: 109
    35: 119
    36: 96
    37: 78
    38: 420
    39: 64
    40: 128
    41: 180
    42: 45
    43: 111
    44: 61
    45: 10
    46: 108
    47: 23
    48: 34
    49: 48
    50: 17
    51: 90
    52: 38
    53: 66
    54: 75
    55: 28
    56: 68
    57: 74
    58: 53
    59: 69
    60: 55
    61: 67
    62: 44
    63: 90
    64: 52
    65: 65
    66: 132
    67: 3
    68: 50
    69: 13
    70: 10
    71: 7
    72: 6
    73: 67
    74: 49
    75: 9
    76: 11
    77: 9
    78: 6
    79: 6
    80: 2
    81: 5
    82: 2
    83: 2
    84: 3
    85: 0
    86: 3
    87: 3
    88: 3
    89: 2
    90: 1
    91: 4
    92: 1
    93: 1
    94: 2
    95: 3
    96: 1
    97: 3
    98: 1
    99: 34
 sched: # Scheduler stats
  thCr: 31 # Threads created
  thFn: 31 # Threads finished
  schedEvs: 31 # Schedule events
  waitEvs: 0 # Wait events
  handoffEvs: 0 # Handoff events
  sleepEvs: 0 # Sleep events
  idlePhases: 0 # Phases with no thread active
  idlePeriods: 0 # Periods with no thread active
  occHist: # Occupancy histogram
   0: 0
   1: 3
   2: 10
   3: 23
   4: 17705
  rqSzHist: # Run queue size histogram
   0: 17741
   1: 0
   2: 0
   3: 0
   4: 0
   5: 0
   6: 0
   7: 0
   8: 0
   9: 0
   10: 0
   11: 0
   12: 0
   13: 0
   14: 0
   15: 0
   16: 0
 procCycles: # Per-process unhalted core cycles
  0: 660778036
  1: 0
  2: 0
  3: 0
  4: 0
  5: 0
  6: 0
  7: 0
  8: 0
  9: 0
  10: 0
  11: 0
  12: 0
  13: 0
  14: 0
  15: 0
  16: 0
  17: 0
  18: 0
  19: 0
  20: 0
  21: 0
  22: 0
  23: 0
  24: 0
  25: 0
  26: 0
  27: 0
  28: 0
  29: 0
  30: 0
  31: 0
  32: 0
  33: 0
  34: 0
  35: 0
  36: 0
  37: 0
  38: 0
  39: 0
  40: 0
  41: 0
  42: 0
  43: 0
  44: 0
  45: 0
  46: 0
  47: 0
  48: 0
  49: 0
  50: 0
  51: 0
  52: 0
  53: 0
  54: 0
  55: 0
  56: 0
  57: 0
  58: 0
  59: 0
  60: 0
  61: 0
  62: 0
  63: 0
 procInstrs: # Per-process instructions
  0: 1041375727
  1: 0
  2: 0
  3: 0
  4: 0
  5: 0
  6: 0
  7: 0
  8: 0
  9: 0
  10: 0
  11: 0
  12: 0
  13: 0
  14: 0
  15: 0
  16: 0
  17: 0
  18: 0
  19: 0
  20: 0
  21: 0
  22: 0
  23: 0
  24: 0
  25: 0
  26: 0
  27: 0
  28: 0
  29: 0
  30: 0
  31: 0
  32: 0
  33: 0
  34: 0
  35: 0
  36: 0
  37: 0
  38: 0
  39: 0
  40: 0
  41: 0
  42: 0
  43: 0
  44: 0
  45: 0
  46: 0
  47: 0
  48: 0
  49: 0
  50: 0
  51: 0
  52: 0
  53: 0
  54: 0
  55: 0
  56: 0
  57: 0
  58: 0
  59: 0
  60: 0
  61: 0
  62: 0
  63: 0
 heartbeats: # Per-process heartbeats
  0: 0
  1: 0
  2: 0
  3: 0
  4: 0
  5: 0
  6: 0
  7: 0
  8: 0
  9: 0
  10: 0
  11: 0
  12: 0
  13: 0
  14: 0
  15: 0
  16: 0
  17: 0
  18: 0
  19: 0
  20: 0
  21: 0
  22: 0
  23: 0
  24: 0
  25: 0
  26: 0
  27: 0
  28: 0
  29: 0
  30: 0
  31: 0
  32: 0
  33: 0
  34: 0
  35: 0
  36: 0
  37: 0
  38: 0
  39: 0
  40: 0
  41: 0
  42: 0
  43: 0
  44: 0
  45: 0
  46: 0
  47: 0
  48: 0
  49: 0
  50: 0
  51: 0
  52: 0
  53: 0
  54: 0
  55: 0
  56: 0
  57: 0
  58: 0
  59: 0
  60: 0
  61: 0
  62: 0
  63: 0
===
