# zsim stats
===
root: # Stats
 contention: # Contention simulation stats
  domain-0: # Domain stats
   time: 1713620 # Weave simulation time
 time: # Simulator time breakdown
  init: 1259015606
  bound: 1395369316
  weave: 3745709
  ff: 138843118
 trigger: 20000 # Reason for this stats dump
 phase: 43 # Simulated phases
 nehalem: # Core stats
  nehalem-0: # Core stats
   cycles: 430226 # Simulated unhalted cycles
   cCycles: 15442 # Cycles due to contention stalls
   instrs: 324857 # Simulated instructions
   uops: 412044 # Retired micro-ops
   bbls: 78879 # Basic blocks
   approxInstrs: 485 # Instrs with approx uop decoding
   mispredBranches: 1015 # Mispredicted branches
  nehalem-1: # Core stats
   cycles: 101391 # Simulated unhalted cycles
   cCycles: 3076 # Cycles due to contention stalls
   instrs: 62305 # Simulated instructions
   uops: 81469 # Retired micro-ops
   bbls: 11751 # Basic blocks
   approxInstrs: 300 # Instrs with approx uop decoding
   mispredBranches: 168 # Mispredicted branches
  nehalem-2: # Core stats
   cycles: 98322 # Simulated unhalted cycles
   cCycles: 2128 # Cycles due to contention stalls
   instrs: 62253 # Simulated instructions
   uops: 81454 # Retired micro-ops
   bbls: 11740 # Basic blocks
   approxInstrs: 300 # Instrs with approx uop decoding
   mispredBranches: 170 # Mispredicted branches
  nehalem-3: # Core stats
   cycles: 98794 # Simulated unhalted cycles
   cCycles: 3308 # Cycles due to contention stalls
   instrs: 61575 # Simulated instructions
   uops: 80655 # Retired micro-ops
   bbls: 11604 # Basic blocks
   approxInstrs: 300 # Instrs with approx uop decoding
   mispredBranches: 140 # Mispredicted branches
 l1d: # Cache stats
  l1d-0: # Filter cache stats
   fhGETS: 75499 # Filtered GETS hits
   fhGETX: 48455 # Filtered GETX hits
   hGETS: 11574 # GETS hits
   hGETX: 6098 # GETX hits
   mGETS: 1218 # GETS misses
   mGETXIM: 1260 # GETX I->M misses
   mGETXSM: 2519 # GETX S->M misses (upgrade misses)
   PUTS: 0 # Clean evictions (from lower level)
   PUTX: 0 # Dirty evictions (from lower level)
   INV: 2216 # Invalidates (from upper level)
   INVX: 2550 # Downgrades (from upper level)
   FWD: 0 # Forwards (from upper level)
   latGETnl: 326147 # GET request latency on next level
   latGETnet: 0 # GET request latency on network to next level
  l1d-1: # Filter cache stats
   fhGETS: 16978 # Filtered GETS hits
   fhGETX: 8643 # Filtered GETX hits
   hGETS: 3023 # GETS hits
   hGETX: 366 # GETX hits
   mGETS: 1118 # GETS misses
   mGETXIM: 912 # GETX I->M misses
   mGETXSM: 407 # GETX S->M misses (upgrade misses)
   PUTS: 0 # Clean evictions (from lower level)
   PUTX: 0 # Dirty evictions (from lower level)
   INV: 1897 # Invalidates (from upper level)
   INVX: 441 # Downgrades (from upper level)
   FWD: 0 # Forwards (from upper level)
   latGETnl: 153224 # GET request latency on next level
   latGETnet: 0 # GET request latency on network to next level
  l1d-2: # Filter cache stats
   fhGETS: 16997 # Filtered GETS hits
   fhGETX: 8621 # Filtered GETX hits
   hGETS: 3030 # GETS hits
   hGETX: 425 # GETX hits
   mGETS: 1093 # GETS misses
   mGETXIM: 881 # GETX I->M misses
   mGETXSM: 415 # GETX S->M misses (upgrade misses)
   PUTS: 0 # Clean evictions (from lower level)
   PUTX: 0 # Dirty evictions (from lower level)
   INV: 1820 # Invalidates (from upper level)
   INVX: 464 # Downgrades (from upper level)
   FWD: 0 # Forwards (from upper level)
   latGETnl: 147999 # GET request latency on next level
   latGETnet: 0 # GET request latency on network to next level
  l1d-3: # Filter cache stats
   fhGETS: 16798 # Filtered GETS hits
   fhGETX: 8559 # Filtered GETX hits
   hGETS: 2989 # GETS hits
   hGETX: 515 # GETX hits
   mGETS: 1102 # GETS misses
   mGETXIM: 757 # GETX I->M misses
   mGETXSM: 404 # GETX S->M misses (upgrade misses)
   PUTS: 0 # Clean evictions (from lower level)
   PUTX: 0 # Dirty evictions (from lower level)
   INV: 1715 # Invalidates (from upper level)
   INVX: 440 # Downgrades (from upper level)
   FWD: 0 # Forwards (from upper level)
   latGETnl: 140612 # GET request latency on next level
   latGETnet: 0 # GET request latency on network to next level
 l1i: # Cache stats
  l1i-0: # Filter cache stats
   fhGETS: 83047 # Filtered GETS hits
   fhGETX: 0 # Filtered GETX hits
   hGETS: 4825 # GETS hits
   hGETX: 0 # GETX hits
   mGETS: 232 # GETS misses
   mGETXIM: 0 # GETX I->M misses
   mGETXSM: 0 # GETX S->M misses (upgrade misses)
   PUTS: 0 # Clean evictions (from lower level)
   PUTX: 0 # Dirty evictions (from lower level)
   INV: 0 # Invalidates (from upper level)
   INVX: 0 # Downgrades (from upper level)
   FWD: 0 # Forwards (from upper level)
   latGETnl: 27936 # GET request latency on next level
   latGETnet: 0 # GET request latency on network to next level
  l1i-1: # Filter cache stats
   fhGETS: 8050 # Filtered GETS hits
   fhGETX: 0 # Filtered GETX hits
   hGETS: 5512 # GETS hits
   hGETX: 0 # GETX hits
   mGETS: 129 # GETS misses
   mGETXIM: 0 # GETX I->M misses
   mGETXSM: 0 # GETX S->M misses (upgrade misses)
   PUTS: 0 # Clean evictions (from lower level)
   PUTX: 0 # Dirty evictions (from lower level)
   INV: 0 # Invalidates (from upper level)
   INVX: 0 # Downgrades (from upper level)
   FWD: 0 # Forwards (from upper level)
   latGETnl: 7917 # GET request latency on next level
   latGETnet: 0 # GET request latency on network to next level
  l1i-2: # Filter cache stats
   fhGETS: 8050 # Filtered GETS hits
   fhGETX: 0 # Filtered GETX hits
   hGETS: 5510 # GETS hits
   hGETX: 0 # GETX hits
   mGETS: 129 # GETS misses
   mGETXIM: 0 # GETX I->M misses
   mGETXSM: 0 # GETX S->M misses (upgrade misses)
   PUTS: 0 # Clean evictions (from lower level)
   PUTX: 0 # Dirty evictions (from lower level)
   INV: 0 # Invalidates (from upper level)
   INVX: 0 # Downgrades (from upper level)
   FWD: 0 # Forwards (from upper level)
   latGETnl: 7392 # GET request latency on next level
   latGETnet: 0 # GET request latency on network to next level
  l1i-3: # Filter cache stats
   fhGETS: 7785 # Filtered GETS hits
   fhGETX: 0 # Filtered GETX hits
   hGETS: 5479 # GETS hits
   hGETX: 0 # GETX hits
   mGETS: 129 # GETS misses
   mGETXIM: 0 # GETX I->M misses
   mGETXSM: 0 # GETX S->M misses (upgrade misses)
   PUTS: 0 # Clean evictions (from lower level)
   PUTX: 0 # Dirty evictions (from lower level)
   INV: 0 # Invalidates (from upper level)
   INVX: 0 # Downgrades (from upper level)
   FWD: 0 # Forwards (from upper level)
   latGETnl: 8892 # GET request latency on next level
   latGETnet: 0 # GET request latency on network to next level
 l2: # Cache stats
  l2-0: # Cache stats
   hGETS: 2 # GETS hits
   hGETX: 1 # GETX hits
   mGETS: 1448 # GETS misses
   mGETXIM: 1259 # GETX I->M misses
   mGETXSM: 2519 # GETX S->M misses (upgrade misses)
   PUTS: 6 # Clean evictions (from lower level)
   PUTX: 1 # Dirty evictions (from lower level)
   INV: 2216 # Invalidates (from upper level)
   INVX: 2550 # Downgrades (from upper level)
   FWD: 0 # Forwards (from upper level)
   latGETnl: 301793 # GET request latency on next level
   latGETnet: 0 # GET request latency on network to next level
  l2-1: # Cache stats
   hGETS: 0 # GETS hits
   hGETX: 0 # GETX hits
   mGETS: 1247 # GETS misses
   mGETXIM: 912 # GETX I->M misses
   mGETXSM: 407 # GETX S->M misses (upgrade misses)
   PUTS: 0 # Clean evictions (from lower level)
   PUTX: 0 # Dirty evictions (from lower level)
   INV: 1897 # Invalidates (from upper level)
   INVX: 441 # Downgrades (from upper level)
   FWD: 0 # Forwards (from upper level)
   latGETnl: 135481 # GET request latency on next level
   latGETnet: 0 # GET request latency on network to next level
  l2-2: # Cache stats
   hGETS: 0 # GETS hits
   hGETX: 0 # GETX hits
   mGETS: 1222 # GETS misses
   mGETXIM: 881 # GETX I->M misses
   mGETXSM: 415 # GETX S->M misses (upgrade misses)
   PUTS: 0 # Clean evictions (from lower level)
   PUTX: 0 # Dirty evictions (from lower level)
   INV: 1820 # Invalidates (from upper level)
   INVX: 464 # Downgrades (from upper level)
   FWD: 0 # Forwards (from upper level)
   latGETnl: 130211 # GET request latency on next level
   latGETnet: 0 # GET request latency on network to next level
  l2-3: # Cache stats
   hGETS: 0 # GETS hits
   hGETX: 0 # GETX hits
   mGETS: 1231 # GETS misses
   mGETXIM: 757 # GETX I->M misses
   mGETXSM: 404 # GETX S->M misses (upgrade misses)
   PUTS: 0 # Clean evictions (from lower level)
   PUTX: 0 # Dirty evictions (from lower level)
   INV: 1715 # Invalidates (from upper level)
   INVX: 440 # Downgrades (from upper level)
   FWD: 0 # Forwards (from upper level)
   latGETnl: 125584 # GET request latency on next level
   latGETnet: 0 # GET request latency on network to next level
 l3: # Cache stats
  l3-0b0: # Cache stats
   hGETS: 1059 # GETS hits
   hGETX: 1804 # GETX hits
   mGETS: 150 # GETS misses
   mGETXIM: 27 # GETX I->M misses
   mGETXSM: 0 # GETX S->M misses (upgrade misses)
   PUTS: 0 # Clean evictions (from lower level)
   PUTX: 0 # Dirty evictions (from lower level)
   INV: 0 # Invalidates (from upper level)
   INVX: 0 # Downgrades (from upper level)
   FWD: 0 # Forwards (from upper level)
   latGETnl: 13275 # GET request latency on next level
   latGETnet: 0 # GET request latency on network to next level
  l3-0b1: # Cache stats
   hGETS: 1518 # GETS hits
   hGETX: 2064 # GETX hits
   mGETS: 148 # GETS misses
   mGETXIM: 29 # GETX I->M misses
   mGETXSM: 0 # GETX S->M misses (upgrade misses)
   PUTS: 0 # Clean evictions (from lower level)
   PUTX: 0 # Dirty evictions (from lower level)
   INV: 0 # Invalidates (from upper level)
   INVX: 0 # Downgrades (from upper level)
   FWD: 0 # Forwards (from upper level)
   latGETnl: 13275 # GET request latency on next level
   latGETnet: 0 # GET request latency on network to next level
  l3-0b2: # Cache stats
   hGETS: 998 # GETS hits
   hGETX: 1796 # GETX hits
   mGETS: 134 # GETS misses
   mGETXIM: 30 # GETX I->M misses
   mGETXSM: 0 # GETX S->M misses (upgrade misses)
   PUTS: 0 # Clean evictions (from lower level)
   PUTX: 0 # Dirty evictions (from lower level)
   INV: 0 # Invalidates (from upper level)
   INVX: 0 # Downgrades (from upper level)
   FWD: 0 # Forwards (from upper level)
   latGETnl: 12300 # GET request latency on next level
   latGETnet: 0 # GET request latency on network to next level
  l3-0b3: # Cache stats
   hGETS: 996 # GETS hits
   hGETX: 1778 # GETX hits
   mGETS: 145 # GETS misses
   mGETXIM: 26 # GETX I->M misses
   mGETXSM: 0 # GETX S->M misses (upgrade misses)
   PUTS: 0 # Clean evictions (from lower level)
   PUTX: 0 # Dirty evictions (from lower level)
   INV: 0 # Invalidates (from upper level)
   INVX: 0 # Downgrades (from upper level)
   FWD: 0 # Forwards (from upper level)
   latGETnl: 12825 # GET request latency on next level
   latGETnet: 0 # GET request latency on network to next level
 mem: # Memory controller stats
  mem-0: # Memory controller stats
   rd: 349 # Read requests
   wr: 0 # Write requests
   rdlat: 50007 # Total latency experienced by read requests
   wrlat: 0 # Total latency experienced by write requests
   rdhits: 1 # Read row hits
   wrhits: 0 # Write row hits
   mlh: # latency histogram for memory requests
    0: 0
    1: 0
    2: 0
    3: 0
    4: 0
    5: 0
    6: 0
    7: 0
    8: 0
    9: 0
    10: 0
    11: 4
    12: 222
    13: 18
    14: 37
    15: 22
    16: 1
    17: 8
    18: 6
    19: 3
    20: 4
    21: 2
    22: 1
    23: 3
    24: 2
    25: 2
    26: 4
    27: 3
    28: 2
    29: 0
    30: 1
    31: 0
    32: 0
    33: 0
    34: 0
    35: 0
    36: 0
    37: 1
    38: 0
    39: 0
    40: 0
    41: 0
    42: 1
    43: 0
    44: 0
    45: 0
    46: 0
    47: 0
    48: 0
    49: 0
    50: 0
    51: 0
    52: 0
    53: 1
    54: 0
    55: 1
    56: 0
    57: 0
    58: 0
    59: 0
    60: 0
    61: 0
    62: 0
    63: 0
    64: 0
    65: 0
    66: 0
    67: 0
    68: 0
    69: 0
    70: 0
    71: 0
    72: 0
    73: 0
    74: 0
    75: 0
    76: 0
    77: 0
    78: 0
    79: 0
    80: 0
    81: 0
    82: 0
    83: 0
    84: 0
    85: 0
    86: 0
    87: 0
    88: 0
    89: 0
    90: 0
    91: 0
    92: 0
    93: 0
    94: 0
    95: 0
    96: 0
    97: 0
    98: 0
    99: 0
  mem-1: # Memory controller stats
   rd: 338 # Read requests
   wr: 0 # Write requests
   rdlat: 46834 # Total latency experienced by read requests
   wrlat: 0 # Total latency experienced by write requests
   rdhits: 3 # Read row hits
   wrhits: 0 # Write row hits
   mlh: # latency histogram for memory requests
    0: 0
    1: 0
    2: 0
    3: 0
    4: 0
    5: 0
    6: 0
    7: 0
    8: 0
    9: 0
    10: 0
    11: 3
    12: 221
    13: 14
    14: 31
    15: 34
    16: 5
    17: 7
    18: 2
    19: 0
    20: 2
    21: 4
    22: 2
    23: 0
    24: 2
    25: 5
    26: 4
    27: 0
    28: 1
    29: 0
    30: 0
    31: 0
    32: 0
    33: 0
    34: 0
    35: 0
    36: 0
    37: 0
    38: 0
    39: 0
    40: 0
    41: 0
    42: 1
    43: 0
    44: 0
    45: 0
    46: 0
    47: 0
    48: 0
    49: 0
    50: 0
    51: 0
    52: 0
    53: 0
    54: 0
    55: 0
    56: 0
    57: 0
    58: 0
    59: 0
    60: 0
    61: 0
    62: 0
    63: 0
    64: 0
    65: 0
    66: 0
    67: 0
    68: 0
    69: 0
    70: 0
    71: 0
    72: 0
    73: 0
    74: 0
    75: 0
    76: 0
    77: 0
    78: 0
    79: 0
    80: 0
    81: 0
    82: 0
    83: 0
    84: 0
    85: 0
    86: 0
    87: 0
    88: 0
    89: 0
    90: 0
    91: 0
    92: 0
    93: 0
    94: 0
    95: 0
    96: 0
    97: 0
    98: 0
    99: 0
 sched: # Scheduler stats
  thCr: 301 # Threads created
  thFn: 301 # Threads finished
  schedEvs: 301 # Schedule events
  waitEvs: 0 # Wait events
  handoffEvs: 0 # Handoff events
  sleepEvs: 0 # Sleep events
  idlePhases: 0 # Phases with no thread active
  idlePeriods: 0 # Periods with no thread active
  occHist: # Occupancy histogram
   0: 0
   1: 21
   2: 21
   3: 0
   4: 1
  rqSzHist: # Run queue size histogram
   0: 43
   1: 0
   2: 0
   3: 0
   4: 0
   5: 0
   6: 0
   7: 0
   8: 0
   9: 0
   10: 0
   11: 0
   12: 0
   13: 0
   14: 0
   15: 0
   16: 0
 procCycles: # Per-process unhalted core cycles
  0: 728733
  1: 0
  2: 0
  3: 0
  4: 0
  5: 0
  6: 0
  7: 0
  8: 0
  9: 0
  10: 0
  11: 0
  12: 0
  13: 0
  14: 0
  15: 0
  16: 0
  17: 0
  18: 0
  19: 0
  20: 0
  21: 0
  22: 0
  23: 0
  24: 0
  25: 0
  26: 0
  27: 0
  28: 0
  29: 0
  30: 0
  31: 0
  32: 0
  33: 0
  34: 0
  35: 0
  36: 0
  37: 0
  38: 0
  39: 0
  40: 0
  41: 0
  42: 0
  43: 0
  44: 0
  45: 0
  46: 0
  47: 0
  48: 0
  49: 0
  50: 0
  51: 0
  52: 0
  53: 0
  54: 0
  55: 0
  56: 0
  57: 0
  58: 0
  59: 0
  60: 0
  61: 0
  62: 0
  63: 0
 procInstrs: # Per-process instructions
  0: 510990
  1: 0
  2: 0
  3: 0
  4: 0
  5: 0
  6: 0
  7: 0
  8: 0
  9: 0
  10: 0
  11: 0
  12: 0
  13: 0
  14: 0
  15: 0
  16: 0
  17: 0
  18: 0
  19: 0
  20: 0
  21: 0
  22: 0
  23: 0
  24: 0
  25: 0
  26: 0
  27: 0
  28: 0
  29: 0
  30: 0
  31: 0
  32: 0
  33: 0
  34: 0
  35: 0
  36: 0
  37: 0
  38: 0
  39: 0
  40: 0
  41: 0
  42: 0
  43: 0
  44: 0
  45: 0
  46: 0
  47: 0
  48: 0
  49: 0
  50: 0
  51: 0
  52: 0
  53: 0
  54: 0
  55: 0
  56: 0
  57: 0
  58: 0
  59: 0
  60: 0
  61: 0
  62: 0
  63: 0
 heartbeats: # Per-process heartbeats
  0: 0
  1: 0
  2: 0
  3: 0
  4: 0
  5: 0
  6: 0
  7: 0
  8: 0
  9: 0
  10: 0
  11: 0
  12: 0
  13: 0
  14: 0
  15: 0
  16: 0
  17: 0
  18: 0
  19: 0
  20: 0
  21: 0
  22: 0
  23: 0
  24: 0
  25: 0
  26: 0
  27: 0
  28: 0
  29: 0
  30: 0
  31: 0
  32: 0
  33: 0
  34: 0
  35: 0
  36: 0
  37: 0
  38: 0
  39: 0
  40: 0
  41: 0
  42: 0
  43: 0
  44: 0
  45: 0
  46: 0
  47: 0
  48: 0
  49: 0
  50: 0
  51: 0
  52: 0
  53: 0
  54: 0
  55: 0
  56: 0
  57: 0
  58: 0
  59: 0
  60: 0
  61: 0
  62: 0
  63: 0
===
