# zsim stats
===
root: # Stats
 contention: # Contention simulation stats
  domain-0: # Domain stats
   time: 1943357 # Weave simulation time
 time: # Simulator time breakdown
  init: 1261059979
  bound: 244219373
  weave: 4880629
  ff: 1362909480
 trigger: 20000 # Reason for this stats dump
 phase: 66 # Simulated phases
 nehalem: # Core stats
  nehalem-0: # Core stats
   cycles: 666634 # Simulated unhalted cycles
   cCycles: 16300 # Cycles due to contention stalls
   instrs: 986682 # Simulated instructions
   uops: 1168705 # Retired micro-ops
   bbls: 160034 # Basic blocks
   approxInstrs: 454 # Instrs with approx uop decoding
   mispredBranches: 1059 # Mispredicted branches
  nehalem-1: # Core stats
   cycles: 463207 # Simulated unhalted cycles
   cCycles: 3418 # Cycles due to contention stalls
   instrs: 817453 # Simulated instructions
   uops: 1069854 # Retired micro-ops
   bbls: 92840 # Basic blocks
   approxInstrs: 300 # Instrs with approx uop decoding
   mispredBranches: 174 # Mispredicted branches
  nehalem-2: # Core stats
   cycles: 461883 # Simulated unhalted cycles
   cCycles: 2412 # Cycles due to contention stalls
   instrs: 817453 # Simulated instructions
   uops: 1069854 # Retired micro-ops
   bbls: 92840 # Basic blocks
   approxInstrs: 300 # Instrs with approx uop decoding
   mispredBranches: 174 # Mispredicted branches
  nehalem-3: # Core stats
   cycles: 465540 # Simulated unhalted cycles
   cCycles: 5070 # Cycles due to contention stalls
   instrs: 816775 # Simulated instructions
   uops: 1069055 # Retired micro-ops
   bbls: 92704 # Basic blocks
   approxInstrs: 300 # Instrs with approx uop decoding
   mispredBranches: 143 # Mispredicted branches
 l1d: # Cache stats
  l1d-0: # Filter cache stats
   fhGETS: 281425 # Filtered GETS hits
   fhGETX: 52841 # Filtered GETX hits
   hGETS: 15910 # GETS hits
   hGETX: 7928 # GETX hits
   mGETS: 1049 # GETS misses
   mGETXIM: 1260 # GETX I->M misses
   mGETXSM: 2349 # GETX S->M misses (upgrade misses)
   PUTS: 0 # Clean evictions (from lower level)
   PUTX: 0 # Dirty evictions (from lower level)
   INV: 1995 # Invalidates (from upper level)
   INVX: 2434 # Downgrades (from upper level)
   FWD: 0 # Forwards (from upper level)
   latGETnl: 307380 # GET request latency on next level
   latGETnet: 0 # GET request latency on network to next level
  l1d-1: # Filter cache stats
   fhGETS: 266127 # Filtered GETS hits
   fhGETX: 108463 # Filtered GETX hits
   hGETS: 6903 # GETS hits
   hGETX: 1361 # GETX hits
   mGETS: 1090 # GETS misses
   mGETXIM: 1010 # GETX I->M misses
   mGETXSM: 308 # GETX S->M misses (upgrade misses)
   PUTS: 0 # Clean evictions (from lower level)
   PUTX: 0 # Dirty evictions (from lower level)
   INV: 1913 # Invalidates (from upper level)
   INVX: 330 # Downgrades (from upper level)
   FWD: 0 # Forwards (from upper level)
   latGETnl: 151318 # GET request latency on next level
   latGETnet: 0 # GET request latency on network to next level
  l1d-2: # Filter cache stats
   fhGETS: 264542 # Filtered GETS hits
   fhGETX: 108513 # Filtered GETX hits
   hGETS: 8439 # GETS hits
   hGETX: 1568 # GETX hits
   mGETS: 1139 # GETS misses
   mGETXIM: 704 # GETX I->M misses
   mGETXSM: 357 # GETX S->M misses (upgrade misses)
   PUTS: 0 # Clean evictions (from lower level)
   PUTX: 0 # Dirty evictions (from lower level)
   INV: 1627 # Invalidates (from upper level)
   INVX: 389 # Downgrades (from upper level)
   FWD: 0 # Forwards (from upper level)
   latGETnl: 136936 # GET request latency on next level
   latGETnet: 0 # GET request latency on network to next level
  l1d-3: # Filter cache stats
   fhGETS: 264694 # Filtered GETS hits
   fhGETX: 108419 # Filtered GETX hits
   hGETS: 8081 # GETS hits
   hGETX: 1491 # GETX hits
   mGETS: 1114 # GETS misses
   mGETXIM: 769 # GETX I->M misses
   mGETXSM: 356 # GETX S->M misses (upgrade misses)
   PUTS: 0 # Clean evictions (from lower level)
   PUTX: 0 # Dirty evictions (from lower level)
   INV: 1677 # Invalidates (from upper level)
   INVX: 405 # Downgrades (from upper level)
   FWD: 0 # Forwards (from upper level)
   latGETnl: 141024 # GET request latency on next level
   latGETnet: 0 # GET request latency on network to next level
 l1i: # Cache stats
  l1i-0: # Filter cache stats
   fhGETS: 189014 # Filtered GETS hits
   fhGETX: 0 # Filtered GETX hits
   hGETS: 5326 # GETS hits
   hGETX: 0 # GETX hits
   mGETS: 275 # GETS misses
   mGETXIM: 0 # GETX I->M misses
   mGETXSM: 0 # GETX S->M misses (upgrade misses)
   PUTS: 0 # Clean evictions (from lower level)
   PUTX: 0 # Dirty evictions (from lower level)
   INV: 0 # Invalidates (from upper level)
   INVX: 0 # Downgrades (from upper level)
   FWD: 0 # Forwards (from upper level)
   latGETnl: 33150 # GET request latency on next level
   latGETnet: 0 # GET request latency on network to next level
  l1i-1: # Filter cache stats
   fhGETS: 114194 # Filtered GETS hits
   fhGETX: 0 # Filtered GETX hits
   hGETS: 5802 # GETS hits
   hGETX: 0 # GETX hits
   mGETS: 134 # GETS misses
   mGETXIM: 0 # GETX I->M misses
   mGETXSM: 0 # GETX S->M misses (upgrade misses)
   PUTS: 0 # Clean evictions (from lower level)
   PUTX: 0 # Dirty evictions (from lower level)
   INV: 0 # Invalidates (from upper level)
   INVX: 0 # Downgrades (from upper level)
   FWD: 0 # Forwards (from upper level)
   latGETnl: 8382 # GET request latency on next level
   latGETnet: 0 # GET request latency on network to next level
  l1i-2: # Filter cache stats
   fhGETS: 114191 # Filtered GETS hits
   fhGETX: 0 # Filtered GETX hits
   hGETS: 5802 # GETS hits
   hGETX: 0 # GETX hits
   mGETS: 133 # GETS misses
   mGETXIM: 0 # GETX I->M misses
   mGETXSM: 0 # GETX S->M misses (upgrade misses)
   PUTS: 0 # Clean evictions (from lower level)
   PUTX: 0 # Dirty evictions (from lower level)
   INV: 0 # Invalidates (from upper level)
   INVX: 0 # Downgrades (from upper level)
   FWD: 0 # Forwards (from upper level)
   latGETnl: 7509 # GET request latency on next level
   latGETnet: 0 # GET request latency on network to next level
  l1i-3: # Filter cache stats
   fhGETS: 113918 # Filtered GETS hits
   fhGETX: 0 # Filtered GETX hits
   hGETS: 5771 # GETS hits
   hGETX: 0 # GETX hits
   mGETS: 134 # GETS misses
   mGETXIM: 0 # GETX I->M misses
   mGETXSM: 0 # GETX S->M misses (upgrade misses)
   PUTS: 0 # Clean evictions (from lower level)
   PUTX: 0 # Dirty evictions (from lower level)
   INV: 0 # Invalidates (from upper level)
   INVX: 0 # Downgrades (from upper level)
   FWD: 0 # Forwards (from upper level)
   latGETnl: 9207 # GET request latency on next level
   latGETnet: 0 # GET request latency on network to next level
 l2: # Cache stats
  l2-0: # Cache stats
   hGETS: 6 # GETS hits
   hGETX: 1 # GETX hits
   mGETS: 1318 # GETS misses
   mGETXIM: 1260 # GETX I->M misses
   mGETXSM: 2348 # GETX S->M misses (upgrade misses)
   PUTS: 17 # Clean evictions (from lower level)
   PUTX: 3 # Dirty evictions (from lower level)
   INV: 1995 # Invalidates (from upper level)
   INVX: 2434 # Downgrades (from upper level)
   FWD: 0 # Forwards (from upper level)
   latGETnl: 291200 # GET request latency on next level
   latGETnet: 0 # GET request latency on network to next level
  l2-1: # Cache stats
   hGETS: 0 # GETS hits
   hGETX: 0 # GETX hits
   mGETS: 1224 # GETS misses
   mGETXIM: 1010 # GETX I->M misses
   mGETXSM: 308 # GETX S->M misses (upgrade misses)
   PUTS: 0 # Clean evictions (from lower level)
   PUTX: 0 # Dirty evictions (from lower level)
   INV: 1913 # Invalidates (from upper level)
   INVX: 330 # Downgrades (from upper level)
   FWD: 0 # Forwards (from upper level)
   latGETnl: 134280 # GET request latency on next level
   latGETnet: 0 # GET request latency on network to next level
  l2-2: # Cache stats
   hGETS: 0 # GETS hits
   hGETX: 0 # GETX hits
   mGETS: 1272 # GETS misses
   mGETXIM: 704 # GETX I->M misses
   mGETXSM: 357 # GETX S->M misses (upgrade misses)
   PUTS: 0 # Clean evictions (from lower level)
   PUTX: 0 # Dirty evictions (from lower level)
   INV: 1627 # Invalidates (from upper level)
   INVX: 389 # Downgrades (from upper level)
   FWD: 0 # Forwards (from upper level)
   latGETnl: 121115 # GET request latency on next level
   latGETnet: 0 # GET request latency on network to next level
  l2-3: # Cache stats
   hGETS: 0 # GETS hits
   hGETX: 0 # GETX hits
   mGETS: 1248 # GETS misses
   mGETXIM: 770 # GETX I->M misses
   mGETXSM: 355 # GETX S->M misses (upgrade misses)
   PUTS: 0 # Clean evictions (from lower level)
   PUTX: 0 # Dirty evictions (from lower level)
   INV: 1677 # Invalidates (from upper level)
   INVX: 405 # Downgrades (from upper level)
   FWD: 0 # Forwards (from upper level)
   latGETnl: 126501 # GET request latency on next level
   latGETnet: 0 # GET request latency on network to next level
 l3: # Cache stats
  l3-0b0: # Cache stats
   hGETS: 917 # GETS hits
   hGETX: 1621 # GETX hits
   mGETS: 182 # GETS misses
   mGETXIM: 28 # GETX I->M misses
   mGETXSM: 0 # GETX S->M misses (upgrade misses)
   PUTS: 0 # Clean evictions (from lower level)
   PUTX: 0 # Dirty evictions (from lower level)
   INV: 0 # Invalidates (from upper level)
   INVX: 0 # Downgrades (from upper level)
   FWD: 0 # Forwards (from upper level)
   latGETnl: 15750 # GET request latency on next level
   latGETnet: 0 # GET request latency on network to next level
  l3-0b1: # Cache stats
   hGETS: 1503 # GETS hits
   hGETX: 2000 # GETX hits
   mGETS: 185 # GETS misses
   mGETXIM: 29 # GETX I->M misses
   mGETXSM: 0 # GETX S->M misses (upgrade misses)
   PUTS: 0 # Clean evictions (from lower level)
   PUTX: 0 # Dirty evictions (from lower level)
   INV: 0 # Invalidates (from upper level)
   INVX: 0 # Downgrades (from upper level)
   FWD: 0 # Forwards (from upper level)
   latGETnl: 16050 # GET request latency on next level
   latGETnet: 0 # GET request latency on network to next level
  l3-0b2: # Cache stats
   hGETS: 1073 # GETS hits
   hGETX: 1810 # GETX hits
   mGETS: 175 # GETS misses
   mGETXIM: 31 # GETX I->M misses
   mGETXSM: 0 # GETX S->M misses (upgrade misses)
   PUTS: 0 # Clean evictions (from lower level)
   PUTX: 0 # Dirty evictions (from lower level)
   INV: 0 # Invalidates (from upper level)
   INVX: 0 # Downgrades (from upper level)
   FWD: 0 # Forwards (from upper level)
   latGETnl: 15450 # GET request latency on next level
   latGETnet: 0 # GET request latency on network to next level
  l3-0b3: # Cache stats
   hGETS: 847 # GETS hits
   hGETX: 1567 # GETX hits
   mGETS: 180 # GETS misses
   mGETXIM: 26 # GETX I->M misses
   mGETXSM: 0 # GETX S->M misses (upgrade misses)
   PUTS: 0 # Clean evictions (from lower level)
   PUTX: 0 # Dirty evictions (from lower level)
   INV: 0 # Invalidates (from upper level)
   INVX: 0 # Downgrades (from upper level)
   FWD: 0 # Forwards (from upper level)
   latGETnl: 15450 # GET request latency on next level
   latGETnet: 0 # GET request latency on network to next level
 mem: # Memory controller stats
  mem-0: # Memory controller stats
   rd: 392 # Read requests
   wr: 0 # Write requests
   rdlat: 57906 # Total latency experienced by read requests
   wrlat: 0 # Total latency experienced by write requests
   rdhits: 0 # Read row hits
   wrhits: 0 # Write row hits
   mlh: # latency histogram for memory requests
    0: 0
    1: 0
    2: 0
    3: 0
    4: 0
    5: 0
    6: 0
    7: 0
    8: 0
    9: 0
    10: 0
    11: 6
    12: 242
    13: 11
    14: 39
    15: 30
    16: 5
    17: 9
    18: 5
    19: 4
    20: 4
    21: 3
    22: 0
    23: 6
    24: 3
    25: 3
    26: 6
    27: 3
    28: 3
    29: 0
    30: 0
    31: 1
    32: 1
    33: 1
    34: 1
    35: 0
    36: 0
    37: 2
    38: 0
    39: 1
    40: 0
    41: 0
    42: 0
    43: 0
    44: 0
    45: 0
    46: 0
    47: 1
    48: 0
    49: 0
    50: 0
    51: 0
    52: 0
    53: 1
    54: 0
    55: 1
    56: 0
    57: 0
    58: 0
    59: 0
    60: 0
    61: 0
    62: 0
    63: 0
    64: 0
    65: 0
    66: 0
    67: 0
    68: 0
    69: 0
    70: 0
    71: 0
    72: 0
    73: 0
    74: 0
    75: 0
    76: 0
    77: 0
    78: 0
    79: 0
    80: 0
    81: 0
    82: 0
    83: 0
    84: 0
    85: 0
    86: 0
    87: 0
    88: 0
    89: 0
    90: 0
    91: 0
    92: 0
    93: 0
    94: 0
    95: 0
    96: 0
    97: 0
    98: 0
    99: 0
  mem-1: # Memory controller stats
   rd: 382 # Read requests
   wr: 0 # Write requests
   rdlat: 55194 # Total latency experienced by read requests
   wrlat: 0 # Total latency experienced by write requests
   rdhits: 5 # Read row hits
   wrhits: 0 # Write row hits
   mlh: # latency histogram for memory requests
    0: 0
    1: 0
    2: 0
    3: 0
    4: 0
    5: 0
    6: 0
    7: 0
    8: 0
    9: 0
    10: 0
    11: 5
    12: 238
    13: 16
    14: 29
    15: 35
    16: 4
    17: 12
    18: 4
    19: 2
    20: 3
    21: 6
    22: 1
    23: 2
    24: 1
    25: 5
    26: 9
    27: 0
    28: 4
    29: 1
    30: 0
    31: 2
    32: 0
    33: 0
    34: 1
    35: 0
    36: 0
    37: 1
    38: 0
    39: 1
    40: 0
    41: 0
    42: 0
    43: 0
    44: 0
    45: 0
    46: 0
    47: 0
    48: 0
    49: 0
    50: 0
    51: 0
    52: 0
    53: 0
    54: 0
    55: 0
    56: 0
    57: 0
    58: 0
    59: 0
    60: 0
    61: 0
    62: 0
    63: 0
    64: 0
    65: 0
    66: 0
    67: 0
    68: 0
    69: 0
    70: 0
    71: 0
    72: 0
    73: 0
    74: 0
    75: 0
    76: 0
    77: 0
    78: 0
    79: 0
    80: 0
    81: 0
    82: 0
    83: 0
    84: 0
    85: 0
    86: 0
    87: 0
    88: 0
    89: 0
    90: 0
    91: 0
    92: 0
    93: 0
    94: 0
    95: 0
    96: 0
    97: 0
    98: 0
    99: 0
 sched: # Scheduler stats
  thCr: 301 # Threads created
  thFn: 301 # Threads finished
  schedEvs: 301 # Schedule events
  waitEvs: 0 # Wait events
  handoffEvs: 0 # Handoff events
  sleepEvs: 0 # Sleep events
  idlePhases: 0 # Phases with no thread active
  idlePeriods: 0 # Periods with no thread active
  occHist: # Occupancy histogram
   0: 0
   1: 20
   2: 45
   3: 0
   4: 1
  rqSzHist: # Run queue size histogram
   0: 66
   1: 0
   2: 0
   3: 0
   4: 0
   5: 0
   6: 0
   7: 0
   8: 0
   9: 0
   10: 0
   11: 0
   12: 0
   13: 0
   14: 0
   15: 0
   16: 0
 procCycles: # Per-process unhalted core cycles
  0: 2057264
  1: 0
  2: 0
  3: 0
  4: 0
  5: 0
  6: 0
  7: 0
  8: 0
  9: 0
  10: 0
  11: 0
  12: 0
  13: 0
  14: 0
  15: 0
  16: 0
  17: 0
  18: 0
  19: 0
  20: 0
  21: 0
  22: 0
  23: 0
  24: 0
  25: 0
  26: 0
  27: 0
  28: 0
  29: 0
  30: 0
  31: 0
  32: 0
  33: 0
  34: 0
  35: 0
  36: 0
  37: 0
  38: 0
  39: 0
  40: 0
  41: 0
  42: 0
  43: 0
  44: 0
  45: 0
  46: 0
  47: 0
  48: 0
  49: 0
  50: 0
  51: 0
  52: 0
  53: 0
  54: 0
  55: 0
  56: 0
  57: 0
  58: 0
  59: 0
  60: 0
  61: 0
  62: 0
  63: 0
 procInstrs: # Per-process instructions
  0: 3438363
  1: 0
  2: 0
  3: 0
  4: 0
  5: 0
  6: 0
  7: 0
  8: 0
  9: 0
  10: 0
  11: 0
  12: 0
  13: 0
  14: 0
  15: 0
  16: 0
  17: 0
  18: 0
  19: 0
  20: 0
  21: 0
  22: 0
  23: 0
  24: 0
  25: 0
  26: 0
  27: 0
  28: 0
  29: 0
  30: 0
  31: 0
  32: 0
  33: 0
  34: 0
  35: 0
  36: 0
  37: 0
  38: 0
  39: 0
  40: 0
  41: 0
  42: 0
  43: 0
  44: 0
  45: 0
  46: 0
  47: 0
  48: 0
  49: 0
  50: 0
  51: 0
  52: 0
  53: 0
  54: 0
  55: 0
  56: 0
  57: 0
  58: 0
  59: 0
  60: 0
  61: 0
  62: 0
  63: 0
 heartbeats: # Per-process heartbeats
  0: 0
  1: 0
  2: 0
  3: 0
  4: 0
  5: 0
  6: 0
  7: 0
  8: 0
  9: 0
  10: 0
  11: 0
  12: 0
  13: 0
  14: 0
  15: 0
  16: 0
  17: 0
  18: 0
  19: 0
  20: 0
  21: 0
  22: 0
  23: 0
  24: 0
  25: 0
  26: 0
  27: 0
  28: 0
  29: 0
  30: 0
  31: 0
  32: 0
  33: 0
  34: 0
  35: 0
  36: 0
  37: 0
  38: 0
  39: 0
  40: 0
  41: 0
  42: 0
  43: 0
  44: 0
  45: 0
  46: 0
  47: 0
  48: 0
  49: 0
  50: 0
  51: 0
  52: 0
  53: 0
  54: 0
  55: 0
  56: 0
  57: 0
  58: 0
  59: 0
  60: 0
  61: 0
  62: 0
  63: 0
===
