# zsim stats
===
root: # Stats
 contention: # Contention simulation stats
  domain-0: # Domain stats
   time: 2054848 # Weave simulation time
 time: # Simulator time breakdown
  init: 1256903705
  bound: 1638160159
  weave: 5395853
  ff: 191867479
 trigger: 20000 # Reason for this stats dump
 phase: 74 # Simulated phases
 nehalem: # Core stats
  nehalem-0: # Core stats
   cycles: 740434 # Simulated unhalted cycles
   cCycles: 17095 # Cycles due to contention stalls
   instrs: 1223031 # Simulated instructions
   uops: 1400031 # Retired micro-ops
   bbls: 219485 # Basic blocks
   approxInstrs: 468 # Instrs with approx uop decoding
   mispredBranches: 1049 # Mispredicted branches
  nehalem-1: # Core stats
   cycles: 562912 # Simulated unhalted cycles
   cCycles: 4447 # Cycles due to contention stalls
   instrs: 1045824 # Simulated instructions
   uops: 1318722 # Retired micro-ops
   bbls: 152173 # Basic blocks
   approxInstrs: 300 # Instrs with approx uop decoding
   mispredBranches: 162 # Mispredicted branches
  nehalem-2: # Core stats
   cycles: 561966 # Simulated unhalted cycles
   cCycles: 3865 # Cycles due to contention stalls
   instrs: 1045735 # Simulated instructions
   uops: 1318645 # Retired micro-ops
   bbls: 152154 # Basic blocks
   approxInstrs: 300 # Instrs with approx uop decoding
   mispredBranches: 174 # Mispredicted branches
  nehalem-3: # Core stats
   cycles: 559051 # Simulated unhalted cycles
   cCycles: 4049 # Cycles due to contention stalls
   instrs: 1044958 # Simulated instructions
   uops: 1317728 # Retired micro-ops
   bbls: 151998 # Basic blocks
   approxInstrs: 300 # Instrs with approx uop decoding
   mispredBranches: 143 # Mispredicted branches
 l1d: # Cache stats
  l1d-0: # Filter cache stats
   fhGETS: 292184 # Filtered GETS hits
   fhGETX: 59294 # Filtered GETX hits
   hGETS: 16276 # GETS hits
   hGETX: 8242 # GETX hits
   mGETS: 1086 # GETS misses
   mGETXIM: 1257 # GETX I->M misses
   mGETXSM: 2360 # GETX S->M misses (upgrade misses)
   PUTS: 0 # Clean evictions (from lower level)
   PUTX: 0 # Dirty evictions (from lower level)
   INV: 2032 # Invalidates (from upper level)
   INVX: 2409 # Downgrades (from upper level)
   FWD: 0 # Forwards (from upper level)
   latGETnl: 309297 # GET request latency on next level
   latGETnet: 0 # GET request latency on network to next level
  l1d-1: # Filter cache stats
   fhGETS: 307227 # Filtered GETS hits
   fhGETX: 108394 # Filtered GETX hits
   hGETS: 7681 # GETS hits
   hGETX: 1772 # GETX hits
   mGETS: 1252 # GETS misses
   mGETXIM: 793 # GETX I->M misses
   mGETXSM: 476 # GETX S->M misses (upgrade misses)
   PUTS: 0 # Clean evictions (from lower level)
   PUTX: 0 # Dirty evictions (from lower level)
   INV: 1848 # Invalidates (from upper level)
   INVX: 523 # Downgrades (from upper level)
   FWD: 0 # Forwards (from upper level)
   latGETnl: 158775 # GET request latency on next level
   latGETnet: 0 # GET request latency on network to next level
  l1d-2: # Filter cache stats
   fhGETS: 307281 # Filtered GETS hits
   fhGETX: 108334 # Filtered GETX hits
   hGETS: 7623 # GETS hits
   hGETX: 1812 # GETX hits
   mGETS: 1237 # GETS misses
   mGETXIM: 814 # GETX I->M misses
   mGETXSM: 475 # GETX S->M misses (upgrade misses)
   PUTS: 0 # Clean evictions (from lower level)
   PUTX: 0 # Dirty evictions (from lower level)
   INV: 1842 # Invalidates (from upper level)
   INVX: 519 # Downgrades (from upper level)
   FWD: 0 # Forwards (from upper level)
   latGETnl: 158366 # GET request latency on next level
   latGETnet: 0 # GET request latency on network to next level
  l1d-3: # Filter cache stats
   fhGETS: 307135 # Filtered GETS hits
   fhGETX: 108180 # Filtered GETX hits
   hGETS: 7546 # GETS hits
   hGETX: 1835 # GETX hits
   mGETS: 1199 # GETS misses
   mGETXIM: 842 # GETX I->M misses
   mGETXSM: 457 # GETX S->M misses (upgrade misses)
   PUTS: 0 # Clean evictions (from lower level)
   PUTX: 0 # Dirty evictions (from lower level)
   INV: 1862 # Invalidates (from upper level)
   INVX: 484 # Downgrades (from upper level)
   FWD: 0 # Forwards (from upper level)
   latGETnl: 155869 # GET request latency on next level
   latGETnet: 0 # GET request latency on network to next level
 l1i: # Cache stats
  l1i-0: # Filter cache stats
   fhGETS: 248766 # Filtered GETS hits
   fhGETX: 0 # Filtered GETX hits
   hGETS: 5140 # GETS hits
   hGETX: 0 # GETX hits
   mGETS: 247 # GETS misses
   mGETXIM: 0 # GETX I->M misses
   mGETXSM: 0 # GETX S->M misses (upgrade misses)
   PUTS: 0 # Clean evictions (from lower level)
   PUTX: 0 # Dirty evictions (from lower level)
   INV: 0 # Invalidates (from upper level)
   INVX: 0 # Downgrades (from upper level)
   FWD: 0 # Forwards (from upper level)
   latGETnl: 29781 # GET request latency on next level
   latGETnet: 0 # GET request latency on network to next level
  l1i-1: # Filter cache stats
   fhGETS: 173720 # Filtered GETS hits
   fhGETX: 0 # Filtered GETX hits
   hGETS: 5512 # GETS hits
   hGETX: 0 # GETX hits
   mGETS: 136 # GETS misses
   mGETXIM: 0 # GETX I->M misses
   mGETXSM: 0 # GETX S->M misses (upgrade misses)
   PUTS: 0 # Clean evictions (from lower level)
   PUTX: 0 # Dirty evictions (from lower level)
   INV: 0 # Invalidates (from upper level)
   INVX: 0 # Downgrades (from upper level)
   FWD: 0 # Forwards (from upper level)
   latGETnl: 9003 # GET request latency on next level
   latGETnet: 0 # GET request latency on network to next level
  l1i-2: # Filter cache stats
   fhGETS: 173760 # Filtered GETS hits
   fhGETX: 0 # Filtered GETX hits
   hGETS: 5505 # GETS hits
   hGETX: 0 # GETX hits
   mGETS: 139 # GETS misses
   mGETXIM: 0 # GETX I->M misses
   mGETXSM: 0 # GETX S->M misses (upgrade misses)
   PUTS: 0 # Clean evictions (from lower level)
   PUTX: 0 # Dirty evictions (from lower level)
   INV: 0 # Invalidates (from upper level)
   INVX: 0 # Downgrades (from upper level)
   FWD: 0 # Forwards (from upper level)
   latGETnl: 8397 # GET request latency on next level
   latGETnet: 0 # GET request latency on network to next level
  l1i-3: # Filter cache stats
   fhGETS: 173459 # Filtered GETS hits
   fhGETX: 0 # Filtered GETX hits
   hGETS: 5483 # GETS hits
   hGETX: 0 # GETX hits
   mGETS: 134 # GETS misses
   mGETXIM: 0 # GETX I->M misses
   mGETXSM: 0 # GETX S->M misses (upgrade misses)
   PUTS: 0 # Clean evictions (from lower level)
   PUTX: 0 # Dirty evictions (from lower level)
   INV: 0 # Invalidates (from upper level)
   INVX: 0 # Downgrades (from upper level)
   FWD: 0 # Forwards (from upper level)
   latGETnl: 8382 # GET request latency on next level
   latGETnet: 0 # GET request latency on network to next level
 l2: # Cache stats
  l2-0: # Cache stats
   hGETS: 6 # GETS hits
   hGETX: 1 # GETX hits
   mGETS: 1327 # GETS misses
   mGETXIM: 1256 # GETX I->M misses
   mGETXSM: 2360 # GETX S->M misses (upgrade misses)
   PUTS: 14 # Clean evictions (from lower level)
   PUTX: 3 # Dirty evictions (from lower level)
   INV: 2032 # Invalidates (from upper level)
   INVX: 2409 # Downgrades (from upper level)
   FWD: 0 # Forwards (from upper level)
   latGETnl: 289578 # GET request latency on next level
   latGETnet: 0 # GET request latency on network to next level
  l2-1: # Cache stats
   hGETS: 0 # GETS hits
   hGETX: 0 # GETX hits
   mGETS: 1388 # GETS misses
   mGETXIM: 796 # GETX I->M misses
   mGETXSM: 473 # GETX S->M misses (upgrade misses)
   PUTS: 0 # Clean evictions (from lower level)
   PUTX: 0 # Dirty evictions (from lower level)
   INV: 1848 # Invalidates (from upper level)
   INVX: 523 # Downgrades (from upper level)
   FWD: 0 # Forwards (from upper level)
   latGETnl: 141208 # GET request latency on next level
   latGETnet: 0 # GET request latency on network to next level
  l2-2: # Cache stats
   hGETS: 0 # GETS hits
   hGETX: 0 # GETX hits
   mGETS: 1376 # GETS misses
   mGETXIM: 816 # GETX I->M misses
   mGETXSM: 473 # GETX S->M misses (upgrade misses)
   PUTS: 0 # Clean evictions (from lower level)
   PUTX: 0 # Dirty evictions (from lower level)
   INV: 1842 # Invalidates (from upper level)
   INVX: 519 # Downgrades (from upper level)
   FWD: 0 # Forwards (from upper level)
   latGETnl: 140113 # GET request latency on next level
   latGETnet: 0 # GET request latency on network to next level
  l2-3: # Cache stats
   hGETS: 0 # GETS hits
   hGETX: 0 # GETX hits
   mGETS: 1333 # GETS misses
   mGETXIM: 842 # GETX I->M misses
   mGETXSM: 457 # GETX S->M misses (upgrade misses)
   PUTS: 0 # Clean evictions (from lower level)
   PUTX: 0 # Dirty evictions (from lower level)
   INV: 1862 # Invalidates (from upper level)
   INVX: 484 # Downgrades (from upper level)
   FWD: 0 # Forwards (from upper level)
   latGETnl: 137931 # GET request latency on next level
   latGETnet: 0 # GET request latency on network to next level
 l3: # Cache stats
  l3-0b0: # Cache stats
   hGETS: 1062 # GETS hits
   hGETX: 1747 # GETX hits
   mGETS: 179 # GETS misses
   mGETXIM: 28 # GETX I->M misses
   mGETXSM: 0 # GETX S->M misses (upgrade misses)
   PUTS: 0 # Clean evictions (from lower level)
   PUTX: 0 # Dirty evictions (from lower level)
   INV: 0 # Invalidates (from upper level)
   INVX: 0 # Downgrades (from upper level)
   FWD: 0 # Forwards (from upper level)
   latGETnl: 15525 # GET request latency on next level
   latGETnet: 0 # GET request latency on network to next level
  l3-0b1: # Cache stats
   hGETS: 1561 # GETS hits
   hGETX: 2048 # GETX hits
   mGETS: 179 # GETS misses
   mGETXIM: 28 # GETX I->M misses
   mGETXSM: 0 # GETX S->M misses (upgrade misses)
   PUTS: 0 # Clean evictions (from lower level)
   PUTX: 0 # Dirty evictions (from lower level)
   INV: 0 # Invalidates (from upper level)
   INVX: 0 # Downgrades (from upper level)
   FWD: 0 # Forwards (from upper level)
   latGETnl: 15525 # GET request latency on next level
   latGETnet: 0 # GET request latency on network to next level
  l3-0b2: # Cache stats
   hGETS: 1218 # GETS hits
   hGETX: 1962 # GETX hits
   mGETS: 165 # GETS misses
   mGETXIM: 30 # GETX I->M misses
   mGETXSM: 0 # GETX S->M misses (upgrade misses)
   PUTS: 0 # Clean evictions (from lower level)
   PUTX: 0 # Dirty evictions (from lower level)
   INV: 0 # Invalidates (from upper level)
   INVX: 0 # Downgrades (from upper level)
   FWD: 0 # Forwards (from upper level)
   latGETnl: 14625 # GET request latency on next level
   latGETnet: 0 # GET request latency on network to next level
  l3-0b3: # Cache stats
   hGETS: 887 # GETS hits
   hGETX: 1604 # GETX hits
   mGETS: 173 # GETS misses
   mGETXIM: 26 # GETX I->M misses
   mGETXSM: 0 # GETX S->M misses (upgrade misses)
   PUTS: 0 # Clean evictions (from lower level)
   PUTX: 0 # Dirty evictions (from lower level)
   INV: 0 # Invalidates (from upper level)
   INVX: 0 # Downgrades (from upper level)
   FWD: 0 # Forwards (from upper level)
   latGETnl: 14925 # GET request latency on next level
   latGETnet: 0 # GET request latency on network to next level
 mem: # Memory controller stats
  mem-0: # Memory controller stats
   rd: 405 # Read requests
   wr: 0 # Write requests
   rdlat: 59649 # Total latency experienced by read requests
   wrlat: 0 # Total latency experienced by write requests
   rdhits: 5 # Read row hits
   wrhits: 0 # Write row hits
   mlh: # latency histogram for memory requests
    0: 0
    1: 0
    2: 0
    3: 0
    4: 0
    5: 0
    6: 0
    7: 0
    8: 0
    9: 0
    10: 0
    11: 6
    12: 258
    13: 13
    14: 39
    15: 25
    16: 4
    17: 6
    18: 6
    19: 3
    20: 6
    21: 2
    22: 5
    23: 4
    24: 5
    25: 2
    26: 4
    27: 4
    28: 2
    29: 0
    30: 3
    31: 2
    32: 1
    33: 0
    34: 0
    35: 0
    36: 0
    37: 0
    38: 0
    39: 0
    40: 0
    41: 1
    42: 0
    43: 0
    44: 0
    45: 0
    46: 1
    47: 0
    48: 0
    49: 0
    50: 0
    51: 0
    52: 0
    53: 2
    54: 0
    55: 1
    56: 0
    57: 0
    58: 0
    59: 0
    60: 0
    61: 0
    62: 0
    63: 0
    64: 0
    65: 0
    66: 0
    67: 0
    68: 0
    69: 0
    70: 0
    71: 0
    72: 0
    73: 0
    74: 0
    75: 0
    76: 0
    77: 0
    78: 0
    79: 0
    80: 0
    81: 0
    82: 0
    83: 0
    84: 0
    85: 0
    86: 0
    87: 0
    88: 0
    89: 0
    90: 0
    91: 0
    92: 0
    93: 0
    94: 0
    95: 0
    96: 0
    97: 0
    98: 0
    99: 0
  mem-1: # Memory controller stats
   rd: 393 # Read requests
   wr: 0 # Write requests
   rdlat: 58132 # Total latency experienced by read requests
   wrlat: 0 # Total latency experienced by write requests
   rdhits: 14 # Read row hits
   wrhits: 0 # Write row hits
   mlh: # latency histogram for memory requests
    0: 0
    1: 0
    2: 0
    3: 0
    4: 0
    5: 0
    6: 0
    7: 0
    8: 0
    9: 0
    10: 0
    11: 5
    12: 248
    13: 13
    14: 29
    15: 31
    16: 4
    17: 8
    18: 5
    19: 4
    20: 4
    21: 4
    22: 2
    23: 5
    24: 2
    25: 7
    26: 8
    27: 2
    28: 1
    29: 3
    30: 0
    31: 1
    32: 0
    33: 0
    34: 1
    35: 0
    36: 1
    37: 0
    38: 1
    39: 1
    40: 0
    41: 0
    42: 1
    43: 0
    44: 0
    45: 1
    46: 0
    47: 1
    48: 0
    49: 0
    50: 0
    51: 0
    52: 0
    53: 0
    54: 0
    55: 0
    56: 0
    57: 0
    58: 0
    59: 0
    60: 0
    61: 0
    62: 0
    63: 0
    64: 0
    65: 0
    66: 0
    67: 0
    68: 0
    69: 0
    70: 0
    71: 0
    72: 0
    73: 0
    74: 0
    75: 0
    76: 0
    77: 0
    78: 0
    79: 0
    80: 0
    81: 0
    82: 0
    83: 0
    84: 0
    85: 0
    86: 0
    87: 0
    88: 0
    89: 0
    90: 0
    91: 0
    92: 0
    93: 0
    94: 0
    95: 0
    96: 0
    97: 0
    98: 0
    99: 0
 sched: # Scheduler stats
  thCr: 301 # Threads created
  thFn: 301 # Threads finished
  schedEvs: 301 # Schedule events
  waitEvs: 0 # Wait events
  handoffEvs: 0 # Handoff events
  sleepEvs: 0 # Sleep events
  idlePhases: 0 # Phases with no thread active
  idlePeriods: 0 # Periods with no thread active
  occHist: # Occupancy histogram
   0: 0
   1: 20
   2: 20
   3: 9
   4: 25
  rqSzHist: # Run queue size histogram
   0: 74
   1: 0
   2: 0
   3: 0
   4: 0
   5: 0
   6: 0
   7: 0
   8: 0
   9: 0
   10: 0
   11: 0
   12: 0
   13: 0
   14: 0
   15: 0
   16: 0
 procCycles: # Per-process unhalted core cycles
  0: 2424363
  1: 0
  2: 0
  3: 0
  4: 0
  5: 0
  6: 0
  7: 0
  8: 0
  9: 0
  10: 0
  11: 0
  12: 0
  13: 0
  14: 0
  15: 0
  16: 0
  17: 0
  18: 0
  19: 0
  20: 0
  21: 0
  22: 0
  23: 0
  24: 0
  25: 0
  26: 0
  27: 0
  28: 0
  29: 0
  30: 0
  31: 0
  32: 0
  33: 0
  34: 0
  35: 0
  36: 0
  37: 0
  38: 0
  39: 0
  40: 0
  41: 0
  42: 0
  43: 0
  44: 0
  45: 0
  46: 0
  47: 0
  48: 0
  49: 0
  50: 0
  51: 0
  52: 0
  53: 0
  54: 0
  55: 0
  56: 0
  57: 0
  58: 0
  59: 0
  60: 0
  61: 0
  62: 0
  63: 0
 procInstrs: # Per-process instructions
  0: 4359548
  1: 0
  2: 0
  3: 0
  4: 0
  5: 0
  6: 0
  7: 0
  8: 0
  9: 0
  10: 0
  11: 0
  12: 0
  13: 0
  14: 0
  15: 0
  16: 0
  17: 0
  18: 0
  19: 0
  20: 0
  21: 0
  22: 0
  23: 0
  24: 0
  25: 0
  26: 0
  27: 0
  28: 0
  29: 0
  30: 0
  31: 0
  32: 0
  33: 0
  34: 0
  35: 0
  36: 0
  37: 0
  38: 0
  39: 0
  40: 0
  41: 0
  42: 0
  43: 0
  44: 0
  45: 0
  46: 0
  47: 0
  48: 0
  49: 0
  50: 0
  51: 0
  52: 0
  53: 0
  54: 0
  55: 0
  56: 0
  57: 0
  58: 0
  59: 0
  60: 0
  61: 0
  62: 0
  63: 0
 heartbeats: # Per-process heartbeats
  0: 0
  1: 0
  2: 0
  3: 0
  4: 0
  5: 0
  6: 0
  7: 0
  8: 0
  9: 0
  10: 0
  11: 0
  12: 0
  13: 0
  14: 0
  15: 0
  16: 0
  17: 0
  18: 0
  19: 0
  20: 0
  21: 0
  22: 0
  23: 0
  24: 0
  25: 0
  26: 0
  27: 0
  28: 0
  29: 0
  30: 0
  31: 0
  32: 0
  33: 0
  34: 0
  35: 0
  36: 0
  37: 0
  38: 0
  39: 0
  40: 0
  41: 0
  42: 0
  43: 0
  44: 0
  45: 0
  46: 0
  47: 0
  48: 0
  49: 0
  50: 0
  51: 0
  52: 0
  53: 0
  54: 0
  55: 0
  56: 0
  57: 0
  58: 0
  59: 0
  60: 0
  61: 0
  62: 0
  63: 0
===
