# zsim stats
===
root: # Stats
 contention: # Contention simulation stats
  domain-0: # Domain stats
   time: 2097560 # Weave simulation time
 time: # Simulator time breakdown
  init: 1324525956
  bound: 1589036846
  weave: 5962528
  ff: 173933811
 trigger: 20000 # Reason for this stats dump
 phase: 91 # Simulated phases
 nehalem: # Core stats
  nehalem-0: # Core stats
   cycles: 910905 # Simulated unhalted cycles
   cCycles: 16040 # Cycles due to contention stalls
   instrs: 1189656 # Simulated instructions
   uops: 1575567 # Retired micro-ops
   bbls: 192133 # Basic blocks
   approxInstrs: 358 # Instrs with approx uop decoding
   mispredBranches: 7405 # Mispredicted branches
  nehalem-1: # Core stats
   cycles: 592779 # Simulated unhalted cycles
   cCycles: 2853 # Cycles due to contention stalls
   instrs: 926233 # Simulated instructions
   uops: 1241710 # Retired micro-ops
   bbls: 124976 # Basic blocks
   approxInstrs: 300 # Instrs with approx uop decoding
   mispredBranches: 6618 # Mispredicted branches
  nehalem-2: # Core stats
   cycles: 599716 # Simulated unhalted cycles
   cCycles: 3695 # Cycles due to contention stalls
   instrs: 926204 # Simulated instructions
   uops: 1241687 # Retired micro-ops
   bbls: 124971 # Basic blocks
   approxInstrs: 300 # Instrs with approx uop decoding
   mispredBranches: 6564 # Mispredicted branches
  nehalem-3: # Core stats
   cycles: 595914 # Simulated unhalted cycles
   cCycles: 3313 # Cycles due to contention stalls
   instrs: 925187 # Simulated instructions
   uops: 1240560 # Retired micro-ops
   bbls: 124765 # Basic blocks
   approxInstrs: 300 # Instrs with approx uop decoding
   mispredBranches: 6549 # Mispredicted branches
 l1d: # Cache stats
  l1d-0: # Filter cache stats
   fhGETS: 377058 # Filtered GETS hits
   fhGETX: 150369 # Filtered GETX hits
   hGETS: 15343 # GETS hits
   hGETX: 6347 # GETX hits
   mGETS: 1032 # GETS misses
   mGETXIM: 1256 # GETX I->M misses
   mGETXSM: 2277 # GETX S->M misses (upgrade misses)
   PUTS: 0 # Clean evictions (from lower level)
   PUTX: 0 # Dirty evictions (from lower level)
   INV: 1983 # Invalidates (from upper level)
   INVX: 2354 # Downgrades (from upper level)
   FWD: 0 # Forwards (from upper level)
   latGETnl: 301037 # GET request latency on next level
   latGETnet: 0 # GET request latency on network to next level
  l1d-1: # Filter cache stats
   fhGETS: 315964 # Filtered GETS hits
   fhGETX: 108385 # Filtered GETX hits
   hGETS: 7538 # GETS hits
   hGETX: 1421 # GETX hits
   mGETS: 1054 # GETS misses
   mGETXIM: 894 # GETX I->M misses
   mGETXSM: 342 # GETX S->M misses (upgrade misses)
   PUTS: 0 # Clean evictions (from lower level)
   PUTX: 0 # Dirty evictions (from lower level)
   INV: 1731 # Invalidates (from upper level)
   INVX: 368 # Downgrades (from upper level)
   FWD: 0 # Forwards (from upper level)
   latGETnl: 143605 # GET request latency on next level
   latGETnet: 0 # GET request latency on network to next level
  l1d-2: # Filter cache stats
   fhGETS: 315442 # Filtered GETS hits
   fhGETX: 108407 # Filtered GETX hits
   hGETS: 7961 # GETS hits
   hGETX: 1461 # GETX hits
   mGETS: 1146 # GETS misses
   mGETXIM: 780 # GETX I->M misses
   mGETXSM: 394 # GETX S->M misses (upgrade misses)
   PUTS: 0 # Clean evictions (from lower level)
   PUTX: 0 # Dirty evictions (from lower level)
   INV: 1705 # Invalidates (from upper level)
   INVX: 453 # Downgrades (from upper level)
   FWD: 0 # Forwards (from upper level)
   latGETnl: 147176 # GET request latency on next level
   latGETnet: 0 # GET request latency on network to next level
  l1d-3: # Filter cache stats
   fhGETS: 315395 # Filtered GETS hits
   fhGETX: 108297 # Filtered GETX hits
   hGETS: 7738 # GETS hits
   hGETX: 1419 # GETX hits
   mGETS: 1107 # GETS misses
   mGETXIM: 811 # GETX I->M misses
   mGETXSM: 394 # GETX S->M misses (upgrade misses)
   PUTS: 0 # Clean evictions (from lower level)
   PUTX: 0 # Dirty evictions (from lower level)
   INV: 1727 # Invalidates (from upper level)
   INVX: 430 # Downgrades (from upper level)
   FWD: 0 # Forwards (from upper level)
   latGETnl: 144468 # GET request latency on next level
   latGETnet: 0 # GET request latency on network to next level
 l1i: # Cache stats
  l1i-0: # Filter cache stats
   fhGETS: 223829 # Filtered GETS hits
   fhGETX: 0 # Filtered GETX hits
   hGETS: 5239 # GETS hits
   hGETX: 0 # GETX hits
   mGETS: 230 # GETS misses
   mGETXIM: 0 # GETX I->M misses
   mGETXSM: 0 # GETX S->M misses (upgrade misses)
   PUTS: 0 # Clean evictions (from lower level)
   PUTX: 0 # Dirty evictions (from lower level)
   INV: 0 # Invalidates (from upper level)
   INVX: 0 # Downgrades (from upper level)
   FWD: 0 # Forwards (from upper level)
   latGETnl: 27540 # GET request latency on next level
   latGETnet: 0 # GET request latency on network to next level
  l1i-1: # Filter cache stats
   fhGETS: 150207 # Filtered GETS hits
   fhGETX: 0 # Filtered GETX hits
   hGETS: 5090 # GETS hits
   hGETX: 0 # GETX hits
   mGETS: 126 # GETS misses
   mGETXIM: 0 # GETX I->M misses
   mGETXSM: 0 # GETX S->M misses (upgrade misses)
   PUTS: 0 # Clean evictions (from lower level)
   PUTX: 0 # Dirty evictions (from lower level)
   INV: 0 # Invalidates (from upper level)
   INVX: 0 # Downgrades (from upper level)
   FWD: 0 # Forwards (from upper level)
   latGETnl: 7773 # GET request latency on next level
   latGETnet: 0 # GET request latency on network to next level
  l1i-2: # Filter cache stats
   fhGETS: 150043 # Filtered GETS hits
   fhGETX: 0 # Filtered GETX hits
   hGETS: 5093 # GETS hits
   hGETX: 0 # GETX hits
   mGETS: 129 # GETS misses
   mGETXIM: 0 # GETX I->M misses
   mGETXSM: 0 # GETX S->M misses (upgrade misses)
   PUTS: 0 # Clean evictions (from lower level)
   PUTX: 0 # Dirty evictions (from lower level)
   INV: 0 # Invalidates (from upper level)
   INVX: 0 # Downgrades (from upper level)
   FWD: 0 # Forwards (from upper level)
   latGETnl: 8067 # GET request latency on next level
   latGETnet: 0 # GET request latency on network to next level
  l1i-3: # Filter cache stats
   fhGETS: 149768 # Filtered GETS hits
   fhGETX: 0 # Filtered GETX hits
   hGETS: 5088 # GETS hits
   hGETX: 0 # GETX hits
   mGETS: 128 # GETS misses
   mGETXIM: 0 # GETX I->M misses
   mGETXSM: 0 # GETX S->M misses (upgrade misses)
   PUTS: 0 # Clean evictions (from lower level)
   PUTX: 0 # Dirty evictions (from lower level)
   INV: 0 # Invalidates (from upper level)
   INVX: 0 # Downgrades (from upper level)
   FWD: 0 # Forwards (from upper level)
   latGETnl: 6969 # GET request latency on next level
   latGETnet: 0 # GET request latency on network to next level
 l2: # Cache stats
  l2-0: # Cache stats
   hGETS: 5 # GETS hits
   hGETX: 1 # GETX hits
   mGETS: 1257 # GETS misses
   mGETXIM: 1255 # GETX I->M misses
   mGETXSM: 2277 # GETX S->M misses (upgrade misses)
   PUTS: 13 # Clean evictions (from lower level)
   PUTX: 3 # Dirty evictions (from lower level)
   INV: 1983 # Invalidates (from upper level)
   INVX: 2354 # Downgrades (from upper level)
   FWD: 0 # Forwards (from upper level)
   latGETnl: 280627 # GET request latency on next level
   latGETnet: 0 # GET request latency on network to next level
  l2-1: # Cache stats
   hGETS: 0 # GETS hits
   hGETX: 0 # GETX hits
   mGETS: 1180 # GETS misses
   mGETXIM: 895 # GETX I->M misses
   mGETXSM: 341 # GETX S->M misses (upgrade misses)
   PUTS: 0 # Clean evictions (from lower level)
   PUTX: 0 # Dirty evictions (from lower level)
   INV: 1731 # Invalidates (from upper level)
   INVX: 368 # Downgrades (from upper level)
   FWD: 0 # Forwards (from upper level)
   latGETnl: 127218 # GET request latency on next level
   latGETnet: 0 # GET request latency on network to next level
  l2-2: # Cache stats
   hGETS: 0 # GETS hits
   hGETX: 0 # GETX hits
   mGETS: 1275 # GETS misses
   mGETXIM: 780 # GETX I->M misses
   mGETXSM: 394 # GETX S->M misses (upgrade misses)
   PUTS: 0 # Clean evictions (from lower level)
   PUTX: 0 # Dirty evictions (from lower level)
   INV: 1705 # Invalidates (from upper level)
   INVX: 453 # Downgrades (from upper level)
   FWD: 0 # Forwards (from upper level)
   latGETnl: 130753 # GET request latency on next level
   latGETnet: 0 # GET request latency on network to next level
  l2-3: # Cache stats
   hGETS: 0 # GETS hits
   hGETX: 0 # GETX hits
   mGETS: 1235 # GETS misses
   mGETXIM: 811 # GETX I->M misses
   mGETXSM: 394 # GETX S->M misses (upgrade misses)
   PUTS: 0 # Clean evictions (from lower level)
   PUTX: 0 # Dirty evictions (from lower level)
   INV: 1727 # Invalidates (from upper level)
   INVX: 430 # Downgrades (from upper level)
   FWD: 0 # Forwards (from upper level)
   latGETnl: 127037 # GET request latency on next level
   latGETnet: 0 # GET request latency on network to next level
 l3: # Cache stats
  l3-0b0: # Cache stats
   hGETS: 769 # GETS hits
   hGETX: 1558 # GETX hits
   mGETS: 167 # GETS misses
   mGETXIM: 29 # GETX I->M misses
   mGETXSM: 0 # GETX S->M misses (upgrade misses)
   PUTS: 0 # Clean evictions (from lower level)
   PUTX: 0 # Dirty evictions (from lower level)
   INV: 0 # Invalidates (from upper level)
   INVX: 0 # Downgrades (from upper level)
   FWD: 0 # Forwards (from upper level)
   latGETnl: 14700 # GET request latency on next level
   latGETnet: 0 # GET request latency on network to next level
  l3-0b1: # Cache stats
   hGETS: 1400 # GETS hits
   hGETX: 1994 # GETX hits
   mGETS: 169 # GETS misses
   mGETXIM: 26 # GETX I->M misses
   mGETXSM: 0 # GETX S->M misses (upgrade misses)
   PUTS: 0 # Clean evictions (from lower level)
   PUTX: 0 # Dirty evictions (from lower level)
   INV: 0 # Invalidates (from upper level)
   INVX: 0 # Downgrades (from upper level)
   FWD: 0 # Forwards (from upper level)
   latGETnl: 14625 # GET request latency on next level
   latGETnet: 0 # GET request latency on network to next level
  l3-0b2: # Cache stats
   hGETS: 1274 # GETS hits
   hGETX: 1907 # GETX hits
   mGETS: 153 # GETS misses
   mGETXIM: 29 # GETX I->M misses
   mGETXSM: 0 # GETX S->M misses (upgrade misses)
   PUTS: 0 # Clean evictions (from lower level)
   PUTX: 0 # Dirty evictions (from lower level)
   INV: 0 # Invalidates (from upper level)
   INVX: 0 # Downgrades (from upper level)
   FWD: 0 # Forwards (from upper level)
   latGETnl: 13650 # GET request latency on next level
   latGETnet: 0 # GET request latency on network to next level
  l3-0b3: # Cache stats
   hGETS: 853 # GETS hits
   hGETX: 1578 # GETX hits
   mGETS: 162 # GETS misses
   mGETXIM: 26 # GETX I->M misses
   mGETXSM: 0 # GETX S->M misses (upgrade misses)
   PUTS: 0 # Clean evictions (from lower level)
   PUTX: 0 # Dirty evictions (from lower level)
   INV: 0 # Invalidates (from upper level)
   INVX: 0 # Downgrades (from upper level)
   FWD: 0 # Forwards (from upper level)
   latGETnl: 14100 # GET request latency on next level
   latGETnet: 0 # GET request latency on network to next level
 mem: # Memory controller stats
  mem-0: # Memory controller stats
   rd: 378 # Read requests
   wr: 0 # Write requests
   rdlat: 56616 # Total latency experienced by read requests
   wrlat: 0 # Total latency experienced by write requests
   rdhits: 4 # Read row hits
   wrhits: 0 # Write row hits
   mlh: # latency histogram for memory requests
    0: 0
    1: 0
    2: 0
    3: 0
    4: 0
    5: 0
    6: 0
    7: 0
    8: 0
    9: 0
    10: 0
    11: 2
    12: 245
    13: 17
    14: 34
    15: 20
    16: 1
    17: 9
    18: 3
    19: 6
    20: 2
    21: 1
    22: 2
    23: 3
    24: 4
    25: 1
    26: 6
    27: 2
    28: 2
    29: 5
    30: 0
    31: 1
    32: 0
    33: 0
    34: 2
    35: 0
    36: 2
    37: 0
    38: 1
    39: 1
    40: 1
    41: 0
    42: 0
    43: 1
    44: 0
    45: 1
    46: 1
    47: 0
    48: 0
    49: 0
    50: 0
    51: 0
    52: 0
    53: 1
    54: 0
    55: 1
    56: 0
    57: 0
    58: 0
    59: 0
    60: 0
    61: 0
    62: 0
    63: 0
    64: 0
    65: 0
    66: 0
    67: 0
    68: 0
    69: 0
    70: 0
    71: 0
    72: 0
    73: 0
    74: 0
    75: 0
    76: 0
    77: 0
    78: 0
    79: 0
    80: 0
    81: 0
    82: 0
    83: 0
    84: 0
    85: 0
    86: 0
    87: 0
    88: 0
    89: 0
    90: 0
    91: 0
    92: 0
    93: 0
    94: 0
    95: 0
    96: 0
    97: 0
    98: 0
    99: 0
  mem-1: # Memory controller stats
   rd: 368 # Read requests
   wr: 0 # Write requests
   rdlat: 54807 # Total latency experienced by read requests
   wrlat: 0 # Total latency experienced by write requests
   rdhits: 11 # Read row hits
   wrhits: 0 # Write row hits
   mlh: # latency histogram for memory requests
    0: 0
    1: 0
    2: 0
    3: 0
    4: 0
    5: 0
    6: 0
    7: 0
    8: 0
    9: 0
    10: 0
    11: 5
    12: 233
    13: 14
    14: 22
    15: 32
    16: 5
    17: 7
    18: 4
    19: 2
    20: 2
    21: 5
    22: 1
    23: 3
    24: 2
    25: 5
    26: 11
    27: 2
    28: 0
    29: 2
    30: 0
    31: 1
    32: 0
    33: 1
    34: 1
    35: 0
    36: 1
    37: 2
    38: 1
    39: 1
    40: 0
    41: 1
    42: 1
    43: 0
    44: 0
    45: 0
    46: 0
    47: 0
    48: 1
    49: 0
    50: 0
    51: 0
    52: 0
    53: 0
    54: 0
    55: 0
    56: 0
    57: 0
    58: 0
    59: 0
    60: 0
    61: 0
    62: 0
    63: 0
    64: 0
    65: 0
    66: 0
    67: 0
    68: 0
    69: 0
    70: 0
    71: 0
    72: 0
    73: 0
    74: 0
    75: 0
    76: 0
    77: 0
    78: 0
    79: 0
    80: 0
    81: 0
    82: 0
    83: 0
    84: 0
    85: 0
    86: 0
    87: 0
    88: 0
    89: 0
    90: 0
    91: 0
    92: 0
    93: 0
    94: 0
    95: 0
    96: 0
    97: 0
    98: 0
    99: 0
 sched: # Scheduler stats
  thCr: 301 # Threads created
  thFn: 301 # Threads finished
  schedEvs: 301 # Schedule events
  waitEvs: 0 # Wait events
  handoffEvs: 0 # Handoff events
  sleepEvs: 0 # Sleep events
  idlePhases: 0 # Phases with no thread active
  idlePeriods: 0 # Periods with no thread active
  occHist: # Occupancy histogram
   0: 0
   1: 21
   2: 47
   3: 16
   4: 7
  rqSzHist: # Run queue size histogram
   0: 91
   1: 0
   2: 0
   3: 0
   4: 0
   5: 0
   6: 0
   7: 0
   8: 0
   9: 0
   10: 0
   11: 0
   12: 0
   13: 0
   14: 0
   15: 0
   16: 0
 procCycles: # Per-process unhalted core cycles
  0: 2699314
  1: 0
  2: 0
  3: 0
  4: 0
  5: 0
  6: 0
  7: 0
  8: 0
  9: 0
  10: 0
  11: 0
  12: 0
  13: 0
  14: 0
  15: 0
  16: 0
  17: 0
  18: 0
  19: 0
  20: 0
  21: 0
  22: 0
  23: 0
  24: 0
  25: 0
  26: 0
  27: 0
  28: 0
  29: 0
  30: 0
  31: 0
  32: 0
  33: 0
  34: 0
  35: 0
  36: 0
  37: 0
  38: 0
  39: 0
  40: 0
  41: 0
  42: 0
  43: 0
  44: 0
  45: 0
  46: 0
  47: 0
  48: 0
  49: 0
  50: 0
  51: 0
  52: 0
  53: 0
  54: 0
  55: 0
  56: 0
  57: 0
  58: 0
  59: 0
  60: 0
  61: 0
  62: 0
  63: 0
 procInstrs: # Per-process instructions
  0: 3967280
  1: 0
  2: 0
  3: 0
  4: 0
  5: 0
  6: 0
  7: 0
  8: 0
  9: 0
  10: 0
  11: 0
  12: 0
  13: 0
  14: 0
  15: 0
  16: 0
  17: 0
  18: 0
  19: 0
  20: 0
  21: 0
  22: 0
  23: 0
  24: 0
  25: 0
  26: 0
  27: 0
  28: 0
  29: 0
  30: 0
  31: 0
  32: 0
  33: 0
  34: 0
  35: 0
  36: 0
  37: 0
  38: 0
  39: 0
  40: 0
  41: 0
  42: 0
  43: 0
  44: 0
  45: 0
  46: 0
  47: 0
  48: 0
  49: 0
  50: 0
  51: 0
  52: 0
  53: 0
  54: 0
  55: 0
  56: 0
  57: 0
  58: 0
  59: 0
  60: 0
  61: 0
  62: 0
  63: 0
 heartbeats: # Per-process heartbeats
  0: 0
  1: 0
  2: 0
  3: 0
  4: 0
  5: 0
  6: 0
  7: 0
  8: 0
  9: 0
  10: 0
  11: 0
  12: 0
  13: 0
  14: 0
  15: 0
  16: 0
  17: 0
  18: 0
  19: 0
  20: 0
  21: 0
  22: 0
  23: 0
  24: 0
  25: 0
  26: 0
  27: 0
  28: 0
  29: 0
  30: 0
  31: 0
  32: 0
  33: 0
  34: 0
  35: 0
  36: 0
  37: 0
  38: 0
  39: 0
  40: 0
  41: 0
  42: 0
  43: 0
  44: 0
  45: 0
  46: 0
  47: 0
  48: 0
  49: 0
  50: 0
  51: 0
  52: 0
  53: 0
  54: 0
  55: 0
  56: 0
  57: 0
  58: 0
  59: 0
  60: 0
  61: 0
  62: 0
  63: 0
===
