# zsim stats
===
root: # Stats
 contention: # Contention simulation stats
  domain-0: # Domain stats
   time: 1927543 # Weave simulation time
 time: # Simulator time breakdown
  init: 1320886023
  bound: 1592246786
  weave: 5373885
  ff: 188687908
 trigger: 20000 # Reason for this stats dump
 phase: 87 # Simulated phases
 nehalem: # Core stats
  nehalem-0: # Core stats
   cycles: 869945 # Simulated unhalted cycles
   cCycles: 15272 # Cycles due to contention stalls
   instrs: 1258138 # Simulated instructions
   uops: 1638167 # Retired micro-ops
   bbls: 206605 # Basic blocks
   approxInstrs: 372 # Instrs with approx uop decoding
   mispredBranches: 1134 # Mispredicted branches
  nehalem-1: # Core stats
   cycles: 555205 # Simulated unhalted cycles
   cCycles: 4156 # Cycles due to contention stalls
   instrs: 995153 # Simulated instructions
   uops: 1304854 # Retired micro-ops
   bbls: 139540 # Basic blocks
   approxInstrs: 300 # Instrs with approx uop decoding
   mispredBranches: 174 # Mispredicted branches
  nehalem-2: # Core stats
   cycles: 559805 # Simulated unhalted cycles
   cCycles: 3693 # Cycles due to contention stalls
   instrs: 995153 # Simulated instructions
   uops: 1304854 # Retired micro-ops
   bbls: 139540 # Basic blocks
   approxInstrs: 300 # Instrs with approx uop decoding
   mispredBranches: 174 # Mispredicted branches
  nehalem-3: # Core stats
   cycles: 553890 # Simulated unhalted cycles
   cCycles: 3324 # Cycles due to contention stalls
   instrs: 993458 # Simulated instructions
   uops: 1302928 # Retired micro-ops
   bbls: 139198 # Basic blocks
   approxInstrs: 300 # Instrs with approx uop decoding
   mispredBranches: 129 # Mispredicted branches
 l1d: # Cache stats
  l1d-0: # Filter cache stats
   fhGETS: 379790 # Filtered GETS hits
   fhGETX: 150491 # Filtered GETX hits
   hGETS: 15484 # GETS hits
   hGETX: 6528 # GETX hits
   mGETS: 1035 # GETS misses
   mGETXIM: 1256 # GETX I->M misses
   mGETXSM: 2288 # GETX S->M misses (upgrade misses)
   PUTS: 0 # Clean evictions (from lower level)
   PUTX: 0 # Dirty evictions (from lower level)
   INV: 1999 # Invalidates (from upper level)
   INVX: 2345 # Downgrades (from upper level)
   FWD: 0 # Forwards (from upper level)
   latGETnl: 300723 # GET request latency on next level
   latGETnet: 0 # GET request latency on network to next level
  l1d-1: # Filter cache stats
   fhGETS: 318671 # Filtered GETS hits
   fhGETX: 108407 # Filtered GETX hits
   hGETS: 7866 # GETS hits
   hGETX: 1877 # GETX hits
   mGETS: 1083 # GETS misses
   mGETXIM: 789 # GETX I->M misses
   mGETXSM: 369 # GETX S->M misses (upgrade misses)
   PUTS: 0 # Clean evictions (from lower level)
   PUTX: 0 # Dirty evictions (from lower level)
   INV: 1656 # Invalidates (from upper level)
   INVX: 444 # Downgrades (from upper level)
   FWD: 0 # Forwards (from upper level)
   latGETnl: 142441 # GET request latency on next level
   latGETnet: 0 # GET request latency on network to next level
  l1d-2: # Filter cache stats
   fhGETS: 318792 # Filtered GETS hits
   fhGETX: 108264 # Filtered GETX hits
   hGETS: 7648 # GETS hits
   hGETX: 1880 # GETX hits
   mGETS: 1180 # GETS misses
   mGETXIM: 885 # GETX I->M misses
   mGETXSM: 413 # GETX S->M misses (upgrade misses)
   PUTS: 0 # Clean evictions (from lower level)
   PUTX: 0 # Dirty evictions (from lower level)
   INV: 1845 # Invalidates (from upper level)
   INVX: 442 # Downgrades (from upper level)
   FWD: 0 # Forwards (from upper level)
   latGETnl: 155461 # GET request latency on next level
   latGETnet: 0 # GET request latency on network to next level
  l1d-3: # Filter cache stats
   fhGETS: 318356 # Filtered GETS hits
   fhGETX: 108130 # Filtered GETX hits
   hGETS: 7658 # GETS hits
   hGETX: 1854 # GETX hits
   mGETS: 1066 # GETS misses
   mGETXIM: 846 # GETX I->M misses
   mGETXSM: 384 # GETX S->M misses (upgrade misses)
   PUTS: 0 # Clean evictions (from lower level)
   PUTX: 0 # Dirty evictions (from lower level)
   INV: 1732 # Invalidates (from upper level)
   INVX: 417 # Downgrades (from upper level)
   FWD: 0 # Forwards (from upper level)
   latGETnl: 143760 # GET request latency on next level
   latGETnet: 0 # GET request latency on network to next level
 l1i: # Cache stats
  l1i-0: # Filter cache stats
   fhGETS: 210073 # Filtered GETS hits
   fhGETX: 0 # Filtered GETX hits
   hGETS: 5411 # GETS hits
   hGETX: 0 # GETX hits
   mGETS: 219 # GETS misses
   mGETXIM: 0 # GETX I->M misses
   mGETXSM: 0 # GETX S->M misses (upgrade misses)
   PUTS: 0 # Clean evictions (from lower level)
   PUTX: 0 # Dirty evictions (from lower level)
   INV: 0 # Invalidates (from upper level)
   INVX: 0 # Downgrades (from upper level)
   FWD: 0 # Forwards (from upper level)
   latGETnl: 26187 # GET request latency on next level
   latGETnet: 0 # GET request latency on network to next level
  l1i-1: # Filter cache stats
   fhGETS: 135964 # Filtered GETS hits
   fhGETX: 0 # Filtered GETX hits
   hGETS: 5018 # GETS hits
   hGETX: 0 # GETX hits
   mGETS: 127 # GETS misses
   mGETXIM: 0 # GETX I->M misses
   mGETXSM: 0 # GETX S->M misses (upgrade misses)
   PUTS: 0 # Clean evictions (from lower level)
   PUTX: 0 # Dirty evictions (from lower level)
   INV: 0 # Invalidates (from upper level)
   INVX: 0 # Downgrades (from upper level)
   FWD: 0 # Forwards (from upper level)
   latGETnl: 7671 # GET request latency on next level
   latGETnet: 0 # GET request latency on network to next level
  l1i-2: # Filter cache stats
   fhGETS: 135956 # Filtered GETS hits
   fhGETX: 0 # Filtered GETX hits
   hGETS: 5017 # GETS hits
   hGETX: 0 # GETX hits
   mGETS: 126 # GETS misses
   mGETXIM: 0 # GETX I->M misses
   mGETXSM: 0 # GETX S->M misses (upgrade misses)
   PUTS: 0 # Clean evictions (from lower level)
   PUTX: 0 # Dirty evictions (from lower level)
   INV: 0 # Invalidates (from upper level)
   INVX: 0 # Downgrades (from upper level)
   FWD: 0 # Forwards (from upper level)
   latGETnl: 7473 # GET request latency on next level
   latGETnet: 0 # GET request latency on network to next level
  l1i-3: # Filter cache stats
   fhGETS: 135387 # Filtered GETS hits
   fhGETX: 0 # Filtered GETX hits
   hGETS: 4996 # GETS hits
   hGETX: 0 # GETX hits
   mGETS: 126 # GETS misses
   mGETXIM: 0 # GETX I->M misses
   mGETXSM: 0 # GETX S->M misses (upgrade misses)
   PUTS: 0 # Clean evictions (from lower level)
   PUTX: 0 # Dirty evictions (from lower level)
   INV: 0 # Invalidates (from upper level)
   INVX: 0 # Downgrades (from upper level)
   FWD: 0 # Forwards (from upper level)
   latGETnl: 7323 # GET request latency on next level
   latGETnet: 0 # GET request latency on network to next level
 l2: # Cache stats
  l2-0: # Cache stats
   hGETS: 4 # GETS hits
   hGETX: 1 # GETX hits
   mGETS: 1250 # GETS misses
   mGETXIM: 1255 # GETX I->M misses
   mGETXSM: 2288 # GETX S->M misses (upgrade misses)
   PUTS: 10 # Clean evictions (from lower level)
   PUTX: 3 # Dirty evictions (from lower level)
   INV: 1999 # Invalidates (from upper level)
   INVX: 2345 # Downgrades (from upper level)
   FWD: 0 # Forwards (from upper level)
   latGETnl: 278930 # GET request latency on next level
   latGETnet: 0 # GET request latency on network to next level
  l2-1: # Cache stats
   hGETS: 0 # GETS hits
   hGETX: 0 # GETX hits
   mGETS: 1210 # GETS misses
   mGETXIM: 790 # GETX I->M misses
   mGETXSM: 368 # GETX S->M misses (upgrade misses)
   PUTS: 0 # Clean evictions (from lower level)
   PUTX: 0 # Dirty evictions (from lower level)
   INV: 1656 # Invalidates (from upper level)
   INVX: 444 # Downgrades (from upper level)
   FWD: 0 # Forwards (from upper level)
   latGETnl: 126432 # GET request latency on next level
   latGETnet: 0 # GET request latency on network to next level
  l2-2: # Cache stats
   hGETS: 0 # GETS hits
   hGETX: 0 # GETX hits
   mGETS: 1306 # GETS misses
   mGETXIM: 885 # GETX I->M misses
   mGETXSM: 413 # GETX S->M misses (upgrade misses)
   PUTS: 0 # Clean evictions (from lower level)
   PUTX: 0 # Dirty evictions (from lower level)
   INV: 1845 # Invalidates (from upper level)
   INVX: 442 # Downgrades (from upper level)
   FWD: 0 # Forwards (from upper level)
   latGETnl: 136894 # GET request latency on next level
   latGETnet: 0 # GET request latency on network to next level
  l2-3: # Cache stats
   hGETS: 0 # GETS hits
   hGETX: 0 # GETX hits
   mGETS: 1192 # GETS misses
   mGETXIM: 846 # GETX I->M misses
   mGETXSM: 384 # GETX S->M misses (upgrade misses)
   PUTS: 0 # Clean evictions (from lower level)
   PUTX: 0 # Dirty evictions (from lower level)
   INV: 1732 # Invalidates (from upper level)
   INVX: 417 # Downgrades (from upper level)
   FWD: 0 # Forwards (from upper level)
   latGETnl: 126863 # GET request latency on next level
   latGETnet: 0 # GET request latency on network to next level
 l3: # Cache stats
  l3-0b0: # Cache stats
   hGETS: 768 # GETS hits
   hGETX: 1569 # GETX hits
   mGETS: 159 # GETS misses
   mGETXIM: 29 # GETX I->M misses
   mGETXSM: 0 # GETX S->M misses (upgrade misses)
   PUTS: 0 # Clean evictions (from lower level)
   PUTX: 0 # Dirty evictions (from lower level)
   INV: 0 # Invalidates (from upper level)
   INVX: 0 # Downgrades (from upper level)
   FWD: 0 # Forwards (from upper level)
   latGETnl: 14100 # GET request latency on next level
   latGETnet: 0 # GET request latency on network to next level
  l3-0b1: # Cache stats
   hGETS: 1414 # GETS hits
   hGETX: 2017 # GETX hits
   mGETS: 164 # GETS misses
   mGETXIM: 26 # GETX I->M misses
   mGETXSM: 0 # GETX S->M misses (upgrade misses)
   PUTS: 0 # Clean evictions (from lower level)
   PUTX: 0 # Dirty evictions (from lower level)
   INV: 0 # Invalidates (from upper level)
   INVX: 0 # Downgrades (from upper level)
   FWD: 0 # Forwards (from upper level)
   latGETnl: 14250 # GET request latency on next level
   latGETnet: 0 # GET request latency on network to next level
  l3-0b2: # Cache stats
   hGETS: 1284 # GETS hits
   hGETX: 1931 # GETX hits
   mGETS: 148 # GETS misses
   mGETXIM: 29 # GETX I->M misses
   mGETXSM: 0 # GETX S->M misses (upgrade misses)
   PUTS: 0 # Clean evictions (from lower level)
   PUTX: 0 # Dirty evictions (from lower level)
   INV: 0 # Invalidates (from upper level)
   INVX: 0 # Downgrades (from upper level)
   FWD: 0 # Forwards (from upper level)
   latGETnl: 13275 # GET request latency on next level
   latGETnet: 0 # GET request latency on network to next level
  l3-0b3: # Cache stats
   hGETS: 865 # GETS hits
   hGETX: 1602 # GETX hits
   mGETS: 156 # GETS misses
   mGETXIM: 26 # GETX I->M misses
   mGETXSM: 0 # GETX S->M misses (upgrade misses)
   PUTS: 0 # Clean evictions (from lower level)
   PUTX: 0 # Dirty evictions (from lower level)
   INV: 0 # Invalidates (from upper level)
   INVX: 0 # Downgrades (from upper level)
   FWD: 0 # Forwards (from upper level)
   latGETnl: 13650 # GET request latency on next level
   latGETnet: 0 # GET request latency on network to next level
 mem: # Memory controller stats
  mem-0: # Memory controller stats
   rd: 372 # Read requests
   wr: 0 # Write requests
   rdlat: 53789 # Total latency experienced by read requests
   wrlat: 0 # Total latency experienced by write requests
   rdhits: 4 # Read row hits
   wrhits: 0 # Write row hits
   mlh: # latency histogram for memory requests
    0: 0
    1: 0
    2: 0
    3: 0
    4: 0
    5: 0
    6: 0
    7: 0
    8: 0
    9: 0
    10: 0
    11: 1
    12: 242
    13: 21
    14: 32
    15: 19
    16: 2
    17: 10
    18: 6
    19: 2
    20: 4
    21: 1
    22: 2
    23: 4
    24: 4
    25: 4
    26: 4
    27: 6
    28: 2
    29: 1
    30: 2
    31: 0
    32: 0
    33: 1
    34: 0
    35: 0
    36: 0
    37: 0
    38: 0
    39: 0
    40: 0
    41: 0
    42: 0
    43: 0
    44: 0
    45: 0
    46: 0
    47: 0
    48: 0
    49: 0
    50: 0
    51: 0
    52: 0
    53: 1
    54: 0
    55: 1
    56: 0
    57: 0
    58: 0
    59: 0
    60: 0
    61: 0
    62: 0
    63: 0
    64: 0
    65: 0
    66: 0
    67: 0
    68: 0
    69: 0
    70: 0
    71: 0
    72: 0
    73: 0
    74: 0
    75: 0
    76: 0
    77: 0
    78: 0
    79: 0
    80: 0
    81: 0
    82: 0
    83: 0
    84: 0
    85: 0
    86: 0
    87: 0
    88: 0
    89: 0
    90: 0
    91: 0
    92: 0
    93: 0
    94: 0
    95: 0
    96: 0
    97: 0
    98: 0
    99: 0
  mem-1: # Memory controller stats
   rd: 362 # Read requests
   wr: 0 # Write requests
   rdlat: 53477 # Total latency experienced by read requests
   wrlat: 0 # Total latency experienced by write requests
   rdhits: 6 # Read row hits
   wrhits: 0 # Write row hits
   mlh: # latency histogram for memory requests
    0: 0
    1: 0
    2: 0
    3: 0
    4: 0
    5: 0
    6: 0
    7: 0
    8: 0
    9: 0
    10: 0
    11: 3
    12: 218
    13: 22
    14: 25
    15: 33
    16: 6
    17: 7
    18: 5
    19: 1
    20: 4
    21: 4
    22: 2
    23: 2
    24: 3
    25: 6
    26: 8
    27: 4
    28: 1
    29: 1
    30: 1
    31: 2
    32: 0
    33: 0
    34: 1
    35: 0
    36: 0
    37: 0
    38: 1
    39: 0
    40: 0
    41: 0
    42: 0
    43: 0
    44: 0
    45: 0
    46: 0
    47: 0
    48: 1
    49: 0
    50: 0
    51: 0
    52: 1
    53: 0
    54: 0
    55: 0
    56: 0
    57: 0
    58: 0
    59: 0
    60: 0
    61: 0
    62: 0
    63: 0
    64: 0
    65: 0
    66: 0
    67: 0
    68: 0
    69: 0
    70: 0
    71: 0
    72: 0
    73: 0
    74: 0
    75: 0
    76: 0
    77: 0
    78: 0
    79: 0
    80: 0
    81: 0
    82: 0
    83: 0
    84: 0
    85: 0
    86: 0
    87: 0
    88: 0
    89: 0
    90: 0
    91: 0
    92: 0
    93: 0
    94: 0
    95: 0
    96: 0
    97: 0
    98: 0
    99: 0
 sched: # Scheduler stats
  thCr: 301 # Threads created
  thFn: 301 # Threads finished
  schedEvs: 301 # Schedule events
  waitEvs: 0 # Wait events
  handoffEvs: 0 # Handoff events
  sleepEvs: 0 # Sleep events
  idlePhases: 0 # Phases with no thread active
  idlePeriods: 0 # Periods with no thread active
  occHist: # Occupancy histogram
   0: 0
   1: 20
   2: 44
   3: 13
   4: 10
  rqSzHist: # Run queue size histogram
   0: 87
   1: 0
   2: 0
   3: 0
   4: 0
   5: 0
   6: 0
   7: 0
   8: 0
   9: 0
   10: 0
   11: 0
   12: 0
   13: 0
   14: 0
   15: 0
   16: 0
 procCycles: # Per-process unhalted core cycles
  0: 2538845
  1: 0
  2: 0
  3: 0
  4: 0
  5: 0
  6: 0
  7: 0
  8: 0
  9: 0
  10: 0
  11: 0
  12: 0
  13: 0
  14: 0
  15: 0
  16: 0
  17: 0
  18: 0
  19: 0
  20: 0
  21: 0
  22: 0
  23: 0
  24: 0
  25: 0
  26: 0
  27: 0
  28: 0
  29: 0
  30: 0
  31: 0
  32: 0
  33: 0
  34: 0
  35: 0
  36: 0
  37: 0
  38: 0
  39: 0
  40: 0
  41: 0
  42: 0
  43: 0
  44: 0
  45: 0
  46: 0
  47: 0
  48: 0
  49: 0
  50: 0
  51: 0
  52: 0
  53: 0
  54: 0
  55: 0
  56: 0
  57: 0
  58: 0
  59: 0
  60: 0
  61: 0
  62: 0
  63: 0
 procInstrs: # Per-process instructions
  0: 4241902
  1: 0
  2: 0
  3: 0
  4: 0
  5: 0
  6: 0
  7: 0
  8: 0
  9: 0
  10: 0
  11: 0
  12: 0
  13: 0
  14: 0
  15: 0
  16: 0
  17: 0
  18: 0
  19: 0
  20: 0
  21: 0
  22: 0
  23: 0
  24: 0
  25: 0
  26: 0
  27: 0
  28: 0
  29: 0
  30: 0
  31: 0
  32: 0
  33: 0
  34: 0
  35: 0
  36: 0
  37: 0
  38: 0
  39: 0
  40: 0
  41: 0
  42: 0
  43: 0
  44: 0
  45: 0
  46: 0
  47: 0
  48: 0
  49: 0
  50: 0
  51: 0
  52: 0
  53: 0
  54: 0
  55: 0
  56: 0
  57: 0
  58: 0
  59: 0
  60: 0
  61: 0
  62: 0
  63: 0
 heartbeats: # Per-process heartbeats
  0: 0
  1: 0
  2: 0
  3: 0
  4: 0
  5: 0
  6: 0
  7: 0
  8: 0
  9: 0
  10: 0
  11: 0
  12: 0
  13: 0
  14: 0
  15: 0
  16: 0
  17: 0
  18: 0
  19: 0
  20: 0
  21: 0
  22: 0
  23: 0
  24: 0
  25: 0
  26: 0
  27: 0
  28: 0
  29: 0
  30: 0
  31: 0
  32: 0
  33: 0
  34: 0
  35: 0
  36: 0
  37: 0
  38: 0
  39: 0
  40: 0
  41: 0
  42: 0
  43: 0
  44: 0
  45: 0
  46: 0
  47: 0
  48: 0
  49: 0
  50: 0
  51: 0
  52: 0
  53: 0
  54: 0
  55: 0
  56: 0
  57: 0
  58: 0
  59: 0
  60: 0
  61: 0
  62: 0
  63: 0
===
