# zsim stats
===
root: # Stats
 contention: # Contention simulation stats
  domain-0: # Domain stats
   time: 26503762 # Weave simulation time
 time: # Simulator time breakdown
  init: 1326925104
  bound: 7407015657
  weave: 165471766
  ff: 1427704882
 trigger: 20000 # Reason for this stats dump
 phase: 4178 # Simulated phases
 nehalem: # Core stats
  nehalem-0: # Core stats
   cycles: 41485382 # Simulated unhalted cycles
   cCycles: 27952 # Cycles due to contention stalls
   instrs: 53687938 # Simulated instructions
   uops: 73329152 # Retired micro-ops
   bbls: 6840331 # Basic blocks
   approxInstrs: 417 # Instrs with approx uop decoding
   mispredBranches: 109983 # Mispredicted branches
  nehalem-1: # Core stats
   cycles: 41652346 # Simulated unhalted cycles
   cCycles: 17784 # Cycles due to contention stalls
   instrs: 53424722 # Simulated instructions
   uops: 72995496 # Retired micro-ops
   bbls: 6773157 # Basic blocks
   approxInstrs: 300 # Instrs with approx uop decoding
   mispredBranches: 109065 # Mispredicted branches
  nehalem-2: # Core stats
   cycles: 41533212 # Simulated unhalted cycles
   cCycles: 17483 # Cycles due to contention stalls
   instrs: 53424722 # Simulated instructions
   uops: 72995496 # Retired micro-ops
   bbls: 6773157 # Basic blocks
   approxInstrs: 300 # Instrs with approx uop decoding
   mispredBranches: 109065 # Mispredicted branches
  nehalem-3: # Core stats
   cycles: 41307839 # Simulated unhalted cycles
   cCycles: 20440 # Cycles due to contention stalls
   instrs: 53422975 # Simulated instructions
   uops: 72993555 # Retired micro-ops
   bbls: 6772804 # Basic blocks
   approxInstrs: 300 # Instrs with approx uop decoding
   mispredBranches: 109022 # Mispredicted branches
 l1d: # Cache stats
  l1d-0: # Filter cache stats
   fhGETS: 12134229 # Filtered GETS hits
   fhGETX: 6179571 # Filtered GETX hits
   hGETS: 6633447 # GETS hits
   hGETX: 428019 # GETX hits
   mGETS: 984271 # GETS misses
   mGETXIM: 1769 # GETX I->M misses
   mGETXSM: 2121 # GETX S->M misses (upgrade misses)
   PUTS: 0 # Clean evictions (from lower level)
   PUTX: 0 # Dirty evictions (from lower level)
   INV: 1910 # Invalidates (from upper level)
   INVX: 1931 # Downgrades (from upper level)
   FWD: 0 # Forwards (from upper level)
   latGETnl: 10183221 # GET request latency on next level
   latGETnet: 0 # GET request latency on network to next level
  l1d-1: # Filter cache stats
   fhGETS: 11738127 # Filtered GETS hits
   fhGETX: 5969916 # Filtered GETX hits
   hGETS: 6967113 # GETS hits
   hGETX: 586543 # GETX hits
   mGETS: 977988 # GETS misses
   mGETXIM: 844 # GETX I->M misses
   mGETXSM: 5046 # GETX S->M misses (upgrade misses)
   PUTS: 0 # Clean evictions (from lower level)
   PUTX: 0 # Dirty evictions (from lower level)
   INV: 1210 # Invalidates (from upper level)
   INVX: 553 # Downgrades (from upper level)
   FWD: 0 # Forwards (from upper level)
   latGETnl: 10473396 # GET request latency on next level
   latGETnet: 0 # GET request latency on network to next level
  l1d-2: # Filter cache stats
   fhGETS: 11532480 # Filtered GETS hits
   fhGETX: 5867516 # Filtered GETX hits
   hGETS: 7182214 # GETS hits
   hGETX: 689842 # GETX hits
   mGETS: 968534 # GETS misses
   mGETXIM: 971 # GETX I->M misses
   mGETXSM: 4020 # GETX S->M misses (upgrade misses)
   PUTS: 0 # Clean evictions (from lower level)
   PUTX: 0 # Dirty evictions (from lower level)
   INV: 1248 # Invalidates (from upper level)
   INVX: 672 # Downgrades (from upper level)
   FWD: 0 # Forwards (from upper level)
   latGETnl: 10284786 # GET request latency on next level
   latGETnet: 0 # GET request latency on network to next level
  l1d-3: # Filter cache stats
   fhGETS: 11309928 # Filtered GETS hits
   fhGETX: 5756751 # Filtered GETX hits
   hGETS: 7415702 # GETS hits
   hGETX: 802331 # GETX hits
   mGETS: 957059 # GETS misses
   mGETXIM: 1085 # GETX I->M misses
   mGETXSM: 1968 # GETX S->M misses (upgrade misses)
   PUTS: 0 # Clean evictions (from lower level)
   PUTX: 0 # Dirty evictions (from lower level)
   INV: 1211 # Invalidates (from upper level)
   INVX: 708 # Downgrades (from upper level)
   FWD: 0 # Forwards (from upper level)
   latGETnl: 9962547 # GET request latency on next level
   latGETnet: 0 # GET request latency on network to next level
 l1i: # Cache stats
  l1i-0: # Filter cache stats
   fhGETS: 7384449 # Filtered GETS hits
   fhGETX: 0 # Filtered GETX hits
   hGETS: 5609 # GETS hits
   hGETX: 0 # GETX hits
   mGETS: 263 # GETS misses
   mGETXIM: 0 # GETX I->M misses
   mGETXSM: 0 # GETX S->M misses (upgrade misses)
   PUTS: 0 # Clean evictions (from lower level)
   PUTX: 0 # Dirty evictions (from lower level)
   INV: 0 # Invalidates (from upper level)
   INVX: 0 # Downgrades (from upper level)
   FWD: 0 # Forwards (from upper level)
   latGETnl: 31749 # GET request latency on next level
   latGETnet: 0 # GET request latency on network to next level
  l1i-1: # Filter cache stats
   fhGETS: 7310042 # Filtered GETS hits
   fhGETX: 0 # Filtered GETX hits
   hGETS: 5692 # GETS hits
   hGETX: 0 # GETX hits
   mGETS: 130 # GETS misses
   mGETXIM: 0 # GETX I->M misses
   mGETXSM: 0 # GETX S->M misses (upgrade misses)
   PUTS: 0 # Clean evictions (from lower level)
   PUTX: 0 # Dirty evictions (from lower level)
   INV: 0 # Invalidates (from upper level)
   INVX: 0 # Downgrades (from upper level)
   FWD: 0 # Forwards (from upper level)
   latGETnl: 7890 # GET request latency on next level
   latGETnet: 0 # GET request latency on network to next level
  l1i-2: # Filter cache stats
   fhGETS: 7310044 # Filtered GETS hits
   fhGETX: 0 # Filtered GETX hits
   hGETS: 5691 # GETS hits
   hGETX: 0 # GETX hits
   mGETS: 129 # GETS misses
   mGETXIM: 0 # GETX I->M misses
   mGETXSM: 0 # GETX S->M misses (upgrade misses)
   PUTS: 0 # Clean evictions (from lower level)
   PUTX: 0 # Dirty evictions (from lower level)
   INV: 0 # Invalidates (from upper level)
   INVX: 0 # Downgrades (from upper level)
   FWD: 0 # Forwards (from upper level)
   latGETnl: 7617 # GET request latency on next level
   latGETnet: 0 # GET request latency on network to next level
  l1i-3: # Filter cache stats
   fhGETS: 7309464 # Filtered GETS hits
   fhGETX: 0 # Filtered GETX hits
   hGETS: 5667 # GETS hits
   hGETX: 0 # GETX hits
   mGETS: 131 # GETS misses
   mGETXIM: 0 # GETX I->M misses
   mGETXSM: 0 # GETX S->M misses (upgrade misses)
   PUTS: 0 # Clean evictions (from lower level)
   PUTX: 0 # Dirty evictions (from lower level)
   INV: 0 # Invalidates (from upper level)
   INVX: 0 # Downgrades (from upper level)
   FWD: 0 # Forwards (from upper level)
   latGETnl: 7563 # GET request latency on next level
   latGETnet: 0 # GET request latency on network to next level
 l2: # Cache stats
  l2-0: # Cache stats
   hGETS: 982597 # GETS hits
   hGETX: 313 # GETX hits
   mGETS: 1937 # GETS misses
   mGETXIM: 1255 # GETX I->M misses
   mGETXSM: 2322 # GETX S->M misses (upgrade misses)
   PUTS: 970468 # Clean evictions (from lower level)
   PUTX: 13173 # Dirty evictions (from lower level)
   INV: 2026 # Invalidates (from upper level)
   INVX: 2465 # Downgrades (from upper level)
   FWD: 0 # Forwards (from upper level)
   latGETnl: 330730 # GET request latency on next level
   latGETnet: 0 # GET request latency on network to next level
  l2-1: # Cache stats
   hGETS: 971146 # GETS hits
   hGETX: 45 # GETX hits
   mGETS: 6972 # GETS misses
   mGETXIM: 801 # GETX I->M misses
   mGETXSM: 5044 # GETX S->M misses (upgrade misses)
   PUTS: 965007 # Clean evictions (from lower level)
   PUTX: 12110 # Dirty evictions (from lower level)
   INV: 6335 # Invalidates (from upper level)
   INVX: 5291 # Downgrades (from upper level)
   FWD: 0 # Forwards (from upper level)
   latGETnl: 641206 # GET request latency on next level
   latGETnet: 0 # GET request latency on network to next level
  l2-2: # Cache stats
   hGETS: 962705 # GETS hits
   hGETX: 67 # GETX hits
   mGETS: 5958 # GETS misses
   mGETXIM: 904 # GETX I->M misses
   mGETXSM: 4020 # GETX S->M misses (upgrade misses)
   PUTS: 955713 # Clean evictions (from lower level)
   PUTX: 12043 # Dirty evictions (from lower level)
   INV: 5428 # Invalidates (from upper level)
   INVX: 4394 # Downgrades (from upper level)
   FWD: 0 # Forwards (from upper level)
   latGETnl: 555863 # GET request latency on next level
   latGETnet: 0 # GET request latency on network to next level
  l2-3: # Cache stats
   hGETS: 953238 # GETS hits
   hGETX: 96 # GETX hits
   mGETS: 3952 # GETS misses
   mGETXIM: 989 # GETX I->M misses
   mGETXSM: 1968 # GETX S->M misses (upgrade misses)
   PUTS: 944358 # Clean evictions (from lower level)
   PUTX: 12068 # Dirty evictions (from lower level)
   INV: 3519 # Invalidates (from upper level)
   INVX: 2365 # Downgrades (from upper level)
   FWD: 0 # Forwards (from upper level)
   latGETnl: 367680 # GET request latency on next level
   latGETnet: 0 # GET request latency on network to next level
 l3: # Cache stats
  l3-0b0: # Cache stats
   hGETS: 3839 # GETS hits
   hGETX: 4051 # GETX hits
   mGETS: 533 # GETS misses
   mGETXIM: 29 # GETX I->M misses
   mGETXSM: 0 # GETX S->M misses (upgrade misses)
   PUTS: 0 # Clean evictions (from lower level)
   PUTX: 0 # Dirty evictions (from lower level)
   INV: 0 # Invalidates (from upper level)
   INVX: 0 # Downgrades (from upper level)
   FWD: 0 # Forwards (from upper level)
   latGETnl: 42150 # GET request latency on next level
   latGETnet: 0 # GET request latency on network to next level
  l3-0b1: # Cache stats
   hGETS: 4511 # GETS hits
   hGETX: 4547 # GETX hits
   mGETS: 539 # GETS misses
   mGETXIM: 27 # GETX I->M misses
   mGETXSM: 0 # GETX S->M misses (upgrade misses)
   PUTS: 0 # Clean evictions (from lower level)
   PUTX: 0 # Dirty evictions (from lower level)
   INV: 0 # Invalidates (from upper level)
   INVX: 0 # Downgrades (from upper level)
   FWD: 0 # Forwards (from upper level)
   latGETnl: 42450 # GET request latency on next level
   latGETnet: 0 # GET request latency on network to next level
  l3-0b2: # Cache stats
   hGETS: 4390 # GETS hits
   hGETX: 4513 # GETX hits
   mGETS: 525 # GETS misses
   mGETXIM: 30 # GETX I->M misses
   mGETXSM: 0 # GETX S->M misses (upgrade misses)
   PUTS: 0 # Clean evictions (from lower level)
   PUTX: 0 # Dirty evictions (from lower level)
   INV: 0 # Invalidates (from upper level)
   INVX: 0 # Downgrades (from upper level)
   FWD: 0 # Forwards (from upper level)
   latGETnl: 41625 # GET request latency on next level
   latGETnet: 0 # GET request latency on network to next level
  l3-0b3: # Cache stats
   hGETS: 3950 # GETS hits
   hGETX: 4080 # GETX hits
   mGETS: 532 # GETS misses
   mGETXIM: 26 # GETX I->M misses
   mGETXSM: 0 # GETX S->M misses (upgrade misses)
   PUTS: 0 # Clean evictions (from lower level)
   PUTX: 0 # Dirty evictions (from lower level)
   INV: 0 # Invalidates (from upper level)
   INVX: 0 # Downgrades (from upper level)
   FWD: 0 # Forwards (from upper level)
   latGETnl: 41850 # GET request latency on next level
   latGETnet: 0 # GET request latency on network to next level
 mem: # Memory controller stats
  mem-0: # Memory controller stats
   rd: 1093 # Read requests
   wr: 0 # Write requests
   rdlat: 287782 # Total latency experienced by read requests
   wrlat: 0 # Total latency experienced by write requests
   rdhits: 200 # Read row hits
   wrhits: 0 # Write row hits
   mlh: # latency histogram for memory requests
    0: 0
    1: 0
    2: 0
    3: 0
    4: 0
    5: 0
    6: 0
    7: 0
    8: 0
    9: 0
    10: 0
    11: 8
    12: 702
    13: 21
    14: 33
    15: 21
    16: 4
    17: 11
    18: 4
    19: 5
    20: 5
    21: 2
    22: 8
    23: 1
    24: 4
    25: 2
    26: 6
    27: 13
    28: 8
    29: 5
    30: 8
    31: 14
    32: 1
    33: 6
    34: 3
    35: 2
    36: 1
    37: 1
    38: 3
    39: 1
    40: 1
    41: 5
    42: 0
    43: 1
    44: 3
    45: 2
    46: 1
    47: 4
    48: 0
    49: 2
    50: 1
    51: 1
    52: 0
    53: 3
    54: 0
    55: 3
    56: 1
    57: 2
    58: 2
    59: 0
    60: 1
    61: 0
    62: 1
    63: 0
    64: 0
    65: 1
    66: 1
    67: 1
    68: 1
    69: 0
    70: 2
    71: 0
    72: 1
    73: 2
    74: 0
    75: 3
    76: 5
    77: 1
    78: 2
    79: 3
    80: 1
    81: 2
    82: 10
    83: 1
    84: 1
    85: 4
    86: 0
    87: 5
    88: 7
    89: 2
    90: 7
    91: 9
    92: 0
    93: 17
    94: 8
    95: 2
    96: 24
    97: 8
    98: 3
    99: 22
  mem-1: # Memory controller stats
   rd: 1084 # Read requests
   wr: 0 # Write requests
   rdlat: 190812 # Total latency experienced by read requests
   wrlat: 0 # Total latency experienced by write requests
   rdhits: 213 # Read row hits
   wrhits: 0 # Write row hits
   mlh: # latency histogram for memory requests
    0: 0
    1: 0
    2: 0
    3: 0
    4: 0
    5: 0
    6: 0
    7: 0
    8: 0
    9: 0
    10: 0
    11: 12
    12: 621
    13: 21
    14: 53
    15: 65
    16: 2
    17: 11
    18: 4
    19: 10
    20: 9
    21: 9
    22: 9
    23: 9
    24: 17
    25: 23
    26: 20
    27: 27
    28: 25
    29: 9
    30: 27
    31: 20
    32: 14
    33: 6
    34: 6
    35: 11
    36: 2
    37: 2
    38: 8
    39: 4
    40: 2
    41: 6
    42: 1
    43: 1
    44: 1
    45: 2
    46: 0
    47: 1
    48: 1
    49: 0
    50: 1
    51: 3
    52: 1
    53: 0
    54: 1
    55: 2
    56: 0
    57: 2
    58: 1
    59: 0
    60: 0
    61: 0
    62: 0
    63: 0
    64: 0
    65: 0
    66: 0
    67: 0
    68: 0
    69: 0
    70: 1
    71: 0
    72: 0
    73: 0
    74: 0
    75: 0
    76: 0
    77: 0
    78: 1
    79: 0
    80: 0
    81: 0
    82: 0
    83: 0
    84: 0
    85: 0
    86: 0
    87: 0
    88: 0
    89: 0
    90: 0
    91: 0
    92: 0
    93: 0
    94: 0
    95: 0
    96: 0
    97: 0
    98: 0
    99: 0
 sched: # Scheduler stats
  thCr: 301 # Threads created
  thFn: 301 # Threads finished
  schedEvs: 301 # Schedule events
  waitEvs: 0 # Wait events
  handoffEvs: 0 # Handoff events
  sleepEvs: 0 # Sleep events
  idlePhases: 0 # Phases with no thread active
  idlePeriods: 0 # Periods with no thread active
  occHist: # Occupancy histogram
   0: 0
   1: 14
   2: 11
   3: 53
   4: 4100
  rqSzHist: # Run queue size histogram
   0: 4178
   1: 0
   2: 0
   3: 0
   4: 0
   5: 0
   6: 0
   7: 0
   8: 0
   9: 0
   10: 0
   11: 0
   12: 0
   13: 0
   14: 0
   15: 0
   16: 0
 procCycles: # Per-process unhalted core cycles
  0: 165978779
  1: 0
  2: 0
  3: 0
  4: 0
  5: 0
  6: 0
  7: 0
  8: 0
  9: 0
  10: 0
  11: 0
  12: 0
  13: 0
  14: 0
  15: 0
  16: 0
  17: 0
  18: 0
  19: 0
  20: 0
  21: 0
  22: 0
  23: 0
  24: 0
  25: 0
  26: 0
  27: 0
  28: 0
  29: 0
  30: 0
  31: 0
  32: 0
  33: 0
  34: 0
  35: 0
  36: 0
  37: 0
  38: 0
  39: 0
  40: 0
  41: 0
  42: 0
  43: 0
  44: 0
  45: 0
  46: 0
  47: 0
  48: 0
  49: 0
  50: 0
  51: 0
  52: 0
  53: 0
  54: 0
  55: 0
  56: 0
  57: 0
  58: 0
  59: 0
  60: 0
  61: 0
  62: 0
  63: 0
 procInstrs: # Per-process instructions
  0: 213960357
  1: 0
  2: 0
  3: 0
  4: 0
  5: 0
  6: 0
  7: 0
  8: 0
  9: 0
  10: 0
  11: 0
  12: 0
  13: 0
  14: 0
  15: 0
  16: 0
  17: 0
  18: 0
  19: 0
  20: 0
  21: 0
  22: 0
  23: 0
  24: 0
  25: 0
  26: 0
  27: 0
  28: 0
  29: 0
  30: 0
  31: 0
  32: 0
  33: 0
  34: 0
  35: 0
  36: 0
  37: 0
  38: 0
  39: 0
  40: 0
  41: 0
  42: 0
  43: 0
  44: 0
  45: 0
  46: 0
  47: 0
  48: 0
  49: 0
  50: 0
  51: 0
  52: 0
  53: 0
  54: 0
  55: 0
  56: 0
  57: 0
  58: 0
  59: 0
  60: 0
  61: 0
  62: 0
  63: 0
 heartbeats: # Per-process heartbeats
  0: 0
  1: 0
  2: 0
  3: 0
  4: 0
  5: 0
  6: 0
  7: 0
  8: 0
  9: 0
  10: 0
  11: 0
  12: 0
  13: 0
  14: 0
  15: 0
  16: 0
  17: 0
  18: 0
  19: 0
  20: 0
  21: 0
  22: 0
  23: 0
  24: 0
  25: 0
  26: 0
  27: 0
  28: 0
  29: 0
  30: 0
  31: 0
  32: 0
  33: 0
  34: 0
  35: 0
  36: 0
  37: 0
  38: 0
  39: 0
  40: 0
  41: 0
  42: 0
  43: 0
  44: 0
  45: 0
  46: 0
  47: 0
  48: 0
  49: 0
  50: 0
  51: 0
  52: 0
  53: 0
  54: 0
  55: 0
  56: 0
  57: 0
  58: 0
  59: 0
  60: 0
  61: 0
  62: 0
  63: 0
===
