# zsim stats
===
root: # Stats
 contention: # Contention simulation stats
  domain-0: # Domain stats
   time: 1942598 # Weave simulation time
 time: # Simulator time breakdown
  init: 1267208788
  bound: 246640224
  weave: 4602832
  ff: 1360713725
 trigger: 20000 # Reason for this stats dump
 phase: 66 # Simulated phases
 nehalem: # Core stats
  nehalem-0: # Core stats
   cycles: 666896 # Simulated unhalted cycles
   cCycles: 16834 # Cycles due to contention stalls
   instrs: 986710 # Simulated instructions
   uops: 1168737 # Retired micro-ops
   bbls: 160042 # Basic blocks
   approxInstrs: 458 # Instrs with approx uop decoding
   mispredBranches: 1066 # Mispredicted branches
  nehalem-1: # Core stats
   cycles: 463395 # Simulated unhalted cycles
   cCycles: 3000 # Cycles due to contention stalls
   instrs: 816624 # Simulated instructions
   uops: 1068922 # Retired micro-ops
   bbls: 92673 # Basic blocks
   approxInstrs: 300 # Instrs with approx uop decoding
   mispredBranches: 149 # Mispredicted branches
  nehalem-2: # Core stats
   cycles: 465196 # Simulated unhalted cycles
   cCycles: 3265 # Cycles due to contention stalls
   instrs: 816535 # Simulated instructions
   uops: 1068845 # Retired micro-ops
   bbls: 92654 # Basic blocks
   approxInstrs: 300 # Instrs with approx uop decoding
   mispredBranches: 160 # Mispredicted branches
  nehalem-3: # Core stats
   cycles: 466172 # Simulated unhalted cycles
   cCycles: 4133 # Cycles due to contention stalls
   instrs: 816775 # Simulated instructions
   uops: 1069055 # Retired micro-ops
   bbls: 92704 # Basic blocks
   approxInstrs: 300 # Instrs with approx uop decoding
   mispredBranches: 143 # Mispredicted branches
 l1d: # Cache stats
  l1d-0: # Filter cache stats
   fhGETS: 281446 # Filtered GETS hits
   fhGETX: 52850 # Filtered GETX hits
   hGETS: 15885 # GETS hits
   hGETX: 7936 # GETX hits
   mGETS: 1057 # GETS misses
   mGETXIM: 1259 # GETX I->M misses
   mGETXSM: 2333 # GETX S->M misses (upgrade misses)
   PUTS: 0 # Clean evictions (from lower level)
   PUTX: 0 # Dirty evictions (from lower level)
   INV: 2006 # Invalidates (from upper level)
   INVX: 2394 # Downgrades (from upper level)
   FWD: 0 # Forwards (from upper level)
   latGETnl: 306334 # GET request latency on next level
   latGETnet: 0 # GET request latency on network to next level
  l1d-1: # Filter cache stats
   fhGETS: 265221 # Filtered GETS hits
   fhGETX: 108398 # Filtered GETX hits
   hGETS: 7505 # GETS hits
   hGETX: 1420 # GETX hits
   mGETS: 1134 # GETS misses
   mGETXIM: 871 # GETX I->M misses
   mGETXSM: 346 # GETX S->M misses (upgrade misses)
   PUTS: 0 # Clean evictions (from lower level)
   PUTX: 0 # Dirty evictions (from lower level)
   INV: 1797 # Invalidates (from upper level)
   INVX: 355 # Downgrades (from upper level)
   FWD: 0 # Forwards (from upper level)
   latGETnl: 146475 # GET request latency on next level
   latGETnet: 0 # GET request latency on network to next level
  l1d-2: # Filter cache stats
   fhGETS: 265479 # Filtered GETS hits
   fhGETX: 108390 # Filtered GETX hits
   hGETS: 7250 # GETS hits
   hGETX: 1328 # GETX hits
   mGETS: 1112 # GETS misses
   mGETXIM: 954 # GETX I->M misses
   mGETXSM: 363 # GETX S->M misses (upgrade misses)
   PUTS: 0 # Clean evictions (from lower level)
   PUTX: 0 # Dirty evictions (from lower level)
   INV: 1856 # Invalidates (from upper level)
   INVX: 401 # Downgrades (from upper level)
   FWD: 0 # Forwards (from upper level)
   latGETnl: 151991 # GET request latency on next level
   latGETnet: 0 # GET request latency on network to next level
  l1d-3: # Filter cache stats
   fhGETS: 264260 # Filtered GETS hits
   fhGETX: 108427 # Filtered GETX hits
   hGETS: 8473 # GETS hits
   hGETX: 1535 # GETX hits
   mGETS: 1156 # GETS misses
   mGETXIM: 692 # GETX I->M misses
   mGETXSM: 381 # GETX S->M misses (upgrade misses)
   PUTS: 0 # Clean evictions (from lower level)
   PUTX: 0 # Dirty evictions (from lower level)
   INV: 1641 # Invalidates (from upper level)
   INVX: 443 # Downgrades (from upper level)
   FWD: 0 # Forwards (from upper level)
   latGETnl: 140896 # GET request latency on next level
   latGETnet: 0 # GET request latency on network to next level
 l1i: # Cache stats
  l1i-0: # Filter cache stats
   fhGETS: 189038 # Filtered GETS hits
   fhGETX: 0 # Filtered GETX hits
   hGETS: 5353 # GETS hits
   hGETX: 0 # GETX hits
   mGETS: 273 # GETS misses
   mGETXIM: 0 # GETX I->M misses
   mGETXSM: 0 # GETX S->M misses (upgrade misses)
   PUTS: 0 # Clean evictions (from lower level)
   PUTX: 0 # Dirty evictions (from lower level)
   INV: 0 # Invalidates (from upper level)
   INVX: 0 # Downgrades (from upper level)
   FWD: 0 # Forwards (from upper level)
   latGETnl: 32904 # GET request latency on next level
   latGETnet: 0 # GET request latency on network to next level
  l1i-1: # Filter cache stats
   fhGETS: 113902 # Filtered GETS hits
   fhGETX: 0 # Filtered GETX hits
   hGETS: 5799 # GETS hits
   hGETX: 0 # GETX hits
   mGETS: 134 # GETS misses
   mGETXIM: 0 # GETX I->M misses
   mGETXSM: 0 # GETX S->M misses (upgrade misses)
   PUTS: 0 # Clean evictions (from lower level)
   PUTX: 0 # Dirty evictions (from lower level)
   INV: 0 # Invalidates (from upper level)
   INVX: 0 # Downgrades (from upper level)
   FWD: 0 # Forwards (from upper level)
   latGETnl: 8607 # GET request latency on next level
   latGETnet: 0 # GET request latency on network to next level
  l1i-2: # Filter cache stats
   fhGETS: 113924 # Filtered GETS hits
   fhGETX: 0 # Filtered GETX hits
   hGETS: 5810 # GETS hits
   hGETX: 0 # GETX hits
   mGETS: 138 # GETS misses
   mGETXIM: 0 # GETX I->M misses
   mGETXSM: 0 # GETX S->M misses (upgrade misses)
   PUTS: 0 # Clean evictions (from lower level)
   PUTX: 0 # Dirty evictions (from lower level)
   INV: 0 # Invalidates (from upper level)
   INVX: 0 # Downgrades (from upper level)
   FWD: 0 # Forwards (from upper level)
   latGETnl: 8049 # GET request latency on next level
   latGETnet: 0 # GET request latency on network to next level
  l1i-3: # Filter cache stats
   fhGETS: 113919 # Filtered GETS hits
   fhGETX: 0 # Filtered GETX hits
   hGETS: 5772 # GETS hits
   hGETX: 0 # GETX hits
   mGETS: 136 # GETS misses
   mGETXIM: 0 # GETX I->M misses
   mGETXSM: 0 # GETX S->M misses (upgrade misses)
   PUTS: 0 # Clean evictions (from lower level)
   PUTX: 0 # Dirty evictions (from lower level)
   INV: 0 # Invalidates (from upper level)
   INVX: 0 # Downgrades (from upper level)
   FWD: 0 # Forwards (from upper level)
   latGETnl: 8928 # GET request latency on next level
   latGETnet: 0 # GET request latency on network to next level
 l2: # Cache stats
  l2-0: # Cache stats
   hGETS: 6 # GETS hits
   hGETX: 1 # GETX hits
   mGETS: 1324 # GETS misses
   mGETXIM: 1261 # GETX I->M misses
   mGETXSM: 2330 # GETX S->M misses (upgrade misses)
   PUTS: 17 # Clean evictions (from lower level)
   PUTX: 3 # Dirty evictions (from lower level)
   INV: 2006 # Invalidates (from upper level)
   INVX: 2394 # Downgrades (from upper level)
   FWD: 0 # Forwards (from upper level)
   latGETnl: 290018 # GET request latency on next level
   latGETnet: 0 # GET request latency on network to next level
  l2-1: # Cache stats
   hGETS: 0 # GETS hits
   hGETX: 0 # GETX hits
   mGETS: 1268 # GETS misses
   mGETXIM: 871 # GETX I->M misses
   mGETXSM: 346 # GETX S->M misses (upgrade misses)
   PUTS: 0 # Clean evictions (from lower level)
   PUTX: 0 # Dirty evictions (from lower level)
   INV: 1797 # Invalidates (from upper level)
   INVX: 355 # Downgrades (from upper level)
   FWD: 0 # Forwards (from upper level)
   latGETnl: 130232 # GET request latency on next level
   latGETnet: 0 # GET request latency on network to next level
  l2-2: # Cache stats
   hGETS: 0 # GETS hits
   hGETX: 0 # GETX hits
   mGETS: 1250 # GETS misses
   mGETXIM: 954 # GETX I->M misses
   mGETXSM: 363 # GETX S->M misses (upgrade misses)
   PUTS: 0 # Clean evictions (from lower level)
   PUTX: 0 # Dirty evictions (from lower level)
   INV: 1856 # Invalidates (from upper level)
   INVX: 401 # Downgrades (from upper level)
   FWD: 0 # Forwards (from upper level)
   latGETnl: 134370 # GET request latency on next level
   latGETnet: 0 # GET request latency on network to next level
  l2-3: # Cache stats
   hGETS: 0 # GETS hits
   hGETX: 0 # GETX hits
   mGETS: 1292 # GETS misses
   mGETXIM: 693 # GETX I->M misses
   mGETXSM: 380 # GETX S->M misses (upgrade misses)
   PUTS: 0 # Clean evictions (from lower level)
   PUTX: 0 # Dirty evictions (from lower level)
   INV: 1641 # Invalidates (from upper level)
   INVX: 443 # Downgrades (from upper level)
   FWD: 0 # Forwards (from upper level)
   latGETnl: 126174 # GET request latency on next level
   latGETnet: 0 # GET request latency on network to next level
 l3: # Cache stats
  l3-0b0: # Cache stats
   hGETS: 947 # GETS hits
   hGETX: 1644 # GETX hits
   mGETS: 182 # GETS misses
   mGETXIM: 28 # GETX I->M misses
   mGETXSM: 0 # GETX S->M misses (upgrade misses)
   PUTS: 0 # Clean evictions (from lower level)
   PUTX: 0 # Dirty evictions (from lower level)
   INV: 0 # Invalidates (from upper level)
   INVX: 0 # Downgrades (from upper level)
   FWD: 0 # Forwards (from upper level)
   latGETnl: 15750 # GET request latency on next level
   latGETnet: 0 # GET request latency on network to next level
  l3-0b1: # Cache stats
   hGETS: 1514 # GETS hits
   hGETX: 2015 # GETX hits
   mGETS: 185 # GETS misses
   mGETXIM: 29 # GETX I->M misses
   mGETXSM: 0 # GETX S->M misses (upgrade misses)
   PUTS: 0 # Clean evictions (from lower level)
   PUTX: 0 # Dirty evictions (from lower level)
   INV: 0 # Invalidates (from upper level)
   INVX: 0 # Downgrades (from upper level)
   FWD: 0 # Forwards (from upper level)
   latGETnl: 16050 # GET request latency on next level
   latGETnet: 0 # GET request latency on network to next level
  l3-0b2: # Cache stats
   hGETS: 1086 # GETS hits
   hGETX: 1830 # GETX hits
   mGETS: 176 # GETS misses
   mGETXIM: 31 # GETX I->M misses
   mGETXSM: 0 # GETX S->M misses (upgrade misses)
   PUTS: 0 # Clean evictions (from lower level)
   PUTX: 0 # Dirty evictions (from lower level)
   INV: 0 # Invalidates (from upper level)
   INVX: 0 # Downgrades (from upper level)
   FWD: 0 # Forwards (from upper level)
   latGETnl: 15525 # GET request latency on next level
   latGETnet: 0 # GET request latency on network to next level
  l3-0b3: # Cache stats
   hGETS: 865 # GETS hits
   hGETX: 1595 # GETX hits
   mGETS: 179 # GETS misses
   mGETXIM: 26 # GETX I->M misses
   mGETXSM: 0 # GETX S->M misses (upgrade misses)
   PUTS: 0 # Clean evictions (from lower level)
   PUTX: 0 # Dirty evictions (from lower level)
   INV: 0 # Invalidates (from upper level)
   INVX: 0 # Downgrades (from upper level)
   FWD: 0 # Forwards (from upper level)
   latGETnl: 15375 # GET request latency on next level
   latGETnet: 0 # GET request latency on network to next level
 mem: # Memory controller stats
  mem-0: # Memory controller stats
   rd: 392 # Read requests
   wr: 0 # Write requests
   rdlat: 59364 # Total latency experienced by read requests
   wrlat: 0 # Total latency experienced by write requests
   rdhits: 1 # Read row hits
   wrhits: 0 # Write row hits
   mlh: # latency histogram for memory requests
    0: 0
    1: 0
    2: 0
    3: 0
    4: 0
    5: 0
    6: 0
    7: 0
    8: 0
    9: 0
    10: 0
    11: 4
    12: 243
    13: 10
    14: 43
    15: 21
    16: 3
    17: 10
    18: 5
    19: 1
    20: 5
    21: 1
    22: 7
    23: 4
    24: 5
    25: 1
    26: 7
    27: 2
    28: 4
    29: 1
    30: 2
    31: 3
    32: 0
    33: 1
    34: 2
    35: 2
    36: 2
    37: 0
    38: 0
    39: 0
    40: 0
    41: 0
    42: 0
    43: 0
    44: 0
    45: 0
    46: 0
    47: 0
    48: 0
    49: 0
    50: 0
    51: 0
    52: 0
    53: 1
    54: 0
    55: 1
    56: 0
    57: 0
    58: 0
    59: 0
    60: 0
    61: 0
    62: 0
    63: 0
    64: 0
    65: 0
    66: 0
    67: 0
    68: 0
    69: 1
    70: 0
    71: 0
    72: 0
    73: 0
    74: 0
    75: 0
    76: 0
    77: 0
    78: 0
    79: 0
    80: 0
    81: 0
    82: 0
    83: 0
    84: 0
    85: 0
    86: 0
    87: 0
    88: 0
    89: 0
    90: 0
    91: 0
    92: 0
    93: 0
    94: 0
    95: 0
    96: 0
    97: 0
    98: 0
    99: 0
  mem-1: # Memory controller stats
   rd: 382 # Read requests
   wr: 0 # Write requests
   rdlat: 55481 # Total latency experienced by read requests
   wrlat: 0 # Total latency experienced by write requests
   rdhits: 5 # Read row hits
   wrhits: 0 # Write row hits
   mlh: # latency histogram for memory requests
    0: 0
    1: 0
    2: 0
    3: 0
    4: 0
    5: 0
    6: 0
    7: 0
    8: 0
    9: 0
    10: 0
    11: 2
    12: 239
    13: 14
    14: 31
    15: 34
    16: 3
    17: 11
    18: 5
    19: 2
    20: 5
    21: 2
    22: 2
    23: 4
    24: 3
    25: 8
    26: 9
    27: 0
    28: 3
    29: 1
    30: 0
    31: 2
    32: 0
    33: 0
    34: 0
    35: 1
    36: 0
    37: 0
    38: 1
    39: 0
    40: 0
    41: 0
    42: 0
    43: 0
    44: 0
    45: 0
    46: 0
    47: 0
    48: 0
    49: 0
    50: 0
    51: 0
    52: 0
    53: 0
    54: 0
    55: 0
    56: 0
    57: 0
    58: 0
    59: 0
    60: 0
    61: 0
    62: 0
    63: 0
    64: 0
    65: 0
    66: 0
    67: 0
    68: 0
    69: 0
    70: 0
    71: 0
    72: 0
    73: 0
    74: 0
    75: 0
    76: 0
    77: 0
    78: 0
    79: 0
    80: 0
    81: 0
    82: 0
    83: 0
    84: 0
    85: 0
    86: 0
    87: 0
    88: 0
    89: 0
    90: 0
    91: 0
    92: 0
    93: 0
    94: 0
    95: 0
    96: 0
    97: 0
    98: 0
    99: 0
 sched: # Scheduler stats
  thCr: 301 # Threads created
  thFn: 301 # Threads finished
  schedEvs: 301 # Schedule events
  waitEvs: 0 # Wait events
  handoffEvs: 0 # Handoff events
  sleepEvs: 0 # Sleep events
  idlePhases: 0 # Phases with no thread active
  idlePeriods: 0 # Periods with no thread active
  occHist: # Occupancy histogram
   0: 0
   1: 18
   2: 46
   3: 1
   4: 1
  rqSzHist: # Run queue size histogram
   0: 66
   1: 0
   2: 0
   3: 0
   4: 0
   5: 0
   6: 0
   7: 0
   8: 0
   9: 0
   10: 0
   11: 0
   12: 0
   13: 0
   14: 0
   15: 0
   16: 0
 procCycles: # Per-process unhalted core cycles
  0: 2061659
  1: 0
  2: 0
  3: 0
  4: 0
  5: 0
  6: 0
  7: 0
  8: 0
  9: 0
  10: 0
  11: 0
  12: 0
  13: 0
  14: 0
  15: 0
  16: 0
  17: 0
  18: 0
  19: 0
  20: 0
  21: 0
  22: 0
  23: 0
  24: 0
  25: 0
  26: 0
  27: 0
  28: 0
  29: 0
  30: 0
  31: 0
  32: 0
  33: 0
  34: 0
  35: 0
  36: 0
  37: 0
  38: 0
  39: 0
  40: 0
  41: 0
  42: 0
  43: 0
  44: 0
  45: 0
  46: 0
  47: 0
  48: 0
  49: 0
  50: 0
  51: 0
  52: 0
  53: 0
  54: 0
  55: 0
  56: 0
  57: 0
  58: 0
  59: 0
  60: 0
  61: 0
  62: 0
  63: 0
 procInstrs: # Per-process instructions
  0: 3436644
  1: 0
  2: 0
  3: 0
  4: 0
  5: 0
  6: 0
  7: 0
  8: 0
  9: 0
  10: 0
  11: 0
  12: 0
  13: 0
  14: 0
  15: 0
  16: 0
  17: 0
  18: 0
  19: 0
  20: 0
  21: 0
  22: 0
  23: 0
  24: 0
  25: 0
  26: 0
  27: 0
  28: 0
  29: 0
  30: 0
  31: 0
  32: 0
  33: 0
  34: 0
  35: 0
  36: 0
  37: 0
  38: 0
  39: 0
  40: 0
  41: 0
  42: 0
  43: 0
  44: 0
  45: 0
  46: 0
  47: 0
  48: 0
  49: 0
  50: 0
  51: 0
  52: 0
  53: 0
  54: 0
  55: 0
  56: 0
  57: 0
  58: 0
  59: 0
  60: 0
  61: 0
  62: 0
  63: 0
 heartbeats: # Per-process heartbeats
  0: 0
  1: 0
  2: 0
  3: 0
  4: 0
  5: 0
  6: 0
  7: 0
  8: 0
  9: 0
  10: 0
  11: 0
  12: 0
  13: 0
  14: 0
  15: 0
  16: 0
  17: 0
  18: 0
  19: 0
  20: 0
  21: 0
  22: 0
  23: 0
  24: 0
  25: 0
  26: 0
  27: 0
  28: 0
  29: 0
  30: 0
  31: 0
  32: 0
  33: 0
  34: 0
  35: 0
  36: 0
  37: 0
  38: 0
  39: 0
  40: 0
  41: 0
  42: 0
  43: 0
  44: 0
  45: 0
  46: 0
  47: 0
  48: 0
  49: 0
  50: 0
  51: 0
  52: 0
  53: 0
  54: 0
  55: 0
  56: 0
  57: 0
  58: 0
  59: 0
  60: 0
  61: 0
  62: 0
  63: 0
===
