# zsim stats
===
root: # Stats
 contention: # Contention simulation stats
  domain-0: # Domain stats
   time: 282131904 # Weave simulation time
 time: # Simulator time breakdown
  init: 1355607736
  bound: 213981408768
  weave: 1342258949
  ff: 1322649926
 trigger: 20000 # Reason for this stats dump
 phase: 29610 # Simulated phases
 nehalem: # Core stats
  nehalem-0: # Core stats
   cycles: 191145118 # Simulated unhalted cycles
   cCycles: 371938 # Cycles due to contention stalls
   instrs: 295120573 # Simulated instructions
   uops: 337071316 # Retired micro-ops
   bbls: 42117372 # Basic blocks
   approxInstrs: 64 # Instrs with approx uop decoding
   mispredBranches: 165524 # Mispredicted branches
  nehalem-1: # Core stats
   cycles: 296068887 # Simulated unhalted cycles
   cCycles: 216890 # Cycles due to contention stalls
   instrs: 336701977 # Simulated instructions
   uops: 462367091 # Retired micro-ops
   bbls: 42109193 # Basic blocks
   approxInstrs: 30 # Instrs with approx uop decoding
   mispredBranches: 165240 # Mispredicted branches
  nehalem-2: # Core stats
   cycles: 295362016 # Simulated unhalted cycles
   cCycles: 220189 # Cycles due to contention stalls
   instrs: 336704034 # Simulated instructions
   uops: 462369337 # Retired micro-ops
   bbls: 42109611 # Basic blocks
   approxInstrs: 30 # Instrs with approx uop decoding
   mispredBranches: 165278 # Mispredicted branches
  nehalem-3: # Core stats
   cycles: 295503833 # Simulated unhalted cycles
   cCycles: 218850 # Cycles due to contention stalls
   instrs: 336701059 # Simulated instructions
   uops: 462366082 # Retired micro-ops
   bbls: 42109007 # Basic blocks
   approxInstrs: 30 # Instrs with approx uop decoding
   mispredBranches: 165217 # Mispredicted branches
 l1d: # Cache stats
  l1d-0: # Filter cache stats
   fhGETS: 41317648 # Filtered GETS hits
   fhGETX: 5355 # Filtered GETX hits
   hGETS: 576056 # GETS hits
   hGETX: 677 # GETX hits
   mGETS: 42166698 # GETS misses
   mGETXIM: 164148 # GETX I->M misses
   mGETXSM: 168 # GETX S->M misses (upgrade misses)
   PUTS: 0 # Clean evictions (from lower level)
   PUTX: 0 # Dirty evictions (from lower level)
   INV: 192 # Invalidates (from upper level)
   INVX: 97506 # Downgrades (from upper level)
   FWD: 0 # Forwards (from upper level)
   latGETnl: 2035995028 # GET request latency on next level
   latGETnet: 0 # GET request latency on network to next level
  l1d-1: # Filter cache stats
   fhGETS: 60899886 # Filtered GETS hits
   fhGETX: 20306751 # Filtered GETX hits
   hGETS: 22764555 # GETS hits
   hGETX: 21636871 # GETX hits
   mGETS: 42166178 # GETS misses
   mGETXIM: 98 # GETX I->M misses
   mGETXSM: 24 # GETX S->M misses (upgrade misses)
   PUTS: 0 # Clean evictions (from lower level)
   PUTX: 0 # Dirty evictions (from lower level)
   INV: 82 # Invalidates (from upper level)
   INVX: 492032 # Downgrades (from upper level)
   FWD: 0 # Forwards (from upper level)
   latGETnl: 2096009835 # GET request latency on next level
   latGETnet: 0 # GET request latency on network to next level
  l1d-2: # Filter cache stats
   fhGETS: 60900352 # Filtered GETS hits
   fhGETX: 20306943 # Filtered GETX hits
   hGETS: 22764619 # GETS hits
   hGETX: 21636900 # GETX hits
   mGETS: 42166258 # GETS misses
   mGETXIM: 112 # GETX I->M misses
   mGETXSM: 17 # GETX S->M misses (upgrade misses)
   PUTS: 0 # Clean evictions (from lower level)
   PUTX: 0 # Dirty evictions (from lower level)
   INV: 90 # Invalidates (from upper level)
   INVX: 344927 # Downgrades (from upper level)
   FWD: 0 # Forwards (from upper level)
   latGETnl: 2061443478 # GET request latency on next level
   latGETnet: 0 # GET request latency on network to next level
  l1d-3: # Filter cache stats
   fhGETS: 60899659 # Filtered GETS hits
   fhGETX: 20306664 # Filtered GETX hits
   hGETS: 22764514 # GETS hits
   hGETX: 21636858 # GETX hits
   mGETS: 42166167 # GETS misses
   mGETXIM: 96 # GETX I->M misses
   mGETXSM: 19 # GETX S->M misses (upgrade misses)
   PUTS: 0 # Clean evictions (from lower level)
   PUTX: 0 # Dirty evictions (from lower level)
   INV: 82 # Invalidates (from upper level)
   INVX: 448760 # Downgrades (from upper level)
   FWD: 0 # Forwards (from upper level)
   latGETnl: 2068831116 # GET request latency on next level
   latGETnet: 0 # GET request latency on network to next level
 l1i: # Cache stats
  l1i-0: # Filter cache stats
   fhGETS: 42942973 # Filtered GETS hits
   fhGETX: 0 # Filtered GETX hits
   hGETS: 695 # GETS hits
   hGETX: 0 # GETX hits
   mGETS: 285 # GETS misses
   mGETXIM: 0 # GETX I->M misses
   mGETXSM: 0 # GETX S->M misses (upgrade misses)
   PUTS: 0 # Clean evictions (from lower level)
   PUTX: 0 # Dirty evictions (from lower level)
   INV: 0 # Invalidates (from upper level)
   INVX: 0 # Downgrades (from upper level)
   FWD: 0 # Forwards (from upper level)
   latGETnl: 34380 # GET request latency on next level
   latGETnet: 0 # GET request latency on network to next level
  l1i-1: # Filter cache stats
   fhGETS: 42933671 # Filtered GETS hits
   fhGETX: 0 # Filtered GETX hits
   hGETS: 426 # GETS hits
   hGETX: 0 # GETX hits
   mGETS: 115 # GETS misses
   mGETXIM: 0 # GETX I->M misses
   mGETXSM: 0 # GETX S->M misses (upgrade misses)
   PUTS: 0 # Clean evictions (from lower level)
   PUTX: 0 # Dirty evictions (from lower level)
   INV: 0 # Invalidates (from upper level)
   INVX: 0 # Downgrades (from upper level)
   FWD: 0 # Forwards (from upper level)
   latGETnl: 6795 # GET request latency on next level
   latGETnet: 0 # GET request latency on network to next level
  l1i-2: # Filter cache stats
   fhGETS: 42934265 # Filtered GETS hits
   fhGETX: 0 # Filtered GETX hits
   hGETS: 445 # GETS hits
   hGETX: 0 # GETX hits
   mGETS: 117 # GETS misses
   mGETXIM: 0 # GETX I->M misses
   mGETXSM: 0 # GETX S->M misses (upgrade misses)
   PUTS: 0 # Clean evictions (from lower level)
   PUTX: 0 # Dirty evictions (from lower level)
   INV: 0 # Invalidates (from upper level)
   INVX: 0 # Downgrades (from upper level)
   FWD: 0 # Forwards (from upper level)
   latGETnl: 8541 # GET request latency on next level
   latGETnet: 0 # GET request latency on network to next level
  l1i-3: # Filter cache stats
   fhGETS: 42933353 # Filtered GETS hits
   fhGETX: 0 # Filtered GETX hits
   hGETS: 418 # GETS hits
   hGETX: 0 # GETX hits
   mGETS: 117 # GETS misses
   mGETXIM: 0 # GETX I->M misses
   mGETXSM: 0 # GETX S->M misses (upgrade misses)
   PUTS: 0 # Clean evictions (from lower level)
   PUTX: 0 # Dirty evictions (from lower level)
   INV: 0 # Invalidates (from upper level)
   INVX: 0 # Downgrades (from upper level)
   FWD: 0 # Forwards (from upper level)
   latGETnl: 5841 # GET request latency on next level
   latGETnet: 0 # GET request latency on network to next level
 l2: # Cache stats
  l2-0: # Cache stats
   hGETS: 15700 # GETS hits
   hGETX: 1 # GETX hits
   mGETS: 42151283 # GETS misses
   mGETXIM: 164147 # GETX I->M misses
   mGETXSM: 168 # GETX S->M misses (upgrade misses)
   PUTS: 42165936 # Clean evictions (from lower level)
   PUTX: 164209 # Dirty evictions (from lower level)
   INV: 192 # Invalidates (from upper level)
   INVX: 396566 # Downgrades (from upper level)
   FWD: 0 # Forwards (from upper level)
   latGETnl: 1612716418 # GET request latency on next level
   latGETnet: 0 # GET request latency on network to next level
  l2-1: # Cache stats
   hGETS: 16140 # GETS hits
   hGETX: 0 # GETX hits
   mGETS: 42150153 # GETS misses
   mGETXIM: 98 # GETX I->M misses
   mGETXSM: 24 # GETX S->M misses (upgrade misses)
   PUTS: 42145134 # Clean evictions (from lower level)
   PUTX: 20550 # Dirty evictions (from lower level)
   INV: 82 # Invalidates (from upper level)
   INVX: 6976803 # Downgrades (from upper level)
   FWD: 0 # Forwards (from upper level)
   latGETnl: 1674352480 # GET request latency on next level
   latGETnet: 0 # GET request latency on network to next level
  l2-2: # Cache stats
   hGETS: 16140 # GETS hits
   hGETX: 0 # GETX hits
   mGETS: 42150235 # GETS misses
   mGETXIM: 112 # GETX I->M misses
   mGETXSM: 17 # GETX S->M misses (upgrade misses)
   PUTS: 42145208 # Clean evictions (from lower level)
   PUTX: 20562 # Dirty evictions (from lower level)
   INV: 90 # Invalidates (from upper level)
   INVX: 3563899 # Downgrades (from upper level)
   FWD: 0 # Forwards (from upper level)
   latGETnl: 1639786979 # GET request latency on next level
   latGETnet: 0 # GET request latency on network to next level
  l2-3: # Cache stats
   hGETS: 16140 # GETS hits
   hGETX: 0 # GETX hits
   mGETS: 42150144 # GETS misses
   mGETXIM: 96 # GETX I->M misses
   mGETXSM: 19 # GETX S->M misses (upgrade misses)
   PUTS: 42145120 # Clean evictions (from lower level)
   PUTX: 20552 # Dirty evictions (from lower level)
   INV: 82 # Invalidates (from upper level)
   INVX: 4409225 # Downgrades (from upper level)
   FWD: 0 # Forwards (from upper level)
   latGETnl: 1647172967 # GET request latency on next level
   latGETnet: 0 # GET request latency on network to next level
 l3: # Cache stats
  l3-0b0: # Cache stats
   hGETS: 42144395 # GETS hits
   hGETX: 41101 # GETX hits
   mGETS: 6299 # GETS misses
   mGETXIM: 28 # GETX I->M misses
   mGETXSM: 0 # GETX S->M misses (upgrade misses)
   PUTS: 42131116 # Clean evictions (from lower level)
   PUTX: 56481 # Dirty evictions (from lower level)
   INV: 0 # Invalidates (from upper level)
   INVX: 0 # Downgrades (from upper level)
   FWD: 0 # Forwards (from upper level)
   latGETnl: 474525 # GET request latency on next level
   latGETnet: 0 # GET request latency on network to next level
  l3-0b1: # Cache stats
   hGETS: 42143428 # GETS hits
   hGETX: 41156 # GETX hits
   mGETS: 6304 # GETS misses
   mGETXIM: 27 # GETX I->M misses
   mGETXSM: 0 # GETX S->M misses (upgrade misses)
   PUTS: 42130081 # Clean evictions (from lower level)
   PUTX: 56493 # Dirty evictions (from lower level)
   INV: 0 # Invalidates (from upper level)
   INVX: 0 # Downgrades (from upper level)
   FWD: 0 # Forwards (from upper level)
   latGETnl: 474825 # GET request latency on next level
   latGETnet: 0 # GET request latency on network to next level
  l3-0b2: # Cache stats
   hGETS: 42143925 # GETS hits
   hGETX: 41140 # GETX hits
   mGETS: 6296 # GETS misses
   mGETXIM: 27 # GETX I->M misses
   mGETXSM: 0 # GETX S->M misses (upgrade misses)
   PUTS: 42130755 # Clean evictions (from lower level)
   PUTX: 56440 # Dirty evictions (from lower level)
   INV: 0 # Invalidates (from upper level)
   INVX: 0 # Downgrades (from upper level)
   FWD: 0 # Forwards (from upper level)
   latGETnl: 474225 # GET request latency on next level
   latGETnet: 0 # GET request latency on network to next level
  l3-0b3: # Cache stats
   hGETS: 42144872 # GETS hits
   hGETX: 41173 # GETX hits
   mGETS: 6296 # GETS misses
   mGETXIM: 29 # GETX I->M misses
   mGETXSM: 0 # GETX S->M misses (upgrade misses)
   PUTS: 42131622 # Clean evictions (from lower level)
   PUTX: 56457 # Dirty evictions (from lower level)
   INV: 0 # Invalidates (from upper level)
   INVX: 0 # Downgrades (from upper level)
   FWD: 0 # Forwards (from upper level)
   latGETnl: 474375 # GET request latency on next level
   latGETnet: 0 # GET request latency on network to next level
 mem: # Memory controller stats
  mem-0: # Memory controller stats
   rd: 12625 # Read requests
   wr: 0 # Write requests
   rdlat: 3507175 # Total latency experienced by read requests
   wrlat: 0 # Total latency experienced by write requests
   rdhits: 3289 # Read row hits
   wrhits: 0 # Write row hits
   mlh: # latency histogram for memory requests
    0: 0
    1: 0
    2: 0
    3: 0
    4: 0
    5: 0
    6: 0
    7: 0
    8: 0
    9: 0
    10: 0
    11: 101
    12: 8094
    13: 68
    14: 84
    15: 51
    16: 22
    17: 26
    18: 12
    19: 20
    20: 20
    21: 22
    22: 20
    23: 16
    24: 13
    25: 13
    26: 12
    27: 9
    28: 9
    29: 6
    30: 10
    31: 3
    32: 22
    33: 5
    34: 13
    35: 28
    36: 8
    37: 25
    38: 164
    39: 21
    40: 503
    41: 171
    42: 7
    43: 26
    44: 60
    45: 4
    46: 23
    47: 72
    48: 165
    49: 26
    50: 47
    51: 62
    52: 13
    53: 25
    54: 58
    55: 49
    56: 11
    57: 163
    58: 15
    59: 55
    60: 489
    61: 37
    62: 315
    63: 380
    64: 11
    65: 35
    66: 18
    67: 5
    68: 10
    69: 30
    70: 165
    71: 6
    72: 18
    73: 27
    74: 8
    75: 27
    76: 14
    77: 32
    78: 5
    79: 13
    80: 11
    81: 11
    82: 21
    83: 4
    84: 20
    85: 24
    86: 4
    87: 9
    88: 24
    89: 4
    90: 17
    91: 10
    92: 7
    93: 7
    94: 10
    95: 13
    96: 2
    97: 7
    98: 20
    99: 283
  mem-1: # Memory controller stats
   rd: 12618 # Read requests
   wr: 0 # Write requests
   rdlat: 3434463 # Total latency experienced by read requests
   wrlat: 0 # Total latency experienced by write requests
   rdhits: 3297 # Read row hits
   wrhits: 0 # Write row hits
   mlh: # latency histogram for memory requests
    0: 0
    1: 0
    2: 0
    3: 0
    4: 0
    5: 0
    6: 0
    7: 0
    8: 0
    9: 0
    10: 0
    11: 88
    12: 7797
    13: 60
    14: 94
    15: 70
    16: 23
    17: 25
    18: 11
    19: 19
    20: 20
    21: 15
    22: 18
    23: 16
    24: 14
    25: 12
    26: 179
    27: 82
    28: 16
    29: 6
    30: 7
    31: 4
    32: 23
    33: 6
    34: 13
    35: 35
    36: 9
    37: 27
    38: 205
    39: 23
    40: 543
    41: 178
    42: 8
    43: 30
    44: 67
    45: 6
    46: 22
    47: 97
    48: 181
    49: 24
    50: 48
    51: 76
    52: 11
    53: 19
    54: 93
    55: 50
    56: 19
    57: 217
    58: 22
    59: 65
    60: 501
    61: 46
    62: 309
    63: 385
    64: 11
    65: 18
    66: 10
    67: 7
    68: 16
    69: 16
    70: 152
    71: 9
    72: 17
    73: 12
    74: 11
    75: 52
    76: 11
    77: 67
    78: 7
    79: 12
    80: 6
    81: 8
    82: 14
    83: 6
    84: 18
    85: 9
    86: 4
    87: 2
    88: 8
    89: 1
    90: 3
    91: 11
    92: 5
    93: 5
    94: 2
    95: 13
    96: 4
    97: 1
    98: 14
    99: 122
 sched: # Scheduler stats
  thCr: 31 # Threads created
  thFn: 31 # Threads finished
  schedEvs: 31 # Schedule events
  waitEvs: 0 # Wait events
  handoffEvs: 0 # Handoff events
  sleepEvs: 0 # Sleep events
  idlePhases: 0 # Phases with no thread active
  idlePeriods: 0 # Periods with no thread active
  occHist: # Occupancy histogram
   0: 0
   1: 3
   2: 2
   3: 130
   4: 29475
  rqSzHist: # Run queue size histogram
   0: 29610
   1: 0
   2: 0
   3: 0
   4: 0
   5: 0
   6: 0
   7: 0
   8: 0
   9: 0
   10: 0
   11: 0
   12: 0
   13: 0
   14: 0
   15: 0
   16: 0
 procCycles: # Per-process unhalted core cycles
  0: 1078079854
  1: 0
  2: 0
  3: 0
  4: 0
  5: 0
  6: 0
  7: 0
  8: 0
  9: 0
  10: 0
  11: 0
  12: 0
  13: 0
  14: 0
  15: 0
  16: 0
  17: 0
  18: 0
  19: 0
  20: 0
  21: 0
  22: 0
  23: 0
  24: 0
  25: 0
  26: 0
  27: 0
  28: 0
  29: 0
  30: 0
  31: 0
  32: 0
  33: 0
  34: 0
  35: 0
  36: 0
  37: 0
  38: 0
  39: 0
  40: 0
  41: 0
  42: 0
  43: 0
  44: 0
  45: 0
  46: 0
  47: 0
  48: 0
  49: 0
  50: 0
  51: 0
  52: 0
  53: 0
  54: 0
  55: 0
  56: 0
  57: 0
  58: 0
  59: 0
  60: 0
  61: 0
  62: 0
  63: 0
 procInstrs: # Per-process instructions
  0: 1305227643
  1: 0
  2: 0
  3: 0
  4: 0
  5: 0
  6: 0
  7: 0
  8: 0
  9: 0
  10: 0
  11: 0
  12: 0
  13: 0
  14: 0
  15: 0
  16: 0
  17: 0
  18: 0
  19: 0
  20: 0
  21: 0
  22: 0
  23: 0
  24: 0
  25: 0
  26: 0
  27: 0
  28: 0
  29: 0
  30: 0
  31: 0
  32: 0
  33: 0
  34: 0
  35: 0
  36: 0
  37: 0
  38: 0
  39: 0
  40: 0
  41: 0
  42: 0
  43: 0
  44: 0
  45: 0
  46: 0
  47: 0
  48: 0
  49: 0
  50: 0
  51: 0
  52: 0
  53: 0
  54: 0
  55: 0
  56: 0
  57: 0
  58: 0
  59: 0
  60: 0
  61: 0
  62: 0
  63: 0
 heartbeats: # Per-process heartbeats
  0: 0
  1: 0
  2: 0
  3: 0
  4: 0
  5: 0
  6: 0
  7: 0
  8: 0
  9: 0
  10: 0
  11: 0
  12: 0
  13: 0
  14: 0
  15: 0
  16: 0
  17: 0
  18: 0
  19: 0
  20: 0
  21: 0
  22: 0
  23: 0
  24: 0
  25: 0
  26: 0
  27: 0
  28: 0
  29: 0
  30: 0
  31: 0
  32: 0
  33: 0
  34: 0
  35: 0
  36: 0
  37: 0
  38: 0
  39: 0
  40: 0
  41: 0
  42: 0
  43: 0
  44: 0
  45: 0
  46: 0
  47: 0
  48: 0
  49: 0
  50: 0
  51: 0
  52: 0
  53: 0
  54: 0
  55: 0
  56: 0
  57: 0
  58: 0
  59: 0
  60: 0
  61: 0
  62: 0
  63: 0
===
