# zsim stats
===
root: # Stats
 contention: # Contention simulation stats
  domain-0: # Domain stats
   time: 138278542 # Weave simulation time
 time: # Simulator time breakdown
  init: 1291582627
  bound: 54015169502
  weave: 760458049
  ff: 1240965144
 trigger: 20000 # Reason for this stats dump
 phase: 19688 # Simulated phases
 nehalem: # Core stats
  nehalem-0: # Core stats
   cycles: 140142198 # Simulated unhalted cycles
   cCycles: 511110 # Cycles due to contention stalls
   instrs: 377476318 # Simulated instructions
   uops: 415391141 # Retired micro-ops
   bbls: 59160850 # Basic blocks
   approxInstrs: 60 # Instrs with approx uop decoding
   mispredBranches: 3181 # Mispredicted branches
  nehalem-1: # Core stats
   cycles: 196634157 # Simulated unhalted cycles
   cCycles: 281116 # Cycles due to contention stalls
   instrs: 413287647 # Simulated instructions
   uops: 519331651 # Retired micro-ops
   bbls: 59152713 # Basic blocks
   approxInstrs: 30 # Instrs with approx uop decoding
   mispredBranches: 2864 # Mispredicted branches
  nehalem-2: # Core stats
   cycles: 196588718 # Simulated unhalted cycles
   cCycles: 259738 # Cycles due to contention stalls
   instrs: 413286729 # Simulated instructions
   uops: 519330642 # Retired micro-ops
   bbls: 59152527 # Basic blocks
   approxInstrs: 30 # Instrs with approx uop decoding
   mispredBranches: 2844 # Mispredicted branches
  nehalem-3: # Core stats
   cycles: 196478742 # Simulated unhalted cycles
   cCycles: 209146 # Cycles due to contention stalls
   instrs: 413288875 # Simulated instructions
   uops: 519332965 # Retired micro-ops
   bbls: 59152964 # Basic blocks
   approxInstrs: 30 # Instrs with approx uop decoding
   mispredBranches: 2884 # Mispredicted branches
 l1d: # Cache stats
  l1d-0: # Filter cache stats
   fhGETS: 46640898 # Filtered GETS hits
   fhGETX: 352820 # Filtered GETX hits
   hGETS: 45164252 # GETS hits
   hGETX: 5258838 # GETX hits
   mGETS: 1314218 # GETS misses
   mGETXIM: 307 # GETX I->M misses
   mGETXSM: 180 # GETX S->M misses (upgrade misses)
   PUTS: 0 # Clean evictions (from lower level)
   PUTX: 0 # Dirty evictions (from lower level)
   INV: 189 # Invalidates (from upper level)
   INVX: 9590 # Downgrades (from upper level)
   FWD: 0 # Forwards (from upper level)
   latGETnl: 42054885 # GET request latency on next level
   latGETnet: 0 # GET request latency on network to next level
  l1d-1: # Filter cache stats
   fhGETS: 60654727 # Filtered GETS hits
   fhGETX: 20336649 # Filtered GETX hits
   hGETS: 61839964 # GETS hits
   hGETX: 21956545 # GETX hits
   mGETS: 1320978 # GETS misses
   mGETXIM: 110 # GETX I->M misses
   mGETXSM: 20 # GETX S->M misses (upgrade misses)
   PUTS: 0 # Clean evictions (from lower level)
   PUTX: 0 # Dirty evictions (from lower level)
   INV: 105 # Invalidates (from upper level)
   INVX: 17505 # Downgrades (from upper level)
   FWD: 0 # Forwards (from upper level)
   latGETnl: 42836382 # GET request latency on next level
   latGETnet: 0 # GET request latency on network to next level
  l1d-2: # Filter cache stats
   fhGETS: 60649455 # Filtered GETS hits
   fhGETX: 20335074 # Filtered GETX hits
   hGETS: 61842491 # GETS hits
   hGETX: 21958013 # GETX hits
   mGETS: 1323444 # GETS misses
   mGETXIM: 110 # GETX I->M misses
   mGETXSM: 20 # GETX S->M misses (upgrade misses)
   PUTS: 0 # Clean evictions (from lower level)
   PUTX: 0 # Dirty evictions (from lower level)
   INV: 106 # Invalidates (from upper level)
   INVX: 14076 # Downgrades (from upper level)
   FWD: 0 # Forwards (from upper level)
   latGETnl: 42562248 # GET request latency on next level
   latGETnet: 0 # GET request latency on network to next level
  l1d-3: # Filter cache stats
   fhGETS: 60655403 # Filtered GETS hits
   fhGETX: 20336756 # Filtered GETX hits
   hGETS: 61839607 # GETS hits
   hGETX: 21956561 # GETX hits
   mGETS: 1321009 # GETS misses
   mGETXIM: 111 # GETX I->M misses
   mGETXSM: 17 # GETX S->M misses (upgrade misses)
   PUTS: 0 # Clean evictions (from lower level)
   PUTX: 0 # Dirty evictions (from lower level)
   INV: 107 # Invalidates (from upper level)
   INVX: 12117 # Downgrades (from upper level)
   FWD: 0 # Forwards (from upper level)
   latGETnl: 42810580 # GET request latency on next level
   latGETnet: 0 # GET request latency on network to next level
 l1i: # Cache stats
  l1i-0: # Filter cache stats
   fhGETS: 69748595 # Filtered GETS hits
   fhGETX: 0 # Filtered GETX hits
   hGETS: 767 # GETS hits
   hGETX: 0 # GETX hits
   mGETS: 306 # GETS misses
   mGETXIM: 0 # GETX I->M misses
   mGETXSM: 0 # GETX S->M misses (upgrade misses)
   PUTS: 0 # Clean evictions (from lower level)
   PUTX: 0 # Dirty evictions (from lower level)
   INV: 0 # Invalidates (from upper level)
   INVX: 0 # Downgrades (from upper level)
   FWD: 0 # Forwards (from upper level)
   latGETnl: 37038 # GET request latency on next level
   latGETnet: 0 # GET request latency on network to next level
  l1i-1: # Filter cache stats
   fhGETS: 69736698 # Filtered GETS hits
   fhGETX: 0 # Filtered GETX hits
   hGETS: 542 # GETS hits
   hGETX: 0 # GETX hits
   mGETS: 131 # GETS misses
   mGETXIM: 0 # GETX I->M misses
   mGETXSM: 0 # GETX S->M misses (upgrade misses)
   PUTS: 0 # Clean evictions (from lower level)
   PUTX: 0 # Dirty evictions (from lower level)
   INV: 0 # Invalidates (from upper level)
   INVX: 0 # Downgrades (from upper level)
   FWD: 0 # Forwards (from upper level)
   latGETnl: 8913 # GET request latency on next level
   latGETnet: 0 # GET request latency on network to next level
  l1i-2: # Filter cache stats
   fhGETS: 69736401 # Filtered GETS hits
   fhGETX: 0 # Filtered GETX hits
   hGETS: 535 # GETS hits
   hGETX: 0 # GETX hits
   mGETS: 133 # GETS misses
   mGETXIM: 0 # GETX I->M misses
   mGETXSM: 0 # GETX S->M misses (upgrade misses)
   PUTS: 0 # Clean evictions (from lower level)
   PUTX: 0 # Dirty evictions (from lower level)
   INV: 0 # Invalidates (from upper level)
   INVX: 0 # Downgrades (from upper level)
   FWD: 0 # Forwards (from upper level)
   latGETnl: 7059 # GET request latency on next level
   latGETnet: 0 # GET request latency on network to next level
  l1i-3: # Filter cache stats
   fhGETS: 69737024 # Filtered GETS hits
   fhGETX: 0 # Filtered GETX hits
   hGETS: 550 # GETS hits
   hGETX: 0 # GETX hits
   mGETS: 134 # GETS misses
   mGETXIM: 0 # GETX I->M misses
   mGETXSM: 0 # GETX S->M misses (upgrade misses)
   PUTS: 0 # Clean evictions (from lower level)
   PUTX: 0 # Dirty evictions (from lower level)
   INV: 0 # Invalidates (from upper level)
   INVX: 0 # Downgrades (from upper level)
   FWD: 0 # Forwards (from upper level)
   latGETnl: 9057 # GET request latency on next level
   latGETnet: 0 # GET request latency on network to next level
 l2: # Cache stats
  l2-0: # Cache stats
   hGETS: 583727 # GETS hits
   hGETX: 1 # GETX hits
   mGETS: 730797 # GETS misses
   mGETXIM: 306 # GETX I->M misses
   mGETXSM: 180 # GETX S->M misses (upgrade misses)
   PUTS: 734893 # Clean evictions (from lower level)
   PUTX: 578939 # Dirty evictions (from lower level)
   INV: 189 # Invalidates (from upper level)
   INVX: 43028 # Downgrades (from upper level)
   FWD: 0 # Forwards (from upper level)
   latGETnl: 28941813 # GET request latency on next level
   latGETnet: 0 # GET request latency on network to next level
  l2-1: # Cache stats
   hGETS: 588638 # GETS hits
   hGETX: 0 # GETX hits
   mGETS: 732471 # GETS misses
   mGETXIM: 110 # GETX I->M misses
   mGETXSM: 20 # GETX S->M misses (upgrade misses)
   PUTS: 734562 # Clean evictions (from lower level)
   PUTX: 585911 # Dirty evictions (from lower level)
   INV: 109 # Invalidates (from upper level)
   INVX: 128791 # Downgrades (from upper level)
   FWD: 0 # Forwards (from upper level)
   latGETnl: 29632905 # GET request latency on next level
   latGETnet: 0 # GET request latency on network to next level
  l2-2: # Cache stats
   hGETS: 592781 # GETS hits
   hGETX: 0 # GETX hits
   mGETS: 730796 # GETS misses
   mGETXIM: 110 # GETX I->M misses
   mGETXSM: 20 # GETX S->M misses (upgrade misses)
   PUTS: 734551 # Clean evictions (from lower level)
   PUTX: 588389 # Dirty evictions (from lower level)
   INV: 110 # Invalidates (from upper level)
   INVX: 112191 # Downgrades (from upper level)
   FWD: 0 # Forwards (from upper level)
   latGETnl: 29332237 # GET request latency on next level
   latGETnet: 0 # GET request latency on network to next level
  l2-3: # Cache stats
   hGETS: 587294 # GETS hits
   hGETX: 0 # GETX hits
   mGETS: 733849 # GETS misses
   mGETXIM: 111 # GETX I->M misses
   mGETXSM: 17 # GETX S->M misses (upgrade misses)
   PUTS: 734595 # Clean evictions (from lower level)
   PUTX: 585908 # Dirty evictions (from lower level)
   INV: 110 # Invalidates (from upper level)
   INVX: 125813 # Downgrades (from upper level)
   FWD: 0 # Forwards (from upper level)
   latGETnl: 29606927 # GET request latency on next level
   latGETnet: 0 # GET request latency on network to next level
 l3: # Cache stats
  l3-0b0: # Cache stats
   hGETS: 726734 # GETS hits
   hGETX: 156 # GETX hits
   mGETS: 6310 # GETS misses
   mGETXIM: 28 # GETX I->M misses
   mGETXSM: 0 # GETX S->M misses (upgrade misses)
   PUTS: 708433 # Clean evictions (from lower level)
   PUTX: 20543 # Dirty evictions (from lower level)
   INV: 0 # Invalidates (from upper level)
   INVX: 0 # Downgrades (from upper level)
   FWD: 0 # Forwards (from upper level)
   latGETnl: 475350 # GET request latency on next level
   latGETnet: 0 # GET request latency on network to next level
  l3-0b1: # Cache stats
   hGETS: 727020 # GETS hits
   hGETX: 212 # GETX hits
   mGETS: 6313 # GETS misses
   mGETXIM: 28 # GETX I->M misses
   mGETXSM: 0 # GETX S->M misses (upgrade misses)
   PUTS: 708696 # Clean evictions (from lower level)
   PUTX: 20536 # Dirty evictions (from lower level)
   INV: 0 # Invalidates (from upper level)
   INVX: 0 # Downgrades (from upper level)
   FWD: 0 # Forwards (from upper level)
   latGETnl: 475575 # GET request latency on next level
   latGETnet: 0 # GET request latency on network to next level
  l3-0b2: # Cache stats
   hGETS: 724942 # GETS hits
   hGETX: 184 # GETX hits
   mGETS: 6306 # GETS misses
   mGETXIM: 28 # GETX I->M misses
   mGETXSM: 0 # GETX S->M misses (upgrade misses)
   PUTS: 706763 # Clean evictions (from lower level)
   PUTX: 20476 # Dirty evictions (from lower level)
   INV: 0 # Invalidates (from upper level)
   INVX: 0 # Downgrades (from upper level)
   FWD: 0 # Forwards (from upper level)
   latGETnl: 475050 # GET request latency on next level
   latGETnet: 0 # GET request latency on network to next level
  l3-0b3: # Cache stats
   hGETS: 723979 # GETS hits
   hGETX: 208 # GETX hits
   mGETS: 6309 # GETS misses
   mGETXIM: 30 # GETX I->M misses
   mGETXSM: 0 # GETX S->M misses (upgrade misses)
   PUTS: 705701 # Clean evictions (from lower level)
   PUTX: 20508 # Dirty evictions (from lower level)
   INV: 0 # Invalidates (from upper level)
   INVX: 0 # Downgrades (from upper level)
   FWD: 0 # Forwards (from upper level)
   latGETnl: 475425 # GET request latency on next level
   latGETnet: 0 # GET request latency on network to next level
 mem: # Memory controller stats
  mem-0: # Memory controller stats
   rd: 12649 # Read requests
   wr: 0 # Write requests
   rdlat: 2135819 # Total latency experienced by read requests
   wrlat: 0 # Total latency experienced by write requests
   rdhits: 3183 # Read row hits
   wrhits: 0 # Write row hits
   mlh: # latency histogram for memory requests
    0: 0
    1: 0
    2: 0
    3: 0
    4: 0
    5: 0
    6: 0
    7: 0
    8: 0
    9: 0
    10: 0
    11: 52
    12: 8505
    13: 57
    14: 527
    15: 64
    16: 238
    17: 267
    18: 56
    19: 451
    20: 62
    21: 70
    22: 474
    23: 22
    24: 21
    25: 16
    26: 22
    27: 15
    28: 15
    29: 10
    30: 17
    31: 24
    32: 440
    33: 19
    34: 233
    35: 236
    36: 31
    37: 222
    38: 236
    39: 24
    40: 20
    41: 15
    42: 13
    43: 6
    44: 19
    45: 13
    46: 20
    47: 14
    48: 4
    49: 12
    50: 12
    51: 6
    52: 9
    53: 4
    54: 6
    55: 5
    56: 4
    57: 2
    58: 6
    59: 4
    60: 4
    61: 2
    62: 4
    63: 0
    64: 4
    65: 0
    66: 2
    67: 1
    68: 1
    69: 1
    70: 2
    71: 1
    72: 0
    73: 1
    74: 2
    75: 0
    76: 1
    77: 0
    78: 1
    79: 0
    80: 0
    81: 0
    82: 0
    83: 0
    84: 0
    85: 0
    86: 0
    87: 0
    88: 1
    89: 1
    90: 0
    91: 0
    92: 0
    93: 0
    94: 0
    95: 0
    96: 0
    97: 0
    98: 0
    99: 0
  mem-1: # Memory controller stats
   rd: 12642 # Read requests
   wr: 0 # Write requests
   rdlat: 2207069 # Total latency experienced by read requests
   wrlat: 0 # Total latency experienced by write requests
   rdhits: 3209 # Read row hits
   wrhits: 0 # Write row hits
   mlh: # latency histogram for memory requests
    0: 0
    1: 0
    2: 0
    3: 0
    4: 0
    5: 0
    6: 0
    7: 0
    8: 0
    9: 0
    10: 0
    11: 63
    12: 8182
    13: 58
    14: 499
    15: 83
    16: 226
    17: 269
    18: 48
    19: 426
    20: 69
    21: 72
    22: 441
    23: 35
    24: 34
    25: 32
    26: 254
    27: 64
    28: 21
    29: 19
    30: 26
    31: 28
    32: 395
    33: 27
    34: 213
    35: 239
    36: 31
    37: 216
    38: 231
    39: 28
    40: 31
    41: 28
    42: 13
    43: 16
    44: 30
    45: 11
    46: 24
    47: 13
    48: 5
    49: 14
    50: 11
    51: 8
    52: 9
    53: 6
    54: 5
    55: 9
    56: 6
    57: 4
    58: 6
    59: 9
    60: 4
    61: 3
    62: 2
    63: 3
    64: 1
    65: 3
    66: 0
    67: 2
    68: 2
    69: 2
    70: 4
    71: 2
    72: 1
    73: 4
    74: 2
    75: 2
    76: 2
    77: 0
    78: 0
    79: 1
    80: 0
    81: 0
    82: 2
    83: 0
    84: 1
    85: 1
    86: 1
    87: 0
    88: 2
    89: 0
    90: 1
    91: 0
    92: 0
    93: 1
    94: 0
    95: 0
    96: 1
    97: 0
    98: 1
    99: 4
 sched: # Scheduler stats
  thCr: 31 # Threads created
  thFn: 31 # Threads finished
  schedEvs: 31 # Schedule events
  waitEvs: 0 # Wait events
  handoffEvs: 0 # Handoff events
  sleepEvs: 0 # Sleep events
  idlePhases: 0 # Phases with no thread active
  idlePeriods: 0 # Periods with no thread active
  occHist: # Occupancy histogram
   0: 0
   1: 3
   2: 23
   3: 48
   4: 19614
  rqSzHist: # Run queue size histogram
   0: 19688
   1: 0
   2: 0
   3: 0
   4: 0
   5: 0
   6: 0
   7: 0
   8: 0
   9: 0
   10: 0
   11: 0
   12: 0
   13: 0
   14: 0
   15: 0
   16: 0
 procCycles: # Per-process unhalted core cycles
  0: 729843815
  1: 0
  2: 0
  3: 0
  4: 0
  5: 0
  6: 0
  7: 0
  8: 0
  9: 0
  10: 0
  11: 0
  12: 0
  13: 0
  14: 0
  15: 0
  16: 0
  17: 0
  18: 0
  19: 0
  20: 0
  21: 0
  22: 0
  23: 0
  24: 0
  25: 0
  26: 0
  27: 0
  28: 0
  29: 0
  30: 0
  31: 0
  32: 0
  33: 0
  34: 0
  35: 0
  36: 0
  37: 0
  38: 0
  39: 0
  40: 0
  41: 0
  42: 0
  43: 0
  44: 0
  45: 0
  46: 0
  47: 0
  48: 0
  49: 0
  50: 0
  51: 0
  52: 0
  53: 0
  54: 0
  55: 0
  56: 0
  57: 0
  58: 0
  59: 0
  60: 0
  61: 0
  62: 0
  63: 0
 procInstrs: # Per-process instructions
  0: 1617339569
  1: 0
  2: 0
  3: 0
  4: 0
  5: 0
  6: 0
  7: 0
  8: 0
  9: 0
  10: 0
  11: 0
  12: 0
  13: 0
  14: 0
  15: 0
  16: 0
  17: 0
  18: 0
  19: 0
  20: 0
  21: 0
  22: 0
  23: 0
  24: 0
  25: 0
  26: 0
  27: 0
  28: 0
  29: 0
  30: 0
  31: 0
  32: 0
  33: 0
  34: 0
  35: 0
  36: 0
  37: 0
  38: 0
  39: 0
  40: 0
  41: 0
  42: 0
  43: 0
  44: 0
  45: 0
  46: 0
  47: 0
  48: 0
  49: 0
  50: 0
  51: 0
  52: 0
  53: 0
  54: 0
  55: 0
  56: 0
  57: 0
  58: 0
  59: 0
  60: 0
  61: 0
  62: 0
  63: 0
 heartbeats: # Per-process heartbeats
  0: 0
  1: 0
  2: 0
  3: 0
  4: 0
  5: 0
  6: 0
  7: 0
  8: 0
  9: 0
  10: 0
  11: 0
  12: 0
  13: 0
  14: 0
  15: 0
  16: 0
  17: 0
  18: 0
  19: 0
  20: 0
  21: 0
  22: 0
  23: 0
  24: 0
  25: 0
  26: 0
  27: 0
  28: 0
  29: 0
  30: 0
  31: 0
  32: 0
  33: 0
  34: 0
  35: 0
  36: 0
  37: 0
  38: 0
  39: 0
  40: 0
  41: 0
  42: 0
  43: 0
  44: 0
  45: 0
  46: 0
  47: 0
  48: 0
  49: 0
  50: 0
  51: 0
  52: 0
  53: 0
  54: 0
  55: 0
  56: 0
  57: 0
  58: 0
  59: 0
  60: 0
  61: 0
  62: 0
  63: 0
===
