# zsim stats
===
root: # Stats
 contention: # Contention simulation stats
  domain-0: # Domain stats
   time: 17777521 # Weave simulation time
 time: # Simulator time breakdown
  init: 1256368458
  bound: 6611309447
  weave: 105563032
  ff: 1468333455
 trigger: 20000 # Reason for this stats dump
 phase: 3063 # Simulated phases
 nehalem: # Core stats
  nehalem-0: # Core stats
   cycles: 21666866 # Simulated unhalted cycles
   cCycles: 40498 # Cycles due to contention stalls
   instrs: 59331495 # Simulated instructions
   uops: 65366977 # Retired micro-ops
   bbls: 9320452 # Basic blocks
   approxInstrs: 513 # Instrs with approx uop decoding
   mispredBranches: 1035 # Mispredicted branches
  nehalem-1: # Core stats
   cycles: 30532125 # Simulated unhalted cycles
   cCycles: 17966 # Cycles due to contention stalls
   instrs: 64650747 # Simulated instructions
   uops: 81253441 # Retired micro-ops
   bbls: 9252753 # Basic blocks
   approxInstrs: 300 # Instrs with approx uop decoding
   mispredBranches: 138 # Mispredicted branches
  nehalem-2: # Core stats
   cycles: 30452304 # Simulated unhalted cycles
   cCycles: 17078 # Cycles due to contention stalls
   instrs: 64650747 # Simulated instructions
   uops: 81253441 # Retired micro-ops
   bbls: 9252753 # Basic blocks
   approxInstrs: 300 # Instrs with approx uop decoding
   mispredBranches: 138 # Mispredicted branches
  nehalem-3: # Core stats
   cycles: 30589649 # Simulated unhalted cycles
   cCycles: 16956 # Cycles due to contention stalls
   instrs: 64652804 # Simulated instructions
   uops: 81255687 # Retired micro-ops
   bbls: 9253171 # Basic blocks
   approxInstrs: 300 # Instrs with approx uop decoding
   mispredBranches: 184 # Mispredicted branches
 l1d: # Cache stats
  l1d-0: # Filter cache stats
   fhGETS: 14029897 # Filtered GETS hits
   fhGETX: 846277 # Filtered GETX hits
   hGETS: 485039 # GETS hits
   hGETX: 99997 # GETX hits
   mGETS: 138307 # GETS misses
   mGETXIM: 1767 # GETX I->M misses
   mGETXSM: 2437 # GETX S->M misses (upgrade misses)
   PUTS: 0 # Clean evictions (from lower level)
   PUTX: 0 # Dirty evictions (from lower level)
   INV: 2041 # Invalidates (from upper level)
   INVX: 2290 # Downgrades (from upper level)
   FWD: 0 # Forwards (from upper level)
   latGETnl: 1759124 # GET request latency on next level
   latGETnet: 0 # GET request latency on network to next level
  l1d-1: # Filter cache stats
   fhGETS: 17603738 # Filtered GETS hits
   fhGETX: 5868489 # Filtered GETX hits
   hGETS: 1637138 # GETS hits
   hGETX: 752121 # GETX hits
   mGETS: 135763 # GETS misses
   mGETXIM: 1024 # GETX I->M misses
   mGETXSM: 5680 # GETX S->M misses (upgrade misses)
   PUTS: 0 # Clean evictions (from lower level)
   PUTX: 0 # Dirty evictions (from lower level)
   INV: 1328 # Invalidates (from upper level)
   INVX: 584 # Downgrades (from upper level)
   FWD: 0 # Forwards (from upper level)
   latGETnl: 2129826 # GET request latency on next level
   latGETnet: 0 # GET request latency on network to next level
  l1d-2: # Filter cache stats
   fhGETS: 17631396 # Filtered GETS hits
   fhGETX: 5883673 # Filtered GETX hits
   hGETS: 1610257 # GETS hits
   hGETX: 738126 # GETX hits
   mGETS: 134986 # GETS misses
   mGETXIM: 987 # GETX I->M misses
   mGETXSM: 4528 # GETX S->M misses (upgrade misses)
   PUTS: 0 # Clean evictions (from lower level)
   PUTX: 0 # Dirty evictions (from lower level)
   INV: 1339 # Invalidates (from upper level)
   INVX: 553 # Downgrades (from upper level)
   FWD: 0 # Forwards (from upper level)
   latGETnl: 1996866 # GET request latency on next level
   latGETnet: 0 # GET request latency on network to next level
  l1d-3: # Filter cache stats
   fhGETS: 17832363 # Filtered GETS hits
   fhGETX: 5993950 # Filtered GETX hits
   hGETS: 1406221 # GETS hits
   hGETX: 626192 # GETX hits
   mGETS: 138665 # GETS misses
   mGETXIM: 824 # GETX I->M misses
   mGETXSM: 6576 # GETX S->M misses (upgrade misses)
   PUTS: 0 # Clean evictions (from lower level)
   PUTX: 0 # Dirty evictions (from lower level)
   INV: 1376 # Invalidates (from upper level)
   INVX: 657 # Downgrades (from upper level)
   FWD: 0 # Forwards (from upper level)
   latGETnl: 2243802 # GET request latency on next level
   latGETnet: 0 # GET request latency on network to next level
 l1i: # Cache stats
  l1i-0: # Filter cache stats
   fhGETS: 10978045 # Filtered GETS hits
   fhGETX: 0 # Filtered GETX hits
   hGETS: 5086 # GETS hits
   hGETX: 0 # GETX hits
   mGETS: 278 # GETS misses
   mGETXIM: 0 # GETX I->M misses
   mGETXSM: 0 # GETX S->M misses (upgrade misses)
   PUTS: 0 # Clean evictions (from lower level)
   PUTX: 0 # Dirty evictions (from lower level)
   INV: 0 # Invalidates (from upper level)
   INVX: 0 # Downgrades (from upper level)
   FWD: 0 # Forwards (from upper level)
   latGETnl: 33594 # GET request latency on next level
   latGETnet: 0 # GET request latency on network to next level
  l1i-1: # Filter cache stats
   fhGETS: 10901426 # Filtered GETS hits
   fhGETX: 0 # Filtered GETX hits
   hGETS: 5475 # GETS hits
   hGETX: 0 # GETX hits
   mGETS: 133 # GETS misses
   mGETXIM: 0 # GETX I->M misses
   mGETXSM: 0 # GETX S->M misses (upgrade misses)
   PUTS: 0 # Clean evictions (from lower level)
   PUTX: 0 # Dirty evictions (from lower level)
   INV: 0 # Invalidates (from upper level)
   INVX: 0 # Downgrades (from upper level)
   FWD: 0 # Forwards (from upper level)
   latGETnl: 8784 # GET request latency on next level
   latGETnet: 0 # GET request latency on network to next level
  l1i-2: # Filter cache stats
   fhGETS: 10901423 # Filtered GETS hits
   fhGETX: 0 # Filtered GETX hits
   hGETS: 5476 # GETS hits
   hGETX: 0 # GETX hits
   mGETS: 133 # GETS misses
   mGETXIM: 0 # GETX I->M misses
   mGETXSM: 0 # GETX S->M misses (upgrade misses)
   PUTS: 0 # Clean evictions (from lower level)
   PUTX: 0 # Dirty evictions (from lower level)
   INV: 0 # Invalidates (from upper level)
   INVX: 0 # Downgrades (from upper level)
   FWD: 0 # Forwards (from upper level)
   latGETnl: 7059 # GET request latency on next level
   latGETnet: 0 # GET request latency on network to next level
  l1i-3: # Filter cache stats
   fhGETS: 10902036 # Filtered GETS hits
   fhGETX: 0 # Filtered GETX hits
   hGETS: 5505 # GETS hits
   hGETX: 0 # GETX hits
   mGETS: 133 # GETS misses
   mGETXIM: 0 # GETX I->M misses
   mGETXSM: 0 # GETX S->M misses (upgrade misses)
   PUTS: 0 # Clean evictions (from lower level)
   PUTX: 0 # Dirty evictions (from lower level)
   INV: 0 # Invalidates (from upper level)
   INVX: 0 # Downgrades (from upper level)
   FWD: 0 # Forwards (from upper level)
   latGETnl: 9309 # GET request latency on next level
   latGETnet: 0 # GET request latency on network to next level
 l2: # Cache stats
  l2-0: # Cache stats
   hGETS: 136513 # GETS hits
   hGETX: 509 # GETX hits
   mGETS: 2072 # GETS misses
   mGETXIM: 1257 # GETX I->M misses
   mGETXSM: 2438 # GETX S->M misses (upgrade misses)
   PUTS: 124398 # Clean evictions (from lower level)
   PUTX: 13144 # Dirty evictions (from lower level)
   INV: 2143 # Invalidates (from upper level)
   INVX: 2812 # Downgrades (from upper level)
   FWD: 0 # Forwards (from upper level)
   latGETnl: 364828 # GET request latency on next level
   latGETnet: 0 # GET request latency on network to next level
  l2-1: # Cache stats
   hGETS: 128285 # GETS hits
   hGETX: 53 # GETX hits
   mGETS: 7611 # GETS misses
   mGETXIM: 970 # GETX I->M misses
   mGETXSM: 5681 # GETX S->M misses (upgrade misses)
   PUTS: 122812 # Clean evictions (from lower level)
   PUTX: 12141 # Dirty evictions (from lower level)
   INV: 7188 # Invalidates (from upper level)
   INVX: 5951 # Downgrades (from upper level)
   FWD: 0 # Forwards (from upper level)
   latGETnl: 712610 # GET request latency on next level
   latGETnet: 0 # GET request latency on network to next level
  l2-2: # Cache stats
   hGETS: 128640 # GETS hits
   hGETX: 29 # GETX hits
   mGETS: 6479 # GETS misses
   mGETXIM: 958 # GETX I->M misses
   mGETXSM: 4528 # GETX S->M misses (upgrade misses)
   PUTS: 122202 # Clean evictions (from lower level)
   PUTX: 11925 # Dirty evictions (from lower level)
   INV: 6046 # Invalidates (from upper level)
   INVX: 4780 # Downgrades (from upper level)
   FWD: 0 # Forwards (from upper level)
   latGETnl: 597585 # GET request latency on next level
   latGETnet: 0 # GET request latency on network to next level
  l2-3: # Cache stats
   hGETS: 130237 # GETS hits
   hGETX: 54 # GETX hits
   mGETS: 8561 # GETS misses
   mGETXIM: 770 # GETX I->M misses
   mGETXSM: 6576 # GETX S->M misses (upgrade misses)
   PUTS: 125547 # Clean evictions (from lower level)
   PUTX: 12059 # Dirty evictions (from lower level)
   INV: 7896 # Invalidates (from upper level)
   INVX: 6817 # Downgrades (from upper level)
   FWD: 0 # Forwards (from upper level)
   latGETnl: 791131 # GET request latency on next level
   latGETnet: 0 # GET request latency on network to next level
 l3: # Cache stats
  l3-0b0: # Cache stats
   hGETS: 5450 # GETS hits
   hGETX: 5561 # GETX hits
   mGETS: 545 # GETS misses
   mGETXIM: 26 # GETX I->M misses
   mGETXSM: 0 # GETX S->M misses (upgrade misses)
   PUTS: 0 # Clean evictions (from lower level)
   PUTX: 0 # Dirty evictions (from lower level)
   INV: 0 # Invalidates (from upper level)
   INVX: 0 # Downgrades (from upper level)
   FWD: 0 # Forwards (from upper level)
   latGETnl: 42825 # GET request latency on next level
   latGETnet: 0 # GET request latency on network to next level
  l3-0b1: # Cache stats
   hGETS: 6041 # GETS hits
   hGETX: 5981 # GETX hits
   mGETS: 546 # GETS misses
   mGETXIM: 29 # GETX I->M misses
   mGETXSM: 0 # GETX S->M misses (upgrade misses)
   PUTS: 0 # Clean evictions (from lower level)
   PUTX: 0 # Dirty evictions (from lower level)
   INV: 0 # Invalidates (from upper level)
   INVX: 0 # Downgrades (from upper level)
   FWD: 0 # Forwards (from upper level)
   latGETnl: 43125 # GET request latency on next level
   latGETnet: 0 # GET request latency on network to next level
  l3-0b2: # Cache stats
   hGETS: 5650 # GETS hits
   hGETX: 5922 # GETX hits
   mGETS: 535 # GETS misses
   mGETXIM: 31 # GETX I->M misses
   mGETXSM: 0 # GETX S->M misses (upgrade misses)
   PUTS: 0 # Clean evictions (from lower level)
   PUTX: 0 # Dirty evictions (from lower level)
   INV: 0 # Invalidates (from upper level)
   INVX: 0 # Downgrades (from upper level)
   FWD: 0 # Forwards (from upper level)
   latGETnl: 42450 # GET request latency on next level
   latGETnet: 0 # GET request latency on network to next level
  l3-0b3: # Cache stats
   hGETS: 5414 # GETS hits
   hGETX: 5602 # GETX hits
   mGETS: 542 # GETS misses
   mGETXIM: 26 # GETX I->M misses
   mGETXSM: 0 # GETX S->M misses (upgrade misses)
   PUTS: 0 # Clean evictions (from lower level)
   PUTX: 0 # Dirty evictions (from lower level)
   INV: 0 # Invalidates (from upper level)
   INVX: 0 # Downgrades (from upper level)
   FWD: 0 # Forwards (from upper level)
   latGETnl: 42600 # GET request latency on next level
   latGETnet: 0 # GET request latency on network to next level
 mem: # Memory controller stats
  mem-0: # Memory controller stats
   rd: 1113 # Read requests
   wr: 0 # Write requests
   rdlat: 179945 # Total latency experienced by read requests
   wrlat: 0 # Total latency experienced by write requests
   rdhits: 194 # Read row hits
   wrhits: 0 # Write row hits
   mlh: # latency histogram for memory requests
    0: 0
    1: 0
    2: 0
    3: 0
    4: 0
    5: 0
    6: 0
    7: 0
    8: 0
    9: 0
    10: 0
    11: 17
    12: 721
    13: 21
    14: 64
    15: 29
    16: 12
    17: 27
    18: 6
    19: 21
    20: 10
    21: 6
    22: 23
    23: 5
    24: 16
    25: 16
    26: 10
    27: 16
    28: 14
    29: 10
    30: 18
    31: 5
    32: 3
    33: 5
    34: 2
    35: 2
    36: 0
    37: 3
    38: 2
    39: 2
    40: 2
    41: 0
    42: 3
    43: 1
    44: 0
    45: 2
    46: 2
    47: 0
    48: 1
    49: 1
    50: 1
    51: 1
    52: 0
    53: 1
    54: 0
    55: 1
    56: 1
    57: 1
    58: 0
    59: 0
    60: 1
    61: 0
    62: 0
    63: 1
    64: 0
    65: 1
    66: 0
    67: 0
    68: 1
    69: 0
    70: 1
    71: 0
    72: 1
    73: 0
    74: 0
    75: 1
    76: 0
    77: 0
    78: 1
    79: 0
    80: 1
    81: 0
    82: 0
    83: 0
    84: 0
    85: 0
    86: 0
    87: 0
    88: 0
    89: 0
    90: 0
    91: 0
    92: 0
    93: 0
    94: 0
    95: 0
    96: 0
    97: 0
    98: 0
    99: 0
  mem-1: # Memory controller stats
   rd: 1105 # Read requests
   wr: 0 # Write requests
   rdlat: 170839 # Total latency experienced by read requests
   wrlat: 0 # Total latency experienced by write requests
   rdhits: 192 # Read row hits
   wrhits: 0 # Write row hits
   mlh: # latency histogram for memory requests
    0: 0
    1: 0
    2: 0
    3: 0
    4: 0
    5: 0
    6: 0
    7: 0
    8: 0
    9: 0
    10: 0
    11: 8
    12: 662
    13: 23
    14: 90
    15: 60
    16: 20
    17: 34
    18: 4
    19: 32
    20: 6
    21: 7
    22: 31
    23: 5
    24: 19
    25: 21
    26: 7
    27: 15
    28: 17
    29: 8
    30: 20
    31: 3
    32: 1
    33: 0
    34: 1
    35: 2
    36: 0
    37: 1
    38: 1
    39: 0
    40: 0
    41: 1
    42: 0
    43: 1
    44: 0
    45: 0
    46: 1
    47: 0
    48: 1
    49: 1
    50: 0
    51: 0
    52: 1
    53: 0
    54: 0
    55: 0
    56: 0
    57: 0
    58: 1
    59: 0
    60: 0
    61: 0
    62: 0
    63: 0
    64: 0
    65: 0
    66: 0
    67: 0
    68: 0
    69: 0
    70: 0
    71: 0
    72: 0
    73: 0
    74: 0
    75: 0
    76: 0
    77: 0
    78: 0
    79: 0
    80: 0
    81: 0
    82: 0
    83: 0
    84: 0
    85: 0
    86: 0
    87: 0
    88: 0
    89: 0
    90: 0
    91: 0
    92: 0
    93: 0
    94: 0
    95: 0
    96: 0
    97: 0
    98: 0
    99: 0
 sched: # Scheduler stats
  thCr: 301 # Threads created
  thFn: 301 # Threads finished
  schedEvs: 301 # Schedule events
  waitEvs: 0 # Wait events
  handoffEvs: 0 # Handoff events
  sleepEvs: 0 # Sleep events
  idlePhases: 0 # Phases with no thread active
  idlePeriods: 0 # Periods with no thread active
  occHist: # Occupancy histogram
   0: 0
   1: 3
   2: 1
   3: 35
   4: 3024
  rqSzHist: # Run queue size histogram
   0: 3063
   1: 0
   2: 0
   3: 0
   4: 0
   5: 0
   6: 0
   7: 0
   8: 0
   9: 0
   10: 0
   11: 0
   12: 0
   13: 0
   14: 0
   15: 0
   16: 0
 procCycles: # Per-process unhalted core cycles
  0: 113240944
  1: 0
  2: 0
  3: 0
  4: 0
  5: 0
  6: 0
  7: 0
  8: 0
  9: 0
  10: 0
  11: 0
  12: 0
  13: 0
  14: 0
  15: 0
  16: 0
  17: 0
  18: 0
  19: 0
  20: 0
  21: 0
  22: 0
  23: 0
  24: 0
  25: 0
  26: 0
  27: 0
  28: 0
  29: 0
  30: 0
  31: 0
  32: 0
  33: 0
  34: 0
  35: 0
  36: 0
  37: 0
  38: 0
  39: 0
  40: 0
  41: 0
  42: 0
  43: 0
  44: 0
  45: 0
  46: 0
  47: 0
  48: 0
  49: 0
  50: 0
  51: 0
  52: 0
  53: 0
  54: 0
  55: 0
  56: 0
  57: 0
  58: 0
  59: 0
  60: 0
  61: 0
  62: 0
  63: 0
 procInstrs: # Per-process instructions
  0: 253285793
  1: 0
  2: 0
  3: 0
  4: 0
  5: 0
  6: 0
  7: 0
  8: 0
  9: 0
  10: 0
  11: 0
  12: 0
  13: 0
  14: 0
  15: 0
  16: 0
  17: 0
  18: 0
  19: 0
  20: 0
  21: 0
  22: 0
  23: 0
  24: 0
  25: 0
  26: 0
  27: 0
  28: 0
  29: 0
  30: 0
  31: 0
  32: 0
  33: 0
  34: 0
  35: 0
  36: 0
  37: 0
  38: 0
  39: 0
  40: 0
  41: 0
  42: 0
  43: 0
  44: 0
  45: 0
  46: 0
  47: 0
  48: 0
  49: 0
  50: 0
  51: 0
  52: 0
  53: 0
  54: 0
  55: 0
  56: 0
  57: 0
  58: 0
  59: 0
  60: 0
  61: 0
  62: 0
  63: 0
 heartbeats: # Per-process heartbeats
  0: 0
  1: 0
  2: 0
  3: 0
  4: 0
  5: 0
  6: 0
  7: 0
  8: 0
  9: 0
  10: 0
  11: 0
  12: 0
  13: 0
  14: 0
  15: 0
  16: 0
  17: 0
  18: 0
  19: 0
  20: 0
  21: 0
  22: 0
  23: 0
  24: 0
  25: 0
  26: 0
  27: 0
  28: 0
  29: 0
  30: 0
  31: 0
  32: 0
  33: 0
  34: 0
  35: 0
  36: 0
  37: 0
  38: 0
  39: 0
  40: 0
  41: 0
  42: 0
  43: 0
  44: 0
  45: 0
  46: 0
  47: 0
  48: 0
  49: 0
  50: 0
  51: 0
  52: 0
  53: 0
  54: 0
  55: 0
  56: 0
  57: 0
  58: 0
  59: 0
  60: 0
  61: 0
  62: 0
  63: 0
===
