# zsim stats
===
root: # Stats
 contention: # Contention simulation stats
  domain-0: # Domain stats
   time: 2103949 # Weave simulation time
 time: # Simulator time breakdown
  init: 1255873571
  bound: 210886731
  weave: 4968273
  ff: 1353290941
 trigger: 20000 # Reason for this stats dump
 phase: 66 # Simulated phases
 nehalem: # Core stats
  nehalem-0: # Core stats
   cycles: 666950 # Simulated unhalted cycles
   cCycles: 15242 # Cycles due to contention stalls
   instrs: 997836 # Simulated instructions
   uops: 1187640 # Retired micro-ops
   bbls: 161292 # Basic blocks
   approxInstrs: 433 # Instrs with approx uop decoding
   mispredBranches: 1096 # Mispredicted branches
  nehalem-1: # Core stats
   cycles: 354625 # Simulated unhalted cycles
   cCycles: 3625 # Cycles due to contention stalls
   instrs: 734553 # Simulated instructions
   uops: 854054 # Retired micro-ops
   bbls: 94140 # Basic blocks
   approxInstrs: 300 # Instrs with approx uop decoding
   mispredBranches: 163 # Mispredicted branches
  nehalem-2: # Core stats
   cycles: 352632 # Simulated unhalted cycles
   cCycles: 3592 # Cycles due to contention stalls
   instrs: 734553 # Simulated instructions
   uops: 854054 # Retired micro-ops
   bbls: 94140 # Basic blocks
   approxInstrs: 300 # Instrs with approx uop decoding
   mispredBranches: 163 # Mispredicted branches
  nehalem-3: # Core stats
   cycles: 347761 # Simulated unhalted cycles
   cCycles: 3769 # Cycles due to contention stalls
   instrs: 733875 # Simulated instructions
   uops: 853255 # Retired micro-ops
   bbls: 94004 # Basic blocks
   approxInstrs: 300 # Instrs with approx uop decoding
   mispredBranches: 137 # Mispredicted branches
 l1d: # Cache stats
  l1d-0: # Filter cache stats
   fhGETS: 287754 # Filtered GETS hits
   fhGETX: 58550 # Filtered GETX hits
   hGETS: 15459 # GETS hits
   hGETX: 6366 # GETX hits
   mGETS: 1050 # GETS misses
   mGETXIM: 1256 # GETX I->M misses
   mGETXSM: 2308 # GETX S->M misses (upgrade misses)
   PUTS: 0 # Clean evictions (from lower level)
   PUTX: 0 # Dirty evictions (from lower level)
   INV: 1995 # Invalidates (from upper level)
   INVX: 2372 # Downgrades (from upper level)
   FWD: 0 # Forwards (from upper level)
   latGETnl: 303596 # GET request latency on next level
   latGETnet: 0 # GET request latency on network to next level
  l1d-1: # Filter cache stats
   fhGETS: 226640 # Filtered GETS hits
   fhGETX: 16283 # Filtered GETX hits
   hGETS: 8431 # GETS hits
   hGETX: 1582 # GETX hits
   mGETS: 1049 # GETS misses
   mGETXIM: 1139 # GETX I->M misses
   mGETXSM: 338 # GETX S->M misses (upgrade misses)
   PUTS: 0 # Clean evictions (from lower level)
   PUTX: 0 # Dirty evictions (from lower level)
   INV: 1983 # Invalidates (from upper level)
   INVX: 374 # Downgrades (from upper level)
   FWD: 0 # Forwards (from upper level)
   latGETnl: 159282 # GET request latency on next level
   latGETnet: 0 # GET request latency on network to next level
  l1d-2: # Filter cache stats
   fhGETS: 226453 # Filtered GETS hits
   fhGETX: 16278 # Filtered GETX hits
   hGETS: 8535 # GETS hits
   hGETX: 1547 # GETX hits
   mGETS: 1132 # GETS misses
   mGETXIM: 1191 # GETX I->M misses
   mGETXSM: 326 # GETX S->M misses (upgrade misses)
   PUTS: 0 # Clean evictions (from lower level)
   PUTX: 0 # Dirty evictions (from lower level)
   INV: 2102 # Invalidates (from upper level)
   INVX: 391 # Downgrades (from upper level)
   FWD: 0 # Forwards (from upper level)
   latGETnl: 166612 # GET request latency on next level
   latGETnet: 0 # GET request latency on network to next level
  l1d-3: # Filter cache stats
   fhGETS: 226421 # Filtered GETS hits
   fhGETX: 16245 # Filtered GETX hits
   hGETS: 8357 # GETS hits
   hGETX: 1910 # GETX hits
   mGETS: 1111 # GETS misses
   mGETXIM: 751 # GETX I->M misses
   mGETXSM: 329 # GETX S->M misses (upgrade misses)
   PUTS: 0 # Clean evictions (from lower level)
   PUTX: 0 # Dirty evictions (from lower level)
   INV: 1650 # Invalidates (from upper level)
   INVX: 364 # Downgrades (from upper level)
   FWD: 0 # Forwards (from upper level)
   latGETnl: 136323 # GET request latency on next level
   latGETnet: 0 # GET request latency on network to next level
 l1i: # Cache stats
  l1i-0: # Filter cache stats
   fhGETS: 190759 # Filtered GETS hits
   fhGETX: 0 # Filtered GETX hits
   hGETS: 5116 # GETS hits
   hGETX: 0 # GETX hits
   mGETS: 290 # GETS misses
   mGETXIM: 0 # GETX I->M misses
   mGETXSM: 0 # GETX S->M misses (upgrade misses)
   PUTS: 0 # Clean evictions (from lower level)
   PUTX: 0 # Dirty evictions (from lower level)
   INV: 0 # Invalidates (from upper level)
   INVX: 0 # Downgrades (from upper level)
   FWD: 0 # Forwards (from upper level)
   latGETnl: 32742 # GET request latency on next level
   latGETnet: 0 # GET request latency on network to next level
  l1i-1: # Filter cache stats
   fhGETS: 114632 # Filtered GETS hits
   fhGETX: 0 # Filtered GETX hits
   hGETS: 6791 # GETS hits
   hGETX: 0 # GETX hits
   mGETS: 142 # GETS misses
   mGETXIM: 0 # GETX I->M misses
   mGETXSM: 0 # GETX S->M misses (upgrade misses)
   PUTS: 0 # Clean evictions (from lower level)
   PUTX: 0 # Dirty evictions (from lower level)
   INV: 0 # Invalidates (from upper level)
   INVX: 0 # Downgrades (from upper level)
   FWD: 0 # Forwards (from upper level)
   latGETnl: 8541 # GET request latency on next level
   latGETnet: 0 # GET request latency on network to next level
  l1i-2: # Filter cache stats
   fhGETS: 114628 # Filtered GETS hits
   fhGETX: 0 # Filtered GETX hits
   hGETS: 6790 # GETS hits
   hGETX: 0 # GETX hits
   mGETS: 141 # GETS misses
   mGETXIM: 0 # GETX I->M misses
   mGETXSM: 0 # GETX S->M misses (upgrade misses)
   PUTS: 0 # Clean evictions (from lower level)
   PUTX: 0 # Dirty evictions (from lower level)
   INV: 0 # Invalidates (from upper level)
   INVX: 0 # Downgrades (from upper level)
   FWD: 0 # Forwards (from upper level)
   latGETnl: 8868 # GET request latency on next level
   latGETnet: 0 # GET request latency on network to next level
  l1i-3: # Filter cache stats
   fhGETS: 114380 # Filtered GETS hits
   fhGETX: 0 # Filtered GETX hits
   hGETS: 6760 # GETS hits
   hGETX: 0 # GETX hits
   mGETS: 143 # GETS misses
   mGETXIM: 0 # GETX I->M misses
   mGETXSM: 0 # GETX S->M misses (upgrade misses)
   PUTS: 0 # Clean evictions (from lower level)
   PUTX: 0 # Dirty evictions (from lower level)
   INV: 0 # Invalidates (from upper level)
   INVX: 0 # Downgrades (from upper level)
   FWD: 0 # Forwards (from upper level)
   latGETnl: 8739 # GET request latency on next level
   latGETnet: 0 # GET request latency on network to next level
 l2: # Cache stats
  l2-0: # Cache stats
   hGETS: 12 # GETS hits
   hGETX: 1 # GETX hits
   mGETS: 1328 # GETS misses
   mGETXIM: 1256 # GETX I->M misses
   mGETXSM: 2307 # GETX S->M misses (upgrade misses)
   PUTS: 22 # Clean evictions (from lower level)
   PUTX: 3 # Dirty evictions (from lower level)
   INV: 1995 # Invalidates (from upper level)
   INVX: 2372 # Downgrades (from upper level)
   FWD: 0 # Forwards (from upper level)
   latGETnl: 287298 # GET request latency on next level
   latGETnet: 0 # GET request latency on network to next level
  l2-1: # Cache stats
   hGETS: 0 # GETS hits
   hGETX: 0 # GETX hits
   mGETS: 1191 # GETS misses
   mGETXIM: 1139 # GETX I->M misses
   mGETXSM: 338 # GETX S->M misses (upgrade misses)
   PUTS: 0 # Clean evictions (from lower level)
   PUTX: 0 # Dirty evictions (from lower level)
   INV: 1983 # Invalidates (from upper level)
   INVX: 374 # Downgrades (from upper level)
   FWD: 0 # Forwards (from upper level)
   latGETnl: 141143 # GET request latency on next level
   latGETnet: 0 # GET request latency on network to next level
  l2-2: # Cache stats
   hGETS: 0 # GETS hits
   hGETX: 0 # GETX hits
   mGETS: 1273 # GETS misses
   mGETXIM: 1191 # GETX I->M misses
   mGETXSM: 326 # GETX S->M misses (upgrade misses)
   PUTS: 0 # Clean evictions (from lower level)
   PUTX: 0 # Dirty evictions (from lower level)
   INV: 2102 # Invalidates (from upper level)
   INVX: 391 # Downgrades (from upper level)
   FWD: 0 # Forwards (from upper level)
   latGETnl: 147580 # GET request latency on next level
   latGETnet: 0 # GET request latency on network to next level
  l2-3: # Cache stats
   hGETS: 0 # GETS hits
   hGETX: 0 # GETX hits
   mGETS: 1254 # GETS misses
   mGETXIM: 751 # GETX I->M misses
   mGETXSM: 329 # GETX S->M misses (upgrade misses)
   PUTS: 1 # Clean evictions (from lower level)
   PUTX: 0 # Dirty evictions (from lower level)
   INV: 1650 # Invalidates (from upper level)
   INVX: 364 # Downgrades (from upper level)
   FWD: 0 # Forwards (from upper level)
   latGETnl: 121722 # GET request latency on next level
   latGETnet: 0 # GET request latency on network to next level
 l3: # Cache stats
  l3-0b0: # Cache stats
   hGETS: 932 # GETS hits
   hGETX: 1716 # GETX hits
   mGETS: 179 # GETS misses
   mGETXIM: 29 # GETX I->M misses
   mGETXSM: 0 # GETX S->M misses (upgrade misses)
   PUTS: 0 # Clean evictions (from lower level)
   PUTX: 0 # Dirty evictions (from lower level)
   INV: 0 # Invalidates (from upper level)
   INVX: 0 # Downgrades (from upper level)
   FWD: 0 # Forwards (from upper level)
   latGETnl: 15600 # GET request latency on next level
   latGETnet: 0 # GET request latency on network to next level
  l3-0b1: # Cache stats
   hGETS: 1503 # GETS hits
   hGETX: 2079 # GETX hits
   mGETS: 181 # GETS misses
   mGETXIM: 28 # GETX I->M misses
   mGETXSM: 0 # GETX S->M misses (upgrade misses)
   PUTS: 0 # Clean evictions (from lower level)
   PUTX: 0 # Dirty evictions (from lower level)
   INV: 0 # Invalidates (from upper level)
   INVX: 0 # Downgrades (from upper level)
   FWD: 0 # Forwards (from upper level)
   latGETnl: 15675 # GET request latency on next level
   latGETnet: 0 # GET request latency on network to next level
  l3-0b2: # Cache stats
   hGETS: 1161 # GETS hits
   hGETX: 2076 # GETX hits
   mGETS: 171 # GETS misses
   mGETXIM: 30 # GETX I->M misses
   mGETXSM: 0 # GETX S->M misses (upgrade misses)
   PUTS: 0 # Clean evictions (from lower level)
   PUTX: 0 # Dirty evictions (from lower level)
   INV: 0 # Invalidates (from upper level)
   INVX: 0 # Downgrades (from upper level)
   FWD: 0 # Forwards (from upper level)
   latGETnl: 15075 # GET request latency on next level
   latGETnet: 0 # GET request latency on network to next level
  l3-0b3: # Cache stats
   hGETS: 743 # GETS hits
   hGETX: 1654 # GETX hits
   mGETS: 176 # GETS misses
   mGETXIM: 25 # GETX I->M misses
   mGETXSM: 0 # GETX S->M misses (upgrade misses)
   PUTS: 0 # Clean evictions (from lower level)
   PUTX: 0 # Dirty evictions (from lower level)
   INV: 0 # Invalidates (from upper level)
   INVX: 0 # Downgrades (from upper level)
   FWD: 0 # Forwards (from upper level)
   latGETnl: 15075 # GET request latency on next level
   latGETnet: 0 # GET request latency on network to next level
 mem: # Memory controller stats
  mem-0: # Memory controller stats
   rd: 384 # Read requests
   wr: 0 # Write requests
   rdlat: 56149 # Total latency experienced by read requests
   wrlat: 0 # Total latency experienced by write requests
   rdhits: 3 # Read row hits
   wrhits: 0 # Write row hits
   mlh: # latency histogram for memory requests
    0: 0
    1: 0
    2: 0
    3: 0
    4: 0
    5: 0
    6: 0
    7: 0
    8: 0
    9: 0
    10: 0
    11: 3
    12: 234
    13: 24
    14: 40
    15: 19
    16: 5
    17: 9
    18: 4
    19: 8
    20: 4
    21: 3
    22: 4
    23: 3
    24: 4
    25: 0
    26: 5
    27: 5
    28: 1
    29: 3
    30: 0
    31: 0
    32: 1
    33: 0
    34: 0
    35: 2
    36: 0
    37: 1
    38: 0
    39: 0
    40: 0
    41: 0
    42: 0
    43: 0
    44: 0
    45: 0
    46: 0
    47: 0
    48: 0
    49: 0
    50: 0
    51: 0
    52: 0
    53: 1
    54: 0
    55: 1
    56: 0
    57: 0
    58: 0
    59: 0
    60: 0
    61: 0
    62: 0
    63: 0
    64: 0
    65: 0
    66: 0
    67: 0
    68: 0
    69: 0
    70: 0
    71: 0
    72: 0
    73: 0
    74: 0
    75: 0
    76: 0
    77: 0
    78: 0
    79: 0
    80: 0
    81: 0
    82: 0
    83: 0
    84: 0
    85: 0
    86: 0
    87: 0
    88: 0
    89: 0
    90: 0
    91: 0
    92: 0
    93: 0
    94: 0
    95: 0
    96: 0
    97: 0
    98: 0
    99: 0
  mem-1: # Memory controller stats
   rd: 372 # Read requests
   wr: 0 # Write requests
   rdlat: 53475 # Total latency experienced by read requests
   wrlat: 0 # Total latency experienced by write requests
   rdhits: 5 # Read row hits
   wrhits: 0 # Write row hits
   mlh: # latency histogram for memory requests
    0: 0
    1: 0
    2: 0
    3: 0
    4: 0
    5: 0
    6: 0
    7: 0
    8: 0
    9: 0
    10: 0
    11: 4
    12: 232
    13: 21
    14: 30
    15: 29
    16: 5
    17: 8
    18: 3
    19: 2
    20: 4
    21: 4
    22: 3
    23: 4
    24: 3
    25: 2
    26: 7
    27: 2
    28: 3
    29: 1
    30: 1
    31: 2
    32: 1
    33: 0
    34: 0
    35: 0
    36: 0
    37: 1
    38: 0
    39: 0
    40: 0
    41: 0
    42: 0
    43: 0
    44: 0
    45: 0
    46: 0
    47: 0
    48: 0
    49: 0
    50: 0
    51: 0
    52: 0
    53: 0
    54: 0
    55: 0
    56: 0
    57: 0
    58: 0
    59: 0
    60: 0
    61: 0
    62: 0
    63: 0
    64: 0
    65: 0
    66: 0
    67: 0
    68: 0
    69: 0
    70: 0
    71: 0
    72: 0
    73: 0
    74: 0
    75: 0
    76: 0
    77: 0
    78: 0
    79: 0
    80: 0
    81: 0
    82: 0
    83: 0
    84: 0
    85: 0
    86: 0
    87: 0
    88: 0
    89: 0
    90: 0
    91: 0
    92: 0
    93: 0
    94: 0
    95: 0
    96: 0
    97: 0
    98: 0
    99: 0
 sched: # Scheduler stats
  thCr: 301 # Threads created
  thFn: 301 # Threads finished
  schedEvs: 301 # Schedule events
  waitEvs: 0 # Wait events
  handoffEvs: 0 # Handoff events
  sleepEvs: 0 # Sleep events
  idlePhases: 0 # Phases with no thread active
  idlePeriods: 0 # Periods with no thread active
  occHist: # Occupancy histogram
   0: 0
   1: 20
   2: 45
   3: 0
   4: 1
  rqSzHist: # Run queue size histogram
   0: 66
   1: 0
   2: 0
   3: 0
   4: 0
   5: 0
   6: 0
   7: 0
   8: 0
   9: 0
   10: 0
   11: 0
   12: 0
   13: 0
   14: 0
   15: 0
   16: 0
 procCycles: # Per-process unhalted core cycles
  0: 1721968
  1: 0
  2: 0
  3: 0
  4: 0
  5: 0
  6: 0
  7: 0
  8: 0
  9: 0
  10: 0
  11: 0
  12: 0
  13: 0
  14: 0
  15: 0
  16: 0
  17: 0
  18: 0
  19: 0
  20: 0
  21: 0
  22: 0
  23: 0
  24: 0
  25: 0
  26: 0
  27: 0
  28: 0
  29: 0
  30: 0
  31: 0
  32: 0
  33: 0
  34: 0
  35: 0
  36: 0
  37: 0
  38: 0
  39: 0
  40: 0
  41: 0
  42: 0
  43: 0
  44: 0
  45: 0
  46: 0
  47: 0
  48: 0
  49: 0
  50: 0
  51: 0
  52: 0
  53: 0
  54: 0
  55: 0
  56: 0
  57: 0
  58: 0
  59: 0
  60: 0
  61: 0
  62: 0
  63: 0
 procInstrs: # Per-process instructions
  0: 3200817
  1: 0
  2: 0
  3: 0
  4: 0
  5: 0
  6: 0
  7: 0
  8: 0
  9: 0
  10: 0
  11: 0
  12: 0
  13: 0
  14: 0
  15: 0
  16: 0
  17: 0
  18: 0
  19: 0
  20: 0
  21: 0
  22: 0
  23: 0
  24: 0
  25: 0
  26: 0
  27: 0
  28: 0
  29: 0
  30: 0
  31: 0
  32: 0
  33: 0
  34: 0
  35: 0
  36: 0
  37: 0
  38: 0
  39: 0
  40: 0
  41: 0
  42: 0
  43: 0
  44: 0
  45: 0
  46: 0
  47: 0
  48: 0
  49: 0
  50: 0
  51: 0
  52: 0
  53: 0
  54: 0
  55: 0
  56: 0
  57: 0
  58: 0
  59: 0
  60: 0
  61: 0
  62: 0
  63: 0
 heartbeats: # Per-process heartbeats
  0: 0
  1: 0
  2: 0
  3: 0
  4: 0
  5: 0
  6: 0
  7: 0
  8: 0
  9: 0
  10: 0
  11: 0
  12: 0
  13: 0
  14: 0
  15: 0
  16: 0
  17: 0
  18: 0
  19: 0
  20: 0
  21: 0
  22: 0
  23: 0
  24: 0
  25: 0
  26: 0
  27: 0
  28: 0
  29: 0
  30: 0
  31: 0
  32: 0
  33: 0
  34: 0
  35: 0
  36: 0
  37: 0
  38: 0
  39: 0
  40: 0
  41: 0
  42: 0
  43: 0
  44: 0
  45: 0
  46: 0
  47: 0
  48: 0
  49: 0
  50: 0
  51: 0
  52: 0
  53: 0
  54: 0
  55: 0
  56: 0
  57: 0
  58: 0
  59: 0
  60: 0
  61: 0
  62: 0
  63: 0
===
