# zsim stats
===
root: # Stats
 contention: # Contention simulation stats
  domain-0: # Domain stats
   time: 1704109 # Weave simulation time
 time: # Simulator time breakdown
  init: 1320993572
  bound: 377903314
  weave: 3865710
  ff: 1333063372
 trigger: 20000 # Reason for this stats dump
 phase: 42 # Simulated phases
 nehalem: # Core stats
  nehalem-0: # Core stats
   cycles: 429378 # Simulated unhalted cycles
   cCycles: 14442 # Cycles due to contention stalls
   instrs: 324449 # Simulated instructions
   uops: 414736 # Retired micro-ops
   bbls: 78477 # Basic blocks
   approxInstrs: 490 # Instrs with approx uop decoding
   mispredBranches: 1145 # Mispredicted branches
  nehalem-1: # Core stats
   cycles: 99574 # Simulated unhalted cycles
   cCycles: 2711 # Cycles due to contention stalls
   instrs: 59833 # Simulated instructions
   uops: 79510 # Retired micro-ops
   bbls: 10976 # Basic blocks
   approxInstrs: 300 # Instrs with approx uop decoding
   mispredBranches: 162 # Mispredicted branches
  nehalem-2: # Core stats
   cycles: 96921 # Simulated unhalted cycles
   cCycles: 2174 # Cycles due to contention stalls
   instrs: 58975 # Simulated instructions
   uops: 78555 # Retired micro-ops
   bbls: 10804 # Basic blocks
   approxInstrs: 300 # Instrs with approx uop decoding
   mispredBranches: 136 # Mispredicted branches
  nehalem-3: # Core stats
   cycles: 95120 # Simulated unhalted cycles
   cCycles: 2200 # Cycles due to contention stalls
   instrs: 58975 # Simulated instructions
   uops: 78555 # Retired micro-ops
   bbls: 10804 # Basic blocks
   approxInstrs: 300 # Instrs with approx uop decoding
   mispredBranches: 136 # Mispredicted branches
 l1d: # Cache stats
  l1d-0: # Filter cache stats
   fhGETS: 77866 # Filtered GETS hits
   fhGETX: 51093 # Filtered GETX hits
   hGETS: 10989 # GETS hits
   hGETX: 4640 # GETX hits
   mGETS: 1165 # GETS misses
   mGETXIM: 1273 # GETX I->M misses
   mGETXSM: 2474 # GETX S->M misses (upgrade misses)
   PUTS: 0 # Clean evictions (from lower level)
   PUTX: 0 # Dirty evictions (from lower level)
   INV: 2174 # Invalidates (from upper level)
   INVX: 2534 # Downgrades (from upper level)
   FWD: 0 # Forwards (from upper level)
   latGETnl: 321356 # GET request latency on next level
   latGETnet: 0 # GET request latency on network to next level
  l1d-1: # Filter cache stats
   fhGETS: 16857 # Filtered GETS hits
   fhGETX: 8532 # Filtered GETX hits
   hGETS: 3029 # GETS hits
   hGETX: 386 # GETX hits
   mGETS: 1070 # GETS misses
   mGETXIM: 910 # GETX I->M misses
   mGETXSM: 414 # GETX S->M misses (upgrade misses)
   PUTS: 0 # Clean evictions (from lower level)
   PUTX: 0 # Dirty evictions (from lower level)
   INV: 1827 # Invalidates (from upper level)
   INVX: 446 # Downgrades (from upper level)
   FWD: 0 # Forwards (from upper level)
   latGETnl: 150427 # GET request latency on next level
   latGETnet: 0 # GET request latency on network to next level
  l1d-2: # Filter cache stats
   fhGETS: 16626 # Filtered GETS hits
   fhGETX: 8459 # Filtered GETX hits
   hGETS: 2987 # GETS hits
   hGETX: 393 # GETX hits
   mGETS: 1076 # GETS misses
   mGETXIM: 874 # GETX I->M misses
   mGETXSM: 409 # GETX S->M misses (upgrade misses)
   PUTS: 0 # Clean evictions (from lower level)
   PUTX: 0 # Dirty evictions (from lower level)
   INV: 1808 # Invalidates (from upper level)
   INVX: 433 # Downgrades (from upper level)
   FWD: 0 # Forwards (from upper level)
   latGETnl: 147213 # GET request latency on next level
   latGETnet: 0 # GET request latency on network to next level
  l1d-3: # Filter cache stats
   fhGETS: 16619 # Filtered GETS hits
   fhGETX: 8473 # Filtered GETX hits
   hGETS: 2984 # GETS hits
   hGETX: 531 # GETX hits
   mGETS: 1086 # GETS misses
   mGETXIM: 724 # GETX I->M misses
   mGETXSM: 407 # GETX S->M misses (upgrade misses)
   PUTS: 0 # Clean evictions (from lower level)
   PUTX: 0 # Dirty evictions (from lower level)
   INV: 1668 # Invalidates (from upper level)
   INVX: 416 # Downgrades (from upper level)
   FWD: 0 # Forwards (from upper level)
   latGETnl: 137928 # GET request latency on next level
   latGETnet: 0 # GET request latency on network to next level
 l1i: # Cache stats
  l1i-0: # Filter cache stats
   fhGETS: 81767 # Filtered GETS hits
   fhGETX: 0 # Filtered GETX hits
   hGETS: 5435 # GETS hits
   hGETX: 0 # GETX hits
   mGETS: 263 # GETS misses
   mGETXIM: 0 # GETX I->M misses
   mGETXSM: 0 # GETX S->M misses (upgrade misses)
   PUTS: 0 # Clean evictions (from lower level)
   PUTX: 0 # Dirty evictions (from lower level)
   INV: 0 # Invalidates (from upper level)
   INVX: 0 # Downgrades (from upper level)
   FWD: 0 # Forwards (from upper level)
   latGETnl: 31674 # GET request latency on next level
   latGETnet: 0 # GET request latency on network to next level
  l1i-1: # Filter cache stats
   fhGETS: 7266 # Filtered GETS hits
   fhGETX: 0 # Filtered GETX hits
   hGETS: 4988 # GETS hits
   hGETX: 0 # GETX hits
   mGETS: 124 # GETS misses
   mGETXIM: 0 # GETX I->M misses
   mGETXSM: 0 # GETX S->M misses (upgrade misses)
   PUTS: 0 # Clean evictions (from lower level)
   PUTX: 0 # Dirty evictions (from lower level)
   INV: 0 # Invalidates (from upper level)
   INVX: 0 # Downgrades (from upper level)
   FWD: 0 # Forwards (from upper level)
   latGETnl: 7152 # GET request latency on next level
   latGETnet: 0 # GET request latency on network to next level
  l1i-2: # Filter cache stats
   fhGETS: 6961 # Filtered GETS hits
   fhGETX: 0 # Filtered GETX hits
   hGETS: 4976 # GETS hits
   hGETX: 0 # GETX hits
   mGETS: 126 # GETS misses
   mGETXIM: 0 # GETX I->M misses
   mGETXSM: 0 # GETX S->M misses (upgrade misses)
   PUTS: 0 # Clean evictions (from lower level)
   PUTX: 0 # Dirty evictions (from lower level)
   INV: 0 # Invalidates (from upper level)
   INVX: 0 # Downgrades (from upper level)
   FWD: 0 # Forwards (from upper level)
   latGETnl: 7923 # GET request latency on next level
   latGETnet: 0 # GET request latency on network to next level
  l1i-3: # Filter cache stats
   fhGETS: 6962 # Filtered GETS hits
   fhGETX: 0 # Filtered GETX hits
   hGETS: 4975 # GETS hits
   hGETX: 0 # GETX hits
   mGETS: 126 # GETS misses
   mGETXIM: 0 # GETX I->M misses
   mGETXSM: 0 # GETX S->M misses (upgrade misses)
   PUTS: 0 # Clean evictions (from lower level)
   PUTX: 0 # Dirty evictions (from lower level)
   INV: 0 # Invalidates (from upper level)
   INVX: 0 # Downgrades (from upper level)
   FWD: 0 # Forwards (from upper level)
   latGETnl: 7173 # GET request latency on next level
   latGETnet: 0 # GET request latency on network to next level
 l2: # Cache stats
  l2-0: # Cache stats
   hGETS: 1 # GETS hits
   hGETX: 1 # GETX hits
   mGETS: 1427 # GETS misses
   mGETXIM: 1275 # GETX I->M misses
   mGETXSM: 2471 # GETX S->M misses (upgrade misses)
   PUTS: 5 # Clean evictions (from lower level)
   PUTX: 1 # Dirty evictions (from lower level)
   INV: 2174 # Invalidates (from upper level)
   INVX: 2534 # Downgrades (from upper level)
   FWD: 0 # Forwards (from upper level)
   latGETnl: 301280 # GET request latency on next level
   latGETnet: 0 # GET request latency on network to next level
  l2-1: # Cache stats
   hGETS: 0 # GETS hits
   hGETX: 0 # GETX hits
   mGETS: 1194 # GETS misses
   mGETXIM: 910 # GETX I->M misses
   mGETXSM: 414 # GETX S->M misses (upgrade misses)
   PUTS: 0 # Clean evictions (from lower level)
   PUTX: 0 # Dirty evictions (from lower level)
   INV: 1827 # Invalidates (from upper level)
   INVX: 446 # Downgrades (from upper level)
   FWD: 0 # Forwards (from upper level)
   latGETnl: 132399 # GET request latency on next level
   latGETnet: 0 # GET request latency on network to next level
  l2-2: # Cache stats
   hGETS: 0 # GETS hits
   hGETX: 0 # GETX hits
   mGETS: 1202 # GETS misses
   mGETXIM: 874 # GETX I->M misses
   mGETXSM: 409 # GETX S->M misses (upgrade misses)
   PUTS: 0 # Clean evictions (from lower level)
   PUTX: 0 # Dirty evictions (from lower level)
   INV: 1808 # Invalidates (from upper level)
   INVX: 433 # Downgrades (from upper level)
   FWD: 0 # Forwards (from upper level)
   latGETnl: 130286 # GET request latency on next level
   latGETnet: 0 # GET request latency on network to next level
  l2-3: # Cache stats
   hGETS: 0 # GETS hits
   hGETX: 0 # GETX hits
   mGETS: 1212 # GETS misses
   mGETXIM: 724 # GETX I->M misses
   mGETXSM: 407 # GETX S->M misses (upgrade misses)
   PUTS: 0 # Clean evictions (from lower level)
   PUTX: 0 # Dirty evictions (from lower level)
   INV: 1668 # Invalidates (from upper level)
   INVX: 416 # Downgrades (from upper level)
   FWD: 0 # Forwards (from upper level)
   latGETnl: 121671 # GET request latency on next level
   latGETnet: 0 # GET request latency on network to next level
 l3: # Cache stats
  l3-0b0: # Cache stats
   hGETS: 866 # GETS hits
   hGETX: 1695 # GETX hits
   mGETS: 152 # GETS misses
   mGETXIM: 29 # GETX I->M misses
   mGETXSM: 0 # GETX S->M misses (upgrade misses)
   PUTS: 0 # Clean evictions (from lower level)
   PUTX: 0 # Dirty evictions (from lower level)
   INV: 0 # Invalidates (from upper level)
   INVX: 0 # Downgrades (from upper level)
   FWD: 0 # Forwards (from upper level)
   latGETnl: 13575 # GET request latency on next level
   latGETnet: 0 # GET request latency on network to next level
  l3-0b1: # Cache stats
   hGETS: 1374 # GETS hits
   hGETX: 2023 # GETX hits
   mGETS: 153 # GETS misses
   mGETXIM: 27 # GETX I->M misses
   mGETXSM: 0 # GETX S->M misses (upgrade misses)
   PUTS: 0 # Clean evictions (from lower level)
   PUTX: 0 # Dirty evictions (from lower level)
   INV: 0 # Invalidates (from upper level)
   INVX: 0 # Downgrades (from upper level)
   FWD: 0 # Forwards (from upper level)
   latGETnl: 13500 # GET request latency on next level
   latGETnet: 0 # GET request latency on network to next level
  l3-0b2: # Cache stats
   hGETS: 1198 # GETS hits
   hGETX: 1885 # GETX hits
   mGETS: 141 # GETS misses
   mGETXIM: 30 # GETX I->M misses
   mGETXSM: 0 # GETX S->M misses (upgrade misses)
   PUTS: 0 # Clean evictions (from lower level)
   PUTX: 0 # Dirty evictions (from lower level)
   INV: 0 # Invalidates (from upper level)
   INVX: 0 # Downgrades (from upper level)
   FWD: 0 # Forwards (from upper level)
   latGETnl: 12825 # GET request latency on next level
   latGETnet: 0 # GET request latency on network to next level
  l3-0b3: # Cache stats
   hGETS: 1001 # GETS hits
   hGETX: 1769 # GETX hits
   mGETS: 150 # GETS misses
   mGETXIM: 26 # GETX I->M misses
   mGETXSM: 0 # GETX S->M misses (upgrade misses)
   PUTS: 0 # Clean evictions (from lower level)
   PUTX: 0 # Dirty evictions (from lower level)
   INV: 0 # Invalidates (from upper level)
   INVX: 0 # Downgrades (from upper level)
   FWD: 0 # Forwards (from upper level)
   latGETnl: 13200 # GET request latency on next level
   latGETnet: 0 # GET request latency on network to next level
 mem: # Memory controller stats
  mem-0: # Memory controller stats
   rd: 327 # Read requests
   wr: 0 # Write requests
   rdlat: 46192 # Total latency experienced by read requests
   wrlat: 0 # Total latency experienced by write requests
   rdhits: 1 # Read row hits
   wrhits: 0 # Write row hits
   mlh: # latency histogram for memory requests
    0: 0
    1: 0
    2: 0
    3: 0
    4: 0
    5: 0
    6: 0
    7: 0
    8: 0
    9: 0
    10: 0
    11: 0
    12: 212
    13: 21
    14: 33
    15: 20
    16: 3
    17: 10
    18: 3
    19: 4
    20: 2
    21: 0
    22: 3
    23: 2
    24: 3
    25: 2
    26: 3
    27: 2
    28: 1
    29: 0
    30: 0
    31: 0
    32: 0
    33: 0
    34: 0
    35: 0
    36: 0
    37: 1
    38: 0
    39: 0
    40: 0
    41: 0
    42: 0
    43: 0
    44: 0
    45: 0
    46: 0
    47: 0
    48: 0
    49: 0
    50: 0
    51: 0
    52: 0
    53: 1
    54: 0
    55: 1
    56: 0
    57: 0
    58: 0
    59: 0
    60: 0
    61: 0
    62: 0
    63: 0
    64: 0
    65: 0
    66: 0
    67: 0
    68: 0
    69: 0
    70: 0
    71: 0
    72: 0
    73: 0
    74: 0
    75: 0
    76: 0
    77: 0
    78: 0
    79: 0
    80: 0
    81: 0
    82: 0
    83: 0
    84: 0
    85: 0
    86: 0
    87: 0
    88: 0
    89: 0
    90: 0
    91: 0
    92: 0
    93: 0
    94: 0
    95: 0
    96: 0
    97: 0
    98: 0
    99: 0
  mem-1: # Memory controller stats
   rd: 317 # Read requests
   wr: 0 # Write requests
   rdlat: 44501 # Total latency experienced by read requests
   wrlat: 0 # Total latency experienced by write requests
   rdhits: 4 # Read row hits
   wrhits: 0 # Write row hits
   mlh: # latency histogram for memory requests
    0: 0
    1: 0
    2: 0
    3: 0
    4: 0
    5: 0
    6: 0
    7: 0
    8: 0
    9: 0
    10: 0
    11: 1
    12: 204
    13: 21
    14: 26
    15: 28
    16: 3
    17: 7
    18: 4
    19: 2
    20: 1
    21: 2
    22: 1
    23: 1
    24: 1
    25: 4
    26: 6
    27: 1
    28: 1
    29: 1
    30: 0
    31: 0
    32: 0
    33: 0
    34: 0
    35: 0
    36: 0
    37: 0
    38: 1
    39: 0
    40: 0
    41: 1
    42: 0
    43: 0
    44: 0
    45: 0
    46: 0
    47: 0
    48: 0
    49: 0
    50: 0
    51: 0
    52: 0
    53: 0
    54: 0
    55: 0
    56: 0
    57: 0
    58: 0
    59: 0
    60: 0
    61: 0
    62: 0
    63: 0
    64: 0
    65: 0
    66: 0
    67: 0
    68: 0
    69: 0
    70: 0
    71: 0
    72: 0
    73: 0
    74: 0
    75: 0
    76: 0
    77: 0
    78: 0
    79: 0
    80: 0
    81: 0
    82: 0
    83: 0
    84: 0
    85: 0
    86: 0
    87: 0
    88: 0
    89: 0
    90: 0
    91: 0
    92: 0
    93: 0
    94: 0
    95: 0
    96: 0
    97: 0
    98: 0
    99: 0
 sched: # Scheduler stats
  thCr: 301 # Threads created
  thFn: 301 # Threads finished
  schedEvs: 301 # Schedule events
  waitEvs: 0 # Wait events
  handoffEvs: 0 # Handoff events
  sleepEvs: 0 # Sleep events
  idlePhases: 0 # Phases with no thread active
  idlePeriods: 0 # Periods with no thread active
  occHist: # Occupancy histogram
   0: 0
   1: 19
   2: 22
   3: 0
   4: 1
  rqSzHist: # Run queue size histogram
   0: 42
   1: 0
   2: 0
   3: 0
   4: 0
   5: 0
   6: 0
   7: 0
   8: 0
   9: 0
   10: 0
   11: 0
   12: 0
   13: 0
   14: 0
   15: 0
   16: 0
 procCycles: # Per-process unhalted core cycles
  0: 720993
  1: 0
  2: 0
  3: 0
  4: 0
  5: 0
  6: 0
  7: 0
  8: 0
  9: 0
  10: 0
  11: 0
  12: 0
  13: 0
  14: 0
  15: 0
  16: 0
  17: 0
  18: 0
  19: 0
  20: 0
  21: 0
  22: 0
  23: 0
  24: 0
  25: 0
  26: 0
  27: 0
  28: 0
  29: 0
  30: 0
  31: 0
  32: 0
  33: 0
  34: 0
  35: 0
  36: 0
  37: 0
  38: 0
  39: 0
  40: 0
  41: 0
  42: 0
  43: 0
  44: 0
  45: 0
  46: 0
  47: 0
  48: 0
  49: 0
  50: 0
  51: 0
  52: 0
  53: 0
  54: 0
  55: 0
  56: 0
  57: 0
  58: 0
  59: 0
  60: 0
  61: 0
  62: 0
  63: 0
 procInstrs: # Per-process instructions
  0: 502232
  1: 0
  2: 0
  3: 0
  4: 0
  5: 0
  6: 0
  7: 0
  8: 0
  9: 0
  10: 0
  11: 0
  12: 0
  13: 0
  14: 0
  15: 0
  16: 0
  17: 0
  18: 0
  19: 0
  20: 0
  21: 0
  22: 0
  23: 0
  24: 0
  25: 0
  26: 0
  27: 0
  28: 0
  29: 0
  30: 0
  31: 0
  32: 0
  33: 0
  34: 0
  35: 0
  36: 0
  37: 0
  38: 0
  39: 0
  40: 0
  41: 0
  42: 0
  43: 0
  44: 0
  45: 0
  46: 0
  47: 0
  48: 0
  49: 0
  50: 0
  51: 0
  52: 0
  53: 0
  54: 0
  55: 0
  56: 0
  57: 0
  58: 0
  59: 0
  60: 0
  61: 0
  62: 0
  63: 0
 heartbeats: # Per-process heartbeats
  0: 0
  1: 0
  2: 0
  3: 0
  4: 0
  5: 0
  6: 0
  7: 0
  8: 0
  9: 0
  10: 0
  11: 0
  12: 0
  13: 0
  14: 0
  15: 0
  16: 0
  17: 0
  18: 0
  19: 0
  20: 0
  21: 0
  22: 0
  23: 0
  24: 0
  25: 0
  26: 0
  27: 0
  28: 0
  29: 0
  30: 0
  31: 0
  32: 0
  33: 0
  34: 0
  35: 0
  36: 0
  37: 0
  38: 0
  39: 0
  40: 0
  41: 0
  42: 0
  43: 0
  44: 0
  45: 0
  46: 0
  47: 0
  48: 0
  49: 0
  50: 0
  51: 0
  52: 0
  53: 0
  54: 0
  55: 0
  56: 0
  57: 0
  58: 0
  59: 0
  60: 0
  61: 0
  62: 0
  63: 0
===
