# zsim stats
===
root: # Stats
 contention: # Contention simulation stats
  domain-0: # Domain stats
   time: 18630822 # Weave simulation time
 time: # Simulator time breakdown
  init: 1324279457
  bound: 6292488090
  weave: 134744473
  ff: 1458848572
 trigger: 20000 # Reason for this stats dump
 phase: 3082 # Simulated phases
 nehalem: # Core stats
  nehalem-0: # Core stats
   cycles: 29642127 # Simulated unhalted cycles
   cCycles: 32151 # Cycles due to contention stalls
   instrs: 61609444 # Simulated instructions
   uops: 80726157 # Retired micro-ops
   bbls: 8501033 # Basic blocks
   approxInstrs: 518 # Instrs with approx uop decoding
   mispredBranches: 1023 # Mispredicted branches
  nehalem-1: # Core stats
   cycles: 30647718 # Simulated unhalted cycles
   cCycles: 17772 # Cycles due to contention stalls
   instrs: 61362653 # Simulated instructions
   uops: 80319154 # Retired micro-ops
   bbls: 8433940 # Basic blocks
   approxInstrs: 300 # Instrs with approx uop decoding
   mispredBranches: 176 # Mispredicted branches
  nehalem-2: # Core stats
   cycles: 30694373 # Simulated unhalted cycles
   cCycles: 18132 # Cycles due to contention stalls
   instrs: 61363722 # Simulated instructions
   uops: 80320296 # Retired micro-ops
   bbls: 8434157 # Basic blocks
   approxInstrs: 300 # Instrs with approx uop decoding
   mispredBranches: 191 # Mispredicted branches
  nehalem-3: # Core stats
   cycles: 30720491 # Simulated unhalted cycles
   cCycles: 20600 # Cycles due to contention stalls
   instrs: 61361975 # Simulated instructions
   uops: 80318355 # Retired micro-ops
   bbls: 8433804 # Basic blocks
   approxInstrs: 300 # Instrs with approx uop decoding
   mispredBranches: 146 # Mispredicted branches
 l1d: # Cache stats
  l1d-0: # Filter cache stats
   fhGETS: 18953504 # Filtered GETS hits
   fhGETX: 6218044 # Filtered GETX hits
   hGETS: 1089810 # GETS hits
   hGETX: 441904 # GETX hits
   mGETS: 138334 # GETS misses
   mGETXIM: 2066 # GETX I->M misses
   mGETXSM: 2364 # GETX S->M misses (upgrade misses)
   PUTS: 0 # Clean evictions (from lower level)
   PUTX: 0 # Dirty evictions (from lower level)
   INV: 2072 # Invalidates (from upper level)
   INVX: 2164 # Downgrades (from upper level)
   FWD: 0 # Forwards (from upper level)
   latGETnl: 1755315 # GET request latency on next level
   latGETnet: 0 # GET request latency on network to next level
  l1d-1: # Filter cache stats
   fhGETS: 18310953 # Filtered GETS hits
   fhGETX: 5908833 # Filtered GETX hits
   hGETS: 1647749 # GETS hits
   hGETX: 711391 # GETX hits
   mGETS: 135318 # GETS misses
   mGETXIM: 932 # GETX I->M misses
   mGETXSM: 4786 # GETX S->M misses (upgrade misses)
   PUTS: 0 # Clean evictions (from lower level)
   PUTX: 0 # Dirty evictions (from lower level)
   INV: 1312 # Invalidates (from upper level)
   INVX: 615 # Downgrades (from upper level)
   FWD: 0 # Forwards (from upper level)
   latGETnl: 2028480 # GET request latency on next level
   latGETnet: 0 # GET request latency on network to next level
  l1d-2: # Filter cache stats
   fhGETS: 18378039 # Filtered GETS hits
   fhGETX: 5943088 # Filtered GETX hits
   hGETS: 1579858 # GETS hits
   hGETX: 676778 # GETX hits
   mGETS: 136431 # GETS misses
   mGETXIM: 882 # GETX I->M misses
   mGETXSM: 5301 # GETX S->M misses (upgrade misses)
   PUTS: 0 # Clean evictions (from lower level)
   PUTX: 0 # Dirty evictions (from lower level)
   INV: 1308 # Invalidates (from upper level)
   INVX: 660 # Downgrades (from upper level)
   FWD: 0 # Forwards (from upper level)
   latGETnl: 2091259 # GET request latency on next level
   latGETnet: 0 # GET request latency on network to next level
  l1d-3: # Filter cache stats
   fhGETS: 18273716 # Filtered GETS hits
   fhGETX: 5889771 # Filtered GETX hits
   hGETS: 1683439 # GETS hits
   hGETX: 729516 # GETX hits
   mGETS: 136634 # GETS misses
   mGETXIM: 995 # GETX I->M misses
   mGETXSM: 5553 # GETX S->M misses (upgrade misses)
   PUTS: 0 # Clean evictions (from lower level)
   PUTX: 0 # Dirty evictions (from lower level)
   INV: 1237 # Invalidates (from upper level)
   INVX: 637 # Downgrades (from upper level)
   FWD: 0 # Forwards (from upper level)
   latGETnl: 2129083 # GET request latency on next level
   latGETnet: 0 # GET request latency on network to next level
 l1i: # Cache stats
  l1i-0: # Filter cache stats
   fhGETS: 8521045 # Filtered GETS hits
   fhGETX: 0 # Filtered GETX hits
   hGETS: 2705 # GETS hits
   hGETX: 0 # GETX hits
   mGETS: 264 # GETS misses
   mGETXIM: 0 # GETX I->M misses
   mGETXSM: 0 # GETX S->M misses (upgrade misses)
   PUTS: 0 # Clean evictions (from lower level)
   PUTX: 0 # Dirty evictions (from lower level)
   INV: 0 # Invalidates (from upper level)
   INVX: 0 # Downgrades (from upper level)
   FWD: 0 # Forwards (from upper level)
   latGETnl: 31872 # GET request latency on next level
   latGETnet: 0 # GET request latency on network to next level
  l1i-1: # Filter cache stats
   fhGETS: 8444790 # Filtered GETS hits
   fhGETX: 0 # Filtered GETX hits
   hGETS: 5004 # GETS hits
   hGETX: 0 # GETX hits
   mGETS: 125 # GETS misses
   mGETXIM: 0 # GETX I->M misses
   mGETXSM: 0 # GETX S->M misses (upgrade misses)
   PUTS: 0 # Clean evictions (from lower level)
   PUTX: 0 # Dirty evictions (from lower level)
   INV: 0 # Invalidates (from upper level)
   INVX: 0 # Downgrades (from upper level)
   FWD: 0 # Forwards (from upper level)
   latGETnl: 8475 # GET request latency on next level
   latGETnet: 0 # GET request latency on network to next level
  l1i-2: # Filter cache stats
   fhGETS: 8445074 # Filtered GETS hits
   fhGETX: 0 # Filtered GETX hits
   hGETS: 5009 # GETS hits
   hGETX: 0 # GETX hits
   mGETS: 123 # GETS misses
   mGETXIM: 0 # GETX I->M misses
   mGETXSM: 0 # GETX S->M misses (upgrade misses)
   PUTS: 0 # Clean evictions (from lower level)
   PUTX: 0 # Dirty evictions (from lower level)
   INV: 0 # Invalidates (from upper level)
   INVX: 0 # Downgrades (from upper level)
   FWD: 0 # Forwards (from upper level)
   latGETnl: 7329 # GET request latency on next level
   latGETnet: 0 # GET request latency on network to next level
  l1i-3: # Filter cache stats
   fhGETS: 8444490 # Filtered GETS hits
   fhGETX: 0 # Filtered GETX hits
   hGETS: 4986 # GETS hits
   hGETX: 0 # GETX hits
   mGETS: 127 # GETS misses
   mGETXIM: 0 # GETX I->M misses
   mGETXSM: 0 # GETX S->M misses (upgrade misses)
   PUTS: 0 # Clean evictions (from lower level)
   PUTX: 0 # Dirty evictions (from lower level)
   INV: 0 # Invalidates (from upper level)
   INVX: 0 # Downgrades (from upper level)
   FWD: 0 # Forwards (from upper level)
   latGETnl: 7371 # GET request latency on next level
   latGETnet: 0 # GET request latency on network to next level
 l2: # Cache stats
  l2-0: # Cache stats
   hGETS: 136511 # GETS hits
   hGETX: 707 # GETX hits
   mGETS: 2087 # GETS misses
   mGETXIM: 1258 # GETX I->M misses
   mGETXSM: 2465 # GETX S->M misses (upgrade misses)
   PUTS: 124495 # Clean evictions (from lower level)
   PUTX: 13341 # Dirty evictions (from lower level)
   INV: 2174 # Invalidates (from upper level)
   INVX: 2681 # Downgrades (from upper level)
   FWD: 0 # Forwards (from upper level)
   latGETnl: 356907 # GET request latency on next level
   latGETnet: 0 # GET request latency on network to next level
  l2-1: # Cache stats
   hGETS: 128664 # GETS hits
   hGETX: 36 # GETX hits
   mGETS: 6779 # GETS misses
   mGETXIM: 895 # GETX I->M misses
   mGETXSM: 4787 # GETX S->M misses (upgrade misses)
   PUTS: 122475 # Clean evictions (from lower level)
   PUTX: 11957 # Dirty evictions (from lower level)
   INV: 6248 # Invalidates (from upper level)
   INVX: 5074 # Downgrades (from upper level)
   FWD: 0 # Forwards (from upper level)
   latGETnl: 625345 # GET request latency on next level
   latGETnet: 0 # GET request latency on network to next level
  l2-2: # Cache stats
   hGETS: 129265 # GETS hits
   hGETX: 47 # GETX hits
   mGETS: 7289 # GETS misses
   mGETXIM: 835 # GETX I->M misses
   mGETXSM: 5301 # GETX S->M misses (upgrade misses)
   PUTS: 123480 # Clean evictions (from lower level)
   PUTX: 12019 # Dirty evictions (from lower level)
   INV: 6694 # Invalidates (from upper level)
   INVX: 5598 # Downgrades (from upper level)
   FWD: 0 # Forwards (from upper level)
   latGETnl: 671218 # GET request latency on next level
   latGETnet: 0 # GET request latency on network to next level
  l2-3: # Cache stats
   hGETS: 129265 # GETS hits
   hGETX: 61 # GETX hits
   mGETS: 7496 # GETS misses
   mGETXIM: 933 # GETX I->M misses
   mGETXSM: 5554 # GETX S->M misses (upgrade misses)
   PUTS: 123534 # Clean evictions (from lower level)
   PUTX: 12353 # Dirty evictions (from lower level)
   INV: 7013 # Invalidates (from upper level)
   INVX: 5918 # Downgrades (from upper level)
   FWD: 0 # Forwards (from upper level)
   latGETnl: 703364 # GET request latency on next level
   latGETnet: 0 # GET request latency on network to next level
 l3: # Cache stats
  l3-0b0: # Cache stats
   hGETS: 5080 # GETS hits
   hGETX: 5265 # GETX hits
   mGETS: 538 # GETS misses
   mGETXIM: 29 # GETX I->M misses
   mGETXSM: 0 # GETX S->M misses (upgrade misses)
   PUTS: 0 # Clean evictions (from lower level)
   PUTX: 0 # Dirty evictions (from lower level)
   INV: 0 # Invalidates (from upper level)
   INVX: 0 # Downgrades (from upper level)
   FWD: 0 # Forwards (from upper level)
   latGETnl: 42525 # GET request latency on next level
   latGETnet: 0 # GET request latency on network to next level
  l3-0b1: # Cache stats
   hGETS: 5782 # GETS hits
   hGETX: 5692 # GETX hits
   mGETS: 542 # GETS misses
   mGETXIM: 28 # GETX I->M misses
   mGETXSM: 0 # GETX S->M misses (upgrade misses)
   PUTS: 0 # Clean evictions (from lower level)
   PUTX: 0 # Dirty evictions (from lower level)
   INV: 0 # Invalidates (from upper level)
   INVX: 0 # Downgrades (from upper level)
   FWD: 0 # Forwards (from upper level)
   latGETnl: 42750 # GET request latency on next level
   latGETnet: 0 # GET request latency on network to next level
  l3-0b2: # Cache stats
   hGETS: 5591 # GETS hits
   hGETX: 5740 # GETX hits
   mGETS: 530 # GETS misses
   mGETXIM: 29 # GETX I->M misses
   mGETXSM: 0 # GETX S->M misses (upgrade misses)
   PUTS: 0 # Clean evictions (from lower level)
   PUTX: 0 # Dirty evictions (from lower level)
   INV: 0 # Invalidates (from upper level)
   INVX: 0 # Downgrades (from upper level)
   FWD: 0 # Forwards (from upper level)
   latGETnl: 41925 # GET request latency on next level
   latGETnet: 0 # GET request latency on network to next level
  l3-0b3: # Cache stats
   hGETS: 5055 # GETS hits
   hGETX: 5218 # GETX hits
   mGETS: 533 # GETS misses
   mGETXIM: 27 # GETX I->M misses
   mGETXSM: 0 # GETX S->M misses (upgrade misses)
   PUTS: 0 # Clean evictions (from lower level)
   PUTX: 0 # Dirty evictions (from lower level)
   INV: 0 # Invalidates (from upper level)
   INVX: 0 # Downgrades (from upper level)
   FWD: 0 # Forwards (from upper level)
   latGETnl: 42000 # GET request latency on next level
   latGETnet: 0 # GET request latency on network to next level
 mem: # Memory controller stats
  mem-0: # Memory controller stats
   rd: 1101 # Read requests
   wr: 0 # Write requests
   rdlat: 168709 # Total latency experienced by read requests
   wrlat: 0 # Total latency experienced by write requests
   rdhits: 211 # Read row hits
   wrhits: 0 # Write row hits
   mlh: # latency histogram for memory requests
    0: 0
    1: 0
    2: 0
    3: 0
    4: 0
    5: 0
    6: 0
    7: 0
    8: 0
    9: 0
    10: 0
    11: 15
    12: 707
    13: 31
    14: 60
    15: 41
    16: 12
    17: 31
    18: 10
    19: 14
    20: 18
    21: 8
    22: 23
    23: 8
    24: 13
    25: 20
    26: 8
    27: 24
    28: 7
    29: 9
    30: 23
    31: 5
    32: 5
    33: 2
    34: 2
    35: 0
    36: 0
    37: 1
    38: 0
    39: 0
    40: 0
    41: 0
    42: 0
    43: 0
    44: 0
    45: 0
    46: 0
    47: 0
    48: 0
    49: 0
    50: 0
    51: 0
    52: 0
    53: 1
    54: 0
    55: 1
    56: 0
    57: 1
    58: 0
    59: 0
    60: 1
    61: 0
    62: 0
    63: 0
    64: 0
    65: 0
    66: 0
    67: 0
    68: 0
    69: 0
    70: 0
    71: 0
    72: 0
    73: 0
    74: 0
    75: 0
    76: 0
    77: 0
    78: 0
    79: 0
    80: 0
    81: 0
    82: 0
    83: 0
    84: 0
    85: 0
    86: 0
    87: 0
    88: 0
    89: 0
    90: 0
    91: 0
    92: 0
    93: 0
    94: 0
    95: 0
    96: 0
    97: 0
    98: 0
    99: 0
  mem-1: # Memory controller stats
   rd: 1092 # Read requests
   wr: 0 # Write requests
   rdlat: 168489 # Total latency experienced by read requests
   wrlat: 0 # Total latency experienced by write requests
   rdhits: 199 # Read row hits
   wrhits: 0 # Write row hits
   mlh: # latency histogram for memory requests
    0: 0
    1: 0
    2: 0
    3: 0
    4: 0
    5: 0
    6: 0
    7: 0
    8: 0
    9: 0
    10: 0
    11: 9
    12: 659
    13: 20
    14: 61
    15: 91
    16: 4
    17: 43
    18: 5
    19: 17
    20: 20
    21: 3
    22: 33
    23: 3
    24: 13
    25: 26
    26: 9
    27: 31
    28: 1
    29: 8
    30: 26
    31: 0
    32: 1
    33: 1
    34: 1
    35: 1
    36: 0
    37: 2
    38: 0
    39: 1
    40: 0
    41: 0
    42: 1
    43: 1
    44: 1
    45: 0
    46: 0
    47: 0
    48: 0
    49: 0
    50: 0
    51: 0
    52: 0
    53: 0
    54: 0
    55: 0
    56: 0
    57: 0
    58: 0
    59: 0
    60: 0
    61: 0
    62: 0
    63: 0
    64: 0
    65: 0
    66: 0
    67: 0
    68: 0
    69: 0
    70: 0
    71: 0
    72: 0
    73: 0
    74: 0
    75: 0
    76: 0
    77: 0
    78: 0
    79: 0
    80: 0
    81: 0
    82: 0
    83: 0
    84: 0
    85: 0
    86: 0
    87: 0
    88: 0
    89: 0
    90: 0
    91: 0
    92: 0
    93: 0
    94: 0
    95: 0
    96: 0
    97: 0
    98: 0
    99: 0
 sched: # Scheduler stats
  thCr: 301 # Threads created
  thFn: 301 # Threads finished
  schedEvs: 301 # Schedule events
  waitEvs: 0 # Wait events
  handoffEvs: 0 # Handoff events
  sleepEvs: 0 # Sleep events
  idlePhases: 0 # Phases with no thread active
  idlePeriods: 0 # Periods with no thread active
  occHist: # Occupancy histogram
   0: 0
   1: 3
   2: 11
   3: 39
   4: 3029
  rqSzHist: # Run queue size histogram
   0: 3082
   1: 0
   2: 0
   3: 0
   4: 0
   5: 0
   6: 0
   7: 0
   8: 0
   9: 0
   10: 0
   11: 0
   12: 0
   13: 0
   14: 0
   15: 0
   16: 0
 procCycles: # Per-process unhalted core cycles
  0: 121704709
  1: 0
  2: 0
  3: 0
  4: 0
  5: 0
  6: 0
  7: 0
  8: 0
  9: 0
  10: 0
  11: 0
  12: 0
  13: 0
  14: 0
  15: 0
  16: 0
  17: 0
  18: 0
  19: 0
  20: 0
  21: 0
  22: 0
  23: 0
  24: 0
  25: 0
  26: 0
  27: 0
  28: 0
  29: 0
  30: 0
  31: 0
  32: 0
  33: 0
  34: 0
  35: 0
  36: 0
  37: 0
  38: 0
  39: 0
  40: 0
  41: 0
  42: 0
  43: 0
  44: 0
  45: 0
  46: 0
  47: 0
  48: 0
  49: 0
  50: 0
  51: 0
  52: 0
  53: 0
  54: 0
  55: 0
  56: 0
  57: 0
  58: 0
  59: 0
  60: 0
  61: 0
  62: 0
  63: 0
 procInstrs: # Per-process instructions
  0: 245697794
  1: 0
  2: 0
  3: 0
  4: 0
  5: 0
  6: 0
  7: 0
  8: 0
  9: 0
  10: 0
  11: 0
  12: 0
  13: 0
  14: 0
  15: 0
  16: 0
  17: 0
  18: 0
  19: 0
  20: 0
  21: 0
  22: 0
  23: 0
  24: 0
  25: 0
  26: 0
  27: 0
  28: 0
  29: 0
  30: 0
  31: 0
  32: 0
  33: 0
  34: 0
  35: 0
  36: 0
  37: 0
  38: 0
  39: 0
  40: 0
  41: 0
  42: 0
  43: 0
  44: 0
  45: 0
  46: 0
  47: 0
  48: 0
  49: 0
  50: 0
  51: 0
  52: 0
  53: 0
  54: 0
  55: 0
  56: 0
  57: 0
  58: 0
  59: 0
  60: 0
  61: 0
  62: 0
  63: 0
 heartbeats: # Per-process heartbeats
  0: 0
  1: 0
  2: 0
  3: 0
  4: 0
  5: 0
  6: 0
  7: 0
  8: 0
  9: 0
  10: 0
  11: 0
  12: 0
  13: 0
  14: 0
  15: 0
  16: 0
  17: 0
  18: 0
  19: 0
  20: 0
  21: 0
  22: 0
  23: 0
  24: 0
  25: 0
  26: 0
  27: 0
  28: 0
  29: 0
  30: 0
  31: 0
  32: 0
  33: 0
  34: 0
  35: 0
  36: 0
  37: 0
  38: 0
  39: 0
  40: 0
  41: 0
  42: 0
  43: 0
  44: 0
  45: 0
  46: 0
  47: 0
  48: 0
  49: 0
  50: 0
  51: 0
  52: 0
  53: 0
  54: 0
  55: 0
  56: 0
  57: 0
  58: 0
  59: 0
  60: 0
  61: 0
  62: 0
  63: 0
===
