# zsim stats
===
root: # Stats
 contention: # Contention simulation stats
  domain-0: # Domain stats
   time: 18967752 # Weave simulation time
 time: # Simulator time breakdown
  init: 1266462028
  bound: 7036931331
  weave: 108036236
  ff: 338472522
 trigger: 20000 # Reason for this stats dump
 phase: 1839 # Simulated phases
 nehalem: # Core stats
  nehalem-0: # Core stats
   cycles: 17609434 # Simulated unhalted cycles
   cCycles: 28326 # Cycles due to contention stalls
   instrs: 43691468 # Simulated instructions
   uops: 49960974 # Retired micro-ops
   bbls: 5455131 # Basic blocks
   approxInstrs: 460 # Instrs with approx uop decoding
   mispredBranches: 49139 # Mispredicted branches
  nehalem-1: # Core stats
   cycles: 18059027 # Simulated unhalted cycles
   cCycles: 16419 # Cycles due to contention stalls
   instrs: 43427276 # Simulated instructions
   uops: 49626337 # Retired micro-ops
   bbls: 5387784 # Basic blocks
   approxInstrs: 300 # Instrs with approx uop decoding
   mispredBranches: 48100 # Mispredicted branches
  nehalem-2: # Core stats
   cycles: 18081501 # Simulated unhalted cycles
   cCycles: 19161 # Cycles due to contention stalls
   instrs: 43427315 # Simulated instructions
   uops: 49626401 # Retired micro-ops
   bbls: 5387790 # Basic blocks
   approxInstrs: 300 # Instrs with approx uop decoding
   mispredBranches: 47989 # Mispredicted branches
  nehalem-3: # Core stats
   cycles: 18125945 # Simulated unhalted cycles
   cCycles: 18241 # Cycles due to contention stalls
   instrs: 43426486 # Simulated instructions
   uops: 49625469 # Retired micro-ops
   bbls: 5387623 # Basic blocks
   approxInstrs: 300 # Instrs with approx uop decoding
   mispredBranches: 48108 # Mispredicted branches
 l1d: # Cache stats
  l1d-0: # Filter cache stats
   fhGETS: 6792370 # Filtered GETS hits
   fhGETX: 374070 # Filtered GETX hits
   hGETS: 6864935 # GETS hits
   hGETX: 105532 # GETX hits
   mGETS: 84574 # GETS misses
   mGETXIM: 1664 # GETX I->M misses
   mGETXSM: 2301 # GETX S->M misses (upgrade misses)
   PUTS: 0 # Clean evictions (from lower level)
   PUTX: 0 # Dirty evictions (from lower level)
   INV: 2014 # Invalidates (from upper level)
   INVX: 1968 # Downgrades (from upper level)
   FWD: 0 # Forwards (from upper level)
   latGETnl: 1196366 # GET request latency on next level
   latGETnet: 0 # GET request latency on network to next level
  l1d-1: # Filter cache stats
   fhGETS: 6652881 # Filtered GETS hits
   fhGETX: 299582 # Filtered GETX hits
   hGETS: 6928353 # GETS hits
   hGETX: 126390 # GETX hits
   mGETS: 92225 # GETS misses
   mGETXIM: 1132 # GETX I->M misses
   mGETXSM: 7217 # GETX S->M misses (upgrade misses)
   PUTS: 0 # Clean evictions (from lower level)
   PUTX: 0 # Dirty evictions (from lower level)
   INV: 2329 # Invalidates (from upper level)
   INVX: 1466 # Downgrades (from upper level)
   FWD: 0 # Forwards (from upper level)
   latGETnl: 1870730 # GET request latency on next level
   latGETnet: 0 # GET request latency on network to next level
  l1d-2: # Filter cache stats
   fhGETS: 6655095 # Filtered GETS hits
   fhGETX: 300514 # Filtered GETX hits
   hGETS: 6925881 # GETS hits
   hGETX: 125217 # GETX hits
   mGETS: 92501 # GETS misses
   mGETXIM: 1132 # GETX I->M misses
   mGETXSM: 7472 # GETX S->M misses (upgrade misses)
   PUTS: 0 # Clean evictions (from lower level)
   PUTX: 0 # Dirty evictions (from lower level)
   INV: 2329 # Invalidates (from upper level)
   INVX: 1596 # Downgrades (from upper level)
   FWD: 0 # Forwards (from upper level)
   latGETnl: 1909382 # GET request latency on next level
   latGETnet: 0 # GET request latency on network to next level
  l1d-3: # Filter cache stats
   fhGETS: 6671670 # Filtered GETS hits
   fhGETX: 307328 # Filtered GETX hits
   hGETS: 6910082 # GETS hits
   hGETX: 117656 # GETX hits
   mGETS: 91465 # GETS misses
   mGETXIM: 1004 # GETX I->M misses
   mGETXSM: 8240 # GETX S->M misses (upgrade misses)
   PUTS: 0 # Clean evictions (from lower level)
   PUTX: 0 # Dirty evictions (from lower level)
   INV: 2502 # Invalidates (from upper level)
   INVX: 1840 # Downgrades (from upper level)
   FWD: 0 # Forwards (from upper level)
   latGETnl: 1974384 # GET request latency on next level
   latGETnet: 0 # GET request latency on network to next level
 l1i: # Cache stats
  l1i-0: # Filter cache stats
   fhGETS: 7312766 # Filtered GETS hits
   fhGETX: 0 # Filtered GETX hits
   hGETS: 5117 # GETS hits
   hGETX: 0 # GETX hits
   mGETS: 278 # GETS misses
   mGETXIM: 0 # GETX I->M misses
   mGETXSM: 0 # GETX S->M misses (upgrade misses)
   PUTS: 0 # Clean evictions (from lower level)
   PUTX: 0 # Dirty evictions (from lower level)
   INV: 0 # Invalidates (from upper level)
   INVX: 0 # Downgrades (from upper level)
   FWD: 0 # Forwards (from upper level)
   latGETnl: 32316 # GET request latency on next level
   latGETnet: 0 # GET request latency on network to next level
  l1i-1: # Filter cache stats
   fhGETS: 7236561 # Filtered GETS hits
   fhGETX: 0 # Filtered GETX hits
   hGETS: 6772 # GETS hits
   hGETX: 0 # GETX hits
   mGETS: 142 # GETS misses
   mGETXIM: 0 # GETX I->M misses
   mGETXSM: 0 # GETX S->M misses (upgrade misses)
   PUTS: 0 # Clean evictions (from lower level)
   PUTX: 0 # Dirty evictions (from lower level)
   INV: 0 # Invalidates (from upper level)
   INVX: 0 # Downgrades (from upper level)
   FWD: 0 # Forwards (from upper level)
   latGETnl: 8841 # GET request latency on next level
   latGETnet: 0 # GET request latency on network to next level
  l1i-2: # Filter cache stats
   fhGETS: 7236055 # Filtered GETS hits
   fhGETX: 0 # Filtered GETX hits
   hGETS: 6762 # GETS hits
   hGETX: 0 # GETX hits
   mGETS: 145 # GETS misses
   mGETXIM: 0 # GETX I->M misses
   mGETXSM: 0 # GETX S->M misses (upgrade misses)
   PUTS: 0 # Clean evictions (from lower level)
   PUTX: 0 # Dirty evictions (from lower level)
   INV: 0 # Invalidates (from upper level)
   INVX: 0 # Downgrades (from upper level)
   FWD: 0 # Forwards (from upper level)
   latGETnl: 9285 # GET request latency on next level
   latGETnet: 0 # GET request latency on network to next level
  l1i-3: # Filter cache stats
   fhGETS: 7236607 # Filtered GETS hits
   fhGETX: 0 # Filtered GETX hits
   hGETS: 6738 # GETS hits
   hGETX: 0 # GETX hits
   mGETS: 140 # GETS misses
   mGETXIM: 0 # GETX I->M misses
   mGETXSM: 0 # GETX S->M misses (upgrade misses)
   PUTS: 0 # Clean evictions (from lower level)
   PUTX: 0 # Dirty evictions (from lower level)
   INV: 0 # Invalidates (from upper level)
   INVX: 0 # Downgrades (from upper level)
   FWD: 0 # Forwards (from upper level)
   latGETnl: 7245 # GET request latency on next level
   latGETnet: 0 # GET request latency on network to next level
 l2: # Cache stats
  l2-0: # Cache stats
   hGETS: 82815 # GETS hits
   hGETX: 308 # GETX hits
   mGETS: 2037 # GETS misses
   mGETXIM: 1255 # GETX I->M misses
   mGETXSM: 2402 # GETX S->M misses (upgrade misses)
   PUTS: 70627 # Clean evictions (from lower level)
   PUTX: 13112 # Dirty evictions (from lower level)
   INV: 2116 # Invalidates (from upper level)
   INVX: 2485 # Downgrades (from upper level)
   FWD: 0 # Forwards (from upper level)
   latGETnl: 340512 # GET request latency on next level
   latGETnet: 0 # GET request latency on network to next level
  l2-1: # Cache stats
   hGETS: 83196 # GETS hits
   hGETX: 76 # GETX hits
   mGETS: 9171 # GETS misses
   mGETXIM: 1056 # GETX I->M misses
   mGETXSM: 7217 # GETX S->M misses (upgrade misses)
   PUTS: 78667 # Clean evictions (from lower level)
   PUTX: 11863 # Dirty evictions (from lower level)
   INV: 8815 # Invalidates (from upper level)
   INVX: 7469 # Downgrades (from upper level)
   FWD: 0 # Forwards (from upper level)
   latGETnl: 872411 # GET request latency on next level
   latGETnet: 0 # GET request latency on network to next level
  l2-2: # Cache stats
   hGETS: 83193 # GETS hits
   hGETX: 76 # GETX hits
   mGETS: 9453 # GETS misses
   mGETXIM: 1056 # GETX I->M misses
   mGETXSM: 7472 # GETX S->M misses (upgrade misses)
   PUTS: 78901 # Clean evictions (from lower level)
   PUTX: 11907 # Dirty evictions (from lower level)
   INV: 9074 # Invalidates (from upper level)
   INVX: 7862 # Downgrades (from upper level)
   FWD: 0 # Forwards (from upper level)
   latGETnl: 906167 # GET request latency on next level
   latGETnet: 0 # GET request latency on network to next level
  l2-3: # Cache stats
   hGETS: 81398 # GETS hits
   hGETX: 61 # GETX hits
   mGETS: 10207 # GETS misses
   mGETXIM: 943 # GETX I->M misses
   mGETXSM: 8240 # GETX S->M misses (upgrade misses)
   PUTS: 77789 # Clean evictions (from lower level)
   PUTX: 11672 # Dirty evictions (from lower level)
   INV: 9730 # Invalidates (from upper level)
   INVX: 8661 # Downgrades (from upper level)
   FWD: 0 # Forwards (from upper level)
   latGETnl: 973139 # GET request latency on next level
   latGETnet: 0 # GET request latency on network to next level
 l3: # Cache stats
  l3-0b0: # Cache stats
   hGETS: 7005 # GETS hits
   hGETX: 7171 # GETX hits
   mGETS: 538 # GETS misses
   mGETXIM: 29 # GETX I->M misses
   mGETXSM: 0 # GETX S->M misses (upgrade misses)
   PUTS: 0 # Clean evictions (from lower level)
   PUTX: 0 # Dirty evictions (from lower level)
   INV: 0 # Invalidates (from upper level)
   INVX: 0 # Downgrades (from upper level)
   FWD: 0 # Forwards (from upper level)
   latGETnl: 42525 # GET request latency on next level
   latGETnet: 0 # GET request latency on network to next level
  l3-0b1: # Cache stats
   hGETS: 7592 # GETS hits
   hGETX: 7536 # GETX hits
   mGETS: 540 # GETS misses
   mGETXIM: 28 # GETX I->M misses
   mGETXSM: 0 # GETX S->M misses (upgrade misses)
   PUTS: 0 # Clean evictions (from lower level)
   PUTX: 0 # Dirty evictions (from lower level)
   INV: 0 # Invalidates (from upper level)
   INVX: 0 # Downgrades (from upper level)
   FWD: 0 # Forwards (from upper level)
   latGETnl: 42600 # GET request latency on next level
   latGETnet: 0 # GET request latency on network to next level
  l3-0b2: # Cache stats
   hGETS: 7260 # GETS hits
   hGETX: 7632 # GETX hits
   mGETS: 526 # GETS misses
   mGETXIM: 30 # GETX I->M misses
   mGETXSM: 0 # GETX S->M misses (upgrade misses)
   PUTS: 0 # Clean evictions (from lower level)
   PUTX: 0 # Dirty evictions (from lower level)
   INV: 0 # Invalidates (from upper level)
   INVX: 0 # Downgrades (from upper level)
   FWD: 0 # Forwards (from upper level)
   latGETnl: 41700 # GET request latency on next level
   latGETnet: 0 # GET request latency on network to next level
  l3-0b3: # Cache stats
   hGETS: 6874 # GETS hits
   hGETX: 7190 # GETX hits
   mGETS: 533 # GETS misses
   mGETXIM: 25 # GETX I->M misses
   mGETXSM: 0 # GETX S->M misses (upgrade misses)
   PUTS: 0 # Clean evictions (from lower level)
   PUTX: 0 # Dirty evictions (from lower level)
   INV: 0 # Invalidates (from upper level)
   INVX: 0 # Downgrades (from upper level)
   FWD: 0 # Forwards (from upper level)
   latGETnl: 41850 # GET request latency on next level
   latGETnet: 0 # GET request latency on network to next level
 mem: # Memory controller stats
  mem-0: # Memory controller stats
   rd: 1122 # Read requests
   wr: 0 # Write requests
   rdlat: 210596 # Total latency experienced by read requests
   wrlat: 0 # Total latency experienced by write requests
   rdhits: 198 # Read row hits
   wrhits: 0 # Write row hits
   mlh: # latency histogram for memory requests
    0: 0
    1: 0
    2: 0
    3: 0
    4: 0
    5: 0
    6: 0
    7: 0
    8: 0
    9: 0
    10: 0
    11: 5
    12: 695
    13: 42
    14: 41
    15: 35
    16: 11
    17: 14
    18: 8
    19: 13
    20: 9
    21: 6
    22: 15
    23: 14
    24: 9
    25: 11
    26: 9
    27: 14
    28: 7
    29: 3
    30: 13
    31: 3
    32: 3
    33: 10
    34: 4
    35: 7
    36: 8
    37: 3
    38: 4
    39: 4
    40: 1
    41: 3
    42: 3
    43: 6
    44: 4
    45: 4
    46: 4
    47: 3
    48: 5
    49: 6
    50: 4
    51: 9
    52: 5
    53: 5
    54: 6
    55: 6
    56: 4
    57: 3
    58: 2
    59: 2
    60: 1
    61: 3
    62: 0
    63: 1
    64: 2
    65: 0
    66: 1
    67: 1
    68: 0
    69: 1
    70: 0
    71: 0
    72: 1
    73: 1
    74: 0
    75: 1
    76: 0
    77: 0
    78: 1
    79: 0
    80: 0
    81: 1
    82: 0
    83: 1
    84: 0
    85: 0
    86: 1
    87: 0
    88: 0
    89: 0
    90: 0
    91: 0
    92: 0
    93: 0
    94: 0
    95: 0
    96: 0
    97: 0
    98: 0
    99: 0
  mem-1: # Memory controller stats
   rd: 1112 # Read requests
   wr: 0 # Write requests
   rdlat: 201762 # Total latency experienced by read requests
   wrlat: 0 # Total latency experienced by write requests
   rdhits: 202 # Read row hits
   wrhits: 0 # Write row hits
   mlh: # latency histogram for memory requests
    0: 0
    1: 0
    2: 0
    3: 0
    4: 0
    5: 0
    6: 0
    7: 0
    8: 0
    9: 0
    10: 0
    11: 5
    12: 660
    13: 15
    14: 56
    15: 80
    16: 7
    17: 23
    18: 8
    19: 12
    20: 13
    21: 8
    22: 15
    23: 11
    24: 3
    25: 16
    26: 12
    27: 11
    28: 8
    29: 2
    30: 13
    31: 5
    32: 1
    33: 15
    34: 5
    35: 3
    36: 11
    37: 2
    38: 3
    39: 1
    40: 0
    41: 2
    42: 2
    43: 9
    44: 5
    45: 1
    46: 9
    47: 3
    48: 9
    49: 5
    50: 1
    51: 9
    52: 4
    53: 0
    54: 10
    55: 3
    56: 6
    57: 4
    58: 2
    59: 1
    60: 1
    61: 0
    62: 1
    63: 0
    64: 0
    65: 0
    66: 1
    67: 0
    68: 0
    69: 0
    70: 0
    71: 0
    72: 0
    73: 0
    74: 0
    75: 0
    76: 0
    77: 0
    78: 0
    79: 0
    80: 0
    81: 0
    82: 0
    83: 0
    84: 0
    85: 0
    86: 0
    87: 0
    88: 0
    89: 0
    90: 0
    91: 0
    92: 0
    93: 0
    94: 0
    95: 0
    96: 0
    97: 0
    98: 0
    99: 0
 sched: # Scheduler stats
  thCr: 301 # Threads created
  thFn: 301 # Threads finished
  schedEvs: 301 # Schedule events
  waitEvs: 0 # Wait events
  handoffEvs: 0 # Handoff events
  sleepEvs: 0 # Sleep events
  idlePhases: 0 # Phases with no thread active
  idlePeriods: 0 # Periods with no thread active
  occHist: # Occupancy histogram
   0: 0
   1: 4
   2: 38
   3: 83
   4: 1714
  rqSzHist: # Run queue size histogram
   0: 1839
   1: 0
   2: 0
   3: 0
   4: 0
   5: 0
   6: 0
   7: 0
   8: 0
   9: 0
   10: 0
   11: 0
   12: 0
   13: 0
   14: 0
   15: 0
   16: 0
 procCycles: # Per-process unhalted core cycles
  0: 71875907
  1: 0
  2: 0
  3: 0
  4: 0
  5: 0
  6: 0
  7: 0
  8: 0
  9: 0
  10: 0
  11: 0
  12: 0
  13: 0
  14: 0
  15: 0
  16: 0
  17: 0
  18: 0
  19: 0
  20: 0
  21: 0
  22: 0
  23: 0
  24: 0
  25: 0
  26: 0
  27: 0
  28: 0
  29: 0
  30: 0
  31: 0
  32: 0
  33: 0
  34: 0
  35: 0
  36: 0
  37: 0
  38: 0
  39: 0
  40: 0
  41: 0
  42: 0
  43: 0
  44: 0
  45: 0
  46: 0
  47: 0
  48: 0
  49: 0
  50: 0
  51: 0
  52: 0
  53: 0
  54: 0
  55: 0
  56: 0
  57: 0
  58: 0
  59: 0
  60: 0
  61: 0
  62: 0
  63: 0
 procInstrs: # Per-process instructions
  0: 173972545
  1: 0
  2: 0
  3: 0
  4: 0
  5: 0
  6: 0
  7: 0
  8: 0
  9: 0
  10: 0
  11: 0
  12: 0
  13: 0
  14: 0
  15: 0
  16: 0
  17: 0
  18: 0
  19: 0
  20: 0
  21: 0
  22: 0
  23: 0
  24: 0
  25: 0
  26: 0
  27: 0
  28: 0
  29: 0
  30: 0
  31: 0
  32: 0
  33: 0
  34: 0
  35: 0
  36: 0
  37: 0
  38: 0
  39: 0
  40: 0
  41: 0
  42: 0
  43: 0
  44: 0
  45: 0
  46: 0
  47: 0
  48: 0
  49: 0
  50: 0
  51: 0
  52: 0
  53: 0
  54: 0
  55: 0
  56: 0
  57: 0
  58: 0
  59: 0
  60: 0
  61: 0
  62: 0
  63: 0
 heartbeats: # Per-process heartbeats
  0: 0
  1: 0
  2: 0
  3: 0
  4: 0
  5: 0
  6: 0
  7: 0
  8: 0
  9: 0
  10: 0
  11: 0
  12: 0
  13: 0
  14: 0
  15: 0
  16: 0
  17: 0
  18: 0
  19: 0
  20: 0
  21: 0
  22: 0
  23: 0
  24: 0
  25: 0
  26: 0
  27: 0
  28: 0
  29: 0
  30: 0
  31: 0
  32: 0
  33: 0
  34: 0
  35: 0
  36: 0
  37: 0
  38: 0
  39: 0
  40: 0
  41: 0
  42: 0
  43: 0
  44: 0
  45: 0
  46: 0
  47: 0
  48: 0
  49: 0
  50: 0
  51: 0
  52: 0
  53: 0
  54: 0
  55: 0
  56: 0
  57: 0
  58: 0
  59: 0
  60: 0
  61: 0
  62: 0
  63: 0
===
