# zsim stats
===
root: # Stats
 contention: # Contention simulation stats
  domain-0: # Domain stats
   time: 1819705 # Weave simulation time
 time: # Simulator time breakdown
  init: 1320298522
  bound: 410422524
  weave: 5716497
  ff: 1381775635
 trigger: 20000 # Reason for this stats dump
 phase: 85 # Simulated phases
 nehalem: # Core stats
  nehalem-0: # Core stats
   cycles: 857686 # Simulated unhalted cycles
   cCycles: 15612 # Cycles due to contention stalls
   instrs: 1256327 # Simulated instructions
   uops: 1636409 # Retired micro-ops
   bbls: 206671 # Basic blocks
   approxInstrs: 387 # Instrs with approx uop decoding
   mispredBranches: 1132 # Mispredicted branches
  nehalem-1: # Core stats
   cycles: 561728 # Simulated unhalted cycles
   cCycles: 3326 # Cycles due to contention stalls
   instrs: 994136 # Simulated instructions
   uops: 1303727 # Retired micro-ops
   bbls: 139334 # Basic blocks
   approxInstrs: 300 # Instrs with approx uop decoding
   mispredBranches: 156 # Mispredicted branches
  nehalem-2: # Core stats
   cycles: 560345 # Simulated unhalted cycles
   cCycles: 3553 # Cycles due to contention stalls
   instrs: 994235 # Simulated instructions
   uops: 1303845 # Retired micro-ops
   bbls: 139354 # Basic blocks
   approxInstrs: 300 # Instrs with approx uop decoding
   mispredBranches: 160 # Mispredicted branches
  nehalem-3: # Core stats
   cycles: 561187 # Simulated unhalted cycles
   cCycles: 4639 # Cycles due to contention stalls
   instrs: 994475 # Simulated instructions
   uops: 1304055 # Retired micro-ops
   bbls: 139404 # Basic blocks
   approxInstrs: 300 # Instrs with approx uop decoding
   mispredBranches: 147 # Mispredicted branches
 l1d: # Cache stats
  l1d-0: # Filter cache stats
   fhGETS: 378249 # Filtered GETS hits
   fhGETX: 149669 # Filtered GETX hits
   hGETS: 15422 # GETS hits
   hGETX: 6554 # GETX hits
   mGETS: 1046 # GETS misses
   mGETXIM: 1257 # GETX I->M misses
   mGETXSM: 2298 # GETX S->M misses (upgrade misses)
   PUTS: 0 # Clean evictions (from lower level)
   PUTX: 0 # Dirty evictions (from lower level)
   INV: 1991 # Invalidates (from upper level)
   INVX: 2368 # Downgrades (from upper level)
   FWD: 0 # Forwards (from upper level)
   latGETnl: 303203 # GET request latency on next level
   latGETnet: 0 # GET request latency on network to next level
  l1d-1: # Filter cache stats
   fhGETS: 318482 # Filtered GETS hits
   fhGETX: 108224 # Filtered GETX hits
   hGETS: 7625 # GETS hits
   hGETX: 1821 # GETX hits
   mGETS: 1204 # GETS misses
   mGETXIM: 827 # GETX I->M misses
   mGETXSM: 449 # GETX S->M misses (upgrade misses)
   PUTS: 0 # Clean evictions (from lower level)
   PUTX: 0 # Dirty evictions (from lower level)
   INV: 1841 # Invalidates (from upper level)
   INVX: 477 # Downgrades (from upper level)
   FWD: 0 # Forwards (from upper level)
   latGETnl: 155795 # GET request latency on next level
   latGETnet: 0 # GET request latency on network to next level
  l1d-2: # Filter cache stats
   fhGETS: 318424 # Filtered GETS hits
   fhGETX: 108305 # Filtered GETX hits
   hGETS: 7724 # GETS hits
   hGETX: 1820 # GETX hits
   mGETS: 1193 # GETS misses
   mGETXIM: 777 # GETX I->M misses
   mGETXSM: 433 # GETX S->M misses (upgrade misses)
   PUTS: 0 # Clean evictions (from lower level)
   PUTX: 0 # Dirty evictions (from lower level)
   INV: 1758 # Invalidates (from upper level)
   INVX: 466 # Downgrades (from upper level)
   FWD: 0 # Forwards (from upper level)
   latGETnl: 149545 # GET request latency on next level
   latGETnet: 0 # GET request latency on network to next level
  l1d-3: # Filter cache stats
   fhGETS: 318592 # Filtered GETS hits
   fhGETX: 108184 # Filtered GETX hits
   hGETS: 7622 # GETS hits
   hGETX: 1845 # GETX hits
   mGETS: 1175 # GETS misses
   mGETXIM: 888 # GETX I->M misses
   mGETXSM: 418 # GETX S->M misses (upgrade misses)
   PUTS: 0 # Clean evictions (from lower level)
   PUTX: 0 # Dirty evictions (from lower level)
   INV: 1854 # Invalidates (from upper level)
   INVX: 473 # Downgrades (from upper level)
   FWD: 0 # Forwards (from upper level)
   latGETnl: 156513 # GET request latency on next level
   latGETnet: 0 # GET request latency on network to next level
 l1i: # Cache stats
  l1i-0: # Filter cache stats
   fhGETS: 212834 # Filtered GETS hits
   fhGETX: 0 # Filtered GETX hits
   hGETS: 2701 # GETS hits
   hGETX: 0 # GETX hits
   mGETS: 261 # GETS misses
   mGETXIM: 0 # GETX I->M misses
   mGETXSM: 0 # GETX S->M misses (upgrade misses)
   PUTS: 0 # Clean evictions (from lower level)
   PUTX: 0 # Dirty evictions (from lower level)
   INV: 0 # Invalidates (from upper level)
   INVX: 0 # Downgrades (from upper level)
   FWD: 0 # Forwards (from upper level)
   latGETnl: 31503 # GET request latency on next level
   latGETnet: 0 # GET request latency on network to next level
  l1i-1: # Filter cache stats
   fhGETS: 135654 # Filtered GETS hits
   fhGETX: 0 # Filtered GETX hits
   hGETS: 5020 # GETS hits
   hGETX: 0 # GETX hits
   mGETS: 125 # GETS misses
   mGETXIM: 0 # GETX I->M misses
   mGETXSM: 0 # GETX S->M misses (upgrade misses)
   PUTS: 0 # Clean evictions (from lower level)
   PUTX: 0 # Dirty evictions (from lower level)
   INV: 0 # Invalidates (from upper level)
   INVX: 0 # Downgrades (from upper level)
   FWD: 0 # Forwards (from upper level)
   latGETnl: 7575 # GET request latency on next level
   latGETnet: 0 # GET request latency on network to next level
  l1i-2: # Filter cache stats
   fhGETS: 135683 # Filtered GETS hits
   fhGETX: 0 # Filtered GETX hits
   hGETS: 5029 # GETS hits
   hGETX: 0 # GETX hits
   mGETS: 129 # GETS misses
   mGETXIM: 0 # GETX I->M misses
   mGETXSM: 0 # GETX S->M misses (upgrade misses)
   PUTS: 0 # Clean evictions (from lower level)
   PUTX: 0 # Dirty evictions (from lower level)
   INV: 0 # Invalidates (from upper level)
   INVX: 0 # Downgrades (from upper level)
   FWD: 0 # Forwards (from upper level)
   latGETnl: 7692 # GET request latency on next level
   latGETnet: 0 # GET request latency on network to next level
  l1i-3: # Filter cache stats
   fhGETS: 135658 # Filtered GETS hits
   fhGETX: 0 # Filtered GETX hits
   hGETS: 5003 # GETS hits
   hGETX: 0 # GETX hits
   mGETS: 129 # GETS misses
   mGETXIM: 0 # GETX I->M misses
   mGETXSM: 0 # GETX S->M misses (upgrade misses)
   PUTS: 0 # Clean evictions (from lower level)
   PUTX: 0 # Dirty evictions (from lower level)
   INV: 0 # Invalidates (from upper level)
   INVX: 0 # Downgrades (from upper level)
   FWD: 0 # Forwards (from upper level)
   latGETnl: 8517 # GET request latency on next level
   latGETnet: 0 # GET request latency on network to next level
 l2: # Cache stats
  l2-0: # Cache stats
   hGETS: 6 # GETS hits
   hGETX: 1 # GETX hits
   mGETS: 1301 # GETS misses
   mGETXIM: 1257 # GETX I->M misses
   mGETXSM: 2297 # GETX S->M misses (upgrade misses)
   PUTS: 14 # Clean evictions (from lower level)
   PUTX: 4 # Dirty evictions (from lower level)
   INV: 1991 # Invalidates (from upper level)
   INVX: 2368 # Downgrades (from upper level)
   FWD: 0 # Forwards (from upper level)
   latGETnl: 286086 # GET request latency on next level
   latGETnet: 0 # GET request latency on network to next level
  l2-1: # Cache stats
   hGETS: 0 # GETS hits
   hGETX: 0 # GETX hits
   mGETS: 1329 # GETS misses
   mGETXIM: 828 # GETX I->M misses
   mGETXSM: 448 # GETX S->M misses (upgrade misses)
   PUTS: 0 # Clean evictions (from lower level)
   PUTX: 0 # Dirty evictions (from lower level)
   INV: 1841 # Invalidates (from upper level)
   INVX: 477 # Downgrades (from upper level)
   FWD: 0 # Forwards (from upper level)
   latGETnl: 137320 # GET request latency on next level
   latGETnet: 0 # GET request latency on network to next level
  l2-2: # Cache stats
   hGETS: 0 # GETS hits
   hGETX: 0 # GETX hits
   mGETS: 1322 # GETS misses
   mGETXIM: 777 # GETX I->M misses
   mGETXSM: 433 # GETX S->M misses (upgrade misses)
   PUTS: 0 # Clean evictions (from lower level)
   PUTX: 0 # Dirty evictions (from lower level)
   INV: 1758 # Invalidates (from upper level)
   INVX: 466 # Downgrades (from upper level)
   FWD: 0 # Forwards (from upper level)
   latGETnl: 131917 # GET request latency on next level
   latGETnet: 0 # GET request latency on network to next level
  l2-3: # Cache stats
   hGETS: 0 # GETS hits
   hGETX: 0 # GETX hits
   mGETS: 1304 # GETS misses
   mGETXIM: 888 # GETX I->M misses
   mGETXSM: 418 # GETX S->M misses (upgrade misses)
   PUTS: 0 # Clean evictions (from lower level)
   PUTX: 0 # Dirty evictions (from lower level)
   INV: 1854 # Invalidates (from upper level)
   INVX: 473 # Downgrades (from upper level)
   FWD: 0 # Forwards (from upper level)
   latGETnl: 138930 # GET request latency on next level
   latGETnet: 0 # GET request latency on network to next level
 l3: # Cache stats
  l3-0b0: # Cache stats
   hGETS: 914 # GETS hits
   hGETX: 1711 # GETX hits
   mGETS: 179 # GETS misses
   mGETXIM: 28 # GETX I->M misses
   mGETXSM: 0 # GETX S->M misses (upgrade misses)
   PUTS: 0 # Clean evictions (from lower level)
   PUTX: 0 # Dirty evictions (from lower level)
   INV: 0 # Invalidates (from upper level)
   INVX: 0 # Downgrades (from upper level)
   FWD: 0 # Forwards (from upper level)
   latGETnl: 15525 # GET request latency on next level
   latGETnet: 0 # GET request latency on network to next level
  l3-0b1: # Cache stats
   hGETS: 1536 # GETS hits
   hGETX: 2042 # GETX hits
   mGETS: 181 # GETS misses
   mGETXIM: 28 # GETX I->M misses
   mGETXSM: 0 # GETX S->M misses (upgrade misses)
   PUTS: 0 # Clean evictions (from lower level)
   PUTX: 0 # Dirty evictions (from lower level)
   INV: 0 # Invalidates (from upper level)
   INVX: 0 # Downgrades (from upper level)
   FWD: 0 # Forwards (from upper level)
   latGETnl: 15675 # GET request latency on next level
   latGETnet: 0 # GET request latency on network to next level
  l3-0b2: # Cache stats
   hGETS: 1329 # GETS hits
   hGETX: 1976 # GETX hits
   mGETS: 169 # GETS misses
   mGETXIM: 29 # GETX I->M misses
   mGETXSM: 0 # GETX S->M misses (upgrade misses)
   PUTS: 0 # Clean evictions (from lower level)
   PUTX: 0 # Dirty evictions (from lower level)
   INV: 0 # Invalidates (from upper level)
   INVX: 0 # Downgrades (from upper level)
   FWD: 0 # Forwards (from upper level)
   latGETnl: 14850 # GET request latency on next level
   latGETnet: 0 # GET request latency on network to next level
  l3-0b3: # Cache stats
   hGETS: 774 # GETS hits
   hGETX: 1505 # GETX hits
   mGETS: 174 # GETS misses
   mGETXIM: 27 # GETX I->M misses
   mGETXSM: 0 # GETX S->M misses (upgrade misses)
   PUTS: 0 # Clean evictions (from lower level)
   PUTX: 0 # Dirty evictions (from lower level)
   INV: 0 # Invalidates (from upper level)
   INVX: 0 # Downgrades (from upper level)
   FWD: 0 # Forwards (from upper level)
   latGETnl: 15075 # GET request latency on next level
   latGETnet: 0 # GET request latency on network to next level
 mem: # Memory controller stats
  mem-0: # Memory controller stats
   rd: 380 # Read requests
   wr: 0 # Write requests
   rdlat: 54786 # Total latency experienced by read requests
   wrlat: 0 # Total latency experienced by write requests
   rdhits: 3 # Read row hits
   wrhits: 0 # Write row hits
   mlh: # latency histogram for memory requests
    0: 0
    1: 0
    2: 0
    3: 0
    4: 0
    5: 0
    6: 0
    7: 0
    8: 0
    9: 0
    10: 0
    11: 8
    12: 246
    13: 16
    14: 36
    15: 19
    16: 6
    17: 10
    18: 3
    19: 4
    20: 1
    21: 2
    22: 4
    23: 1
    24: 3
    25: 4
    26: 3
    27: 5
    28: 1
    29: 0
    30: 1
    31: 1
    32: 2
    33: 0
    34: 0
    35: 0
    36: 0
    37: 0
    38: 0
    39: 0
    40: 1
    41: 0
    42: 0
    43: 1
    44: 0
    45: 0
    46: 0
    47: 0
    48: 0
    49: 0
    50: 0
    51: 0
    52: 0
    53: 1
    54: 0
    55: 1
    56: 0
    57: 0
    58: 0
    59: 0
    60: 0
    61: 0
    62: 0
    63: 0
    64: 0
    65: 0
    66: 0
    67: 0
    68: 0
    69: 0
    70: 0
    71: 0
    72: 0
    73: 0
    74: 0
    75: 0
    76: 0
    77: 0
    78: 0
    79: 0
    80: 0
    81: 0
    82: 0
    83: 0
    84: 0
    85: 0
    86: 0
    87: 0
    88: 0
    89: 0
    90: 0
    91: 0
    92: 0
    93: 0
    94: 0
    95: 0
    96: 0
    97: 0
    98: 0
    99: 0
  mem-1: # Memory controller stats
   rd: 371 # Read requests
   wr: 0 # Write requests
   rdlat: 55029 # Total latency experienced by read requests
   wrlat: 0 # Total latency experienced by write requests
   rdhits: 8 # Read row hits
   wrhits: 0 # Write row hits
   mlh: # latency histogram for memory requests
    0: 0
    1: 0
    2: 0
    3: 0
    4: 0
    5: 0
    6: 0
    7: 0
    8: 0
    9: 0
    10: 0
    11: 6
    12: 221
    13: 14
    14: 27
    15: 34
    16: 6
    17: 12
    18: 4
    19: 4
    20: 1
    21: 4
    22: 4
    23: 3
    24: 5
    25: 7
    26: 6
    27: 4
    28: 3
    29: 1
    30: 1
    31: 0
    32: 1
    33: 0
    34: 0
    35: 0
    36: 0
    37: 1
    38: 0
    39: 0
    40: 0
    41: 1
    42: 0
    43: 0
    44: 0
    45: 0
    46: 0
    47: 0
    48: 0
    49: 0
    50: 0
    51: 0
    52: 0
    53: 0
    54: 0
    55: 0
    56: 0
    57: 0
    58: 1
    59: 0
    60: 0
    61: 0
    62: 0
    63: 0
    64: 0
    65: 0
    66: 0
    67: 0
    68: 0
    69: 0
    70: 0
    71: 0
    72: 0
    73: 0
    74: 0
    75: 0
    76: 0
    77: 0
    78: 0
    79: 0
    80: 0
    81: 0
    82: 0
    83: 0
    84: 0
    85: 0
    86: 0
    87: 0
    88: 0
    89: 0
    90: 0
    91: 0
    92: 0
    93: 0
    94: 0
    95: 0
    96: 0
    97: 0
    98: 0
    99: 0
 sched: # Scheduler stats
  thCr: 301 # Threads created
  thFn: 301 # Threads finished
  schedEvs: 301 # Schedule events
  waitEvs: 0 # Wait events
  handoffEvs: 0 # Handoff events
  sleepEvs: 0 # Sleep events
  idlePhases: 0 # Phases with no thread active
  idlePeriods: 0 # Periods with no thread active
  occHist: # Occupancy histogram
   0: 0
   1: 18
   2: 43
   3: 14
   4: 10
  rqSzHist: # Run queue size histogram
   0: 85
   1: 0
   2: 0
   3: 0
   4: 0
   5: 0
   6: 0
   7: 0
   8: 0
   9: 0
   10: 0
   11: 0
   12: 0
   13: 0
   14: 0
   15: 0
   16: 0
 procCycles: # Per-process unhalted core cycles
  0: 2540946
  1: 0
  2: 0
  3: 0
  4: 0
  5: 0
  6: 0
  7: 0
  8: 0
  9: 0
  10: 0
  11: 0
  12: 0
  13: 0
  14: 0
  15: 0
  16: 0
  17: 0
  18: 0
  19: 0
  20: 0
  21: 0
  22: 0
  23: 0
  24: 0
  25: 0
  26: 0
  27: 0
  28: 0
  29: 0
  30: 0
  31: 0
  32: 0
  33: 0
  34: 0
  35: 0
  36: 0
  37: 0
  38: 0
  39: 0
  40: 0
  41: 0
  42: 0
  43: 0
  44: 0
  45: 0
  46: 0
  47: 0
  48: 0
  49: 0
  50: 0
  51: 0
  52: 0
  53: 0
  54: 0
  55: 0
  56: 0
  57: 0
  58: 0
  59: 0
  60: 0
  61: 0
  62: 0
  63: 0
 procInstrs: # Per-process instructions
  0: 4239173
  1: 0
  2: 0
  3: 0
  4: 0
  5: 0
  6: 0
  7: 0
  8: 0
  9: 0
  10: 0
  11: 0
  12: 0
  13: 0
  14: 0
  15: 0
  16: 0
  17: 0
  18: 0
  19: 0
  20: 0
  21: 0
  22: 0
  23: 0
  24: 0
  25: 0
  26: 0
  27: 0
  28: 0
  29: 0
  30: 0
  31: 0
  32: 0
  33: 0
  34: 0
  35: 0
  36: 0
  37: 0
  38: 0
  39: 0
  40: 0
  41: 0
  42: 0
  43: 0
  44: 0
  45: 0
  46: 0
  47: 0
  48: 0
  49: 0
  50: 0
  51: 0
  52: 0
  53: 0
  54: 0
  55: 0
  56: 0
  57: 0
  58: 0
  59: 0
  60: 0
  61: 0
  62: 0
  63: 0
 heartbeats: # Per-process heartbeats
  0: 0
  1: 0
  2: 0
  3: 0
  4: 0
  5: 0
  6: 0
  7: 0
  8: 0
  9: 0
  10: 0
  11: 0
  12: 0
  13: 0
  14: 0
  15: 0
  16: 0
  17: 0
  18: 0
  19: 0
  20: 0
  21: 0
  22: 0
  23: 0
  24: 0
  25: 0
  26: 0
  27: 0
  28: 0
  29: 0
  30: 0
  31: 0
  32: 0
  33: 0
  34: 0
  35: 0
  36: 0
  37: 0
  38: 0
  39: 0
  40: 0
  41: 0
  42: 0
  43: 0
  44: 0
  45: 0
  46: 0
  47: 0
  48: 0
  49: 0
  50: 0
  51: 0
  52: 0
  53: 0
  54: 0
  55: 0
  56: 0
  57: 0
  58: 0
  59: 0
  60: 0
  61: 0
  62: 0
  63: 0
===
