# zsim stats
===
root: # Stats
 contention: # Contention simulation stats
  domain-0: # Domain stats
   time: 1786386 # Weave simulation time
 time: # Simulator time breakdown
  init: 1259818453
  bound: 1349448737
  weave: 3660297
  ff: 158129236
 trigger: 20000 # Reason for this stats dump
 phase: 43 # Simulated phases
 nehalem: # Core stats
  nehalem-0: # Core stats
   cycles: 430929 # Simulated unhalted cycles
   cCycles: 15337 # Cycles due to contention stalls
   instrs: 336366 # Simulated instructions
   uops: 431383 # Retired micro-ops
   bbls: 80126 # Basic blocks
   approxInstrs: 490 # Instrs with approx uop decoding
   mispredBranches: 1023 # Mispredicted branches
  nehalem-1: # Core stats
   cycles: 109752 # Simulated unhalted cycles
   cCycles: 3410 # Cycles due to contention stalls
   instrs: 73005 # Simulated instructions
   uops: 97669 # Retired micro-ops
   bbls: 12951 # Basic blocks
   approxInstrs: 300 # Instrs with approx uop decoding
   mispredBranches: 166 # Mispredicted branches
  nehalem-2: # Core stats
   cycles: 104033 # Simulated unhalted cycles
   cCycles: 2145 # Cycles due to contention stalls
   instrs: 74022 # Simulated instructions
   uops: 98796 # Retired micro-ops
   bbls: 13157 # Basic blocks
   approxInstrs: 300 # Instrs with approx uop decoding
   mispredBranches: 183 # Mispredicted branches
  nehalem-3: # Core stats
   cycles: 110780 # Simulated unhalted cycles
   cCycles: 3114 # Cycles due to contention stalls
   instrs: 72275 # Simulated instructions
   uops: 96855 # Retired micro-ops
   bbls: 12804 # Basic blocks
   approxInstrs: 300 # Instrs with approx uop decoding
   mispredBranches: 136 # Mispredicted branches
 l1d: # Cache stats
  l1d-0: # Filter cache stats
   fhGETS: 82068 # Filtered GETS hits
   fhGETX: 54311 # Filtered GETX hits
   hGETS: 11009 # GETS hits
   hGETX: 4375 # GETX hits
   mGETS: 1188 # GETS misses
   mGETXIM: 1262 # GETX I->M misses
   mGETXSM: 2501 # GETX S->M misses (upgrade misses)
   PUTS: 0 # Clean evictions (from lower level)
   PUTX: 0 # Dirty evictions (from lower level)
   INV: 2187 # Invalidates (from upper level)
   INVX: 2550 # Downgrades (from upper level)
   FWD: 0 # Forwards (from upper level)
   latGETnl: 323192 # GET request latency on next level
   latGETnet: 0 # GET request latency on network to next level
  l1d-1: # Filter cache stats
   fhGETS: 21956 # Filtered GETS hits
   fhGETX: 11251 # Filtered GETX hits
   hGETS: 3032 # GETS hits
   hGETX: 411 # GETX hits
   mGETS: 1131 # GETS misses
   mGETXIM: 1252 # GETX I->M misses
   mGETXSM: 414 # GETX S->M misses (upgrade misses)
   PUTS: 0 # Clean evictions (from lower level)
   PUTX: 0 # Dirty evictions (from lower level)
   INV: 2250 # Invalidates (from upper level)
   INVX: 462 # Downgrades (from upper level)
   FWD: 0 # Forwards (from upper level)
   latGETnl: 174100 # GET request latency on next level
   latGETnet: 0 # GET request latency on network to next level
  l1d-2: # Filter cache stats
   fhGETS: 22204 # Filtered GETS hits
   fhGETX: 11355 # Filtered GETX hits
   hGETS: 3073 # GETS hits
   hGETX: 1162 # GETX hits
   mGETS: 1151 # GETS misses
   mGETXIM: 523 # GETX I->M misses
   mGETXSM: 409 # GETX S->M misses (upgrade misses)
   PUTS: 0 # Clean evictions (from lower level)
   PUTX: 0 # Dirty evictions (from lower level)
   INV: 1513 # Invalidates (from upper level)
   INVX: 440 # Downgrades (from upper level)
   FWD: 0 # Forwards (from upper level)
   latGETnl: 129524 # GET request latency on next level
   latGETnet: 0 # GET request latency on network to next level
  l1d-3: # Filter cache stats
   fhGETS: 21857 # Filtered GETS hits
   fhGETX: 11179 # Filtered GETX hits
   hGETS: 2977 # GETS hits
   hGETX: 360 # GETX hits
   mGETS: 1055 # GETS misses
   mGETXIM: 1292 # GETX I->M misses
   mGETXSM: 404 # GETX S->M misses (upgrade misses)
   PUTS: 0 # Clean evictions (from lower level)
   PUTX: 0 # Dirty evictions (from lower level)
   INV: 2202 # Invalidates (from upper level)
   INVX: 422 # Downgrades (from upper level)
   FWD: 0 # Forwards (from upper level)
   latGETnl: 172022 # GET request latency on next level
   latGETnet: 0 # GET request latency on network to next level
 l1i: # Cache stats
  l1i-0: # Filter cache stats
   fhGETS: 84505 # Filtered GETS hits
   fhGETX: 0 # Filtered GETX hits
   hGETS: 4718 # GETS hits
   hGETX: 0 # GETX hits
   mGETS: 256 # GETS misses
   mGETXIM: 0 # GETX I->M misses
   mGETXSM: 0 # GETX S->M misses (upgrade misses)
   PUTS: 0 # Clean evictions (from lower level)
   PUTX: 0 # Dirty evictions (from lower level)
   INV: 0 # Invalidates (from upper level)
   INVX: 0 # Downgrades (from upper level)
   FWD: 0 # Forwards (from upper level)
   latGETnl: 28935 # GET request latency on next level
   latGETnet: 0 # GET request latency on network to next level
  l1i-1: # Filter cache stats
   fhGETS: 8452 # Filtered GETS hits
   fhGETX: 0 # Filtered GETX hits
   hGETS: 6592 # GETS hits
   hGETX: 0 # GETX hits
   mGETS: 139 # GETS misses
   mGETXIM: 0 # GETX I->M misses
   mGETXSM: 0 # GETX S->M misses (upgrade misses)
   PUTS: 0 # Clean evictions (from lower level)
   PUTX: 0 # Dirty evictions (from lower level)
   INV: 0 # Invalidates (from upper level)
   INVX: 0 # Downgrades (from upper level)
   FWD: 0 # Forwards (from upper level)
   latGETnl: 8697 # GET request latency on next level
   latGETnet: 0 # GET request latency on network to next level
  l1i-2: # Filter cache stats
   fhGETS: 8737 # Filtered GETS hits
   fhGETX: 0 # Filtered GETX hits
   hGETS: 6595 # GETS hits
   hGETX: 0 # GETX hits
   mGETS: 141 # GETS misses
   mGETXIM: 0 # GETX I->M misses
   mGETXSM: 0 # GETX S->M misses (upgrade misses)
   PUTS: 0 # Clean evictions (from lower level)
   PUTX: 0 # Dirty evictions (from lower level)
   INV: 0 # Invalidates (from upper level)
   INVX: 0 # Downgrades (from upper level)
   FWD: 0 # Forwards (from upper level)
   latGETnl: 8118 # GET request latency on next level
   latGETnet: 0 # GET request latency on network to next level
  l1i-3: # Filter cache stats
   fhGETS: 8170 # Filtered GETS hits
   fhGETX: 0 # Filtered GETX hits
   hGETS: 6563 # GETS hits
   hGETX: 0 # GETX hits
   mGETS: 140 # GETS misses
   mGETXIM: 0 # GETX I->M misses
   mGETXSM: 0 # GETX S->M misses (upgrade misses)
   PUTS: 0 # Clean evictions (from lower level)
   PUTX: 0 # Dirty evictions (from lower level)
   INV: 0 # Invalidates (from upper level)
   INVX: 0 # Downgrades (from upper level)
   FWD: 0 # Forwards (from upper level)
   latGETnl: 8745 # GET request latency on next level
   latGETnet: 0 # GET request latency on network to next level
 l2: # Cache stats
  l2-0: # Cache stats
   hGETS: 8 # GETS hits
   hGETX: 1 # GETX hits
   mGETS: 1436 # GETS misses
   mGETXIM: 1263 # GETX I->M misses
   mGETXSM: 2499 # GETX S->M misses (upgrade misses)
   PUTS: 13 # Clean evictions (from lower level)
   PUTX: 1 # Dirty evictions (from lower level)
   INV: 2187 # Invalidates (from upper level)
   INVX: 2550 # Downgrades (from upper level)
   FWD: 0 # Forwards (from upper level)
   latGETnl: 300057 # GET request latency on next level
   latGETnet: 0 # GET request latency on network to next level
  l2-1: # Cache stats
   hGETS: 0 # GETS hits
   hGETX: 0 # GETX hits
   mGETS: 1270 # GETS misses
   mGETXIM: 1253 # GETX I->M misses
   mGETXSM: 413 # GETX S->M misses (upgrade misses)
   PUTS: 0 # Clean evictions (from lower level)
   PUTX: 0 # Dirty evictions (from lower level)
   INV: 2250 # Invalidates (from upper level)
   INVX: 462 # Downgrades (from upper level)
   FWD: 0 # Forwards (from upper level)
   latGETnl: 153437 # GET request latency on next level
   latGETnet: 0 # GET request latency on network to next level
  l2-2: # Cache stats
   hGETS: 0 # GETS hits
   hGETX: 0 # GETX hits
   mGETS: 1292 # GETS misses
   mGETXIM: 523 # GETX I->M misses
   mGETXSM: 409 # GETX S->M misses (upgrade misses)
   PUTS: 0 # Clean evictions (from lower level)
   PUTX: 0 # Dirty evictions (from lower level)
   INV: 1513 # Invalidates (from upper level)
   INVX: 440 # Downgrades (from upper level)
   FWD: 0 # Forwards (from upper level)
   latGETnl: 115402 # GET request latency on next level
   latGETnet: 0 # GET request latency on network to next level
  l2-3: # Cache stats
   hGETS: 0 # GETS hits
   hGETX: 0 # GETX hits
   mGETS: 1195 # GETS misses
   mGETXIM: 1292 # GETX I->M misses
   mGETXSM: 404 # GETX S->M misses (upgrade misses)
   PUTS: 0 # Clean evictions (from lower level)
   PUTX: 0 # Dirty evictions (from lower level)
   INV: 2202 # Invalidates (from upper level)
   INVX: 422 # Downgrades (from upper level)
   FWD: 0 # Forwards (from upper level)
   latGETnl: 151857 # GET request latency on next level
   latGETnet: 0 # GET request latency on network to next level
 l3: # Cache stats
  l3-0b0: # Cache stats
   hGETS: 1073 # GETS hits
   hGETX: 1894 # GETX hits
   mGETS: 152 # GETS misses
   mGETXIM: 29 # GETX I->M misses
   mGETXSM: 0 # GETX S->M misses (upgrade misses)
   PUTS: 0 # Clean evictions (from lower level)
   PUTX: 0 # Dirty evictions (from lower level)
   INV: 0 # Invalidates (from upper level)
   INVX: 0 # Downgrades (from upper level)
   FWD: 0 # Forwards (from upper level)
   latGETnl: 13575 # GET request latency on next level
   latGETnet: 0 # GET request latency on network to next level
  l3-0b1: # Cache stats
   hGETS: 1518 # GETS hits
   hGETX: 2131 # GETX hits
   mGETS: 148 # GETS misses
   mGETXIM: 28 # GETX I->M misses
   mGETXSM: 0 # GETX S->M misses (upgrade misses)
   PUTS: 0 # Clean evictions (from lower level)
   PUTX: 0 # Dirty evictions (from lower level)
   INV: 0 # Invalidates (from upper level)
   INVX: 0 # Downgrades (from upper level)
   FWD: 0 # Forwards (from upper level)
   latGETnl: 13200 # GET request latency on next level
   latGETnet: 0 # GET request latency on network to next level
  l3-0b2: # Cache stats
   hGETS: 1114 # GETS hits
   hGETX: 2070 # GETX hits
   mGETS: 135 # GETS misses
   mGETXIM: 29 # GETX I->M misses
   mGETXSM: 0 # GETX S->M misses (upgrade misses)
   PUTS: 0 # Clean evictions (from lower level)
   PUTX: 0 # Dirty evictions (from lower level)
   INV: 0 # Invalidates (from upper level)
   INVX: 0 # Downgrades (from upper level)
   FWD: 0 # Forwards (from upper level)
   latGETnl: 12300 # GET request latency on next level
   latGETnet: 0 # GET request latency on network to next level
  l3-0b3: # Cache stats
   hGETS: 908 # GETS hits
   hGETX: 1850 # GETX hits
   mGETS: 145 # GETS misses
   mGETXIM: 25 # GETX I->M misses
   mGETXSM: 0 # GETX S->M misses (upgrade misses)
   PUTS: 0 # Clean evictions (from lower level)
   PUTX: 0 # Dirty evictions (from lower level)
   INV: 0 # Invalidates (from upper level)
   INVX: 0 # Downgrades (from upper level)
   FWD: 0 # Forwards (from upper level)
   latGETnl: 12750 # GET request latency on next level
   latGETnet: 0 # GET request latency on network to next level
 mem: # Memory controller stats
  mem-0: # Memory controller stats
   rd: 345 # Read requests
   wr: 0 # Write requests
   rdlat: 48967 # Total latency experienced by read requests
   wrlat: 0 # Total latency experienced by write requests
   rdhits: 0 # Read row hits
   wrhits: 0 # Write row hits
   mlh: # latency histogram for memory requests
    0: 0
    1: 0
    2: 0
    3: 0
    4: 0
    5: 0
    6: 0
    7: 0
    8: 0
    9: 0
    10: 0
    11: 3
    12: 225
    13: 17
    14: 33
    15: 23
    16: 5
    17: 7
    18: 3
    19: 3
    20: 4
    21: 1
    22: 2
    23: 1
    24: 5
    25: 2
    26: 3
    27: 2
    28: 1
    29: 0
    30: 0
    31: 0
    32: 1
    33: 1
    34: 0
    35: 0
    36: 1
    37: 0
    38: 0
    39: 0
    40: 0
    41: 0
    42: 0
    43: 0
    44: 0
    45: 0
    46: 0
    47: 0
    48: 0
    49: 0
    50: 0
    51: 0
    52: 0
    53: 1
    54: 0
    55: 1
    56: 0
    57: 0
    58: 0
    59: 0
    60: 0
    61: 0
    62: 0
    63: 0
    64: 0
    65: 0
    66: 0
    67: 0
    68: 0
    69: 0
    70: 0
    71: 0
    72: 0
    73: 0
    74: 0
    75: 0
    76: 0
    77: 0
    78: 0
    79: 0
    80: 0
    81: 0
    82: 0
    83: 0
    84: 0
    85: 0
    86: 0
    87: 0
    88: 0
    89: 0
    90: 0
    91: 0
    92: 0
    93: 0
    94: 0
    95: 0
    96: 0
    97: 0
    98: 0
    99: 0
  mem-1: # Memory controller stats
   rd: 331 # Read requests
   wr: 0 # Write requests
   rdlat: 46709 # Total latency experienced by read requests
   wrlat: 0 # Total latency experienced by write requests
   rdhits: 6 # Read row hits
   wrhits: 0 # Write row hits
   mlh: # latency histogram for memory requests
    0: 0
    1: 0
    2: 0
    3: 0
    4: 0
    5: 0
    6: 0
    7: 0
    8: 0
    9: 0
    10: 0
    11: 3
    12: 216
    13: 21
    14: 21
    15: 29
    16: 2
    17: 10
    18: 3
    19: 2
    20: 3
    21: 0
    22: 1
    23: 2
    24: 1
    25: 5
    26: 6
    27: 1
    28: 2
    29: 1
    30: 0
    31: 1
    32: 0
    33: 0
    34: 0
    35: 0
    36: 0
    37: 0
    38: 0
    39: 0
    40: 0
    41: 0
    42: 0
    43: 0
    44: 0
    45: 0
    46: 0
    47: 0
    48: 0
    49: 0
    50: 0
    51: 0
    52: 0
    53: 0
    54: 0
    55: 0
    56: 0
    57: 0
    58: 0
    59: 1
    60: 0
    61: 0
    62: 0
    63: 0
    64: 0
    65: 0
    66: 0
    67: 0
    68: 0
    69: 0
    70: 0
    71: 0
    72: 0
    73: 0
    74: 0
    75: 0
    76: 0
    77: 0
    78: 0
    79: 0
    80: 0
    81: 0
    82: 0
    83: 0
    84: 0
    85: 0
    86: 0
    87: 0
    88: 0
    89: 0
    90: 0
    91: 0
    92: 0
    93: 0
    94: 0
    95: 0
    96: 0
    97: 0
    98: 0
    99: 0
 sched: # Scheduler stats
  thCr: 301 # Threads created
  thFn: 301 # Threads finished
  schedEvs: 301 # Schedule events
  waitEvs: 0 # Wait events
  handoffEvs: 0 # Handoff events
  sleepEvs: 0 # Sleep events
  idlePhases: 0 # Phases with no thread active
  idlePeriods: 0 # Periods with no thread active
  occHist: # Occupancy histogram
   0: 0
   1: 21
   2: 21
   3: 0
   4: 1
  rqSzHist: # Run queue size histogram
   0: 43
   1: 0
   2: 0
   3: 0
   4: 0
   5: 0
   6: 0
   7: 0
   8: 0
   9: 0
   10: 0
   11: 0
   12: 0
   13: 0
   14: 0
   15: 0
   16: 0
 procCycles: # Per-process unhalted core cycles
  0: 755494
  1: 0
  2: 0
  3: 0
  4: 0
  5: 0
  6: 0
  7: 0
  8: 0
  9: 0
  10: 0
  11: 0
  12: 0
  13: 0
  14: 0
  15: 0
  16: 0
  17: 0
  18: 0
  19: 0
  20: 0
  21: 0
  22: 0
  23: 0
  24: 0
  25: 0
  26: 0
  27: 0
  28: 0
  29: 0
  30: 0
  31: 0
  32: 0
  33: 0
  34: 0
  35: 0
  36: 0
  37: 0
  38: 0
  39: 0
  40: 0
  41: 0
  42: 0
  43: 0
  44: 0
  45: 0
  46: 0
  47: 0
  48: 0
  49: 0
  50: 0
  51: 0
  52: 0
  53: 0
  54: 0
  55: 0
  56: 0
  57: 0
  58: 0
  59: 0
  60: 0
  61: 0
  62: 0
  63: 0
 procInstrs: # Per-process instructions
  0: 555668
  1: 0
  2: 0
  3: 0
  4: 0
  5: 0
  6: 0
  7: 0
  8: 0
  9: 0
  10: 0
  11: 0
  12: 0
  13: 0
  14: 0
  15: 0
  16: 0
  17: 0
  18: 0
  19: 0
  20: 0
  21: 0
  22: 0
  23: 0
  24: 0
  25: 0
  26: 0
  27: 0
  28: 0
  29: 0
  30: 0
  31: 0
  32: 0
  33: 0
  34: 0
  35: 0
  36: 0
  37: 0
  38: 0
  39: 0
  40: 0
  41: 0
  42: 0
  43: 0
  44: 0
  45: 0
  46: 0
  47: 0
  48: 0
  49: 0
  50: 0
  51: 0
  52: 0
  53: 0
  54: 0
  55: 0
  56: 0
  57: 0
  58: 0
  59: 0
  60: 0
  61: 0
  62: 0
  63: 0
 heartbeats: # Per-process heartbeats
  0: 0
  1: 0
  2: 0
  3: 0
  4: 0
  5: 0
  6: 0
  7: 0
  8: 0
  9: 0
  10: 0
  11: 0
  12: 0
  13: 0
  14: 0
  15: 0
  16: 0
  17: 0
  18: 0
  19: 0
  20: 0
  21: 0
  22: 0
  23: 0
  24: 0
  25: 0
  26: 0
  27: 0
  28: 0
  29: 0
  30: 0
  31: 0
  32: 0
  33: 0
  34: 0
  35: 0
  36: 0
  37: 0
  38: 0
  39: 0
  40: 0
  41: 0
  42: 0
  43: 0
  44: 0
  45: 0
  46: 0
  47: 0
  48: 0
  49: 0
  50: 0
  51: 0
  52: 0
  53: 0
  54: 0
  55: 0
  56: 0
  57: 0
  58: 0
  59: 0
  60: 0
  61: 0
  62: 0
  63: 0
===
