# zsim stats
===
root: # Stats
 contention: # Contention simulation stats
  domain-0: # Domain stats
   time: 23579925 # Weave simulation time
 time: # Simulator time breakdown
  init: 1258421477
  bound: 5644649354
  weave: 89513979
  ff: 1508823883
 trigger: 20000 # Reason for this stats dump
 phase: 1808 # Simulated phases
 nehalem: # Core stats
  nehalem-0: # Core stats
   cycles: 16924081 # Simulated unhalted cycles
   cCycles: 29051 # Cycles due to contention stalls
   instrs: 36236090 # Simulated instructions
   uops: 42680216 # Retired micro-ops
   bbls: 3161436 # Basic blocks
   approxInstrs: 455 # Instrs with approx uop decoding
   mispredBranches: 7750 # Mispredicted branches
  nehalem-1: # Core stats
   cycles: 17833073 # Simulated unhalted cycles
   cCycles: 14700 # Cycles due to contention stalls
   instrs: 35973722 # Simulated instructions
   uops: 42347596 # Retired micro-ops
   bbls: 3094457 # Basic blocks
   approxInstrs: 300 # Instrs with approx uop decoding
   mispredBranches: 6989 # Mispredicted branches
  nehalem-2: # Core stats
   cycles: 17844574 # Simulated unhalted cycles
   cCycles: 20869 # Cycles due to contention stalls
   instrs: 35971975 # Simulated instructions
   uops: 42345655 # Retired micro-ops
   bbls: 3094104 # Basic blocks
   approxInstrs: 300 # Instrs with approx uop decoding
   mispredBranches: 6945 # Mispredicted branches
  nehalem-3: # Core stats
   cycles: 17838359 # Simulated unhalted cycles
   cCycles: 19102 # Cycles due to contention stalls
   instrs: 35970906 # Simulated instructions
   uops: 42344513 # Retired micro-ops
   bbls: 3093887 # Basic blocks
   approxInstrs: 300 # Instrs with approx uop decoding
   mispredBranches: 6935 # Mispredicted branches
 l1d: # Cache stats
  l1d-0: # Filter cache stats
   fhGETS: 6577962 # Filtered GETS hits
   fhGETX: 187102 # Filtered GETX hits
   hGETS: 6787144 # GETS hits
   hGETX: 76327 # GETX hits
   mGETS: 63979 # GETS misses
   mGETXIM: 1664 # GETX I->M misses
   mGETXSM: 2287 # GETX S->M misses (upgrade misses)
   PUTS: 0 # Clean evictions (from lower level)
   PUTX: 0 # Dirty evictions (from lower level)
   INV: 2000 # Invalidates (from upper level)
   INVX: 1921 # Downgrades (from upper level)
   FWD: 0 # Forwards (from upper level)
   latGETnl: 987058 # GET request latency on next level
   latGETnet: 0 # GET request latency on network to next level
  l1d-1: # Filter cache stats
   fhGETS: 6450531 # Filtered GETS hits
   fhGETX: 115618 # Filtered GETX hits
   hGETS: 6841626 # GETS hits
   hGETX: 92977 # GETX hits
   mGETS: 69071 # GETS misses
   mGETXIM: 998 # GETX I->M misses
   mGETXSM: 8756 # GETX S->M misses (upgrade misses)
   PUTS: 0 # Clean evictions (from lower level)
   PUTX: 0 # Dirty evictions (from lower level)
   INV: 3725 # Invalidates (from upper level)
   INVX: 2839 # Downgrades (from upper level)
   FWD: 0 # Forwards (from upper level)
   latGETnl: 1798930 # GET request latency on next level
   latGETnet: 0 # GET request latency on network to next level
  l1d-2: # Filter cache stats
   fhGETS: 6449068 # Filtered GETS hits
   fhGETX: 114996 # Filtered GETX hits
   hGETS: 6842599 # GETS hits
   hGETX: 93386 # GETX hits
   mGETS: 69022 # GETS misses
   mGETXIM: 999 # GETX I->M misses
   mGETXSM: 8754 # GETX S->M misses (upgrade misses)
   PUTS: 0 # Clean evictions (from lower level)
   PUTX: 0 # Dirty evictions (from lower level)
   INV: 3572 # Invalidates (from upper level)
   INVX: 3069 # Downgrades (from upper level)
   FWD: 0 # Forwards (from upper level)
   latGETnl: 1819364 # GET request latency on next level
   latGETnet: 0 # GET request latency on network to next level
  l1d-3: # Filter cache stats
   fhGETS: 6448760 # Filtered GETS hits
   fhGETX: 114903 # Filtered GETX hits
   hGETS: 6842565 # GETS hits
   hGETX: 93374 # GETX hits
   mGETS: 69056 # GETS misses
   mGETXIM: 1000 # GETX I->M misses
   mGETXSM: 8751 # GETX S->M misses (upgrade misses)
   PUTS: 0 # Clean evictions (from lower level)
   PUTX: 0 # Dirty evictions (from lower level)
   INV: 3554 # Invalidates (from upper level)
   INVX: 3001 # Downgrades (from upper level)
   FWD: 0 # Forwards (from upper level)
   latGETnl: 1815633 # GET request latency on next level
   latGETnet: 0 # GET request latency on network to next level
 l1i: # Cache stats
  l1i-0: # Filter cache stats
   fhGETS: 4836855 # Filtered GETS hits
   fhGETX: 0 # Filtered GETX hits
   hGETS: 5314 # GETS hits
   hGETX: 0 # GETX hits
   mGETS: 290 # GETS misses
   mGETXIM: 0 # GETX I->M misses
   mGETXSM: 0 # GETX S->M misses (upgrade misses)
   PUTS: 0 # Clean evictions (from lower level)
   PUTX: 0 # Dirty evictions (from lower level)
   INV: 0 # Invalidates (from upper level)
   INVX: 0 # Downgrades (from upper level)
   FWD: 0 # Forwards (from upper level)
   latGETnl: 33417 # GET request latency on next level
   latGETnet: 0 # GET request latency on network to next level
  l1i-1: # Filter cache stats
   fhGETS: 4761562 # Filtered GETS hits
   fhGETX: 0 # Filtered GETX hits
   hGETS: 7203 # GETS hits
   hGETX: 0 # GETX hits
   mGETS: 146 # GETS misses
   mGETXIM: 0 # GETX I->M misses
   mGETXSM: 0 # GETX S->M misses (upgrade misses)
   PUTS: 0 # Clean evictions (from lower level)
   PUTX: 0 # Dirty evictions (from lower level)
   INV: 0 # Invalidates (from upper level)
   INVX: 0 # Downgrades (from upper level)
   FWD: 0 # Forwards (from upper level)
   latGETnl: 9933 # GET request latency on next level
   latGETnet: 0 # GET request latency on network to next level
  l1i-2: # Filter cache stats
   fhGETS: 4761006 # Filtered GETS hits
   fhGETX: 0 # Filtered GETX hits
   hGETS: 7172 # GETS hits
   hGETX: 0 # GETX hits
   mGETS: 148 # GETS misses
   mGETXIM: 0 # GETX I->M misses
   mGETXSM: 0 # GETX S->M misses (upgrade misses)
   PUTS: 0 # Clean evictions (from lower level)
   PUTX: 0 # Dirty evictions (from lower level)
   INV: 0 # Invalidates (from upper level)
   INVX: 0 # Downgrades (from upper level)
   FWD: 0 # Forwards (from upper level)
   latGETnl: 8979 # GET request latency on next level
   latGETnet: 0 # GET request latency on network to next level
  l1i-3: # Filter cache stats
   fhGETS: 4760755 # Filtered GETS hits
   fhGETX: 0 # Filtered GETX hits
   hGETS: 7165 # GETS hits
   hGETX: 0 # GETX hits
   mGETS: 147 # GETS misses
   mGETXIM: 0 # GETX I->M misses
   mGETXSM: 0 # GETX S->M misses (upgrade misses)
   PUTS: 0 # Clean evictions (from lower level)
   PUTX: 0 # Dirty evictions (from lower level)
   INV: 0 # Invalidates (from upper level)
   INVX: 0 # Downgrades (from upper level)
   FWD: 0 # Forwards (from upper level)
   latGETnl: 7731 # GET request latency on next level
   latGETnet: 0 # GET request latency on network to next level
 l2: # Cache stats
  l2-0: # Cache stats
   hGETS: 62232 # GETS hits
   hGETX: 308 # GETX hits
   mGETS: 2037 # GETS misses
   mGETXIM: 1255 # GETX I->M misses
   mGETXSM: 2388 # GETX S->M misses (upgrade misses)
   PUTS: 41155 # Clean evictions (from lower level)
   PUTX: 22002 # Dirty evictions (from lower level)
   INV: 2103 # Invalidates (from upper level)
   INVX: 2438 # Downgrades (from upper level)
   FWD: 0 # Forwards (from upper level)
   latGETnl: 338275 # GET request latency on next level
   latGETnet: 0 # GET request latency on network to next level
  l2-1: # Cache stats
   hGETS: 58462 # GETS hits
   hGETX: 84 # GETX hits
   mGETS: 10755 # GETS misses
   mGETXIM: 914 # GETX I->M misses
   mGETXSM: 8756 # GETX S->M misses (upgrade misses)
   PUTS: 45994 # Clean evictions (from lower level)
   PUTX: 19840 # Dirty evictions (from lower level)
   INV: 10212 # Invalidates (from upper level)
   INVX: 8890 # Downgrades (from upper level)
   FWD: 0 # Forwards (from upper level)
   latGETnl: 1019153 # GET request latency on next level
   latGETnet: 0 # GET request latency on network to next level
  l2-2: # Cache stats
   hGETS: 58430 # GETS hits
   hGETX: 83 # GETX hits
   mGETS: 10740 # GETS misses
   mGETXIM: 916 # GETX I->M misses
   mGETXSM: 8754 # GETX S->M misses (upgrade misses)
   PUTS: 45956 # Clean evictions (from lower level)
   PUTX: 19986 # Dirty evictions (from lower level)
   INV: 10218 # Invalidates (from upper level)
   INVX: 9267 # Downgrades (from upper level)
   FWD: 0 # Forwards (from upper level)
   latGETnl: 1039113 # GET request latency on next level
   latGETnet: 0 # GET request latency on network to next level
  l2-3: # Cache stats
   hGETS: 58480 # GETS hits
   hGETX: 84 # GETX hits
   mGETS: 10723 # GETS misses
   mGETXIM: 916 # GETX I->M misses
   mGETXSM: 8751 # GETX S->M misses (upgrade misses)
   PUTS: 45981 # Clean evictions (from lower level)
   PUTX: 20014 # Dirty evictions (from lower level)
   INV: 10211 # Invalidates (from upper level)
   INVX: 9207 # Downgrades (from upper level)
   FWD: 0 # Forwards (from upper level)
   latGETnl: 1033824 # GET request latency on next level
   latGETnet: 0 # GET request latency on network to next level
 l3: # Cache stats
  l3-0b0: # Cache stats
   hGETS: 7849 # GETS hits
   hGETX: 7932 # GETX hits
   mGETS: 541 # GETS misses
   mGETXIM: 29 # GETX I->M misses
   mGETXSM: 0 # GETX S->M misses (upgrade misses)
   PUTS: 0 # Clean evictions (from lower level)
   PUTX: 0 # Dirty evictions (from lower level)
   INV: 0 # Invalidates (from upper level)
   INVX: 0 # Downgrades (from upper level)
   FWD: 0 # Forwards (from upper level)
   latGETnl: 42750 # GET request latency on next level
   latGETnet: 0 # GET request latency on network to next level
  l3-0b1: # Cache stats
   hGETS: 8419 # GETS hits
   hGETX: 8282 # GETX hits
   mGETS: 542 # GETS misses
   mGETXIM: 28 # GETX I->M misses
   mGETXSM: 0 # GETX S->M misses (upgrade misses)
   PUTS: 0 # Clean evictions (from lower level)
   PUTX: 0 # Dirty evictions (from lower level)
   INV: 0 # Invalidates (from upper level)
   INVX: 0 # Downgrades (from upper level)
   FWD: 0 # Forwards (from upper level)
   latGETnl: 42750 # GET request latency on next level
   latGETnet: 0 # GET request latency on network to next level
  l3-0b2: # Cache stats
   hGETS: 8087 # GETS hits
   hGETX: 8335 # GETX hits
   mGETS: 532 # GETS misses
   mGETXIM: 30 # GETX I->M misses
   mGETXSM: 0 # GETX S->M misses (upgrade misses)
   PUTS: 0 # Clean evictions (from lower level)
   PUTX: 0 # Dirty evictions (from lower level)
   INV: 0 # Invalidates (from upper level)
   INVX: 0 # Downgrades (from upper level)
   FWD: 0 # Forwards (from upper level)
   latGETnl: 42150 # GET request latency on next level
   latGETnet: 0 # GET request latency on network to next level
  l3-0b3: # Cache stats
   hGETS: 7747 # GETS hits
   hGETX: 7989 # GETX hits
   mGETS: 538 # GETS misses
   mGETXIM: 25 # GETX I->M misses
   mGETXSM: 0 # GETX S->M misses (upgrade misses)
   PUTS: 0 # Clean evictions (from lower level)
   PUTX: 0 # Dirty evictions (from lower level)
   INV: 0 # Invalidates (from upper level)
   INVX: 0 # Downgrades (from upper level)
   FWD: 0 # Forwards (from upper level)
   latGETnl: 42225 # GET request latency on next level
   latGETnet: 0 # GET request latency on network to next level
 mem: # Memory controller stats
  mem-0: # Memory controller stats
   rd: 1106 # Read requests
   wr: 0 # Write requests
   rdlat: 220077 # Total latency experienced by read requests
   wrlat: 0 # Total latency experienced by write requests
   rdhits: 199 # Read row hits
   wrhits: 0 # Write row hits
   mlh: # latency histogram for memory requests
    0: 0
    1: 0
    2: 0
    3: 0
    4: 0
    5: 0
    6: 0
    7: 0
    8: 0
    9: 0
    10: 0
    11: 5
    12: 679
    13: 33
    14: 34
    15: 35
    16: 11
    17: 12
    18: 7
    19: 10
    20: 8
    21: 4
    22: 9
    23: 3
    24: 8
    25: 9
    26: 6
    27: 8
    28: 7
    29: 6
    30: 7
    31: 9
    32: 4
    33: 11
    34: 7
    35: 7
    36: 10
    37: 9
    38: 3
    39: 6
    40: 6
    41: 4
    42: 6
    43: 5
    44: 3
    45: 6
    46: 6
    47: 11
    48: 18
    49: 2
    50: 13
    51: 9
    52: 2
    53: 6
    54: 3
    55: 3
    56: 6
    57: 2
    58: 2
    59: 3
    60: 2
    61: 1
    62: 5
    63: 1
    64: 2
    65: 1
    66: 2
    67: 2
    68: 0
    69: 1
    70: 2
    71: 0
    72: 2
    73: 1
    74: 0
    75: 0
    76: 1
    77: 0
    78: 0
    79: 0
    80: 0
    81: 0
    82: 0
    83: 0
    84: 0
    85: 0
    86: 0
    87: 0
    88: 0
    89: 0
    90: 0
    91: 0
    92: 0
    93: 0
    94: 0
    95: 0
    96: 0
    97: 0
    98: 0
    99: 0
  mem-1: # Memory controller stats
   rd: 1096 # Read requests
   wr: 0 # Write requests
   rdlat: 218296 # Total latency experienced by read requests
   wrlat: 0 # Total latency experienced by write requests
   rdhits: 203 # Read row hits
   wrhits: 0 # Write row hits
   mlh: # latency histogram for memory requests
    0: 0
    1: 0
    2: 0
    3: 0
    4: 0
    5: 0
    6: 0
    7: 0
    8: 0
    9: 0
    10: 0
    11: 4
    12: 611
    13: 22
    14: 56
    15: 91
    16: 9
    17: 17
    18: 1
    19: 8
    20: 7
    21: 3
    22: 7
    23: 4
    24: 3
    25: 8
    26: 11
    27: 5
    28: 6
    29: 4
    30: 11
    31: 4
    32: 7
    33: 10
    34: 17
    35: 8
    36: 9
    37: 6
    38: 3
    39: 10
    40: 5
    41: 5
    42: 6
    43: 5
    44: 5
    45: 8
    46: 7
    47: 10
    48: 16
    49: 3
    50: 11
    51: 12
    52: 4
    53: 5
    54: 6
    55: 3
    56: 5
    57: 2
    58: 1
    59: 3
    60: 0
    61: 2
    62: 1
    63: 0
    64: 2
    65: 0
    66: 1
    67: 1
    68: 1
    69: 0
    70: 2
    71: 0
    72: 1
    73: 1
    74: 0
    75: 0
    76: 0
    77: 0
    78: 0
    79: 0
    80: 0
    81: 0
    82: 0
    83: 0
    84: 0
    85: 0
    86: 0
    87: 0
    88: 0
    89: 0
    90: 0
    91: 0
    92: 0
    93: 0
    94: 0
    95: 0
    96: 0
    97: 0
    98: 0
    99: 0
 sched: # Scheduler stats
  thCr: 301 # Threads created
  thFn: 301 # Threads finished
  schedEvs: 301 # Schedule events
  waitEvs: 0 # Wait events
  handoffEvs: 0 # Handoff events
  sleepEvs: 0 # Sleep events
  idlePhases: 0 # Phases with no thread active
  idlePeriods: 0 # Periods with no thread active
  occHist: # Occupancy histogram
   0: 0
   1: 4
   2: 2
   3: 145
   4: 1657
  rqSzHist: # Run queue size histogram
   0: 1808
   1: 0
   2: 0
   3: 0
   4: 0
   5: 0
   6: 0
   7: 0
   8: 0
   9: 0
   10: 0
   11: 0
   12: 0
   13: 0
   14: 0
   15: 0
   16: 0
 procCycles: # Per-process unhalted core cycles
  0: 70440087
  1: 0
  2: 0
  3: 0
  4: 0
  5: 0
  6: 0
  7: 0
  8: 0
  9: 0
  10: 0
  11: 0
  12: 0
  13: 0
  14: 0
  15: 0
  16: 0
  17: 0
  18: 0
  19: 0
  20: 0
  21: 0
  22: 0
  23: 0
  24: 0
  25: 0
  26: 0
  27: 0
  28: 0
  29: 0
  30: 0
  31: 0
  32: 0
  33: 0
  34: 0
  35: 0
  36: 0
  37: 0
  38: 0
  39: 0
  40: 0
  41: 0
  42: 0
  43: 0
  44: 0
  45: 0
  46: 0
  47: 0
  48: 0
  49: 0
  50: 0
  51: 0
  52: 0
  53: 0
  54: 0
  55: 0
  56: 0
  57: 0
  58: 0
  59: 0
  60: 0
  61: 0
  62: 0
  63: 0
 procInstrs: # Per-process instructions
  0: 144152693
  1: 0
  2: 0
  3: 0
  4: 0
  5: 0
  6: 0
  7: 0
  8: 0
  9: 0
  10: 0
  11: 0
  12: 0
  13: 0
  14: 0
  15: 0
  16: 0
  17: 0
  18: 0
  19: 0
  20: 0
  21: 0
  22: 0
  23: 0
  24: 0
  25: 0
  26: 0
  27: 0
  28: 0
  29: 0
  30: 0
  31: 0
  32: 0
  33: 0
  34: 0
  35: 0
  36: 0
  37: 0
  38: 0
  39: 0
  40: 0
  41: 0
  42: 0
  43: 0
  44: 0
  45: 0
  46: 0
  47: 0
  48: 0
  49: 0
  50: 0
  51: 0
  52: 0
  53: 0
  54: 0
  55: 0
  56: 0
  57: 0
  58: 0
  59: 0
  60: 0
  61: 0
  62: 0
  63: 0
 heartbeats: # Per-process heartbeats
  0: 0
  1: 0
  2: 0
  3: 0
  4: 0
  5: 0
  6: 0
  7: 0
  8: 0
  9: 0
  10: 0
  11: 0
  12: 0
  13: 0
  14: 0
  15: 0
  16: 0
  17: 0
  18: 0
  19: 0
  20: 0
  21: 0
  22: 0
  23: 0
  24: 0
  25: 0
  26: 0
  27: 0
  28: 0
  29: 0
  30: 0
  31: 0
  32: 0
  33: 0
  34: 0
  35: 0
  36: 0
  37: 0
  38: 0
  39: 0
  40: 0
  41: 0
  42: 0
  43: 0
  44: 0
  45: 0
  46: 0
  47: 0
  48: 0
  49: 0
  50: 0
  51: 0
  52: 0
  53: 0
  54: 0
  55: 0
  56: 0
  57: 0
  58: 0
  59: 0
  60: 0
  61: 0
  62: 0
  63: 0
===
