# zsim stats
===
root: # Stats
 contention: # Contention simulation stats
  domain-0: # Domain stats
   time: 16780276 # Weave simulation time
 time: # Simulator time breakdown
  init: 1260469990
  bound: 7680542117
  weave: 78750138
  ff: 1520594013
 trigger: 20000 # Reason for this stats dump
 phase: 2656 # Simulated phases
 nehalem: # Core stats
  nehalem-0: # Core stats
   cycles: 17632758 # Simulated unhalted cycles
   cCycles: 35517 # Cycles due to contention stalls
   instrs: 43680789 # Simulated instructions
   uops: 49939813 # Retired micro-ops
   bbls: 5453836 # Basic blocks
   approxInstrs: 455 # Instrs with approx uop decoding
   mispredBranches: 49077 # Mispredicted branches
  nehalem-1: # Core stats
   cycles: 26205363 # Simulated unhalted cycles
   cCycles: 12790 # Cycles due to contention stalls
   instrs: 49515093 # Simulated instructions
   uops: 64712564 # Retired micro-ops
   bbls: 5386490 # Basic blocks
   approxInstrs: 300 # Instrs with approx uop decoding
   mispredBranches: 48125 # Mispredicted branches
  nehalem-2: # Core stats
   cycles: 26222006 # Simulated unhalted cycles
   cCycles: 14962 # Cycles due to contention stalls
   instrs: 49515004 # Simulated instructions
   uops: 64712487 # Retired micro-ops
   bbls: 5386471 # Basic blocks
   approxInstrs: 300 # Instrs with approx uop decoding
   mispredBranches: 48016 # Mispredicted branches
  nehalem-3: # Core stats
   cycles: 26208568 # Simulated unhalted cycles
   cCycles: 14619 # Cycles due to contention stalls
   instrs: 49514175 # Simulated instructions
   uops: 64711555 # Retired micro-ops
   bbls: 5386304 # Basic blocks
   approxInstrs: 300 # Instrs with approx uop decoding
   mispredBranches: 48139 # Mispredicted branches
 l1d: # Cache stats
  l1d-0: # Filter cache stats
   fhGETS: 6772830 # Filtered GETS hits
   fhGETX: 368485 # Filtered GETX hits
   hGETS: 6876289 # GETS hits
   hGETX: 105839 # GETX hits
   mGETS: 84466 # GETS misses
   mGETXIM: 1767 # GETX I->M misses
   mGETXSM: 2387 # GETX S->M misses (upgrade misses)
   PUTS: 0 # Clean evictions (from lower level)
   PUTX: 0 # Dirty evictions (from lower level)
   INV: 2002 # Invalidates (from upper level)
   INVX: 2257 # Downgrades (from upper level)
   FWD: 0 # Forwards (from upper level)
   latGETnl: 1216079 # GET request latency on next level
   latGETnet: 0 # GET request latency on network to next level
  l1d-1: # Filter cache stats
   fhGETS: 8642986 # Filtered GETS hits
   fhGETX: 5841925 # Filtered GETX hits
   hGETS: 7769446 # GETS hits
   hGETX: 720010 # GETX hits
   mGETS: 91636 # GETS misses
   mGETXIM: 851 # GETX I->M misses
   mGETXSM: 8756 # GETX S->M misses (upgrade misses)
   PUTS: 0 # Clean evictions (from lower level)
   PUTX: 0 # Dirty evictions (from lower level)
   INV: 2307 # Invalidates (from upper level)
   INVX: 1557 # Downgrades (from upper level)
   FWD: 0 # Forwards (from upper level)
   latGETnl: 2007356 # GET request latency on next level
   latGETnet: 0 # GET request latency on network to next level
  l1d-2: # Filter cache stats
   fhGETS: 8636964 # Filtered GETS hits
   fhGETX: 5837885 # Filtered GETX hits
   hGETS: 7775191 # GETS hits
   hGETX: 723914 # GETX hits
   mGETS: 91894 # GETS misses
   mGETXIM: 860 # GETX I->M misses
   mGETXSM: 8883 # GETX S->M misses (upgrade misses)
   PUTS: 0 # Clean evictions (from lower level)
   PUTX: 0 # Dirty evictions (from lower level)
   INV: 2322 # Invalidates (from upper level)
   INVX: 1678 # Downgrades (from upper level)
   FWD: 0 # Forwards (from upper level)
   latGETnl: 2029576 # GET request latency on next level
   latGETnet: 0 # GET request latency on network to next level
  l1d-3: # Filter cache stats
   fhGETS: 8636829 # Filtered GETS hits
   fhGETX: 5837799 # Filtered GETX hits
   hGETS: 7775220 # GETS hits
   hGETX: 724029 # GETX hits
   mGETS: 91740 # GETS misses
   mGETXIM: 854 # GETX I->M misses
   mGETXSM: 8753 # GETX S->M misses (upgrade misses)
   PUTS: 0 # Clean evictions (from lower level)
   PUTX: 0 # Dirty evictions (from lower level)
   INV: 2322 # Invalidates (from upper level)
   INVX: 1728 # Downgrades (from upper level)
   FWD: 0 # Forwards (from upper level)
   latGETnl: 2015453 # GET request latency on next level
   latGETnet: 0 # GET request latency on network to next level
 l1i: # Cache stats
  l1i-0: # Filter cache stats
   fhGETS: 7312673 # Filtered GETS hits
   fhGETX: 0 # Filtered GETX hits
   hGETS: 5150 # GETS hits
   hGETX: 0 # GETX hits
   mGETS: 277 # GETS misses
   mGETXIM: 0 # GETX I->M misses
   mGETXSM: 0 # GETX S->M misses (upgrade misses)
   PUTS: 0 # Clean evictions (from lower level)
   PUTX: 0 # Dirty evictions (from lower level)
   INV: 0 # Invalidates (from upper level)
   INVX: 0 # Downgrades (from upper level)
   FWD: 0 # Forwards (from upper level)
   latGETnl: 33396 # GET request latency on next level
   latGETnet: 0 # GET request latency on network to next level
  l1i-1: # Filter cache stats
   fhGETS: 7263517 # Filtered GETS hits
   fhGETX: 0 # Filtered GETX hits
   hGETS: 5989 # GETS hits
   hGETX: 0 # GETX hits
   mGETS: 134 # GETS misses
   mGETXIM: 0 # GETX I->M misses
   mGETXSM: 0 # GETX S->M misses (upgrade misses)
   PUTS: 0 # Clean evictions (from lower level)
   PUTX: 0 # Dirty evictions (from lower level)
   INV: 0 # Invalidates (from upper level)
   INVX: 0 # Downgrades (from upper level)
   FWD: 0 # Forwards (from upper level)
   latGETnl: 8607 # GET request latency on next level
   latGETnet: 0 # GET request latency on network to next level
  l1i-2: # Filter cache stats
   fhGETS: 7262956 # Filtered GETS hits
   fhGETX: 0 # Filtered GETX hits
   hGETS: 5986 # GETS hits
   hGETX: 0 # GETX hits
   mGETS: 138 # GETS misses
   mGETXIM: 0 # GETX I->M misses
   mGETXSM: 0 # GETX S->M misses (upgrade misses)
   PUTS: 0 # Clean evictions (from lower level)
   PUTX: 0 # Dirty evictions (from lower level)
   INV: 0 # Invalidates (from upper level)
   INVX: 0 # Downgrades (from upper level)
   FWD: 0 # Forwards (from upper level)
   latGETnl: 8724 # GET request latency on next level
   latGETnet: 0 # GET request latency on network to next level
  l1i-3: # Filter cache stats
   fhGETS: 7263424 # Filtered GETS hits
   fhGETX: 0 # Filtered GETX hits
   hGETS: 5962 # GETS hits
   hGETX: 0 # GETX hits
   mGETS: 132 # GETS misses
   mGETXIM: 0 # GETX I->M misses
   mGETXSM: 0 # GETX S->M misses (upgrade misses)
   PUTS: 0 # Clean evictions (from lower level)
   PUTX: 0 # Dirty evictions (from lower level)
   INV: 0 # Invalidates (from upper level)
   INVX: 0 # Downgrades (from upper level)
   FWD: 0 # Forwards (from upper level)
   latGETnl: 8061 # GET request latency on next level
   latGETnet: 0 # GET request latency on network to next level
 l2: # Cache stats
  l2-0: # Cache stats
   hGETS: 82711 # GETS hits
   hGETX: 509 # GETX hits
   mGETS: 2032 # GETS misses
   mGETXIM: 1257 # GETX I->M misses
   mGETXSM: 2388 # GETX S->M misses (upgrade misses)
   PUTS: 70524 # Clean evictions (from lower level)
   PUTX: 13216 # Dirty evictions (from lower level)
   INV: 2104 # Invalidates (from upper level)
   INVX: 2787 # Downgrades (from upper level)
   FWD: 0 # Forwards (from upper level)
   latGETnl: 360505 # GET request latency on next level
   latGETnet: 0 # GET request latency on network to next level
  l2-1: # Cache stats
   hGETS: 81035 # GETS hits
   hGETX: 85 # GETX hits
   mGETS: 10735 # GETS misses
   mGETXIM: 767 # GETX I->M misses
   mGETXSM: 8755 # GETX S->M misses (upgrade misses)
   PUTS: 78100 # Clean evictions (from lower level)
   PUTX: 11597 # Dirty evictions (from lower level)
   INV: 10069 # Invalidates (from upper level)
   INVX: 8923 # Downgrades (from upper level)
   FWD: 0 # Forwards (from upper level)
   latGETnl: 1002193 # GET request latency on next level
   latGETnet: 0 # GET request latency on network to next level
  l2-2: # Cache stats
   hGETS: 81164 # GETS hits
   hGETX: 88 # GETX hits
   mGETS: 10868 # GETS misses
   mGETXIM: 772 # GETX I->M misses
   mGETXSM: 8883 # GETX S->M misses (upgrade misses)
   PUTS: 78347 # Clean evictions (from lower level)
   PUTX: 11601 # Dirty evictions (from lower level)
   INV: 10200 # Invalidates (from upper level)
   INVX: 9149 # Downgrades (from upper level)
   FWD: 0 # Forwards (from upper level)
   latGETnl: 1020550 # GET request latency on next level
   latGETnet: 0 # GET request latency on network to next level
  l2-3: # Cache stats
   hGETS: 81152 # GETS hits
   hGETX: 82 # GETX hits
   mGETS: 10720 # GETS misses
   mGETXIM: 772 # GETX I->M misses
   mGETXSM: 8753 # GETX S->M misses (upgrade misses)
   PUTS: 78174 # Clean evictions (from lower level)
   PUTX: 11590 # Dirty evictions (from lower level)
   INV: 10069 # Invalidates (from upper level)
   INVX: 9072 # Downgrades (from upper level)
   FWD: 0 # Forwards (from upper level)
   latGETnl: 1008724 # GET request latency on next level
   latGETnet: 0 # GET request latency on network to next level
 l3: # Cache stats
  l3-0b0: # Cache stats
   hGETS: 7873 # GETS hits
   hGETX: 7867 # GETX hits
   mGETS: 544 # GETS misses
   mGETXIM: 28 # GETX I->M misses
   mGETXSM: 0 # GETX S->M misses (upgrade misses)
   PUTS: 0 # Clean evictions (from lower level)
   PUTX: 0 # Dirty evictions (from lower level)
   INV: 0 # Invalidates (from upper level)
   INVX: 0 # Downgrades (from upper level)
   FWD: 0 # Forwards (from upper level)
   latGETnl: 42900 # GET request latency on next level
   latGETnet: 0 # GET request latency on network to next level
  l3-0b1: # Cache stats
   hGETS: 8436 # GETS hits
   hGETX: 8268 # GETX hits
   mGETS: 544 # GETS misses
   mGETXIM: 29 # GETX I->M misses
   mGETXSM: 0 # GETX S->M misses (upgrade misses)
   PUTS: 0 # Clean evictions (from lower level)
   PUTX: 0 # Dirty evictions (from lower level)
   INV: 0 # Invalidates (from upper level)
   INVX: 0 # Downgrades (from upper level)
   FWD: 0 # Forwards (from upper level)
   latGETnl: 42975 # GET request latency on next level
   latGETnet: 0 # GET request latency on network to next level
  l3-0b2: # Cache stats
   hGETS: 8007 # GETS hits
   hGETX: 8122 # GETX hits
   mGETS: 536 # GETS misses
   mGETXIM: 31 # GETX I->M misses
   mGETXSM: 0 # GETX S->M misses (upgrade misses)
   PUTS: 0 # Clean evictions (from lower level)
   PUTX: 0 # Dirty evictions (from lower level)
   INV: 0 # Invalidates (from upper level)
   INVX: 0 # Downgrades (from upper level)
   FWD: 0 # Forwards (from upper level)
   latGETnl: 42525 # GET request latency on next level
   latGETnet: 0 # GET request latency on network to next level
  l3-0b3: # Cache stats
   hGETS: 7873 # GETS hits
   hGETX: 7976 # GETX hits
   mGETS: 542 # GETS misses
   mGETXIM: 26 # GETX I->M misses
   mGETXSM: 0 # GETX S->M misses (upgrade misses)
   PUTS: 0 # Clean evictions (from lower level)
   PUTX: 0 # Dirty evictions (from lower level)
   INV: 0 # Invalidates (from upper level)
   INVX: 0 # Downgrades (from upper level)
   FWD: 0 # Forwards (from upper level)
   latGETnl: 42600 # GET request latency on next level
   latGETnet: 0 # GET request latency on network to next level
 mem: # Memory controller stats
  mem-0: # Memory controller stats
   rd: 1115 # Read requests
   wr: 0 # Write requests
   rdlat: 193689 # Total latency experienced by read requests
   wrlat: 0 # Total latency experienced by write requests
   rdhits: 197 # Read row hits
   wrhits: 0 # Write row hits
   mlh: # latency histogram for memory requests
    0: 0
    1: 0
    2: 0
    3: 0
    4: 0
    5: 0
    6: 0
    7: 0
    8: 0
    9: 0
    10: 0
    11: 7
    12: 714
    13: 23
    14: 57
    15: 23
    16: 12
    17: 15
    18: 5
    19: 21
    20: 10
    21: 7
    22: 19
    23: 7
    24: 13
    25: 18
    26: 9
    27: 14
    28: 7
    29: 8
    30: 9
    31: 5
    32: 8
    33: 13
    34: 6
    35: 7
    36: 6
    37: 1
    38: 2
    39: 1
    40: 2
    41: 4
    42: 4
    43: 8
    44: 3
    45: 4
    46: 4
    47: 1
    48: 7
    49: 0
    50: 1
    51: 9
    52: 2
    53: 4
    54: 6
    55: 2
    56: 6
    57: 1
    58: 0
    59: 0
    60: 0
    61: 0
    62: 0
    63: 0
    64: 0
    65: 0
    66: 0
    67: 0
    68: 0
    69: 0
    70: 0
    71: 0
    72: 0
    73: 0
    74: 0
    75: 0
    76: 0
    77: 0
    78: 0
    79: 0
    80: 0
    81: 0
    82: 0
    83: 0
    84: 0
    85: 0
    86: 0
    87: 0
    88: 0
    89: 0
    90: 0
    91: 0
    92: 0
    93: 0
    94: 0
    95: 0
    96: 0
    97: 0
    98: 0
    99: 0
  mem-1: # Memory controller stats
   rd: 1103 # Read requests
   wr: 0 # Write requests
   rdlat: 192876 # Total latency experienced by read requests
   wrlat: 0 # Total latency experienced by write requests
   rdhits: 203 # Read row hits
   wrhits: 0 # Write row hits
   mlh: # latency histogram for memory requests
    0: 0
    1: 0
    2: 0
    3: 0
    4: 0
    5: 0
    6: 0
    7: 0
    8: 0
    9: 0
    10: 0
    11: 12
    12: 638
    13: 26
    14: 77
    15: 58
    16: 15
    17: 21
    18: 8
    19: 18
    20: 1
    21: 13
    22: 16
    23: 5
    24: 8
    25: 21
    26: 16
    27: 4
    28: 11
    29: 13
    30: 9
    31: 7
    32: 2
    33: 15
    34: 8
    35: 2
    36: 10
    37: 1
    38: 0
    39: 0
    40: 0
    41: 7
    42: 0
    43: 15
    44: 1
    45: 1
    46: 8
    47: 1
    48: 7
    49: 0
    50: 3
    51: 7
    52: 1
    53: 0
    54: 7
    55: 1
    56: 7
    57: 1
    58: 1
    59: 0
    60: 0
    61: 0
    62: 0
    63: 0
    64: 0
    65: 0
    66: 0
    67: 0
    68: 0
    69: 0
    70: 0
    71: 0
    72: 0
    73: 0
    74: 0
    75: 0
    76: 0
    77: 0
    78: 0
    79: 0
    80: 0
    81: 0
    82: 0
    83: 0
    84: 0
    85: 0
    86: 0
    87: 0
    88: 0
    89: 0
    90: 0
    91: 0
    92: 0
    93: 0
    94: 0
    95: 0
    96: 0
    97: 0
    98: 0
    99: 0
 sched: # Scheduler stats
  thCr: 301 # Threads created
  thFn: 301 # Threads finished
  schedEvs: 301 # Schedule events
  waitEvs: 0 # Wait events
  handoffEvs: 0 # Handoff events
  sleepEvs: 0 # Sleep events
  idlePhases: 0 # Phases with no thread active
  idlePeriods: 0 # Periods with no thread active
  occHist: # Occupancy histogram
   0: 0
   1: 3
   2: 48
   3: 96
   4: 2509
  rqSzHist: # Run queue size histogram
   0: 2656
   1: 0
   2: 0
   3: 0
   4: 0
   5: 0
   6: 0
   7: 0
   8: 0
   9: 0
   10: 0
   11: 0
   12: 0
   13: 0
   14: 0
   15: 0
   16: 0
 procCycles: # Per-process unhalted core cycles
  0: 96268695
  1: 0
  2: 0
  3: 0
  4: 0
  5: 0
  6: 0
  7: 0
  8: 0
  9: 0
  10: 0
  11: 0
  12: 0
  13: 0
  14: 0
  15: 0
  16: 0
  17: 0
  18: 0
  19: 0
  20: 0
  21: 0
  22: 0
  23: 0
  24: 0
  25: 0
  26: 0
  27: 0
  28: 0
  29: 0
  30: 0
  31: 0
  32: 0
  33: 0
  34: 0
  35: 0
  36: 0
  37: 0
  38: 0
  39: 0
  40: 0
  41: 0
  42: 0
  43: 0
  44: 0
  45: 0
  46: 0
  47: 0
  48: 0
  49: 0
  50: 0
  51: 0
  52: 0
  53: 0
  54: 0
  55: 0
  56: 0
  57: 0
  58: 0
  59: 0
  60: 0
  61: 0
  62: 0
  63: 0
 procInstrs: # Per-process instructions
  0: 192225061
  1: 0
  2: 0
  3: 0
  4: 0
  5: 0
  6: 0
  7: 0
  8: 0
  9: 0
  10: 0
  11: 0
  12: 0
  13: 0
  14: 0
  15: 0
  16: 0
  17: 0
  18: 0
  19: 0
  20: 0
  21: 0
  22: 0
  23: 0
  24: 0
  25: 0
  26: 0
  27: 0
  28: 0
  29: 0
  30: 0
  31: 0
  32: 0
  33: 0
  34: 0
  35: 0
  36: 0
  37: 0
  38: 0
  39: 0
  40: 0
  41: 0
  42: 0
  43: 0
  44: 0
  45: 0
  46: 0
  47: 0
  48: 0
  49: 0
  50: 0
  51: 0
  52: 0
  53: 0
  54: 0
  55: 0
  56: 0
  57: 0
  58: 0
  59: 0
  60: 0
  61: 0
  62: 0
  63: 0
 heartbeats: # Per-process heartbeats
  0: 0
  1: 0
  2: 0
  3: 0
  4: 0
  5: 0
  6: 0
  7: 0
  8: 0
  9: 0
  10: 0
  11: 0
  12: 0
  13: 0
  14: 0
  15: 0
  16: 0
  17: 0
  18: 0
  19: 0
  20: 0
  21: 0
  22: 0
  23: 0
  24: 0
  25: 0
  26: 0
  27: 0
  28: 0
  29: 0
  30: 0
  31: 0
  32: 0
  33: 0
  34: 0
  35: 0
  36: 0
  37: 0
  38: 0
  39: 0
  40: 0
  41: 0
  42: 0
  43: 0
  44: 0
  45: 0
  46: 0
  47: 0
  48: 0
  49: 0
  50: 0
  51: 0
  52: 0
  53: 0
  54: 0
  55: 0
  56: 0
  57: 0
  58: 0
  59: 0
  60: 0
  61: 0
  62: 0
  63: 0
===
