# zsim stats
===
root: # Stats
 contention: # Contention simulation stats
  domain-0: # Domain stats
   time: 1982780 # Weave simulation time
 time: # Simulator time breakdown
  init: 1375707779
  bound: 1534118246
  weave: 4113354
  ff: 150497539
 trigger: 20000 # Reason for this stats dump
 phase: 41 # Simulated phases
 nehalem: # Core stats
  nehalem-0: # Core stats
   cycles: 410847 # Simulated unhalted cycles
   cCycles: 14643 # Cycles due to contention stalls
   instrs: 308490 # Simulated instructions
   uops: 388439 # Retired micro-ops
   bbls: 77334 # Basic blocks
   approxInstrs: 484 # Instrs with approx uop decoding
   mispredBranches: 1039 # Mispredicted branches
  nehalem-1: # Core stats
   cycles: 84876 # Simulated unhalted cycles
   cCycles: 2428 # Cycles due to contention stalls
   instrs: 45716 # Simulated instructions
   uops: 59383 # Retired micro-ops
   bbls: 9570 # Basic blocks
   approxInstrs: 300 # Instrs with approx uop decoding
   mispredBranches: 136 # Mispredicted branches
  nehalem-2: # Core stats
   cycles: 86096 # Simulated unhalted cycles
   cCycles: 3094 # Cycles due to contention stalls
   instrs: 45815 # Simulated instructions
   uops: 59501 # Retired micro-ops
   bbls: 9590 # Basic blocks
   approxInstrs: 300 # Instrs with approx uop decoding
   mispredBranches: 138 # Mispredicted branches
  nehalem-3: # Core stats
   cycles: 84307 # Simulated unhalted cycles
   cCycles: 2273 # Cycles due to contention stalls
   instrs: 45875 # Simulated instructions
   uops: 59555 # Retired micro-ops
   bbls: 9604 # Basic blocks
   approxInstrs: 300 # Instrs with approx uop decoding
   mispredBranches: 121 # Mispredicted branches
 l1d: # Cache stats
  l1d-0: # Filter cache stats
   fhGETS: 70081 # Filtered GETS hits
   fhGETX: 45247 # Filtered GETX hits
   hGETS: 11015 # GETS hits
   hGETX: 4677 # GETX hits
   mGETS: 1189 # GETS misses
   mGETXIM: 1264 # GETX I->M misses
   mGETXSM: 2472 # GETX S->M misses (upgrade misses)
   PUTS: 0 # Clean evictions (from lower level)
   PUTX: 0 # Dirty evictions (from lower level)
   INV: 2188 # Invalidates (from upper level)
   INVX: 2541 # Downgrades (from upper level)
   FWD: 0 # Forwards (from upper level)
   latGETnl: 322040 # GET request latency on next level
   latGETnet: 0 # GET request latency on network to next level
  l1d-1: # Filter cache stats
   fhGETS: 11184 # Filtered GETS hits
   fhGETX: 5342 # Filtered GETX hits
   hGETS: 2988 # GETS hits
   hGETX: 417 # GETX hits
   mGETS: 1075 # GETS misses
   mGETXIM: 644 # GETX I->M misses
   mGETXSM: 418 # GETX S->M misses (upgrade misses)
   PUTS: 0 # Clean evictions (from lower level)
   PUTX: 0 # Dirty evictions (from lower level)
   INV: 1596 # Invalidates (from upper level)
   INVX: 442 # Downgrades (from upper level)
   FWD: 0 # Forwards (from upper level)
   latGETnl: 133993 # GET request latency on next level
   latGETnet: 0 # GET request latency on network to next level
  l1d-2: # Filter cache stats
   fhGETS: 11215 # Filtered GETS hits
   fhGETX: 5352 # Filtered GETX hits
   hGETS: 2983 # GETS hits
   hGETX: 393 # GETX hits
   mGETS: 1079 # GETS misses
   mGETXIM: 676 # GETX I->M misses
   mGETXSM: 414 # GETX S->M misses (upgrade misses)
   PUTS: 0 # Clean evictions (from lower level)
   PUTX: 0 # Dirty evictions (from lower level)
   INV: 1618 # Invalidates (from upper level)
   INVX: 443 # Downgrades (from upper level)
   FWD: 0 # Forwards (from upper level)
   latGETnl: 135692 # GET request latency on next level
   latGETnet: 0 # GET request latency on network to next level
  l1d-3: # Filter cache stats
   fhGETS: 11224 # Filtered GETS hits
   fhGETX: 5356 # Filtered GETX hits
   hGETS: 2986 # GETS hits
   hGETX: 304 # GETX hits
   mGETS: 1079 # GETS misses
   mGETXIM: 756 # GETX I->M misses
   mGETXSM: 419 # GETX S->M misses (upgrade misses)
   PUTS: 0 # Clean evictions (from lower level)
   PUTX: 0 # Dirty evictions (from lower level)
   INV: 1692 # Invalidates (from upper level)
   INVX: 423 # Downgrades (from upper level)
   FWD: 0 # Forwards (from upper level)
   latGETnl: 140304 # GET request latency on next level
   latGETnet: 0 # GET request latency on network to next level
 l1i: # Cache stats
  l1i-0: # Filter cache stats
   fhGETS: 81328 # Filtered GETS hits
   fhGETX: 0 # Filtered GETX hits
   hGETS: 3661 # GETS hits
   hGETX: 0 # GETX hits
   mGETS: 233 # GETS misses
   mGETXIM: 0 # GETX I->M misses
   mGETXSM: 0 # GETX S->M misses (upgrade misses)
   PUTS: 0 # Clean evictions (from lower level)
   PUTX: 0 # Dirty evictions (from lower level)
   INV: 0 # Invalidates (from upper level)
   INVX: 0 # Downgrades (from upper level)
   FWD: 0 # Forwards (from upper level)
   latGETnl: 27909 # GET request latency on next level
   latGETnet: 0 # GET request latency on network to next level
  l1i-1: # Filter cache stats
   fhGETS: 6041 # Filtered GETS hits
   fhGETX: 0 # Filtered GETX hits
   hGETS: 4185 # GETS hits
   hGETX: 0 # GETX hits
   mGETS: 116 # GETS misses
   mGETXIM: 0 # GETX I->M misses
   mGETXSM: 0 # GETX S->M misses (upgrade misses)
   PUTS: 0 # Clean evictions (from lower level)
   PUTX: 0 # Dirty evictions (from lower level)
   INV: 0 # Invalidates (from upper level)
   INVX: 0 # Downgrades (from upper level)
   FWD: 0 # Forwards (from upper level)
   latGETnl: 7068 # GET request latency on next level
   latGETnet: 0 # GET request latency on network to next level
  l1i-2: # Filter cache stats
   fhGETS: 6060 # Filtered GETS hits
   fhGETX: 0 # Filtered GETX hits
   hGETS: 4191 # GETS hits
   hGETX: 0 # GETX hits
   mGETS: 120 # GETS misses
   mGETXIM: 0 # GETX I->M misses
   mGETXSM: 0 # GETX S->M misses (upgrade misses)
   PUTS: 0 # Clean evictions (from lower level)
   PUTX: 0 # Dirty evictions (from lower level)
   INV: 0 # Invalidates (from upper level)
   INVX: 0 # Downgrades (from upper level)
   FWD: 0 # Forwards (from upper level)
   latGETnl: 7260 # GET request latency on next level
   latGETnet: 0 # GET request latency on network to next level
  l1i-3: # Filter cache stats
   fhGETS: 6005 # Filtered GETS hits
   fhGETX: 0 # Filtered GETX hits
   hGETS: 4176 # GETS hits
   hGETX: 0 # GETX hits
   mGETS: 119 # GETS misses
   mGETXIM: 0 # GETX I->M misses
   mGETXSM: 0 # GETX S->M misses (upgrade misses)
   PUTS: 0 # Clean evictions (from lower level)
   PUTX: 0 # Dirty evictions (from lower level)
   INV: 0 # Invalidates (from upper level)
   INVX: 0 # Downgrades (from upper level)
   FWD: 0 # Forwards (from upper level)
   latGETnl: 7137 # GET request latency on next level
   latGETnet: 0 # GET request latency on network to next level
 l2: # Cache stats
  l2-0: # Cache stats
   hGETS: 1 # GETS hits
   hGETX: 1 # GETX hits
   mGETS: 1421 # GETS misses
   mGETXIM: 1265 # GETX I->M misses
   mGETXSM: 2470 # GETX S->M misses (upgrade misses)
   PUTS: 5 # Clean evictions (from lower level)
   PUTX: 1 # Dirty evictions (from lower level)
   INV: 2188 # Invalidates (from upper level)
   INVX: 2541 # Downgrades (from upper level)
   FWD: 0 # Forwards (from upper level)
   latGETnl: 298369 # GET request latency on next level
   latGETnet: 0 # GET request latency on network to next level
  l2-1: # Cache stats
   hGETS: 0 # GETS hits
   hGETX: 0 # GETX hits
   mGETS: 1191 # GETS misses
   mGETXIM: 644 # GETX I->M misses
   mGETXSM: 418 # GETX S->M misses (upgrade misses)
   PUTS: 0 # Clean evictions (from lower level)
   PUTX: 0 # Dirty evictions (from lower level)
   INV: 1596 # Invalidates (from upper level)
   INVX: 442 # Downgrades (from upper level)
   FWD: 0 # Forwards (from upper level)
   latGETnl: 118531 # GET request latency on next level
   latGETnet: 0 # GET request latency on network to next level
  l2-2: # Cache stats
   hGETS: 0 # GETS hits
   hGETX: 0 # GETX hits
   mGETS: 1199 # GETS misses
   mGETXIM: 676 # GETX I->M misses
   mGETXSM: 414 # GETX S->M misses (upgrade misses)
   PUTS: 0 # Clean evictions (from lower level)
   PUTX: 0 # Dirty evictions (from lower level)
   INV: 1618 # Invalidates (from upper level)
   INVX: 443 # Downgrades (from upper level)
   FWD: 0 # Forwards (from upper level)
   latGETnl: 120062 # GET request latency on next level
   latGETnet: 0 # GET request latency on network to next level
  l2-3: # Cache stats
   hGETS: 0 # GETS hits
   hGETX: 0 # GETX hits
   mGETS: 1198 # GETS misses
   mGETXIM: 756 # GETX I->M misses
   mGETXSM: 419 # GETX S->M misses (upgrade misses)
   PUTS: 0 # Clean evictions (from lower level)
   PUTX: 0 # Dirty evictions (from lower level)
   INV: 1692 # Invalidates (from upper level)
   INVX: 423 # Downgrades (from upper level)
   FWD: 0 # Forwards (from upper level)
   latGETnl: 123711 # GET request latency on next level
   latGETnet: 0 # GET request latency on network to next level
 l3: # Cache stats
  l3-0b0: # Cache stats
   hGETS: 855 # GETS hits
   hGETX: 1612 # GETX hits
   mGETS: 146 # GETS misses
   mGETXIM: 28 # GETX I->M misses
   mGETXSM: 0 # GETX S->M misses (upgrade misses)
   PUTS: 0 # Clean evictions (from lower level)
   PUTX: 0 # Dirty evictions (from lower level)
   INV: 0 # Invalidates (from upper level)
   INVX: 0 # Downgrades (from upper level)
   FWD: 0 # Forwards (from upper level)
   latGETnl: 13050 # GET request latency on next level
   latGETnet: 0 # GET request latency on network to next level
  l3-0b1: # Cache stats
   hGETS: 1293 # GETS hits
   hGETX: 1834 # GETX hits
   mGETS: 147 # GETS misses
   mGETXIM: 27 # GETX I->M misses
   mGETXSM: 0 # GETX S->M misses (upgrade misses)
   PUTS: 0 # Clean evictions (from lower level)
   PUTX: 0 # Dirty evictions (from lower level)
   INV: 0 # Invalidates (from upper level)
   INVX: 0 # Downgrades (from upper level)
   FWD: 0 # Forwards (from upper level)
   latGETnl: 13050 # GET request latency on next level
   latGETnet: 0 # GET request latency on network to next level
  l3-0b2: # Cache stats
   hGETS: 1208 # GETS hits
   hGETX: 1796 # GETX hits
   mGETS: 132 # GETS misses
   mGETXIM: 30 # GETX I->M misses
   mGETXSM: 0 # GETX S->M misses (upgrade misses)
   PUTS: 0 # Clean evictions (from lower level)
   PUTX: 0 # Dirty evictions (from lower level)
   INV: 0 # Invalidates (from upper level)
   INVX: 0 # Downgrades (from upper level)
   FWD: 0 # Forwards (from upper level)
   latGETnl: 12150 # GET request latency on next level
   latGETnet: 0 # GET request latency on network to next level
  l3-0b3: # Cache stats
   hGETS: 1087 # GETS hits
   hGETX: 1709 # GETX hits
   mGETS: 141 # GETS misses
   mGETXIM: 26 # GETX I->M misses
   mGETXSM: 0 # GETX S->M misses (upgrade misses)
   PUTS: 0 # Clean evictions (from lower level)
   PUTX: 0 # Dirty evictions (from lower level)
   INV: 0 # Invalidates (from upper level)
   INVX: 0 # Downgrades (from upper level)
   FWD: 0 # Forwards (from upper level)
   latGETnl: 12525 # GET request latency on next level
   latGETnet: 0 # GET request latency on network to next level
 mem: # Memory controller stats
  mem-0: # Memory controller stats
   rd: 337 # Read requests
   wr: 0 # Write requests
   rdlat: 47492 # Total latency experienced by read requests
   wrlat: 0 # Total latency experienced by write requests
   rdhits: 2 # Read row hits
   wrhits: 0 # Write row hits
   mlh: # latency histogram for memory requests
    0: 0
    1: 0
    2: 0
    3: 0
    4: 0
    5: 0
    6: 0
    7: 0
    8: 0
    9: 0
    10: 0
    11: 4
    12: 221
    13: 17
    14: 33
    15: 26
    16: 0
    17: 6
    18: 5
    19: 1
    20: 4
    21: 1
    22: 3
    23: 0
    24: 2
    25: 3
    26: 5
    27: 1
    28: 0
    29: 1
    30: 0
    31: 0
    32: 2
    33: 0
    34: 0
    35: 0
    36: 0
    37: 0
    38: 0
    39: 0
    40: 0
    41: 0
    42: 0
    43: 0
    44: 0
    45: 0
    46: 0
    47: 0
    48: 0
    49: 0
    50: 0
    51: 0
    52: 0
    53: 1
    54: 0
    55: 1
    56: 0
    57: 0
    58: 0
    59: 0
    60: 0
    61: 0
    62: 0
    63: 0
    64: 0
    65: 0
    66: 0
    67: 0
    68: 0
    69: 0
    70: 0
    71: 0
    72: 0
    73: 0
    74: 0
    75: 0
    76: 0
    77: 0
    78: 0
    79: 0
    80: 0
    81: 0
    82: 0
    83: 0
    84: 0
    85: 0
    86: 0
    87: 0
    88: 0
    89: 0
    90: 0
    91: 0
    92: 0
    93: 0
    94: 0
    95: 0
    96: 0
    97: 0
    98: 0
    99: 0
  mem-1: # Memory controller stats
   rd: 327 # Read requests
   wr: 0 # Write requests
   rdlat: 46182 # Total latency experienced by read requests
   wrlat: 0 # Total latency experienced by write requests
   rdhits: 3 # Read row hits
   wrhits: 0 # Write row hits
   mlh: # latency histogram for memory requests
    0: 0
    1: 0
    2: 0
    3: 0
    4: 0
    5: 0
    6: 0
    7: 0
    8: 0
    9: 0
    10: 0
    11: 5
    12: 216
    13: 10
    14: 23
    15: 30
    16: 3
    17: 4
    18: 2
    19: 4
    20: 3
    21: 4
    22: 1
    23: 5
    24: 2
    25: 5
    26: 5
    27: 1
    28: 1
    29: 1
    30: 1
    31: 0
    32: 1
    33: 0
    34: 0
    35: 0
    36: 0
    37: 0
    38: 0
    39: 0
    40: 0
    41: 0
    42: 0
    43: 0
    44: 0
    45: 0
    46: 0
    47: 0
    48: 0
    49: 0
    50: 0
    51: 0
    52: 0
    53: 0
    54: 0
    55: 0
    56: 0
    57: 0
    58: 0
    59: 0
    60: 0
    61: 0
    62: 0
    63: 0
    64: 0
    65: 0
    66: 0
    67: 0
    68: 0
    69: 0
    70: 0
    71: 0
    72: 0
    73: 0
    74: 0
    75: 0
    76: 0
    77: 0
    78: 0
    79: 0
    80: 0
    81: 0
    82: 0
    83: 0
    84: 0
    85: 0
    86: 0
    87: 0
    88: 0
    89: 0
    90: 0
    91: 0
    92: 0
    93: 0
    94: 0
    95: 0
    96: 0
    97: 0
    98: 0
    99: 0
 sched: # Scheduler stats
  thCr: 301 # Threads created
  thFn: 301 # Threads finished
  schedEvs: 301 # Schedule events
  waitEvs: 0 # Wait events
  handoffEvs: 0 # Handoff events
  sleepEvs: 0 # Sleep events
  idlePhases: 0 # Phases with no thread active
  idlePeriods: 0 # Periods with no thread active
  occHist: # Occupancy histogram
   0: 0
   1: 22
   2: 18
   3: 1
   4: 0
  rqSzHist: # Run queue size histogram
   0: 41
   1: 0
   2: 0
   3: 0
   4: 0
   5: 0
   6: 0
   7: 0
   8: 0
   9: 0
   10: 0
   11: 0
   12: 0
   13: 0
   14: 0
   15: 0
   16: 0
 procCycles: # Per-process unhalted core cycles
  0: 666126
  1: 0
  2: 0
  3: 0
  4: 0
  5: 0
  6: 0
  7: 0
  8: 0
  9: 0
  10: 0
  11: 0
  12: 0
  13: 0
  14: 0
  15: 0
  16: 0
  17: 0
  18: 0
  19: 0
  20: 0
  21: 0
  22: 0
  23: 0
  24: 0
  25: 0
  26: 0
  27: 0
  28: 0
  29: 0
  30: 0
  31: 0
  32: 0
  33: 0
  34: 0
  35: 0
  36: 0
  37: 0
  38: 0
  39: 0
  40: 0
  41: 0
  42: 0
  43: 0
  44: 0
  45: 0
  46: 0
  47: 0
  48: 0
  49: 0
  50: 0
  51: 0
  52: 0
  53: 0
  54: 0
  55: 0
  56: 0
  57: 0
  58: 0
  59: 0
  60: 0
  61: 0
  62: 0
  63: 0
 procInstrs: # Per-process instructions
  0: 445896
  1: 0
  2: 0
  3: 0
  4: 0
  5: 0
  6: 0
  7: 0
  8: 0
  9: 0
  10: 0
  11: 0
  12: 0
  13: 0
  14: 0
  15: 0
  16: 0
  17: 0
  18: 0
  19: 0
  20: 0
  21: 0
  22: 0
  23: 0
  24: 0
  25: 0
  26: 0
  27: 0
  28: 0
  29: 0
  30: 0
  31: 0
  32: 0
  33: 0
  34: 0
  35: 0
  36: 0
  37: 0
  38: 0
  39: 0
  40: 0
  41: 0
  42: 0
  43: 0
  44: 0
  45: 0
  46: 0
  47: 0
  48: 0
  49: 0
  50: 0
  51: 0
  52: 0
  53: 0
  54: 0
  55: 0
  56: 0
  57: 0
  58: 0
  59: 0
  60: 0
  61: 0
  62: 0
  63: 0
 heartbeats: # Per-process heartbeats
  0: 0
  1: 0
  2: 0
  3: 0
  4: 0
  5: 0
  6: 0
  7: 0
  8: 0
  9: 0
  10: 0
  11: 0
  12: 0
  13: 0
  14: 0
  15: 0
  16: 0
  17: 0
  18: 0
  19: 0
  20: 0
  21: 0
  22: 0
  23: 0
  24: 0
  25: 0
  26: 0
  27: 0
  28: 0
  29: 0
  30: 0
  31: 0
  32: 0
  33: 0
  34: 0
  35: 0
  36: 0
  37: 0
  38: 0
  39: 0
  40: 0
  41: 0
  42: 0
  43: 0
  44: 0
  45: 0
  46: 0
  47: 0
  48: 0
  49: 0
  50: 0
  51: 0
  52: 0
  53: 0
  54: 0
  55: 0
  56: 0
  57: 0
  58: 0
  59: 0
  60: 0
  61: 0
  62: 0
  63: 0
===
