# zsim stats
===
root: # Stats
 contention: # Contention simulation stats
  domain-0: # Domain stats
   time: 1615981 # Weave simulation time
 time: # Simulator time breakdown
  init: 1318675638
  bound: 1557510389
  weave: 3801062
  ff: 136019214
 trigger: 20000 # Reason for this stats dump
 phase: 43 # Simulated phases
 nehalem: # Core stats
  nehalem-0: # Core stats
   cycles: 430420 # Simulated unhalted cycles
   cCycles: 14432 # Cycles due to contention stalls
   instrs: 321091 # Simulated instructions
   uops: 409919 # Retired micro-ops
   bbls: 78128 # Basic blocks
   approxInstrs: 489 # Instrs with approx uop decoding
   mispredBranches: 1013 # Mispredicted branches
  nehalem-1: # Core stats
   cycles: 96553 # Simulated unhalted cycles
   cCycles: 2677 # Cycles due to contention stalls
   instrs: 59833 # Simulated instructions
   uops: 79510 # Retired micro-ops
   bbls: 10976 # Basic blocks
   approxInstrs: 300 # Instrs with approx uop decoding
   mispredBranches: 162 # Mispredicted branches
  nehalem-2: # Core stats
   cycles: 99058 # Simulated unhalted cycles
   cCycles: 3275 # Cycles due to contention stalls
   instrs: 58816 # Simulated instructions
   uops: 78383 # Retired micro-ops
   bbls: 10770 # Basic blocks
   approxInstrs: 300 # Instrs with approx uop decoding
   mispredBranches: 148 # Mispredicted branches
  nehalem-3: # Core stats
   cycles: 97438 # Simulated unhalted cycles
   cCycles: 2752 # Cycles due to contention stalls
   instrs: 57906 # Simulated instructions
   uops: 77413 # Retired micro-ops
   bbls: 10587 # Basic blocks
   approxInstrs: 300 # Instrs with approx uop decoding
   mispredBranches: 126 # Mispredicted branches
 l1d: # Cache stats
  l1d-0: # Filter cache stats
   fhGETS: 75432 # Filtered GETS hits
   fhGETX: 50238 # Filtered GETX hits
   hGETS: 11093 # GETS hits
   hGETX: 4599 # GETX hits
   mGETS: 1235 # GETS misses
   mGETXIM: 1258 # GETX I->M misses
   mGETXSM: 2536 # GETX S->M misses (upgrade misses)
   PUTS: 0 # Clean evictions (from lower level)
   PUTX: 0 # Dirty evictions (from lower level)
   INV: 2232 # Invalidates (from upper level)
   INVX: 2566 # Downgrades (from upper level)
   FWD: 0 # Forwards (from upper level)
   latGETnl: 327995 # GET request latency on next level
   latGETnet: 0 # GET request latency on network to next level
  l1d-1: # Filter cache stats
   fhGETS: 16812 # Filtered GETS hits
   fhGETX: 8531 # Filtered GETX hits
   hGETS: 3030 # GETS hits
   hGETX: 623 # GETX hits
   mGETS: 1114 # GETS misses
   mGETXIM: 671 # GETX I->M misses
   mGETXSM: 417 # GETX S->M misses (upgrade misses)
   PUTS: 0 # Clean evictions (from lower level)
   PUTX: 0 # Dirty evictions (from lower level)
   INV: 1634 # Invalidates (from upper level)
   INVX: 470 # Downgrades (from upper level)
   FWD: 0 # Forwards (from upper level)
   latGETnl: 137730 # GET request latency on next level
   latGETnet: 0 # GET request latency on network to next level
  l1d-2: # Filter cache stats
   fhGETS: 16602 # Filtered GETS hits
   fhGETX: 8422 # Filtered GETX hits
   hGETS: 2981 # GETS hits
   hGETX: 358 # GETX hits
   mGETS: 1064 # GETS misses
   mGETXIM: 928 # GETX I->M misses
   mGETXSM: 413 # GETX S->M misses (upgrade misses)
   PUTS: 0 # Clean evictions (from lower level)
   PUTX: 0 # Dirty evictions (from lower level)
   INV: 1871 # Invalidates (from upper level)
   INVX: 459 # Downgrades (from upper level)
   FWD: 0 # Forwards (from upper level)
   latGETnl: 149425 # GET request latency on next level
   latGETnet: 0 # GET request latency on network to next level
  l1d-3: # Filter cache stats
   fhGETS: 16321 # Filtered GETS hits
   fhGETX: 8382 # Filtered GETX hits
   hGETS: 2942 # GETS hits
   hGETX: 335 # GETX hits
   mGETS: 1118 # GETS misses
   mGETXIM: 905 # GETX I->M misses
   mGETXSM: 406 # GETX S->M misses (upgrade misses)
   PUTS: 0 # Clean evictions (from lower level)
   PUTX: 0 # Dirty evictions (from lower level)
   INV: 1889 # Invalidates (from upper level)
   INVX: 418 # Downgrades (from upper level)
   FWD: 0 # Forwards (from upper level)
   latGETnl: 151646 # GET request latency on next level
   latGETnet: 0 # GET request latency on network to next level
 l1i: # Cache stats
  l1i-0: # Filter cache stats
   fhGETS: 83701 # Filtered GETS hits
   fhGETX: 0 # Filtered GETX hits
   hGETS: 2691 # GETS hits
   hGETX: 0 # GETX hits
   mGETS: 222 # GETS misses
   mGETXIM: 0 # GETX I->M misses
   mGETXSM: 0 # GETX S->M misses (upgrade misses)
   PUTS: 0 # Clean evictions (from lower level)
   PUTX: 0 # Dirty evictions (from lower level)
   INV: 0 # Invalidates (from upper level)
   INVX: 0 # Downgrades (from upper level)
   FWD: 0 # Forwards (from upper level)
   latGETnl: 26631 # GET request latency on next level
   latGETnet: 0 # GET request latency on network to next level
  l1i-1: # Filter cache stats
   fhGETS: 7261 # Filtered GETS hits
   fhGETX: 0 # Filtered GETX hits
   hGETS: 4988 # GETS hits
   hGETX: 0 # GETX hits
   mGETS: 124 # GETS misses
   mGETXIM: 0 # GETX I->M misses
   mGETXSM: 0 # GETX S->M misses (upgrade misses)
   PUTS: 0 # Clean evictions (from lower level)
   PUTX: 0 # Dirty evictions (from lower level)
   INV: 0 # Invalidates (from upper level)
   INVX: 0 # Downgrades (from upper level)
   FWD: 0 # Forwards (from upper level)
   latGETnl: 7002 # GET request latency on next level
   latGETnet: 0 # GET request latency on network to next level
  l1i-2: # Filter cache stats
   fhGETS: 6991 # Filtered GETS hits
   fhGETX: 0 # Filtered GETX hits
   hGETS: 4981 # GETS hits
   hGETX: 0 # GETX hits
   mGETS: 121 # GETS misses
   mGETXIM: 0 # GETX I->M misses
   mGETXSM: 0 # GETX S->M misses (upgrade misses)
   PUTS: 0 # Clean evictions (from lower level)
   PUTX: 0 # Dirty evictions (from lower level)
   INV: 0 # Invalidates (from upper level)
   INVX: 0 # Downgrades (from upper level)
   FWD: 0 # Forwards (from upper level)
   latGETnl: 7833 # GET request latency on next level
   latGETnet: 0 # GET request latency on network to next level
  l1i-3: # Filter cache stats
   fhGETS: 6685 # Filtered GETS hits
   fhGETX: 0 # Filtered GETX hits
   hGETS: 4974 # GETS hits
   hGETX: 0 # GETX hits
   mGETS: 125 # GETS misses
   mGETXIM: 0 # GETX I->M misses
   mGETXSM: 0 # GETX S->M misses (upgrade misses)
   PUTS: 0 # Clean evictions (from lower level)
   PUTX: 0 # Dirty evictions (from lower level)
   INV: 0 # Invalidates (from upper level)
   INVX: 0 # Downgrades (from upper level)
   FWD: 0 # Forwards (from upper level)
   latGETnl: 8025 # GET request latency on next level
   latGETnet: 0 # GET request latency on network to next level
 l2: # Cache stats
  l2-0: # Cache stats
   hGETS: 2 # GETS hits
   hGETX: 1 # GETX hits
   mGETS: 1455 # GETS misses
   mGETXIM: 1257 # GETX I->M misses
   mGETXSM: 2536 # GETX S->M misses (upgrade misses)
   PUTS: 5 # Clean evictions (from lower level)
   PUTX: 2 # Dirty evictions (from lower level)
   INV: 2232 # Invalidates (from upper level)
   INVX: 2566 # Downgrades (from upper level)
   FWD: 0 # Forwards (from upper level)
   latGETnl: 302116 # GET request latency on next level
   latGETnet: 0 # GET request latency on network to next level
  l2-1: # Cache stats
   hGETS: 0 # GETS hits
   hGETX: 0 # GETX hits
   mGETS: 1238 # GETS misses
   mGETXIM: 671 # GETX I->M misses
   mGETXSM: 417 # GETX S->M misses (upgrade misses)
   PUTS: 0 # Clean evictions (from lower level)
   PUTX: 0 # Dirty evictions (from lower level)
   INV: 1634 # Invalidates (from upper level)
   INVX: 470 # Downgrades (from upper level)
   FWD: 0 # Forwards (from upper level)
   latGETnl: 121472 # GET request latency on next level
   latGETnet: 0 # GET request latency on network to next level
  l2-2: # Cache stats
   hGETS: 0 # GETS hits
   hGETX: 0 # GETX hits
   mGETS: 1185 # GETS misses
   mGETXIM: 928 # GETX I->M misses
   mGETXSM: 413 # GETX S->M misses (upgrade misses)
   PUTS: 0 # Clean evictions (from lower level)
   PUTX: 0 # Dirty evictions (from lower level)
   INV: 1871 # Invalidates (from upper level)
   INVX: 459 # Downgrades (from upper level)
   FWD: 0 # Forwards (from upper level)
   latGETnl: 131998 # GET request latency on next level
   latGETnet: 0 # GET request latency on network to next level
  l2-3: # Cache stats
   hGETS: 0 # GETS hits
   hGETX: 0 # GETX hits
   mGETS: 1243 # GETS misses
   mGETXIM: 906 # GETX I->M misses
   mGETXSM: 405 # GETX S->M misses (upgrade misses)
   PUTS: 0 # Clean evictions (from lower level)
   PUTX: 0 # Dirty evictions (from lower level)
   INV: 1889 # Invalidates (from upper level)
   INVX: 418 # Downgrades (from upper level)
   FWD: 0 # Forwards (from upper level)
   latGETnl: 134131 # GET request latency on next level
   latGETnet: 0 # GET request latency on network to next level
 l3: # Cache stats
  l3-0b0: # Cache stats
   hGETS: 949 # GETS hits
   hGETX: 1793 # GETX hits
   mGETS: 146 # GETS misses
   mGETXIM: 28 # GETX I->M misses
   mGETXSM: 0 # GETX S->M misses (upgrade misses)
   PUTS: 0 # Clean evictions (from lower level)
   PUTX: 0 # Dirty evictions (from lower level)
   INV: 0 # Invalidates (from upper level)
   INVX: 0 # Downgrades (from upper level)
   FWD: 0 # Forwards (from upper level)
   latGETnl: 13050 # GET request latency on next level
   latGETnet: 0 # GET request latency on network to next level
  l3-0b1: # Cache stats
   hGETS: 1515 # GETS hits
   hGETX: 2052 # GETX hits
   mGETS: 145 # GETS misses
   mGETXIM: 28 # GETX I->M misses
   mGETXSM: 0 # GETX S->M misses (upgrade misses)
   PUTS: 0 # Clean evictions (from lower level)
   PUTX: 0 # Dirty evictions (from lower level)
   INV: 0 # Invalidates (from upper level)
   INVX: 0 # Downgrades (from upper level)
   FWD: 0 # Forwards (from upper level)
   latGETnl: 12975 # GET request latency on next level
   latGETnet: 0 # GET request latency on network to next level
  l3-0b2: # Cache stats
   hGETS: 1191 # GETS hits
   hGETX: 1885 # GETX hits
   mGETS: 129 # GETS misses
   mGETXIM: 28 # GETX I->M misses
   mGETXSM: 0 # GETX S->M misses (upgrade misses)
   PUTS: 0 # Clean evictions (from lower level)
   PUTX: 0 # Dirty evictions (from lower level)
   INV: 0 # Invalidates (from upper level)
   INVX: 0 # Downgrades (from upper level)
   FWD: 0 # Forwards (from upper level)
   latGETnl: 11775 # GET request latency on next level
   latGETnet: 0 # GET request latency on network to next level
  l3-0b3: # Cache stats
   hGETS: 908 # GETS hits
   hGETX: 1692 # GETX hits
   mGETS: 138 # GETS misses
   mGETXIM: 27 # GETX I->M misses
   mGETXSM: 0 # GETX S->M misses (upgrade misses)
   PUTS: 0 # Clean evictions (from lower level)
   PUTX: 0 # Dirty evictions (from lower level)
   INV: 0 # Invalidates (from upper level)
   INVX: 0 # Downgrades (from upper level)
   FWD: 0 # Forwards (from upper level)
   latGETnl: 12375 # GET request latency on next level
   latGETnet: 0 # GET request latency on network to next level
 mem: # Memory controller stats
  mem-0: # Memory controller stats
   rd: 336 # Read requests
   wr: 0 # Write requests
   rdlat: 47265 # Total latency experienced by read requests
   wrlat: 0 # Total latency experienced by write requests
   rdhits: 1 # Read row hits
   wrhits: 0 # Write row hits
   mlh: # latency histogram for memory requests
    0: 0
    1: 0
    2: 0
    3: 0
    4: 0
    5: 0
    6: 0
    7: 0
    8: 0
    9: 0
    10: 0
    11: 4
    12: 217
    13: 14
    14: 42
    15: 21
    16: 2
    17: 8
    18: 4
    19: 4
    20: 3
    21: 0
    22: 3
    23: 0
    24: 1
    25: 2
    26: 3
    27: 2
    28: 2
    29: 1
    30: 0
    31: 0
    32: 0
    33: 0
    34: 1
    35: 0
    36: 0
    37: 0
    38: 0
    39: 0
    40: 0
    41: 0
    42: 0
    43: 0
    44: 0
    45: 0
    46: 0
    47: 0
    48: 0
    49: 0
    50: 0
    51: 0
    52: 0
    53: 1
    54: 0
    55: 1
    56: 0
    57: 0
    58: 0
    59: 0
    60: 0
    61: 0
    62: 0
    63: 0
    64: 0
    65: 0
    66: 0
    67: 0
    68: 0
    69: 0
    70: 0
    71: 0
    72: 0
    73: 0
    74: 0
    75: 0
    76: 0
    77: 0
    78: 0
    79: 0
    80: 0
    81: 0
    82: 0
    83: 0
    84: 0
    85: 0
    86: 0
    87: 0
    88: 0
    89: 0
    90: 0
    91: 0
    92: 0
    93: 0
    94: 0
    95: 0
    96: 0
    97: 0
    98: 0
    99: 0
  mem-1: # Memory controller stats
   rd: 329 # Read requests
   wr: 0 # Write requests
   rdlat: 46869 # Total latency experienced by read requests
   wrlat: 0 # Total latency experienced by write requests
   rdhits: 3 # Read row hits
   wrhits: 0 # Write row hits
   mlh: # latency histogram for memory requests
    0: 0
    1: 0
    2: 0
    3: 0
    4: 0
    5: 0
    6: 0
    7: 0
    8: 0
    9: 0
    10: 0
    11: 4
    12: 209
    13: 11
    14: 36
    15: 25
    16: 1
    17: 7
    18: 4
    19: 2
    20: 1
    21: 3
    22: 2
    23: 2
    24: 5
    25: 4
    26: 7
    27: 2
    28: 2
    29: 0
    30: 1
    31: 0
    32: 0
    33: 1
    34: 0
    35: 0
    36: 0
    37: 0
    38: 0
    39: 0
    40: 0
    41: 0
    42: 0
    43: 0
    44: 0
    45: 0
    46: 0
    47: 0
    48: 0
    49: 0
    50: 0
    51: 0
    52: 0
    53: 0
    54: 0
    55: 0
    56: 0
    57: 0
    58: 0
    59: 0
    60: 0
    61: 0
    62: 0
    63: 0
    64: 0
    65: 0
    66: 0
    67: 0
    68: 0
    69: 0
    70: 0
    71: 0
    72: 0
    73: 0
    74: 0
    75: 0
    76: 0
    77: 0
    78: 0
    79: 0
    80: 0
    81: 0
    82: 0
    83: 0
    84: 0
    85: 0
    86: 0
    87: 0
    88: 0
    89: 0
    90: 0
    91: 0
    92: 0
    93: 0
    94: 0
    95: 0
    96: 0
    97: 0
    98: 0
    99: 0
 sched: # Scheduler stats
  thCr: 301 # Threads created
  thFn: 301 # Threads finished
  schedEvs: 301 # Schedule events
  waitEvs: 0 # Wait events
  handoffEvs: 0 # Handoff events
  sleepEvs: 0 # Sleep events
  idlePhases: 0 # Phases with no thread active
  idlePeriods: 0 # Periods with no thread active
  occHist: # Occupancy histogram
   0: 0
   1: 21
   2: 21
   3: 1
   4: 0
  rqSzHist: # Run queue size histogram
   0: 43
   1: 0
   2: 0
   3: 0
   4: 0
   5: 0
   6: 0
   7: 0
   8: 0
   9: 0
   10: 0
   11: 0
   12: 0
   13: 0
   14: 0
   15: 0
   16: 0
 procCycles: # Per-process unhalted core cycles
  0: 723469
  1: 0
  2: 0
  3: 0
  4: 0
  5: 0
  6: 0
  7: 0
  8: 0
  9: 0
  10: 0
  11: 0
  12: 0
  13: 0
  14: 0
  15: 0
  16: 0
  17: 0
  18: 0
  19: 0
  20: 0
  21: 0
  22: 0
  23: 0
  24: 0
  25: 0
  26: 0
  27: 0
  28: 0
  29: 0
  30: 0
  31: 0
  32: 0
  33: 0
  34: 0
  35: 0
  36: 0
  37: 0
  38: 0
  39: 0
  40: 0
  41: 0
  42: 0
  43: 0
  44: 0
  45: 0
  46: 0
  47: 0
  48: 0
  49: 0
  50: 0
  51: 0
  52: 0
  53: 0
  54: 0
  55: 0
  56: 0
  57: 0
  58: 0
  59: 0
  60: 0
  61: 0
  62: 0
  63: 0
 procInstrs: # Per-process instructions
  0: 497646
  1: 0
  2: 0
  3: 0
  4: 0
  5: 0
  6: 0
  7: 0
  8: 0
  9: 0
  10: 0
  11: 0
  12: 0
  13: 0
  14: 0
  15: 0
  16: 0
  17: 0
  18: 0
  19: 0
  20: 0
  21: 0
  22: 0
  23: 0
  24: 0
  25: 0
  26: 0
  27: 0
  28: 0
  29: 0
  30: 0
  31: 0
  32: 0
  33: 0
  34: 0
  35: 0
  36: 0
  37: 0
  38: 0
  39: 0
  40: 0
  41: 0
  42: 0
  43: 0
  44: 0
  45: 0
  46: 0
  47: 0
  48: 0
  49: 0
  50: 0
  51: 0
  52: 0
  53: 0
  54: 0
  55: 0
  56: 0
  57: 0
  58: 0
  59: 0
  60: 0
  61: 0
  62: 0
  63: 0
 heartbeats: # Per-process heartbeats
  0: 0
  1: 0
  2: 0
  3: 0
  4: 0
  5: 0
  6: 0
  7: 0
  8: 0
  9: 0
  10: 0
  11: 0
  12: 0
  13: 0
  14: 0
  15: 0
  16: 0
  17: 0
  18: 0
  19: 0
  20: 0
  21: 0
  22: 0
  23: 0
  24: 0
  25: 0
  26: 0
  27: 0
  28: 0
  29: 0
  30: 0
  31: 0
  32: 0
  33: 0
  34: 0
  35: 0
  36: 0
  37: 0
  38: 0
  39: 0
  40: 0
  41: 0
  42: 0
  43: 0
  44: 0
  45: 0
  46: 0
  47: 0
  48: 0
  49: 0
  50: 0
  51: 0
  52: 0
  53: 0
  54: 0
  55: 0
  56: 0
  57: 0
  58: 0
  59: 0
  60: 0
  61: 0
  62: 0
  63: 0
===
