# zsim stats
===
root: # Stats
 contention: # Contention simulation stats
  domain-0: # Domain stats
   time: 1870329 # Weave simulation time
 time: # Simulator time breakdown
  init: 1252576752
  bound: 212443397
  weave: 5478440
  ff: 1350324825
 trigger: 20000 # Reason for this stats dump
 phase: 66 # Simulated phases
 nehalem: # Core stats
  nehalem-0: # Core stats
   cycles: 669158 # Simulated unhalted cycles
   cCycles: 16123 # Cycles due to contention stalls
   instrs: 997794 # Simulated instructions
   uops: 1187592 # Retired micro-ops
   bbls: 161280 # Basic blocks
   approxInstrs: 427 # Instrs with approx uop decoding
   mispredBranches: 1097 # Mispredicted branches
  nehalem-1: # Core stats
   cycles: 354549 # Simulated unhalted cycles
   cCycles: 3653 # Cycles due to contention stalls
   instrs: 734553 # Simulated instructions
   uops: 854054 # Retired micro-ops
   bbls: 94140 # Basic blocks
   approxInstrs: 300 # Instrs with approx uop decoding
   mispredBranches: 163 # Mispredicted branches
  nehalem-2: # Core stats
   cycles: 349357 # Simulated unhalted cycles
   cCycles: 3847 # Cycles due to contention stalls
   instrs: 733724 # Simulated instructions
   uops: 853122 # Retired micro-ops
   bbls: 93973 # Basic blocks
   approxInstrs: 300 # Instrs with approx uop decoding
   mispredBranches: 138 # Mispredicted branches
  nehalem-3: # Core stats
   cycles: 348970 # Simulated unhalted cycles
   cCycles: 3198 # Cycles due to contention stalls
   instrs: 733875 # Simulated instructions
   uops: 853255 # Retired micro-ops
   bbls: 94004 # Basic blocks
   approxInstrs: 300 # Instrs with approx uop decoding
   mispredBranches: 137 # Mispredicted branches
 l1d: # Cache stats
  l1d-0: # Filter cache stats
   fhGETS: 287754 # Filtered GETS hits
   fhGETX: 58541 # Filtered GETX hits
   hGETS: 15446 # GETS hits
   hGETX: 6374 # GETX hits
   mGETS: 1057 # GETS misses
   mGETXIM: 1258 # GETX I->M misses
   mGETXSM: 2307 # GETX S->M misses (upgrade misses)
   PUTS: 0 # Clean evictions (from lower level)
   PUTX: 0 # Dirty evictions (from lower level)
   INV: 2004 # Invalidates (from upper level)
   INVX: 2356 # Downgrades (from upper level)
   FWD: 0 # Forwards (from upper level)
   latGETnl: 303820 # GET request latency on next level
   latGETnet: 0 # GET request latency on network to next level
  l1d-1: # Filter cache stats
   fhGETS: 226631 # Filtered GETS hits
   fhGETX: 16288 # Filtered GETX hits
   hGETS: 8439 # GETS hits
   hGETX: 1622 # GETX hits
   mGETS: 1050 # GETS misses
   mGETXIM: 1093 # GETX I->M misses
   mGETXSM: 339 # GETX S->M misses (upgrade misses)
   PUTS: 0 # Clean evictions (from lower level)
   PUTX: 0 # Dirty evictions (from lower level)
   INV: 1939 # Invalidates (from upper level)
   INVX: 383 # Downgrades (from upper level)
   FWD: 0 # Forwards (from upper level)
   latGETnl: 157480 # GET request latency on next level
   latGETnet: 0 # GET request latency on network to next level
  l1d-2: # Filter cache stats
   fhGETS: 226422 # Filtered GETS hits
   fhGETX: 16251 # Filtered GETX hits
   hGETS: 8352 # GETS hits
   hGETX: 1972 # GETX hits
   mGETS: 1086 # GETS misses
   mGETXIM: 674 # GETX I->M misses
   mGETXSM: 338 # GETX S->M misses (upgrade misses)
   PUTS: 0 # Clean evictions (from lower level)
   PUTX: 0 # Dirty evictions (from lower level)
   INV: 1569 # Invalidates (from upper level)
   INVX: 388 # Downgrades (from upper level)
   FWD: 0 # Forwards (from upper level)
   latGETnl: 132059 # GET request latency on next level
   latGETnet: 0 # GET request latency on network to next level
  l1d-3: # Filter cache stats
   fhGETS: 226267 # Filtered GETS hits
   fhGETX: 16180 # Filtered GETX hits
   hGETS: 8547 # GETS hits
   hGETX: 1419 # GETX hits
   mGETS: 1075 # GETS misses
   mGETXIM: 1331 # GETX I->M misses
   mGETXSM: 305 # GETX S->M misses (upgrade misses)
   PUTS: 0 # Clean evictions (from lower level)
   PUTX: 0 # Dirty evictions (from lower level)
   INV: 2231 # Invalidates (from upper level)
   INVX: 346 # Downgrades (from upper level)
   FWD: 0 # Forwards (from upper level)
   latGETnl: 168944 # GET request latency on next level
   latGETnet: 0 # GET request latency on network to next level
 l1i: # Cache stats
  l1i-0: # Filter cache stats
   fhGETS: 190754 # Filtered GETS hits
   fhGETX: 0 # Filtered GETX hits
   hGETS: 5112 # GETS hits
   hGETX: 0 # GETX hits
   mGETS: 288 # GETS misses
   mGETXIM: 0 # GETX I->M misses
   mGETXSM: 0 # GETX S->M misses (upgrade misses)
   PUTS: 0 # Clean evictions (from lower level)
   PUTX: 0 # Dirty evictions (from lower level)
   INV: 0 # Invalidates (from upper level)
   INVX: 0 # Downgrades (from upper level)
   FWD: 0 # Forwards (from upper level)
   latGETnl: 33171 # GET request latency on next level
   latGETnet: 0 # GET request latency on network to next level
  l1i-1: # Filter cache stats
   fhGETS: 114632 # Filtered GETS hits
   fhGETX: 0 # Filtered GETX hits
   hGETS: 6790 # GETS hits
   hGETX: 0 # GETX hits
   mGETS: 142 # GETS misses
   mGETXIM: 0 # GETX I->M misses
   mGETXSM: 0 # GETX S->M misses (upgrade misses)
   PUTS: 0 # Clean evictions (from lower level)
   PUTX: 0 # Dirty evictions (from lower level)
   INV: 0 # Invalidates (from upper level)
   INVX: 0 # Downgrades (from upper level)
   FWD: 0 # Forwards (from upper level)
   latGETnl: 8541 # GET request latency on next level
   latGETnet: 0 # GET request latency on network to next level
  l1i-2: # Filter cache stats
   fhGETS: 114336 # Filtered GETS hits
   fhGETX: 0 # Filtered GETX hits
   hGETS: 6786 # GETS hits
   hGETX: 0 # GETX hits
   mGETS: 141 # GETS misses
   mGETXIM: 0 # GETX I->M misses
   mGETXSM: 0 # GETX S->M misses (upgrade misses)
   PUTS: 0 # Clean evictions (from lower level)
   PUTX: 0 # Dirty evictions (from lower level)
   INV: 0 # Invalidates (from upper level)
   INVX: 0 # Downgrades (from upper level)
   FWD: 0 # Forwards (from upper level)
   latGETnl: 8868 # GET request latency on next level
   latGETnet: 0 # GET request latency on network to next level
  l1i-3: # Filter cache stats
   fhGETS: 114380 # Filtered GETS hits
   fhGETX: 0 # Filtered GETX hits
   hGETS: 6760 # GETS hits
   hGETX: 0 # GETX hits
   mGETS: 143 # GETS misses
   mGETXIM: 0 # GETX I->M misses
   mGETXSM: 0 # GETX S->M misses (upgrade misses)
   PUTS: 0 # Clean evictions (from lower level)
   PUTX: 0 # Dirty evictions (from lower level)
   INV: 0 # Invalidates (from upper level)
   INVX: 0 # Downgrades (from upper level)
   FWD: 0 # Forwards (from upper level)
   latGETnl: 8064 # GET request latency on next level
   latGETnet: 0 # GET request latency on network to next level
 l2: # Cache stats
  l2-0: # Cache stats
   hGETS: 12 # GETS hits
   hGETX: 1 # GETX hits
   mGETS: 1333 # GETS misses
   mGETXIM: 1257 # GETX I->M misses
   mGETXSM: 2307 # GETX S->M misses (upgrade misses)
   PUTS: 22 # Clean evictions (from lower level)
   PUTX: 3 # Dirty evictions (from lower level)
   INV: 2004 # Invalidates (from upper level)
   INVX: 2356 # Downgrades (from upper level)
   FWD: 0 # Forwards (from upper level)
   latGETnl: 287891 # GET request latency on next level
   latGETnet: 0 # GET request latency on network to next level
  l2-1: # Cache stats
   hGETS: 0 # GETS hits
   hGETX: 0 # GETX hits
   mGETS: 1192 # GETS misses
   mGETXIM: 1093 # GETX I->M misses
   mGETXSM: 339 # GETX S->M misses (upgrade misses)
   PUTS: 0 # Clean evictions (from lower level)
   PUTX: 0 # Dirty evictions (from lower level)
   INV: 1939 # Invalidates (from upper level)
   INVX: 383 # Downgrades (from upper level)
   FWD: 0 # Forwards (from upper level)
   latGETnl: 139781 # GET request latency on next level
   latGETnet: 0 # GET request latency on network to next level
  l2-2: # Cache stats
   hGETS: 0 # GETS hits
   hGETX: 0 # GETX hits
   mGETS: 1227 # GETS misses
   mGETXIM: 675 # GETX I->M misses
   mGETXSM: 337 # GETX S->M misses (upgrade misses)
   PUTS: 0 # Clean evictions (from lower level)
   PUTX: 0 # Dirty evictions (from lower level)
   INV: 1569 # Invalidates (from upper level)
   INVX: 388 # Downgrades (from upper level)
   FWD: 0 # Forwards (from upper level)
   latGETnl: 118537 # GET request latency on next level
   latGETnet: 0 # GET request latency on network to next level
  l2-3: # Cache stats
   hGETS: 0 # GETS hits
   hGETX: 0 # GETX hits
   mGETS: 1218 # GETS misses
   mGETXIM: 1331 # GETX I->M misses
   mGETXSM: 305 # GETX S->M misses (upgrade misses)
   PUTS: 0 # Clean evictions (from lower level)
   PUTX: 0 # Dirty evictions (from lower level)
   INV: 2231 # Invalidates (from upper level)
   INVX: 346 # Downgrades (from upper level)
   FWD: 0 # Forwards (from upper level)
   latGETnl: 148468 # GET request latency on next level
   latGETnet: 0 # GET request latency on network to next level
 l3: # Cache stats
  l3-0b0: # Cache stats
   hGETS: 909 # GETS hits
   hGETX: 1714 # GETX hits
   mGETS: 178 # GETS misses
   mGETXIM: 29 # GETX I->M misses
   mGETXSM: 0 # GETX S->M misses (upgrade misses)
   PUTS: 0 # Clean evictions (from lower level)
   PUTX: 0 # Dirty evictions (from lower level)
   INV: 0 # Invalidates (from upper level)
   INVX: 0 # Downgrades (from upper level)
   FWD: 0 # Forwards (from upper level)
   latGETnl: 15525 # GET request latency on next level
   latGETnet: 0 # GET request latency on network to next level
  l3-0b1: # Cache stats
   hGETS: 1491 # GETS hits
   hGETX: 2084 # GETX hits
   mGETS: 181 # GETS misses
   mGETXIM: 28 # GETX I->M misses
   mGETXSM: 0 # GETX S->M misses (upgrade misses)
   PUTS: 0 # Clean evictions (from lower level)
   PUTX: 0 # Dirty evictions (from lower level)
   INV: 0 # Invalidates (from upper level)
   INVX: 0 # Downgrades (from upper level)
   FWD: 0 # Forwards (from upper level)
   latGETnl: 15675 # GET request latency on next level
   latGETnet: 0 # GET request latency on network to next level
  l3-0b2: # Cache stats
   hGETS: 1130 # GETS hits
   hGETX: 2075 # GETX hits
   mGETS: 171 # GETS misses
   mGETXIM: 30 # GETX I->M misses
   mGETXSM: 0 # GETX S->M misses (upgrade misses)
   PUTS: 0 # Clean evictions (from lower level)
   PUTX: 0 # Dirty evictions (from lower level)
   INV: 0 # Invalidates (from upper level)
   INVX: 0 # Downgrades (from upper level)
   FWD: 0 # Forwards (from upper level)
   latGETnl: 15075 # GET request latency on next level
   latGETnet: 0 # GET request latency on network to next level
  l3-0b3: # Cache stats
   hGETS: 735 # GETS hits
   hGETX: 1659 # GETX hits
   mGETS: 175 # GETS misses
   mGETXIM: 25 # GETX I->M misses
   mGETXSM: 0 # GETX S->M misses (upgrade misses)
   PUTS: 0 # Clean evictions (from lower level)
   PUTX: 0 # Dirty evictions (from lower level)
   INV: 0 # Invalidates (from upper level)
   INVX: 0 # Downgrades (from upper level)
   FWD: 0 # Forwards (from upper level)
   latGETnl: 15000 # GET request latency on next level
   latGETnet: 0 # GET request latency on network to next level
 mem: # Memory controller stats
  mem-0: # Memory controller stats
   rd: 383 # Read requests
   wr: 0 # Write requests
   rdlat: 57960 # Total latency experienced by read requests
   wrlat: 0 # Total latency experienced by write requests
   rdhits: 6 # Read row hits
   wrhits: 0 # Write row hits
   mlh: # latency histogram for memory requests
    0: 0
    1: 0
    2: 0
    3: 0
    4: 0
    5: 0
    6: 0
    7: 0
    8: 0
    9: 0
    10: 0
    11: 5
    12: 240
    13: 22
    14: 29
    15: 27
    16: 5
    17: 4
    18: 3
    19: 4
    20: 2
    21: 2
    22: 4
    23: 3
    24: 4
    25: 2
    26: 5
    27: 3
    28: 2
    29: 2
    30: 1
    31: 0
    32: 1
    33: 2
    34: 0
    35: 0
    36: 1
    37: 1
    38: 1
    39: 2
    40: 0
    41: 1
    42: 0
    43: 0
    44: 1
    45: 0
    46: 0
    47: 0
    48: 0
    49: 0
    50: 0
    51: 0
    52: 0
    53: 1
    54: 0
    55: 1
    56: 0
    57: 0
    58: 0
    59: 1
    60: 0
    61: 0
    62: 0
    63: 0
    64: 0
    65: 0
    66: 0
    67: 0
    68: 0
    69: 1
    70: 0
    71: 0
    72: 0
    73: 0
    74: 0
    75: 0
    76: 0
    77: 0
    78: 0
    79: 0
    80: 0
    81: 0
    82: 0
    83: 0
    84: 0
    85: 0
    86: 0
    87: 0
    88: 0
    89: 0
    90: 0
    91: 0
    92: 0
    93: 0
    94: 0
    95: 0
    96: 0
    97: 0
    98: 0
    99: 0
  mem-1: # Memory controller stats
   rd: 371 # Read requests
   wr: 0 # Write requests
   rdlat: 53461 # Total latency experienced by read requests
   wrlat: 0 # Total latency experienced by write requests
   rdhits: 7 # Read row hits
   wrhits: 0 # Write row hits
   mlh: # latency histogram for memory requests
    0: 0
    1: 0
    2: 0
    3: 0
    4: 0
    5: 0
    6: 0
    7: 0
    8: 0
    9: 0
    10: 0
    11: 5
    12: 235
    13: 14
    14: 29
    15: 30
    16: 6
    17: 11
    18: 2
    19: 2
    20: 5
    21: 2
    22: 2
    23: 6
    24: 1
    25: 4
    26: 6
    27: 2
    28: 3
    29: 1
    30: 0
    31: 3
    32: 0
    33: 0
    34: 0
    35: 0
    36: 0
    37: 1
    38: 0
    39: 0
    40: 0
    41: 0
    42: 0
    43: 0
    44: 0
    45: 1
    46: 0
    47: 0
    48: 0
    49: 0
    50: 0
    51: 0
    52: 0
    53: 0
    54: 0
    55: 0
    56: 0
    57: 0
    58: 0
    59: 0
    60: 0
    61: 0
    62: 0
    63: 0
    64: 0
    65: 0
    66: 0
    67: 0
    68: 0
    69: 0
    70: 0
    71: 0
    72: 0
    73: 0
    74: 0
    75: 0
    76: 0
    77: 0
    78: 0
    79: 0
    80: 0
    81: 0
    82: 0
    83: 0
    84: 0
    85: 0
    86: 0
    87: 0
    88: 0
    89: 0
    90: 0
    91: 0
    92: 0
    93: 0
    94: 0
    95: 0
    96: 0
    97: 0
    98: 0
    99: 0
 sched: # Scheduler stats
  thCr: 301 # Threads created
  thFn: 301 # Threads finished
  schedEvs: 301 # Schedule events
  waitEvs: 0 # Wait events
  handoffEvs: 0 # Handoff events
  sleepEvs: 0 # Sleep events
  idlePhases: 0 # Phases with no thread active
  idlePeriods: 0 # Periods with no thread active
  occHist: # Occupancy histogram
   0: 0
   1: 20
   2: 45
   3: 0
   4: 1
  rqSzHist: # Run queue size histogram
   0: 66
   1: 0
   2: 0
   3: 0
   4: 0
   5: 0
   6: 0
   7: 0
   8: 0
   9: 0
   10: 0
   11: 0
   12: 0
   13: 0
   14: 0
   15: 0
   16: 0
 procCycles: # Per-process unhalted core cycles
  0: 1722034
  1: 0
  2: 0
  3: 0
  4: 0
  5: 0
  6: 0
  7: 0
  8: 0
  9: 0
  10: 0
  11: 0
  12: 0
  13: 0
  14: 0
  15: 0
  16: 0
  17: 0
  18: 0
  19: 0
  20: 0
  21: 0
  22: 0
  23: 0
  24: 0
  25: 0
  26: 0
  27: 0
  28: 0
  29: 0
  30: 0
  31: 0
  32: 0
  33: 0
  34: 0
  35: 0
  36: 0
  37: 0
  38: 0
  39: 0
  40: 0
  41: 0
  42: 0
  43: 0
  44: 0
  45: 0
  46: 0
  47: 0
  48: 0
  49: 0
  50: 0
  51: 0
  52: 0
  53: 0
  54: 0
  55: 0
  56: 0
  57: 0
  58: 0
  59: 0
  60: 0
  61: 0
  62: 0
  63: 0
 procInstrs: # Per-process instructions
  0: 3199946
  1: 0
  2: 0
  3: 0
  4: 0
  5: 0
  6: 0
  7: 0
  8: 0
  9: 0
  10: 0
  11: 0
  12: 0
  13: 0
  14: 0
  15: 0
  16: 0
  17: 0
  18: 0
  19: 0
  20: 0
  21: 0
  22: 0
  23: 0
  24: 0
  25: 0
  26: 0
  27: 0
  28: 0
  29: 0
  30: 0
  31: 0
  32: 0
  33: 0
  34: 0
  35: 0
  36: 0
  37: 0
  38: 0
  39: 0
  40: 0
  41: 0
  42: 0
  43: 0
  44: 0
  45: 0
  46: 0
  47: 0
  48: 0
  49: 0
  50: 0
  51: 0
  52: 0
  53: 0
  54: 0
  55: 0
  56: 0
  57: 0
  58: 0
  59: 0
  60: 0
  61: 0
  62: 0
  63: 0
 heartbeats: # Per-process heartbeats
  0: 0
  1: 0
  2: 0
  3: 0
  4: 0
  5: 0
  6: 0
  7: 0
  8: 0
  9: 0
  10: 0
  11: 0
  12: 0
  13: 0
  14: 0
  15: 0
  16: 0
  17: 0
  18: 0
  19: 0
  20: 0
  21: 0
  22: 0
  23: 0
  24: 0
  25: 0
  26: 0
  27: 0
  28: 0
  29: 0
  30: 0
  31: 0
  32: 0
  33: 0
  34: 0
  35: 0
  36: 0
  37: 0
  38: 0
  39: 0
  40: 0
  41: 0
  42: 0
  43: 0
  44: 0
  45: 0
  46: 0
  47: 0
  48: 0
  49: 0
  50: 0
  51: 0
  52: 0
  53: 0
  54: 0
  55: 0
  56: 0
  57: 0
  58: 0
  59: 0
  60: 0
  61: 0
  62: 0
  63: 0
===
